========== Benchmark start ==========
2022-07-13 22:23:02.020963+09:00
logn 1, data_size 32, tau 5, pdpf 5
KEY_TO_INDEX, time = 0, ct = 0, bandwidth = 0
ORAM_READ, time = 39, ct = 1, bandwidth = 1028
ORAM_WRITE, time = 34, ct = 1, bandwidth = 36
ORAM_POSITION_MAP, time = 0, ct = 0, bandwidth = 0
TOTAL, time = 73, ct = 2, bandwidth = 1064
2022-07-13 22:23:06.532695+09:00, duration: 0:00:04.511732
========== Benchmark end ==========

========== Benchmark start ==========
2022-07-13 22:23:06.532735+09:00
logn 2, data_size 32, tau 5, pdpf 5
KEY_TO_INDEX, time = 0, ct = 0, bandwidth = 0
ORAM_READ, time = 36, ct = 1, bandwidth = 1028
ORAM_WRITE, time = 31, ct = 1, bandwidth = 36
ORAM_POSITION_MAP, time = 0, ct = 0, bandwidth = 0
TOTAL, time = 65, ct = 2, bandwidth = 1064
2022-07-13 22:23:09.557183+09:00, duration: 0:00:03.024448
========== Benchmark end ==========

========== Benchmark start ==========
2022-07-13 22:23:09.557221+09:00
logn 3, data_size 32, tau 5, pdpf 5
KEY_TO_INDEX, time = 0, ct = 0, bandwidth = 0
ORAM_READ, time = 43, ct = 1, bandwidth = 1028
ORAM_WRITE, time = 37, ct = 1, bandwidth = 36
ORAM_POSITION_MAP, time = 0, ct = 0, bandwidth = 0
TOTAL, time = 80, ct = 2, bandwidth = 1064
2022-07-13 22:23:12.588732+09:00, duration: 0:00:03.031511
========== Benchmark end ==========

========== Benchmark start ==========
2022-07-13 22:23:12.588771+09:00
logn 4, data_size 32, tau 5, pdpf 5
KEY_TO_INDEX, time = 0, ct = 0, bandwidth = 0
ORAM_READ, time = 37, ct = 1, bandwidth = 1028
ORAM_WRITE, time = 31, ct = 1, bandwidth = 36
ORAM_POSITION_MAP, time = 0, ct = 0, bandwidth = 0
TOTAL, time = 66, ct = 2, bandwidth = 1064
2022-07-13 22:23:15.613155+09:00, duration: 0:00:03.024384
========== Benchmark end ==========

========== Benchmark start ==========
2022-07-13 22:23:15.613255+09:00
logn 5, data_size 32, tau 5, pdpf 5
KEY_TO_INDEX, time = 0, ct = 0, bandwidth = 0
ORAM_READ, time = 65, ct = 1, bandwidth = 1028
ORAM_WRITE, time = 76, ct = 1, bandwidth = 36
ORAM_POSITION_MAP, time = 0, ct = 0, bandwidth = 0
TOTAL, time = 149, ct = 2, bandwidth = 1064
2022-07-13 22:23:18.669116+09:00, duration: 0:00:03.055861
========== Benchmark end ==========

========== Benchmark start ==========
2022-07-13 22:23:18.669166+09:00
logn 6, data_size 32, tau 5, pdpf 5
KEY_TO_INDEX, time = 0, ct = 0, bandwidth = 0
ORAM_READ, time = 119, ct = 1, bandwidth = 2055
ORAM_WRITE, time = 86, ct = 1, bandwidth = 3109
ORAM_POSITION_MAP, time = 70, ct = 1, bandwidth = 42
TOTAL, time = 277, ct = 3, bandwidth = 5206
2022-07-13 22:23:21.723717+09:00, duration: 0:00:03.054551
========== Benchmark end ==========

========== Benchmark start ==========
2022-07-13 22:23:21.723862+09:00
logn 7, data_size 32, tau 5, pdpf 5
KEY_TO_INDEX, time = 0, ct = 0, bandwidth = 0
ORAM_READ, time = 143, ct = 1, bandwidth = 2568
ORAM_WRITE, time = 84, ct = 1, bandwidth = 3109
ORAM_POSITION_MAP, time = 81, ct = 1, bandwidth = 42
TOTAL, time = 307, ct = 3, bandwidth = 5719
2022-07-13 22:23:24.787777+09:00, duration: 0:00:03.063915
========== Benchmark end ==========

========== Benchmark start ==========
2022-07-13 22:23:24.787809+09:00
logn 8, data_size 32, tau 5, pdpf 5
KEY_TO_INDEX, time = 0, ct = 0, bandwidth = 0
ORAM_READ, time = 175, ct = 1, bandwidth = 2814
ORAM_WRITE, time = 103, ct = 1, bandwidth = 3068
ORAM_POSITION_MAP, time = 74, ct = 1, bandwidth = 42
TOTAL, time = 355, ct = 3, bandwidth = 5925
2022-07-13 22:23:27.860758+09:00, duration: 0:00:03.072949
========== Benchmark end ==========

========== Benchmark start ==========
2022-07-13 22:23:27.860791+09:00
logn 9, data_size 32, tau 5, pdpf 5
KEY_TO_INDEX, time = 0, ct = 0, bandwidth = 0
ORAM_READ, time = 322, ct = 1, bandwidth = 2939
ORAM_WRITE, time = 244, ct = 1, bandwidth = 3069
ORAM_POSITION_MAP, time = 264, ct = 1, bandwidth = 42
TOTAL, time = 872, ct = 3, bandwidth = 6050
2022-07-13 22:23:31.031972+09:00, duration: 0:00:03.171181
========== Benchmark end ==========

========== Benchmark start ==========
2022-07-13 22:23:31.032191+09:00
logn 10, data_size 32, tau 5, pdpf 5
KEY_TO_INDEX, time = 0, ct = 0, bandwidth = 0
ORAM_READ, time = 354, ct = 1, bandwidth = 3004
ORAM_WRITE, time = 260, ct = 1, bandwidth = 3071
ORAM_POSITION_MAP, time = 239, ct = 1, bandwidth = 42
TOTAL, time = 875, ct = 3, bandwidth = 6117
2022-07-13 22:23:34.204366+09:00, duration: 0:00:03.172175
========== Benchmark end ==========

========== Benchmark start ==========
2022-07-13 22:23:34.204494+09:00
logn 11, data_size 32, tau 5, pdpf 5
KEY_TO_INDEX, time = 0, ct = 0, bandwidth = 0
ORAM_READ, time = 349, ct = 1, bandwidth = 3131
ORAM_WRITE, time = 253, ct = 1, bandwidth = 2807
ORAM_POSITION_MAP, time = 747, ct = 1, bandwidth = 216
TOTAL, time = 1388, ct = 3, bandwidth = 6155
2022-07-13 22:23:37.450918+09:00, duration: 0:00:03.246424
========== Benchmark end ==========

========== Benchmark start ==========
2022-07-13 22:23:37.451032+09:00
logn 12, data_size 32, tau 5, pdpf 5
KEY_TO_INDEX, time = 0, ct = 0, bandwidth = 0
ORAM_READ, time = 363, ct = 1, bandwidth = 3173
ORAM_WRITE, time = 259, ct = 1, bandwidth = 2152
ORAM_POSITION_MAP, time = 753, ct = 1, bandwidth = 411
TOTAL, time = 1407, ct = 3, bandwidth = 5737
2022-07-13 22:23:40.714288+09:00, duration: 0:00:03.263256
========== Benchmark end ==========

========== Benchmark start ==========
2022-07-13 22:23:40.714320+09:00
logn 13, data_size 32, tau 5, pdpf 5
KEY_TO_INDEX, time = 0, ct = 0, bandwidth = 0
ORAM_READ, time = 381, ct = 1, bandwidth = 3209
ORAM_WRITE, time = 251, ct = 1, bandwidth = 2188
ORAM_POSITION_MAP, time = 819, ct = 1, bandwidth = 425
TOTAL, time = 1510, ct = 3, bandwidth = 5822
2022-07-13 22:23:43.990471+09:00, duration: 0:00:03.276151
========== Benchmark end ==========

========== Benchmark start ==========
2022-07-13 22:23:43.990498+09:00
logn 14, data_size 32, tau 5, pdpf 5
KEY_TO_INDEX, time = 0, ct = 0, bandwidth = 0
ORAM_READ, time = 348, ct = 1, bandwidth = 3245
ORAM_WRITE, time = 308, ct = 1, bandwidth = 2224
ORAM_POSITION_MAP, time = 842, ct = 1, bandwidth = 435
TOTAL, time = 1506, ct = 3, bandwidth = 5905
2022-07-13 22:23:47.262955+09:00, duration: 0:00:03.272457
========== Benchmark end ==========

========== Benchmark start ==========
2022-07-13 22:23:47.262996+09:00
logn 15, data_size 32, tau 5, pdpf 5
KEY_TO_INDEX, time = 0, ct = 0, bandwidth = 0
ORAM_READ, time = 414, ct = 1, bandwidth = 3281
ORAM_WRITE, time = 431, ct = 1, bandwidth = 2260
ORAM_POSITION_MAP, time = 900, ct = 1, bandwidth = 444
TOTAL, time = 1740, ct = 3, bandwidth = 5986
2022-07-13 22:23:50.580624+09:00, duration: 0:00:03.317628
========== Benchmark end ==========

========== Benchmark start ==========
2022-07-13 22:23:50.580662+09:00
logn 16, data_size 32, tau 5, pdpf 5
KEY_TO_INDEX, time = 0, ct = 0, bandwidth = 0
ORAM_READ, time = 751, ct = 1, bandwidth = 3317
ORAM_WRITE, time = 734, ct = 1, bandwidth = 2296
ORAM_POSITION_MAP, time = 1489, ct = 1, bandwidth = 751
TOTAL, time = 2956, ct = 3, bandwidth = 6365
2022-07-13 22:23:54.111721+09:00, duration: 0:00:03.531059
========== Benchmark end ==========

========== Benchmark start ==========
2022-07-13 22:23:54.111816+09:00
logn 17, data_size 32, tau 5, pdpf 5
KEY_TO_INDEX, time = 0, ct = 0, bandwidth = 0
ORAM_READ, time = 995, ct = 1, bandwidth = 3353
ORAM_WRITE, time = 817, ct = 1, bandwidth = 2332
ORAM_POSITION_MAP, time = 613, ct = 1, bandwidth = 928
TOTAL, time = 2431, ct = 3, bandwidth = 6614
2022-07-13 22:23:57.533444+09:00, duration: 0:00:03.421628
========== Benchmark end ==========

========== Benchmark start ==========
2022-07-13 22:23:57.533484+09:00
logn 18, data_size 32, tau 5, pdpf 5
KEY_TO_INDEX, time = 0, ct = 0, bandwidth = 0
ORAM_READ, time = 2111, ct = 1, bandwidth = 3389
ORAM_WRITE, time = 2027, ct = 1, bandwidth = 2368
ORAM_POSITION_MAP, time = 1344, ct = 1, bandwidth = 1014
TOTAL, time = 5462, ct = 3, bandwidth = 6772
2022-07-13 22:24:01.451707+09:00, duration: 0:00:03.918223
========== Benchmark end ==========

========== Benchmark start ==========
2022-07-13 22:24:01.451732+09:00
logn 19, data_size 32, tau 5, pdpf 5
KEY_TO_INDEX, time = 0, ct = 0, bandwidth = 0
ORAM_READ, time = 3904, ct = 1, bandwidth = 3425
ORAM_WRITE, time = 3943, ct = 1, bandwidth = 2404
ORAM_POSITION_MAP, time = 725, ct = 1, bandwidth = 1096
TOTAL, time = 8564, ct = 3, bandwidth = 6926
2022-07-13 22:24:05.827728+09:00, duration: 0:00:04.375996
========== Benchmark end ==========

========== Benchmark start ==========
2022-07-13 22:24:05.827779+09:00
logn 20, data_size 32, tau 5, pdpf 5
KEY_TO_INDEX, time = 0, ct = 0, bandwidth = 0
ORAM_READ, time = 7503, ct = 1, bandwidth = 3461
ORAM_WRITE, time = 7982, ct = 1, bandwidth = 2440
ORAM_POSITION_MAP, time = 786, ct = 1, bandwidth = 1339
TOTAL, time = 16274, ct = 3, bandwidth = 7241
2022-07-13 22:24:11.347901+09:00, duration: 0:00:05.520122
========== Benchmark end ==========

========== Benchmark start ==========
2022-07-13 22:24:11.347952+09:00
logn 21, data_size 32, tau 5, pdpf 5
KEY_TO_INDEX, time = 0, ct = 0, bandwidth = 0
ORAM_READ, time = 14507, ct = 1, bandwidth = 3497
ORAM_WRITE, time = 16015, ct = 1, bandwidth = 2476
ORAM_POSITION_MAP, time = 1045, ct = 1, bandwidth = 1717
TOTAL, time = 31568, ct = 3, bandwidth = 7691
2022-07-13 22:24:19.165603+09:00, duration: 0:00:07.817651
========== Benchmark end ==========

========== Benchmark start ==========
2022-07-13 22:24:19.165657+09:00
logn 22, data_size 32, tau 5, pdpf 5
KEY_TO_INDEX, time = 0, ct = 0, bandwidth = 0
ORAM_READ, time = 28126, ct = 1, bandwidth = 3533
ORAM_WRITE, time = 31950, ct = 1, bandwidth = 2512
ORAM_POSITION_MAP, time = 1190, ct = 1, bandwidth = 1967
TOTAL, time = 61263, ct = 3, bandwidth = 8012
2022-07-13 22:24:31.449511+09:00, duration: 0:00:12.283854
========== Benchmark end ==========

========== Benchmark start ==========
2022-07-13 22:24:31.449538+09:00
logn 23, data_size 32, tau 5, pdpf 5
KEY_TO_INDEX, time = 0, ct = 0, bandwidth = 0
ORAM_READ, time = 54862, ct = 1, bandwidth = 3569
ORAM_WRITE, time = 62594, ct = 1, bandwidth = 2548
ORAM_POSITION_MAP, time = 1603, ct = 1, bandwidth = 2124
TOTAL, time = 119056, ct = 3, bandwidth = 8242
2022-07-13 22:24:52.412185+09:00, duration: 0:00:20.962647
========== Benchmark end ==========

========== Benchmark start ==========
2022-07-13 22:24:52.412213+09:00
logn 24, data_size 32, tau 5, pdpf 5
KEY_TO_INDEX, time = 0, ct = 0, bandwidth = 0
ORAM_READ, time = 108653, ct = 1, bandwidth = 3605
ORAM_WRITE, time = 124471, ct = 1, bandwidth = 2584
ORAM_POSITION_MAP, time = 2363, ct = 1, bandwidth = 2279
TOTAL, time = 235489, ct = 3, bandwidth = 8468
2022-07-13 22:25:30.917260+09:00, duration: 0:00:38.505047
========== Benchmark end ==========

========== Benchmark start ==========
2022-07-13 22:25:30.917346+09:00
logn 25, data_size 32, tau 5, pdpf 5
KEY_TO_INDEX, time = 0, ct = 0, bandwidth = 0
ORAM_READ, time = 215121, ct = 1, bandwidth = 3641
ORAM_WRITE, time = 242987, ct = 1, bandwidth = 2620
ORAM_POSITION_MAP, time = 3790, ct = 1, bandwidth = 2593
TOTAL, time = 461899, ct = 3, bandwidth = 8855
2022-07-13 22:26:43.709793+09:00, duration: 0:01:12.792447
========== Benchmark end ==========

========== Benchmark start ==========
2022-07-13 22:26:43.709851+09:00
logn 26, data_size 32, tau 5, pdpf 5
KEY_TO_INDEX, time = 0, ct = 0, bandwidth = 0
ORAM_READ, time = 428501, ct = 1, bandwidth = 3677
ORAM_WRITE, time = 482177, ct = 1, bandwidth = 2656
ORAM_POSITION_MAP, time = 6183, ct = 1, bandwidth = 3044
TOTAL, time = 916862, ct = 3, bandwidth = 9378
2022-07-13 22:29:05.742215+09:00, duration: 0:02:22.032364
========== Benchmark end ==========

========== Benchmark start ==========
2022-07-13 22:29:05.742244+09:00
logn 27, data_size 32, tau 5, pdpf 5
Error
Pseudo DPF threshold 32
Connecting to 127.0.0.1:9001...
Connecting to 127.0.0.1:9000 done.
Test, iterations = 100 

========== KEY_TO_INDEX ==========
KEY_TO_INDEX time
(1, 0.0)(2, 0.0)(3, 0.0)(4, 0.0)(5, 0.0)(6, 0.0)(7, 0.0)(8, 0.0)(9, 0.0)(10, 0.0)(11, 0.0)(12, 0.0)(13, 0.0)(14, 0.0)(15, 0.0)(16, 0.0)(17, 0.0)(18, 0.0)(19, 0.0)(20, 0.0)(21, 0.0)(22, 0.0)(23, 0.0)(24, 0.0)(25, 0.0)(26, 0.0)
KEY_TO_INDEX ct
(1, 0)(2, 0)(3, 0)(4, 0)(5, 0)(6, 0)(7, 0)(8, 0)(9, 0)(10, 0)(11, 0)(12, 0)(13, 0)(14, 0)(15, 0)(16, 0)(17, 0)(18, 0)(19, 0)(20, 0)(21, 0)(22, 0)(23, 0)(24, 0)(25, 0)(26, 0)
KEY_TO_INDEX bandwidth
(1, 0.0)(2, 0.0)(3, 0.0)(4, 0.0)(5, 0.0)(6, 0.0)(7, 0.0)(8, 0.0)(9, 0.0)(10, 0.0)(11, 0.0)(12, 0.0)(13, 0.0)(14, 0.0)(15, 0.0)(16, 0.0)(17, 0.0)(18, 0.0)(19, 0.0)(20, 0.0)(21, 0.0)(22, 0.0)(23, 0.0)(24, 0.0)(25, 0.0)(26, 0.0)


========== ORAM_READ ==========
ORAM_READ time
(1, 0.04)(2, 0.04)(3, 0.04)(4, 0.04)(5, 0.07)(6, 0.12)(7, 0.14)(8, 0.17)(9, 0.32)(10, 0.35)(11, 0.35)(12, 0.36)(13, 0.38)(14, 0.35)(15, 0.41)(16, 0.75)(17, 0.99)(18, 2.11)(19, 3.9)(20, 7.5)(21, 14.51)(22, 28.13)(23, 54.86)(24, 108.65)(25, 215.12)(26, 428.5)
ORAM_READ ct
(1, 1)(2, 1)(3, 1)(4, 1)(5, 1)(6, 1)(7, 1)(8, 1)(9, 1)(10, 1)(11, 1)(12, 1)(13, 1)(14, 1)(15, 1)(16, 1)(17, 1)(18, 1)(19, 1)(20, 1)(21, 1)(22, 1)(23, 1)(24, 1)(25, 1)(26, 1)
ORAM_READ bandwidth
(1, 1.03)(2, 1.03)(3, 1.03)(4, 1.03)(5, 1.03)(6, 2.06)(7, 2.57)(8, 2.81)(9, 2.94)(10, 3.0)(11, 3.13)(12, 3.17)(13, 3.21)(14, 3.25)(15, 3.28)(16, 3.32)(17, 3.35)(18, 3.39)(19, 3.42)(20, 3.46)(21, 3.5)(22, 3.53)(23, 3.57)(24, 3.6)(25, 3.64)(26, 3.68)


========== ORAM_WRITE ==========
ORAM_WRITE time
(1, 0.03)(2, 0.03)(3, 0.04)(4, 0.03)(5, 0.08)(6, 0.09)(7, 0.08)(8, 0.1)(9, 0.24)(10, 0.26)(11, 0.25)(12, 0.26)(13, 0.25)(14, 0.31)(15, 0.43)(16, 0.73)(17, 0.82)(18, 2.03)(19, 3.94)(20, 7.98)(21, 16.02)(22, 31.95)(23, 62.59)(24, 124.47)(25, 242.99)(26, 482.18)
ORAM_WRITE ct
(1, 1)(2, 1)(3, 1)(4, 1)(5, 1)(6, 1)(7, 1)(8, 1)(9, 1)(10, 1)(11, 1)(12, 1)(13, 1)(14, 1)(15, 1)(16, 1)(17, 1)(18, 1)(19, 1)(20, 1)(21, 1)(22, 1)(23, 1)(24, 1)(25, 1)(26, 1)
ORAM_WRITE bandwidth
(1, 0.04)(2, 0.04)(3, 0.04)(4, 0.04)(5, 0.04)(6, 3.11)(7, 3.11)(8, 3.07)(9, 3.07)(10, 3.07)(11, 2.81)(12, 2.15)(13, 2.19)(14, 2.22)(15, 2.26)(16, 2.3)(17, 2.33)(18, 2.37)(19, 2.4)(20, 2.44)(21, 2.48)(22, 2.51)(23, 2.55)(24, 2.58)(25, 2.62)(26, 2.66)


========== ORAM_POSITION_MAP ==========
ORAM_POSITION_MAP time
(1, 0.0)(2, 0.0)(3, 0.0)(4, 0.0)(5, 0.0)(6, 0.07)(7, 0.08)(8, 0.07)(9, 0.26)(10, 0.24)(11, 0.75)(12, 0.75)(13, 0.82)(14, 0.84)(15, 0.9)(16, 1.49)(17, 0.61)(18, 1.34)(19, 0.72)(20, 0.79)(21, 1.04)(22, 1.19)(23, 1.6)(24, 2.36)(25, 3.79)(26, 6.18)
ORAM_POSITION_MAP ct
(1, 0)(2, 0)(3, 0)(4, 0)(5, 0)(6, 1)(7, 1)(8, 1)(9, 1)(10, 1)(11, 1)(12, 1)(13, 1)(14, 1)(15, 1)(16, 1)(17, 1)(18, 1)(19, 1)(20, 1)(21, 1)(22, 1)(23, 1)(24, 1)(25, 1)(26, 1)
ORAM_POSITION_MAP bandwidth
(1, 0.0)(2, 0.0)(3, 0.0)(4, 0.0)(5, 0.0)(6, 0.04)(7, 0.04)(8, 0.04)(9, 0.04)(10, 0.04)(11, 0.22)(12, 0.41)(13, 0.42)(14, 0.43)(15, 0.44)(16, 0.75)(17, 0.93)(18, 1.01)(19, 1.1)(20, 1.34)(21, 1.72)(22, 1.97)(23, 2.12)(24, 2.28)(25, 2.59)(26, 3.04)


========== TOTAL ==========
TOTAL time
(1, 0.07)(2, 0.07)(3, 0.08)(4, 0.07)(5, 0.15)(6, 0.28)(7, 0.31)(8, 0.35)(9, 0.87)(10, 0.88)(11, 1.39)(12, 1.41)(13, 1.51)(14, 1.51)(15, 1.74)(16, 2.96)(17, 2.43)(18, 5.46)(19, 8.56)(20, 16.27)(21, 31.57)(22, 61.26)(23, 119.06)(24, 235.49)(25, 461.9)(26, 916.86)
TOTAL ct
(1, 2)(2, 2)(3, 2)(4, 2)(5, 2)(6, 3)(7, 3)(8, 3)(9, 3)(10, 3)(11, 3)(12, 3)(13, 3)(14, 3)(15, 3)(16, 3)(17, 3)(18, 3)(19, 3)(20, 3)(21, 3)(22, 3)(23, 3)(24, 3)(25, 3)(26, 3)
TOTAL bandwidth
(1, 1.06)(2, 1.06)(3, 1.06)(4, 1.06)(5, 1.06)(6, 5.21)(7, 5.72)(8, 5.92)(9, 6.05)(10, 6.12)(11, 6.16)(12, 5.74)(13, 5.82)(14, 5.91)(15, 5.99)(16, 6.37)(17, 6.61)(18, 6.77)(19, 6.93)(20, 7.24)(21, 7.69)(22, 8.01)(23, 8.24)(24, 8.47)(25, 8.86)(26, 9.38)


