========== Benchmark start ==========
2022-06-21 18:03:57.263493+09:00
logn 1, data_size 4, tau 5, pdpf 5
KEY_TO_INDEX, time = 0, ct = 0, bandwidth = 0
ORAM_READ, time = 27, ct = 1, bandwidth = 132
ORAM_WRITE, time = 22, ct = 1, bandwidth = 8
ORAM_POSITION_MAP, time = 0, ct = 0, bandwidth = 0
TOTAL, time = 50, ct = 2, bandwidth = 140
SSOT, time = 0, ct = 0, bandwidth = 0
ssot_others, time = 50, ct = 2, bandwidth = 140
2022-06-21 18:04:01.923171+09:00, duration: 0:00:04.659678
========== Benchmark end ==========

========== Benchmark start ==========
2022-06-21 18:04:01.923252+09:00
logn 2, data_size 4, tau 5, pdpf 5
KEY_TO_INDEX, time = 0, ct = 0, bandwidth = 0
ORAM_READ, time = 30, ct = 1, bandwidth = 132
ORAM_WRITE, time = 21, ct = 1, bandwidth = 8
ORAM_POSITION_MAP, time = 0, ct = 0, bandwidth = 0
TOTAL, time = 52, ct = 2, bandwidth = 140
SSOT, time = 0, ct = 0, bandwidth = 0
ssot_others, time = 52, ct = 2, bandwidth = 140
2022-06-21 18:04:04.942658+09:00, duration: 0:00:03.019406
========== Benchmark end ==========

========== Benchmark start ==========
2022-06-21 18:04:04.942708+09:00
logn 3, data_size 4, tau 5, pdpf 5
KEY_TO_INDEX, time = 0, ct = 0, bandwidth = 0
ORAM_READ, time = 31, ct = 1, bandwidth = 132
ORAM_WRITE, time = 22, ct = 1, bandwidth = 8
ORAM_POSITION_MAP, time = 0, ct = 0, bandwidth = 0
TOTAL, time = 54, ct = 2, bandwidth = 140
SSOT, time = 0, ct = 0, bandwidth = 0
ssot_others, time = 54, ct = 2, bandwidth = 140
2022-06-21 18:04:07.962863+09:00, duration: 0:00:03.020155
========== Benchmark end ==========

========== Benchmark start ==========
2022-06-21 18:04:07.962891+09:00
logn 4, data_size 4, tau 5, pdpf 5
KEY_TO_INDEX, time = 0, ct = 0, bandwidth = 0
ORAM_READ, time = 31, ct = 1, bandwidth = 132
ORAM_WRITE, time = 24, ct = 1, bandwidth = 8
ORAM_POSITION_MAP, time = 0, ct = 0, bandwidth = 0
TOTAL, time = 56, ct = 2, bandwidth = 140
SSOT, time = 0, ct = 0, bandwidth = 0
ssot_others, time = 56, ct = 2, bandwidth = 140
2022-06-21 18:04:10.983429+09:00, duration: 0:00:03.020538
========== Benchmark end ==========

========== Benchmark start ==========
2022-06-21 18:04:10.983459+09:00
logn 5, data_size 4, tau 5, pdpf 5
KEY_TO_INDEX, time = 0, ct = 0, bandwidth = 0
ORAM_READ, time = 33, ct = 1, bandwidth = 132
ORAM_WRITE, time = 26, ct = 1, bandwidth = 8
ORAM_POSITION_MAP, time = 0, ct = 0, bandwidth = 0
TOTAL, time = 59, ct = 2, bandwidth = 140
SSOT, time = 0, ct = 0, bandwidth = 0
ssot_others, time = 59, ct = 2, bandwidth = 140
2022-06-21 18:04:14.005057+09:00, duration: 0:00:03.021598
========== Benchmark end ==========

========== Benchmark start ==========
2022-06-21 18:04:14.005088+09:00
logn 6, data_size 4, tau 5, pdpf 5
KEY_TO_INDEX, time = 0, ct = 0, bandwidth = 0
ORAM_READ, time = 66, ct = 1, bandwidth = 305
ORAM_WRITE, time = 55, ct = 1, bandwidth = 393
ORAM_POSITION_MAP, time = 58, ct = 1, bandwidth = 42
TOTAL, time = 180, ct = 3, bandwidth = 740
SSOT, time = 17, ct = 0, bandwidth = 129
ssot_others, time = 163, ct = 2, bandwidth = 610
2022-06-21 18:04:17.044426+09:00, duration: 0:00:03.039338
========== Benchmark end ==========

========== Benchmark start ==========
2022-06-21 18:04:17.044487+09:00
logn 7, data_size 4, tau 5, pdpf 5
KEY_TO_INDEX, time = 0, ct = 0, bandwidth = 0
ORAM_READ, time = 104, ct = 1, bandwidth = 391
ORAM_WRITE, time = 71, ct = 1, bandwidth = 393
ORAM_POSITION_MAP, time = 77, ct = 1, bandwidth = 42
TOTAL, time = 253, ct = 3, bandwidth = 826
SSOT, time = 26, ct = 0, bandwidth = 194
ssot_others, time = 226, ct = 2, bandwidth = 632
2022-06-21 18:04:20.099615+09:00, duration: 0:00:03.055128
========== Benchmark end ==========

========== Benchmark start ==========
2022-06-21 18:04:20.099651+09:00
logn 8, data_size 4, tau 5, pdpf 5
KEY_TO_INDEX, time = 0, ct = 0, bandwidth = 0
ORAM_READ, time = 81, ct = 1, bandwidth = 433
ORAM_WRITE, time = 50, ct = 1, bandwidth = 387
ORAM_POSITION_MAP, time = 55, ct = 1, bandwidth = 42
TOTAL, time = 187, ct = 3, bandwidth = 862
SSOT, time = 23, ct = 0, bandwidth = 225
ssot_others, time = 163, ct = 2, bandwidth = 637
2022-06-21 18:04:23.142293+09:00, duration: 0:00:03.042642
========== Benchmark end ==========

========== Benchmark start ==========
2022-06-21 18:04:23.142390+09:00
logn 9, data_size 4, tau 5, pdpf 5
KEY_TO_INDEX, time = 0, ct = 0, bandwidth = 0
ORAM_READ, time = 97, ct = 1, bandwidth = 455
ORAM_WRITE, time = 52, ct = 1, bandwidth = 388
ORAM_POSITION_MAP, time = 55, ct = 1, bandwidth = 42
TOTAL, time = 204, ct = 3, bandwidth = 886
SSOT, time = 31, ct = 0, bandwidth = 240
ssot_others, time = 173, ct = 2, bandwidth = 645
2022-06-21 18:04:26.186421+09:00, duration: 0:00:03.044031
========== Benchmark end ==========

========== Benchmark start ==========
2022-06-21 18:04:26.186499+09:00
logn 10, data_size 4, tau 5, pdpf 5
KEY_TO_INDEX, time = 0, ct = 0, bandwidth = 0
ORAM_READ, time = 102, ct = 1, bandwidth = 468
ORAM_WRITE, time = 58, ct = 1, bandwidth = 390
ORAM_POSITION_MAP, time = 58, ct = 1, bandwidth = 42
TOTAL, time = 219, ct = 3, bandwidth = 901
SSOT, time = 31, ct = 0, bandwidth = 248
ssot_others, time = 188, ct = 2, bandwidth = 653
2022-06-21 18:04:29.234415+09:00, duration: 0:00:03.047916
========== Benchmark end ==========

========== Benchmark start ==========
2022-06-21 18:04:29.234494+09:00
logn 11, data_size 4, tau 5, pdpf 5
KEY_TO_INDEX, time = 0, ct = 0, bandwidth = 0
ORAM_READ, time = 110, ct = 1, bandwidth = 561
ORAM_WRITE, time = 63, ct = 1, bandwidth = 413
ORAM_POSITION_MAP, time = 182, ct = 1, bandwidth = 226
TOTAL, time = 356, ct = 3, bandwidth = 1201
SSOT, time = 43, ct = 1, bandwidth = 286
ssot_others, time = 312, ct = 1, bandwidth = 915
2022-06-21 18:04:32.303019+09:00, duration: 0:00:03.068525
========== Benchmark end ==========

========== Benchmark start ==========
2022-06-21 18:04:32.303099+09:00
logn 12, data_size 4, tau 5, pdpf 5
KEY_TO_INDEX, time = 0, ct = 0, bandwidth = 0
ORAM_READ, time = 111, ct = 1, bandwidth = 586
ORAM_WRITE, time = 63, ct = 1, bandwidth = 332
ORAM_POSITION_MAP, time = 201, ct = 1, bandwidth = 442
TOTAL, time = 376, ct = 3, bandwidth = 1361
SSOT, time = 51, ct = 1, bandwidth = 354
ssot_others, time = 325, ct = 1, bandwidth = 1007
2022-06-21 18:04:35.376673+09:00, duration: 0:00:03.073574
========== Benchmark end ==========

========== Benchmark start ==========
2022-06-21 18:04:35.376779+09:00
logn 13, data_size 4, tau 5, pdpf 5
KEY_TO_INDEX, time = 0, ct = 0, bandwidth = 0
ORAM_READ, time = 115, ct = 1, bandwidth = 622
ORAM_WRITE, time = 64, ct = 1, bandwidth = 368
ORAM_POSITION_MAP, time = 206, ct = 1, bandwidth = 460
TOTAL, time = 387, ct = 3, bandwidth = 1451
SSOT, time = 53, ct = 1, bandwidth = 369
ssot_others, time = 333, ct = 1, bandwidth = 1082
2022-06-21 18:04:38.451961+09:00, duration: 0:00:03.075182
========== Benchmark end ==========

========== Benchmark start ==========
2022-06-21 18:04:38.452040+09:00
logn 14, data_size 4, tau 5, pdpf 5
KEY_TO_INDEX, time = 0, ct = 0, bandwidth = 0
ORAM_READ, time = 142, ct = 1, bandwidth = 658
ORAM_WRITE, time = 67, ct = 1, bandwidth = 404
ORAM_POSITION_MAP, time = 222, ct = 1, bandwidth = 473
TOTAL, time = 432, ct = 3, bandwidth = 1536
SSOT, time = 59, ct = 1, bandwidth = 377
ssot_others, time = 373, ct = 1, bandwidth = 1159
2022-06-21 18:04:41.532661+09:00, duration: 0:00:03.080621
========== Benchmark end ==========

========== Benchmark start ==========
2022-06-21 18:04:41.532756+09:00
logn 15, data_size 4, tau 5, pdpf 5
KEY_TO_INDEX, time = 0, ct = 0, bandwidth = 0
ORAM_READ, time = 133, ct = 1, bandwidth = 694
ORAM_WRITE, time = 86, ct = 1, bandwidth = 440
ORAM_POSITION_MAP, time = 212, ct = 1, bandwidth = 484
TOTAL, time = 432, ct = 3, bandwidth = 1619
SSOT, time = 56, ct = 1, bandwidth = 381
ssot_others, time = 376, ct = 1, bandwidth = 1237
2022-06-21 18:04:44.614701+09:00, duration: 0:00:03.081945
========== Benchmark end ==========

========== Benchmark start ==========
2022-06-21 18:04:44.614781+09:00
logn 16, data_size 4, tau 5, pdpf 5
KEY_TO_INDEX, time = 0, ct = 0, bandwidth = 0
ORAM_READ, time = 160, ct = 1, bandwidth = 730
ORAM_WRITE, time = 116, ct = 1, bandwidth = 476
ORAM_POSITION_MAP, time = 353, ct = 1, bandwidth = 801
TOTAL, time = 631, ct = 3, bandwidth = 2008
SSOT, time = 70, ct = 2, bandwidth = 417
ssot_others, time = 561, ct = 0, bandwidth = 1591
2022-06-21 18:04:47.727684+09:00, duration: 0:00:03.112903
========== Benchmark end ==========

========== Benchmark start ==========
2022-06-21 18:04:47.727763+09:00
logn 17, data_size 4, tau 5, pdpf 5
KEY_TO_INDEX, time = 0, ct = 0, bandwidth = 0
ORAM_READ, time = 206, ct = 1, bandwidth = 766
ORAM_WRITE, time = 167, ct = 1, bandwidth = 512
ORAM_POSITION_MAP, time = 385, ct = 1, bandwidth = 1000
TOTAL, time = 759, ct = 3, bandwidth = 2279
SSOT, time = 78, ct = 2, bandwidth = 483
ssot_others, time = 680, ct = 0, bandwidth = 1796
2022-06-21 18:04:50.862059+09:00, duration: 0:00:03.134296
========== Benchmark end ==========

========== Benchmark start ==========
2022-06-21 18:04:50.862137+09:00
logn 18, data_size 4, tau 5, pdpf 5
KEY_TO_INDEX, time = 0, ct = 0, bandwidth = 0
ORAM_READ, time = 321, ct = 1, bandwidth = 802
ORAM_WRITE, time = 310, ct = 1, bandwidth = 548
ORAM_POSITION_MAP, time = 407, ct = 1, bandwidth = 1091
TOTAL, time = 1039, ct = 3, bandwidth = 2442
SSOT, time = 81, ct = 2, bandwidth = 499
ssot_others, time = 957, ct = 0, bandwidth = 1942
2022-06-21 18:04:54.043329+09:00, duration: 0:00:03.181192
========== Benchmark end ==========

========== Benchmark start ==========
2022-06-21 18:04:54.043412+09:00
logn 19, data_size 4, tau 5, pdpf 5
KEY_TO_INDEX, time = 0, ct = 0, bandwidth = 0
ORAM_READ, time = 644, ct = 1, bandwidth = 838
ORAM_WRITE, time = 621, ct = 1, bandwidth = 584
ORAM_POSITION_MAP, time = 470, ct = 1, bandwidth = 1175
TOTAL, time = 1735, ct = 3, bandwidth = 2598
SSOT, time = 83, ct = 2, bandwidth = 506
ssot_others, time = 1652, ct = 0, bandwidth = 2091
2022-06-21 18:04:57.343221+09:00, duration: 0:00:03.299809
========== Benchmark end ==========

========== Benchmark start ==========
2022-06-21 18:04:57.343703+09:00
logn 20, data_size 4, tau 5, pdpf 5
KEY_TO_INDEX, time = 0, ct = 0, bandwidth = 0
ORAM_READ, time = 1340, ct = 1, bandwidth = 874
ORAM_WRITE, time = 1302, ct = 1, bandwidth = 620
ORAM_POSITION_MAP, time = 627, ct = 1, bandwidth = 1440
TOTAL, time = 3270, ct = 3, bandwidth = 2935
SSOT, time = 103, ct = 2, bandwidth = 574
ssot_others, time = 3166, ct = 0, bandwidth = 2361
2022-06-21 18:05:00.883265+09:00, duration: 0:00:03.539562
========== Benchmark end ==========

========== Benchmark start ==========
2022-06-21 18:05:00.883310+09:00
logn 21, data_size 4, tau 5, pdpf 5
KEY_TO_INDEX, time = 0, ct = 0, bandwidth = 0
ORAM_READ, time = 2767, ct = 1, bandwidth = 910
ORAM_WRITE, time = 3236, ct = 1, bandwidth = 656
ORAM_POSITION_MAP, time = 964, ct = 1, bandwidth = 1830
TOTAL, time = 6968, ct = 3, bandwidth = 3397
SSOT, time = 116, ct = 3, bandwidth = 610
ssot_others, time = 6851, ct = 0, bandwidth = 2787
2022-06-21 18:05:04.982133+09:00, duration: 0:00:04.098823
========== Benchmark end ==========

========== Benchmark start ==========
2022-06-21 18:05:04.982215+09:00
logn 22, data_size 4, tau 5, pdpf 5
KEY_TO_INDEX, time = 0, ct = 0, bandwidth = 0
ORAM_READ, time = 5219, ct = 1, bandwidth = 946
ORAM_WRITE, time = 5863, ct = 1, bandwidth = 692
ORAM_POSITION_MAP, time = 1278, ct = 1, bandwidth = 2101
TOTAL, time = 12361, ct = 3, bandwidth = 3740
SSOT, time = 130, ct = 3, bandwidth = 676
ssot_others, time = 12231, ct = 0, bandwidth = 3063
2022-06-21 18:05:09.908009+09:00, duration: 0:00:04.925794
========== Benchmark end ==========

========== Benchmark start ==========
2022-06-21 18:05:09.908079+09:00
logn 23, data_size 4, tau 5, pdpf 5
KEY_TO_INDEX, time = 0, ct = 0, bandwidth = 0
ORAM_READ, time = 10172, ct = 1, bandwidth = 982
ORAM_WRITE, time = 11718, ct = 1, bandwidth = 728
ORAM_POSITION_MAP, time = 1869, ct = 1, bandwidth = 2263
TOTAL, time = 23760, ct = 3, bandwidth = 3974
SSOT, time = 129, ct = 3, bandwidth = 691
ssot_others, time = 23631, ct = 0, bandwidth = 3282
2022-06-21 18:05:16.590208+09:00, duration: 0:00:06.682129
========== Benchmark end ==========

========== Benchmark start ==========
2022-06-21 18:05:16.590234+09:00
logn 24, data_size 4, tau 5, pdpf 5
KEY_TO_INDEX, time = 0, ct = 0, bandwidth = 0
ORAM_READ, time = 19855, ct = 1, bandwidth = 1018
ORAM_WRITE, time = 23504, ct = 1, bandwidth = 764
ORAM_POSITION_MAP, time = 3130, ct = 1, bandwidth = 2420
TOTAL, time = 46490, ct = 3, bandwidth = 4203
SSOT, time = 130, ct = 3, bandwidth = 699
ssot_others, time = 46359, ct = 0, bandwidth = 3503
2022-06-21 18:05:26.706225+09:00, duration: 0:00:10.115991
========== Benchmark end ==========

========== Benchmark start ==========
2022-06-21 18:05:26.706313+09:00
logn 25, data_size 4, tau 5, pdpf 5
KEY_TO_INDEX, time = 0, ct = 0, bandwidth = 0
ORAM_READ, time = 39017, ct = 1, bandwidth = 1054
ORAM_WRITE, time = 47684, ct = 1, bandwidth = 800
ORAM_POSITION_MAP, time = 5929, ct = 1, bandwidth = 2757
TOTAL, time = 92631, ct = 3, bandwidth = 4612
SSOT, time = 157, ct = 3, bandwidth = 766
ssot_others, time = 92473, ct = 0, bandwidth = 3845
2022-06-21 18:05:43.798843+09:00, duration: 0:00:17.092530
========== Benchmark end ==========

========== Benchmark start ==========
2022-06-21 18:05:43.798928+09:00
logn 26, data_size 4, tau 5, pdpf 5
KEY_TO_INDEX, time = 0, ct = 0, bandwidth = 0
ORAM_READ, time = 76272, ct = 1, bandwidth = 1090
ORAM_WRITE, time = 94163, ct = 1, bandwidth = 836
ORAM_POSITION_MAP, time = 10666, ct = 1, bandwidth = 3218
TOTAL, time = 181102, ct = 3, bandwidth = 5145
SSOT, time = 164, ct = 4, bandwidth = 802
ssot_others, time = 180938, ct = 0, bandwidth = 4342
2022-06-21 18:06:14.198044+09:00, duration: 0:00:30.399116
========== Benchmark end ==========

========== Benchmark start ==========
2022-06-21 18:06:14.198116+09:00
logn 27, data_size 4, tau 5, pdpf 5
KEY_TO_INDEX, time = 0, ct = 0, bandwidth = 0
ORAM_READ, time = 148983, ct = 1, bandwidth = 1126
ORAM_WRITE, time = 183281, ct = 1, bandwidth = 872
ORAM_POSITION_MAP, time = 20412, ct = 1, bandwidth = 3561
TOTAL, time = 352676, ct = 3, bandwidth = 5560
SSOT, time = 171, ct = 4, bandwidth = 868
ssot_others, time = 352505, ct = 0, bandwidth = 4691
2022-06-21 18:07:10.643669+09:00, duration: 0:00:56.445553
========== Benchmark end ==========

========== Benchmark start ==========
2022-06-21 18:07:10.643763+09:00
logn 28, data_size 4, tau 5, pdpf 5
KEY_TO_INDEX, time = 0, ct = 0, bandwidth = 0
ORAM_READ, time = 291921, ct = 1, bandwidth = 1162
ORAM_WRITE, time = 358744, ct = 1, bandwidth = 908
ORAM_POSITION_MAP, time = 41806, ct = 1, bandwidth = 3978
TOTAL, time = 692472, ct = 3, bandwidth = 6049
SSOT, time = 182, ct = 4, bandwidth = 947
ssot_others, time = 692290, ct = 0, bandwidth = 5101
2022-06-21 18:08:58.348319+09:00, duration: 0:01:47.704556
========== Benchmark end ==========

========== Benchmark start ==========
2022-06-21 18:08:58.348388+09:00
logn 29, data_size 4, tau 5, pdpf 5
KEY_TO_INDEX, time = 0, ct = 0, bandwidth = 0
ORAM_READ, time = 576588, ct = 1, bandwidth = 1198
ORAM_WRITE, time = 707134, ct = 1, bandwidth = 944
ORAM_POSITION_MAP, time = 81151, ct = 1, bandwidth = 4207
TOTAL, time = 1364873, ct = 3, bandwidth = 6350
SSOT, time = 184, ct = 4, bandwidth = 955
ssot_others, time = 1364689, ct = 0, bandwidth = 5394
2022-06-21 18:12:26.964940+09:00, duration: 0:03:28.616552
========== Benchmark end ==========

========== Benchmark start ==========
2022-06-21 18:12:26.965011+09:00
logn 30, data_size 4, tau 5, pdpf 5
KEY_TO_INDEX, time = 0, ct = 0, bandwidth = 0
ORAM_READ, time = 1156708, ct = 1, bandwidth = 1234
ORAM_WRITE, time = 1419487, ct = 1, bandwidth = 980
ORAM_POSITION_MAP, time = 157755, ct = 1, bandwidth = 4616
TOTAL, time = 2733951, ct = 3, bandwidth = 6831
SSOT, time = 203, ct = 4, bandwidth = 1023
ssot_others, time = 2733747, ct = 0, bandwidth = 5808
2022-06-21 18:19:24.014362+09:00, duration: 0:06:57.049351
========== Benchmark end ==========

========== Benchmark start ==========
2022-06-21 18:19:24.014396+09:00
logn 31, data_size 4, tau 5, pdpf 5
========== KEY_TO_INDEX ==========
KEY_TO_INDEX time
(1, 0.0)(2, 0.0)(3, 0.0)(4, 0.0)(5, 0.0)(6, 0.0)(7, 0.0)(8, 0.0)(9, 0.0)(10, 0.0)(11, 0.0)(12, 0.0)(13, 0.0)(14, 0.0)(15, 0.0)(16, 0.0)(17, 0.0)(18, 0.0)(19, 0.0)(20, 0.0)(21, 0.0)(22, 0.0)(23, 0.0)(24, 0.0)(25, 0.0)(26, 0.0)(27, 0.0)(28, 0.0)(29, 0.0)(30, 0.0)
KEY_TO_INDEX ct
(1, 0)(2, 0)(3, 0)(4, 0)(5, 0)(6, 0)(7, 0)(8, 0)(9, 0)(10, 0)(11, 0)(12, 0)(13, 0)(14, 0)(15, 0)(16, 0)(17, 0)(18, 0)(19, 0)(20, 0)(21, 0)(22, 0)(23, 0)(24, 0)(25, 0)(26, 0)(27, 0)(28, 0)(29, 0)(30, 0)
KEY_TO_INDEX bandwidth
(1, 0.0)(2, 0.0)(3, 0.0)(4, 0.0)(5, 0.0)(6, 0.0)(7, 0.0)(8, 0.0)(9, 0.0)(10, 0.0)(11, 0.0)(12, 0.0)(13, 0.0)(14, 0.0)(15, 0.0)(16, 0.0)(17, 0.0)(18, 0.0)(19, 0.0)(20, 0.0)(21, 0.0)(22, 0.0)(23, 0.0)(24, 0.0)(25, 0.0)(26, 0.0)(27, 0.0)(28, 0.0)(29, 0.0)(30, 0.0)


========== ORAM_READ ==========
ORAM_READ time
(1, 0.03)(2, 0.03)(3, 0.03)(4, 0.03)(5, 0.03)(6, 0.07)(7, 0.1)(8, 0.08)(9, 0.1)(10, 0.1)(11, 0.11)(12, 0.11)(13, 0.12)(14, 0.14)(15, 0.13)(16, 0.16)(17, 0.21)(18, 0.32)(19, 0.64)(20, 1.34)(21, 2.77)(22, 5.22)(23, 10.17)(24, 19.86)(25, 39.02)(26, 76.27)(27, 148.98)(28, 291.92)(29, 576.59)(30, 1156.71)
ORAM_READ ct
(1, 1)(2, 1)(3, 1)(4, 1)(5, 1)(6, 1)(7, 1)(8, 1)(9, 1)(10, 1)(11, 1)(12, 1)(13, 1)(14, 1)(15, 1)(16, 1)(17, 1)(18, 1)(19, 1)(20, 1)(21, 1)(22, 1)(23, 1)(24, 1)(25, 1)(26, 1)(27, 1)(28, 1)(29, 1)(30, 1)
ORAM_READ bandwidth
(1, 0.13)(2, 0.13)(3, 0.13)(4, 0.13)(5, 0.13)(6, 0.3)(7, 0.39)(8, 0.43)(9, 0.46)(10, 0.47)(11, 0.56)(12, 0.59)(13, 0.62)(14, 0.66)(15, 0.69)(16, 0.73)(17, 0.77)(18, 0.8)(19, 0.84)(20, 0.87)(21, 0.91)(22, 0.95)(23, 0.98)(24, 1.02)(25, 1.05)(26, 1.09)(27, 1.13)(28, 1.16)(29, 1.2)(30, 1.23)


========== ORAM_WRITE ==========
ORAM_WRITE time
(1, 0.02)(2, 0.02)(3, 0.02)(4, 0.02)(5, 0.03)(6, 0.06)(7, 0.07)(8, 0.05)(9, 0.05)(10, 0.06)(11, 0.06)(12, 0.06)(13, 0.06)(14, 0.07)(15, 0.09)(16, 0.12)(17, 0.17)(18, 0.31)(19, 0.62)(20, 1.3)(21, 3.24)(22, 5.86)(23, 11.72)(24, 23.5)(25, 47.68)(26, 94.16)(27, 183.28)(28, 358.74)(29, 707.13)(30, 1419.49)
ORAM_WRITE ct
(1, 1)(2, 1)(3, 1)(4, 1)(5, 1)(6, 1)(7, 1)(8, 1)(9, 1)(10, 1)(11, 1)(12, 1)(13, 1)(14, 1)(15, 1)(16, 1)(17, 1)(18, 1)(19, 1)(20, 1)(21, 1)(22, 1)(23, 1)(24, 1)(25, 1)(26, 1)(27, 1)(28, 1)(29, 1)(30, 1)
ORAM_WRITE bandwidth
(1, 0.01)(2, 0.01)(3, 0.01)(4, 0.01)(5, 0.01)(6, 0.39)(7, 0.39)(8, 0.39)(9, 0.39)(10, 0.39)(11, 0.41)(12, 0.33)(13, 0.37)(14, 0.4)(15, 0.44)(16, 0.48)(17, 0.51)(18, 0.55)(19, 0.58)(20, 0.62)(21, 0.66)(22, 0.69)(23, 0.73)(24, 0.76)(25, 0.8)(26, 0.84)(27, 0.87)(28, 0.91)(29, 0.94)(30, 0.98)


========== ORAM_POSITION_MAP ==========
ORAM_POSITION_MAP time
(1, 0.0)(2, 0.0)(3, 0.0)(4, 0.0)(5, 0.0)(6, 0.06)(7, 0.08)(8, 0.06)(9, 0.06)(10, 0.06)(11, 0.18)(12, 0.2)(13, 0.21)(14, 0.22)(15, 0.21)(16, 0.35)(17, 0.39)(18, 0.41)(19, 0.47)(20, 0.63)(21, 0.96)(22, 1.28)(23, 1.87)(24, 3.13)(25, 5.93)(26, 10.67)(27, 20.41)(28, 41.81)(29, 81.15)(30, 157.75)
ORAM_POSITION_MAP ct
(1, 0)(2, 0)(3, 0)(4, 0)(5, 0)(6, 1)(7, 1)(8, 1)(9, 1)(10, 1)(11, 1)(12, 1)(13, 1)(14, 1)(15, 1)(16, 1)(17, 1)(18, 1)(19, 1)(20, 1)(21, 1)(22, 1)(23, 1)(24, 1)(25, 1)(26, 1)(27, 1)(28, 1)(29, 1)(30, 1)
ORAM_POSITION_MAP bandwidth
(1, 0.0)(2, 0.0)(3, 0.0)(4, 0.0)(5, 0.0)(6, 0.04)(7, 0.04)(8, 0.04)(9, 0.04)(10, 0.04)(11, 0.23)(12, 0.44)(13, 0.46)(14, 0.47)(15, 0.48)(16, 0.8)(17, 1.0)(18, 1.09)(19, 1.18)(20, 1.44)(21, 1.83)(22, 2.1)(23, 2.26)(24, 2.42)(25, 2.76)(26, 3.22)(27, 3.56)(28, 3.98)(29, 4.21)(30, 4.62)


========== TOTAL ==========
TOTAL time
(1, 0.05)(2, 0.05)(3, 0.05)(4, 0.06)(5, 0.06)(6, 0.18)(7, 0.25)(8, 0.19)(9, 0.2)(10, 0.22)(11, 0.36)(12, 0.38)(13, 0.39)(14, 0.43)(15, 0.43)(16, 0.63)(17, 0.76)(18, 1.04)(19, 1.74)(20, 3.27)(21, 6.97)(22, 12.36)(23, 23.76)(24, 46.49)(25, 92.63)(26, 181.1)(27, 352.68)(28, 692.47)(29, 1364.87)(30, 2733.95)
TOTAL ct
(1, 2)(2, 2)(3, 2)(4, 2)(5, 2)(6, 3)(7, 3)(8, 3)(9, 3)(10, 3)(11, 3)(12, 3)(13, 3)(14, 3)(15, 3)(16, 3)(17, 3)(18, 3)(19, 3)(20, 3)(21, 3)(22, 3)(23, 3)(24, 3)(25, 3)(26, 3)(27, 3)(28, 3)(29, 3)(30, 3)
TOTAL bandwidth
(1, 0.14)(2, 0.14)(3, 0.14)(4, 0.14)(5, 0.14)(6, 0.74)(7, 0.83)(8, 0.86)(9, 0.89)(10, 0.9)(11, 1.2)(12, 1.36)(13, 1.45)(14, 1.54)(15, 1.62)(16, 2.01)(17, 2.28)(18, 2.44)(19, 2.6)(20, 2.94)(21, 3.4)(22, 3.74)(23, 3.97)(24, 4.2)(25, 4.61)(26, 5.14)(27, 5.56)(28, 6.05)(29, 6.35)(30, 6.83)


========== SSOT ==========
SSOT time
(1, 0.0)(2, 0.0)(3, 0.0)(4, 0.0)(5, 0.0)(6, 0.02)(7, 0.03)(8, 0.02)(9, 0.03)(10, 0.03)(11, 0.04)(12, 0.05)(13, 0.05)(14, 0.06)(15, 0.06)(16, 0.07)(17, 0.08)(18, 0.08)(19, 0.08)(20, 0.1)(21, 0.12)(22, 0.13)(23, 0.13)(24, 0.13)(25, 0.16)(26, 0.16)(27, 0.17)(28, 0.18)(29, 0.18)(30, 0.2)
SSOT ct
(1, 0)(2, 0)(3, 0)(4, 0)(5, 0)(6, 0)(7, 0)(8, 0)(9, 0)(10, 0)(11, 1)(12, 1)(13, 1)(14, 1)(15, 1)(16, 2)(17, 2)(18, 2)(19, 2)(20, 2)(21, 3)(22, 3)(23, 3)(24, 3)(25, 3)(26, 4)(27, 4)(28, 4)(29, 4)(30, 4)
SSOT bandwidth
(1, 0.0)(2, 0.0)(3, 0.0)(4, 0.0)(5, 0.0)(6, 0.13)(7, 0.19)(8, 0.23)(9, 0.24)(10, 0.25)(11, 0.29)(12, 0.35)(13, 0.37)(14, 0.38)(15, 0.38)(16, 0.42)(17, 0.48)(18, 0.5)(19, 0.51)(20, 0.57)(21, 0.61)(22, 0.68)(23, 0.69)(24, 0.7)(25, 0.77)(26, 0.8)(27, 0.87)(28, 0.95)(29, 0.95)(30, 1.02)


========== ssot_others ==========
ssot_others time
(1, 0.05)(2, 0.05)(3, 0.05)(4, 0.06)(5, 0.06)(6, 0.16)(7, 0.23)(8, 0.16)(9, 0.17)(10, 0.19)(11, 0.31)(12, 0.33)(13, 0.33)(14, 0.37)(15, 0.38)(16, 0.56)(17, 0.68)(18, 0.96)(19, 1.65)(20, 3.17)(21, 6.85)(22, 12.23)(23, 23.63)(24, 46.36)(25, 92.47)(26, 180.94)(27, 352.5)(28, 692.29)(29, 1364.69)(30, 2733.75)
ssot_others ct
(1, 2)(2, 2)(3, 2)(4, 2)(5, 2)(6, 2)(7, 2)(8, 2)(9, 2)(10, 2)(11, 1)(12, 1)(13, 1)(14, 1)(15, 1)(16, 0)(17, 0)(18, 0)(19, 0)(20, 0)(21, 0)(22, 0)(23, 0)(24, 0)(25, 0)(26, 0)(27, 0)(28, 0)(29, 0)(30, 0)
ssot_others bandwidth
(1, 0.14)(2, 0.14)(3, 0.14)(4, 0.14)(5, 0.14)(6, 0.61)(7, 0.63)(8, 0.64)(9, 0.65)(10, 0.65)(11, 0.92)(12, 1.01)(13, 1.08)(14, 1.16)(15, 1.24)(16, 1.59)(17, 1.8)(18, 1.94)(19, 2.09)(20, 2.36)(21, 2.79)(22, 3.06)(23, 3.28)(24, 3.5)(25, 3.85)(26, 4.34)(27, 4.69)(28, 5.1)(29, 5.39)(30, 5.81)


========== TERMINATED ==========
========== KEY_TO_INDEX ==========
KEY_TO_INDEX time
(1, 0.0)(2, 0.0)(3, 0.0)(4, 0.0)(5, 0.0)(6, 0.0)(7, 0.0)(8, 0.0)(9, 0.0)(10, 0.0)(11, 0.0)(12, 0.0)(13, 0.0)(14, 0.0)(15, 0.0)(16, 0.0)(17, 0.0)(18, 0.0)(19, 0.0)(20, 0.0)(21, 0.0)(22, 0.0)(23, 0.0)(24, 0.0)(25, 0.0)(26, 0.0)(27, 0.0)(28, 0.0)(29, 0.0)(30, 0.0)
KEY_TO_INDEX ct
(1, 0)(2, 0)(3, 0)(4, 0)(5, 0)(6, 0)(7, 0)(8, 0)(9, 0)(10, 0)(11, 0)(12, 0)(13, 0)(14, 0)(15, 0)(16, 0)(17, 0)(18, 0)(19, 0)(20, 0)(21, 0)(22, 0)(23, 0)(24, 0)(25, 0)(26, 0)(27, 0)(28, 0)(29, 0)(30, 0)
KEY_TO_INDEX bandwidth
(1, 0.0)(2, 0.0)(3, 0.0)(4, 0.0)(5, 0.0)(6, 0.0)(7, 0.0)(8, 0.0)(9, 0.0)(10, 0.0)(11, 0.0)(12, 0.0)(13, 0.0)(14, 0.0)(15, 0.0)(16, 0.0)(17, 0.0)(18, 0.0)(19, 0.0)(20, 0.0)(21, 0.0)(22, 0.0)(23, 0.0)(24, 0.0)(25, 0.0)(26, 0.0)(27, 0.0)(28, 0.0)(29, 0.0)(30, 0.0)


========== ORAM_READ ==========
ORAM_READ time
(1, 0.03)(2, 0.03)(3, 0.03)(4, 0.03)(5, 0.03)(6, 0.07)(7, 0.1)(8, 0.08)(9, 0.1)(10, 0.1)(11, 0.11)(12, 0.11)(13, 0.12)(14, 0.14)(15, 0.13)(16, 0.16)(17, 0.21)(18, 0.32)(19, 0.64)(20, 1.34)(21, 2.77)(22, 5.22)(23, 10.17)(24, 19.86)(25, 39.02)(26, 76.27)(27, 148.98)(28, 291.92)(29, 576.59)(30, 1156.71)
ORAM_READ ct
(1, 1)(2, 1)(3, 1)(4, 1)(5, 1)(6, 1)(7, 1)(8, 1)(9, 1)(10, 1)(11, 1)(12, 1)(13, 1)(14, 1)(15, 1)(16, 1)(17, 1)(18, 1)(19, 1)(20, 1)(21, 1)(22, 1)(23, 1)(24, 1)(25, 1)(26, 1)(27, 1)(28, 1)(29, 1)(30, 1)
ORAM_READ bandwidth
(1, 0.13)(2, 0.13)(3, 0.13)(4, 0.13)(5, 0.13)(6, 0.3)(7, 0.39)(8, 0.43)(9, 0.46)(10, 0.47)(11, 0.56)(12, 0.59)(13, 0.62)(14, 0.66)(15, 0.69)(16, 0.73)(17, 0.77)(18, 0.8)(19, 0.84)(20, 0.87)(21, 0.91)(22, 0.95)(23, 0.98)(24, 1.02)(25, 1.05)(26, 1.09)(27, 1.13)(28, 1.16)(29, 1.2)(30, 1.23)


========== ORAM_WRITE ==========
ORAM_WRITE time
(1, 0.02)(2, 0.02)(3, 0.02)(4, 0.02)(5, 0.03)(6, 0.06)(7, 0.07)(8, 0.05)(9, 0.05)(10, 0.06)(11, 0.06)(12, 0.06)(13, 0.06)(14, 0.07)(15, 0.09)(16, 0.12)(17, 0.17)(18, 0.31)(19, 0.62)(20, 1.3)(21, 3.24)(22, 5.86)(23, 11.72)(24, 23.5)(25, 47.68)(26, 94.16)(27, 183.28)(28, 358.74)(29, 707.13)(30, 1419.49)
ORAM_WRITE ct
(1, 1)(2, 1)(3, 1)(4, 1)(5, 1)(6, 1)(7, 1)(8, 1)(9, 1)(10, 1)(11, 1)(12, 1)(13, 1)(14, 1)(15, 1)(16, 1)(17, 1)(18, 1)(19, 1)(20, 1)(21, 1)(22, 1)(23, 1)(24, 1)(25, 1)(26, 1)(27, 1)(28, 1)(29, 1)(30, 1)
ORAM_WRITE bandwidth
(1, 0.01)(2, 0.01)(3, 0.01)(4, 0.01)(5, 0.01)(6, 0.39)(7, 0.39)(8, 0.39)(9, 0.39)(10, 0.39)(11, 0.41)(12, 0.33)(13, 0.37)(14, 0.4)(15, 0.44)(16, 0.48)(17, 0.51)(18, 0.55)(19, 0.58)(20, 0.62)(21, 0.66)(22, 0.69)(23, 0.73)(24, 0.76)(25, 0.8)(26, 0.84)(27, 0.87)(28, 0.91)(29, 0.94)(30, 0.98)


========== ORAM_POSITION_MAP ==========
ORAM_POSITION_MAP time
(1, 0.0)(2, 0.0)(3, 0.0)(4, 0.0)(5, 0.0)(6, 0.06)(7, 0.08)(8, 0.06)(9, 0.06)(10, 0.06)(11, 0.18)(12, 0.2)(13, 0.21)(14, 0.22)(15, 0.21)(16, 0.35)(17, 0.39)(18, 0.41)(19, 0.47)(20, 0.63)(21, 0.96)(22, 1.28)(23, 1.87)(24, 3.13)(25, 5.93)(26, 10.67)(27, 20.41)(28, 41.81)(29, 81.15)(30, 157.75)
ORAM_POSITION_MAP ct
(1, 0)(2, 0)(3, 0)(4, 0)(5, 0)(6, 1)(7, 1)(8, 1)(9, 1)(10, 1)(11, 1)(12, 1)(13, 1)(14, 1)(15, 1)(16, 1)(17, 1)(18, 1)(19, 1)(20, 1)(21, 1)(22, 1)(23, 1)(24, 1)(25, 1)(26, 1)(27, 1)(28, 1)(29, 1)(30, 1)
ORAM_POSITION_MAP bandwidth
(1, 0.0)(2, 0.0)(3, 0.0)(4, 0.0)(5, 0.0)(6, 0.04)(7, 0.04)(8, 0.04)(9, 0.04)(10, 0.04)(11, 0.23)(12, 0.44)(13, 0.46)(14, 0.47)(15, 0.48)(16, 0.8)(17, 1.0)(18, 1.09)(19, 1.18)(20, 1.44)(21, 1.83)(22, 2.1)(23, 2.26)(24, 2.42)(25, 2.76)(26, 3.22)(27, 3.56)(28, 3.98)(29, 4.21)(30, 4.62)


========== TOTAL ==========
TOTAL time
(1, 0.05)(2, 0.05)(3, 0.05)(4, 0.06)(5, 0.06)(6, 0.18)(7, 0.25)(8, 0.19)(9, 0.2)(10, 0.22)(11, 0.36)(12, 0.38)(13, 0.39)(14, 0.43)(15, 0.43)(16, 0.63)(17, 0.76)(18, 1.04)(19, 1.74)(20, 3.27)(21, 6.97)(22, 12.36)(23, 23.76)(24, 46.49)(25, 92.63)(26, 181.1)(27, 352.68)(28, 692.47)(29, 1364.87)(30, 2733.95)
TOTAL ct
(1, 2)(2, 2)(3, 2)(4, 2)(5, 2)(6, 3)(7, 3)(8, 3)(9, 3)(10, 3)(11, 3)(12, 3)(13, 3)(14, 3)(15, 3)(16, 3)(17, 3)(18, 3)(19, 3)(20, 3)(21, 3)(22, 3)(23, 3)(24, 3)(25, 3)(26, 3)(27, 3)(28, 3)(29, 3)(30, 3)
TOTAL bandwidth
(1, 0.14)(2, 0.14)(3, 0.14)(4, 0.14)(5, 0.14)(6, 0.74)(7, 0.83)(8, 0.86)(9, 0.89)(10, 0.9)(11, 1.2)(12, 1.36)(13, 1.45)(14, 1.54)(15, 1.62)(16, 2.01)(17, 2.28)(18, 2.44)(19, 2.6)(20, 2.94)(21, 3.4)(22, 3.74)(23, 3.97)(24, 4.2)(25, 4.61)(26, 5.14)(27, 5.56)(28, 6.05)(29, 6.35)(30, 6.83)


========== SSOT ==========
SSOT time
(1, 0.0)(2, 0.0)(3, 0.0)(4, 0.0)(5, 0.0)(6, 0.02)(7, 0.03)(8, 0.02)(9, 0.03)(10, 0.03)(11, 0.04)(12, 0.05)(13, 0.05)(14, 0.06)(15, 0.06)(16, 0.07)(17, 0.08)(18, 0.08)(19, 0.08)(20, 0.1)(21, 0.12)(22, 0.13)(23, 0.13)(24, 0.13)(25, 0.16)(26, 0.16)(27, 0.17)(28, 0.18)(29, 0.18)(30, 0.2)
SSOT ct
(1, 0)(2, 0)(3, 0)(4, 0)(5, 0)(6, 0)(7, 0)(8, 0)(9, 0)(10, 0)(11, 1)(12, 1)(13, 1)(14, 1)(15, 1)(16, 2)(17, 2)(18, 2)(19, 2)(20, 2)(21, 3)(22, 3)(23, 3)(24, 3)(25, 3)(26, 4)(27, 4)(28, 4)(29, 4)(30, 4)
SSOT bandwidth
(1, 0.0)(2, 0.0)(3, 0.0)(4, 0.0)(5, 0.0)(6, 0.13)(7, 0.19)(8, 0.23)(9, 0.24)(10, 0.25)(11, 0.29)(12, 0.35)(13, 0.37)(14, 0.38)(15, 0.38)(16, 0.42)(17, 0.48)(18, 0.5)(19, 0.51)(20, 0.57)(21, 0.61)(22, 0.68)(23, 0.69)(24, 0.7)(25, 0.77)(26, 0.8)(27, 0.87)(28, 0.95)(29, 0.95)(30, 1.02)


========== ssot_others ==========
ssot_others time
(1, 0.05)(2, 0.05)(3, 0.05)(4, 0.06)(5, 0.06)(6, 0.16)(7, 0.23)(8, 0.16)(9, 0.17)(10, 0.19)(11, 0.31)(12, 0.33)(13, 0.33)(14, 0.37)(15, 0.38)(16, 0.56)(17, 0.68)(18, 0.96)(19, 1.65)(20, 3.17)(21, 6.85)(22, 12.23)(23, 23.63)(24, 46.36)(25, 92.47)(26, 180.94)(27, 352.5)(28, 692.29)(29, 1364.69)(30, 2733.75)
ssot_others ct
(1, 2)(2, 2)(3, 2)(4, 2)(5, 2)(6, 2)(7, 2)(8, 2)(9, 2)(10, 2)(11, 1)(12, 1)(13, 1)(14, 1)(15, 1)(16, 0)(17, 0)(18, 0)(19, 0)(20, 0)(21, 0)(22, 0)(23, 0)(24, 0)(25, 0)(26, 0)(27, 0)(28, 0)(29, 0)(30, 0)
ssot_others bandwidth
(1, 0.14)(2, 0.14)(3, 0.14)(4, 0.14)(5, 0.14)(6, 0.61)(7, 0.63)(8, 0.64)(9, 0.65)(10, 0.65)(11, 0.92)(12, 1.01)(13, 1.08)(14, 1.16)(15, 1.24)(16, 1.59)(17, 1.8)(18, 1.94)(19, 2.09)(20, 2.36)(21, 2.79)(22, 3.06)(23, 3.28)(24, 3.5)(25, 3.85)(26, 4.34)(27, 4.69)(28, 5.1)(29, 5.39)(30, 5.81)


