========== Benchmark start ==========
2022-06-21 13:54:47.807744+09:00
logn 1, data_size 32, tau 5, pdpf 5
KEY_TO_INDEX, time = 0, ct = 0, bandwidth = 0
ORAM_READ, time = 171, ct = 1, bandwidth = 1352
ORAM_WRITE, time = 362, ct = 1, bandwidth = 472
ORAM_POSITION_MAP, time = 0, ct = 0, bandwidth = 0
TOTAL, time = 534, ct = 2, bandwidth = 1824
SSOT, time = 145, ct = 6, bandwidth = 400
ssot_others, time = 389, ct = 0, bandwidth = 1424
2022-06-21 13:54:52.701246+09:00, duration: 0:00:04.893502
========== Benchmark end ==========

========== Benchmark start ==========
2022-06-21 13:54:52.701276+09:00
logn 2, data_size 32, tau 5, pdpf 5
KEY_TO_INDEX, time = 0, ct = 0, bandwidth = 0
ORAM_READ, time = 135, ct = 1, bandwidth = 1352
ORAM_WRITE, time = 421, ct = 1, bandwidth = 472
ORAM_POSITION_MAP, time = 0, ct = 0, bandwidth = 0
TOTAL, time = 557, ct = 2, bandwidth = 1824
SSOT, time = 184, ct = 6, bandwidth = 400
ssot_others, time = 372, ct = 0, bandwidth = 1424
2022-06-21 13:54:55.781385+09:00, duration: 0:00:03.080109
========== Benchmark end ==========

========== Benchmark start ==========
2022-06-21 13:54:55.781414+09:00
logn 3, data_size 32, tau 5, pdpf 5
KEY_TO_INDEX, time = 0, ct = 0, bandwidth = 0
ORAM_READ, time = 115, ct = 1, bandwidth = 1352
ORAM_WRITE, time = 354, ct = 1, bandwidth = 472
ORAM_POSITION_MAP, time = 0, ct = 0, bandwidth = 0
TOTAL, time = 469, ct = 2, bandwidth = 1824
SSOT, time = 159, ct = 6, bandwidth = 400
ssot_others, time = 310, ct = 0, bandwidth = 1424
2022-06-21 13:54:58.851371+09:00, duration: 0:00:03.069957
========== Benchmark end ==========

========== Benchmark start ==========
2022-06-21 13:54:58.851399+09:00
logn 4, data_size 32, tau 5, pdpf 5
KEY_TO_INDEX, time = 0, ct = 0, bandwidth = 0
ORAM_READ, time = 152, ct = 1, bandwidth = 1352
ORAM_WRITE, time = 383, ct = 1, bandwidth = 472
ORAM_POSITION_MAP, time = 0, ct = 0, bandwidth = 0
TOTAL, time = 536, ct = 2, bandwidth = 1824
SSOT, time = 172, ct = 6, bandwidth = 400
ssot_others, time = 364, ct = 0, bandwidth = 1424
2022-06-21 13:55:01.929382+09:00, duration: 0:00:03.077983
========== Benchmark end ==========

========== Benchmark start ==========
2022-06-21 13:55:01.929411+09:00
logn 5, data_size 32, tau 5, pdpf 5
KEY_TO_INDEX, time = 0, ct = 0, bandwidth = 0
ORAM_READ, time = 116, ct = 1, bandwidth = 1352
ORAM_WRITE, time = 376, ct = 1, bandwidth = 472
ORAM_POSITION_MAP, time = 0, ct = 0, bandwidth = 0
TOTAL, time = 493, ct = 2, bandwidth = 1824
SSOT, time = 168, ct = 6, bandwidth = 400
ssot_others, time = 324, ct = 0, bandwidth = 1424
2022-06-21 13:55:05.003865+09:00, duration: 0:00:03.074454
========== Benchmark end ==========

========== Benchmark start ==========
2022-06-21 13:55:05.003961+09:00
logn 6, data_size 32, tau 5, pdpf 5
KEY_TO_INDEX, time = 0, ct = 0, bandwidth = 0
ORAM_READ, time = 811, ct = 1, bandwidth = 12963
ORAM_WRITE, time = 2400, ct = 1, bandwidth = 16877
ORAM_POSITION_MAP, time = 63, ct = 1, bandwidth = 42
TOTAL, time = 3275, ct = 3, bandwidth = 29882
SSOT, time = 1339, ct = 12, bandwidth = 13729
ssot_others, time = 1936, ct = 0, bandwidth = 16153
2022-06-21 13:55:08.429993+09:00, duration: 0:00:03.426032
========== Benchmark end ==========

========== Benchmark start ==========
2022-06-21 13:55:08.430027+09:00
logn 7, data_size 32, tau 5, pdpf 5
KEY_TO_INDEX, time = 0, ct = 0, bandwidth = 0
ORAM_READ, time = 1218, ct = 1, bandwidth = 18769
ORAM_WRITE, time = 2557, ct = 1, bandwidth = 16877
ORAM_POSITION_MAP, time = 66, ct = 1, bandwidth = 42
TOTAL, time = 3841, ct = 3, bandwidth = 35688
SSOT, time = 1493, ct = 12, bandwidth = 14242
ssot_others, time = 2347, ct = 0, bandwidth = 21446
2022-06-21 13:55:11.952944+09:00, duration: 0:00:03.522917
========== Benchmark end ==========

========== Benchmark start ==========
2022-06-21 13:55:11.953028+09:00
logn 8, data_size 32, tau 5, pdpf 5
KEY_TO_INDEX, time = 0, ct = 0, bandwidth = 0
ORAM_READ, time = 1406, ct = 1, bandwidth = 21556
ORAM_WRITE, time = 2447, ct = 1, bandwidth = 16836
ORAM_POSITION_MAP, time = 63, ct = 1, bandwidth = 42
TOTAL, time = 3917, ct = 3, bandwidth = 38434
SSOT, time = 1463, ct = 12, bandwidth = 14488
ssot_others, time = 2453, ct = 0, bandwidth = 23946
2022-06-21 13:55:15.511093+09:00, duration: 0:00:03.558065
========== Benchmark end ==========

========== Benchmark start ==========
2022-06-21 13:55:15.511181+09:00
logn 9, data_size 32, tau 5, pdpf 5
KEY_TO_INDEX, time = 0, ct = 0, bandwidth = 0
ORAM_READ, time = 1544, ct = 1, bandwidth = 22951
ORAM_WRITE, time = 2479, ct = 1, bandwidth = 16837
ORAM_POSITION_MAP, time = 70, ct = 1, bandwidth = 42
TOTAL, time = 4094, ct = 3, bandwidth = 39830
SSOT, time = 1475, ct = 12, bandwidth = 14611
ssot_others, time = 2618, ct = 0, bandwidth = 25219
2022-06-21 13:55:19.096724+09:00, duration: 0:00:03.585543
========== Benchmark end ==========

========== Benchmark start ==========
2022-06-21 13:55:19.096813+09:00
logn 10, data_size 32, tau 5, pdpf 5
KEY_TO_INDEX, time = 0, ct = 0, bandwidth = 0
ORAM_READ, time = 1951, ct = 1, bandwidth = 23650
ORAM_WRITE, time = 2741, ct = 1, bandwidth = 16839
ORAM_POSITION_MAP, time = 78, ct = 1, bandwidth = 42
TOTAL, time = 4771, ct = 3, bandwidth = 40532
SSOT, time = 1544, ct = 12, bandwidth = 14672
ssot_others, time = 3227, ct = 0, bandwidth = 25859
2022-06-21 13:55:22.780360+09:00, duration: 0:00:03.683547
========== Benchmark end ==========

========== Benchmark start ==========
2022-06-21 13:55:22.780396+09:00
logn 11, data_size 32, tau 5, pdpf 5
KEY_TO_INDEX, time = 0, ct = 0, bandwidth = 0
ORAM_READ, time = 1952, ct = 1, bandwidth = 24201
ORAM_WRITE, time = 2767, ct = 1, bandwidth = 16575
ORAM_POSITION_MAP, time = 189, ct = 1, bandwidth = 226
TOTAL, time = 4910, ct = 3, bandwidth = 41003
SSOT, time = 1527, ct = 13, bandwidth = 14746
ssot_others, time = 3382, ct = 0, bandwidth = 26256
2022-06-21 13:55:26.498202+09:00, duration: 0:00:03.717806
========== Benchmark end ==========

========== Benchmark start ==========
2022-06-21 13:55:26.498284+09:00
logn 12, data_size 32, tau 5, pdpf 5
KEY_TO_INDEX, time = 0, ct = 0, bandwidth = 0
ORAM_READ, time = 2415, ct = 1, bandwidth = 24455
ORAM_WRITE, time = 3061, ct = 1, bandwidth = 15920
ORAM_POSITION_MAP, time = 208, ct = 1, bandwidth = 442
TOTAL, time = 5684, ct = 3, bandwidth = 40818
SSOT, time = 1543, ct = 13, bandwidth = 14832
ssot_others, time = 4141, ct = 0, bandwidth = 25985
2022-06-21 13:55:30.346002+09:00, duration: 0:00:03.847718
========== Benchmark end ==========

========== Benchmark start ==========
2022-06-21 13:55:30.346089+09:00
logn 13, data_size 32, tau 5, pdpf 5
KEY_TO_INDEX, time = 0, ct = 0, bandwidth = 0
ORAM_READ, time = 3117, ct = 1, bandwidth = 24491
ORAM_WRITE, time = 3839, ct = 1, bandwidth = 15956
ORAM_POSITION_MAP, time = 227, ct = 1, bandwidth = 460
TOTAL, time = 7183, ct = 3, bandwidth = 40908
SSOT, time = 1526, ct = 13, bandwidth = 14847
ssot_others, time = 5657, ct = 0, bandwidth = 26060
2022-06-21 13:55:34.416688+09:00, duration: 0:00:04.070599
========== Benchmark end ==========

========== Benchmark start ==========
2022-06-21 13:55:34.416792+09:00
logn 14, data_size 32, tau 5, pdpf 5
KEY_TO_INDEX, time = 0, ct = 0, bandwidth = 0
ORAM_READ, time = 4330, ct = 1, bandwidth = 24527
ORAM_WRITE, time = 5275, ct = 1, bandwidth = 15992
ORAM_POSITION_MAP, time = 230, ct = 1, bandwidth = 473
TOTAL, time = 9835, ct = 3, bandwidth = 40993
SSOT, time = 1556, ct = 13, bandwidth = 14855
ssot_others, time = 8279, ct = 0, bandwidth = 26137
2022-06-21 13:55:38.887774+09:00, duration: 0:00:04.470982
========== Benchmark end ==========

========== Benchmark start ==========
2022-06-21 13:55:38.887799+09:00
logn 15, data_size 32, tau 5, pdpf 5
KEY_TO_INDEX, time = 0, ct = 0, bandwidth = 0
ORAM_READ, time = 7125, ct = 1, bandwidth = 24563
ORAM_WRITE, time = 8179, ct = 1, bandwidth = 16028
ORAM_POSITION_MAP, time = 231, ct = 1, bandwidth = 484
TOTAL, time = 15535, ct = 3, bandwidth = 41075
SSOT, time = 1551, ct = 13, bandwidth = 14859
ssot_others, time = 13983, ct = 0, bandwidth = 26216
2022-06-21 13:55:44.190802+09:00, duration: 0:00:05.303003
========== Benchmark end ==========

========== Benchmark start ==========
2022-06-21 13:55:44.190837+09:00
logn 16, data_size 32, tau 5, pdpf 5
KEY_TO_INDEX, time = 0, ct = 0, bandwidth = 0
ORAM_READ, time = 11979, ct = 1, bandwidth = 24599
ORAM_WRITE, time = 13986, ct = 1, bandwidth = 16064
ORAM_POSITION_MAP, time = 387, ct = 1, bandwidth = 801
TOTAL, time = 26353, ct = 3, bandwidth = 41465
SSOT, time = 1561, ct = 14, bandwidth = 14895
ssot_others, time = 24792, ct = 0, bandwidth = 26569
2022-06-21 13:55:51.100982+09:00, duration: 0:00:06.910145
========== Benchmark end ==========

========== Benchmark start ==========
2022-06-21 13:55:51.101059+09:00
logn 17, data_size 32, tau 5, pdpf 5
KEY_TO_INDEX, time = 0, ct = 0, bandwidth = 0
ORAM_READ, time = 22314, ct = 1, bandwidth = 24635
ORAM_WRITE, time = 25297, ct = 1, bandwidth = 16100
ORAM_POSITION_MAP, time = 416, ct = 1, bandwidth = 1000
TOTAL, time = 48027, ct = 3, bandwidth = 41736
SSOT, time = 1485, ct = 14, bandwidth = 14961
ssot_others, time = 46542, ct = 0, bandwidth = 26774
2022-06-21 13:56:01.237012+09:00, duration: 0:00:10.135953
========== Benchmark end ==========

========== Benchmark start ==========
2022-06-21 13:56:01.237106+09:00
logn 18, data_size 32, tau 5, pdpf 5
KEY_TO_INDEX, time = 0, ct = 0, bandwidth = 0
ORAM_READ, time = 43177, ct = 1, bandwidth = 24671
ORAM_WRITE, time = 48820, ct = 1, bandwidth = 16136
ORAM_POSITION_MAP, time = 448, ct = 1, bandwidth = 1091
TOTAL, time = 92446, ct = 3, bandwidth = 41898
SSOT, time = 1513, ct = 14, bandwidth = 14977
ssot_others, time = 90932, ct = 0, bandwidth = 26921
2022-06-21 13:56:17.942829+09:00, duration: 0:00:16.705723
========== Benchmark end ==========

========== Benchmark start ==========
2022-06-21 13:56:17.942910+09:00
logn 19, data_size 32, tau 5, pdpf 5
KEY_TO_INDEX, time = 0, ct = 0, bandwidth = 0
ORAM_READ, time = 83766, ct = 1, bandwidth = 24707
ORAM_WRITE, time = 94348, ct = 1, bandwidth = 16172
ORAM_POSITION_MAP, time = 496, ct = 1, bandwidth = 1175
TOTAL, time = 178611, ct = 3, bandwidth = 42055
SSOT, time = 1526, ct = 14, bandwidth = 14985
ssot_others, time = 177084, ct = 0, bandwidth = 27070
2022-06-21 13:56:47.395348+09:00, duration: 0:00:29.452438
========== Benchmark end ==========

========== Benchmark start ==========
2022-06-21 13:56:47.395421+09:00
logn 20, data_size 32, tau 5, pdpf 5
KEY_TO_INDEX, time = 0, ct = 0, bandwidth = 0
ORAM_READ, time = 162162, ct = 1, bandwidth = 24743
ORAM_WRITE, time = 180960, ct = 1, bandwidth = 16208
ORAM_POSITION_MAP, time = 547, ct = 1, bandwidth = 1440
TOTAL, time = 343670, ct = 3, bandwidth = 42392
SSOT, time = 1506, ct = 14, bandwidth = 15052
ssot_others, time = 342163, ct = 0, bandwidth = 27340
2022-06-21 13:57:41.454122+09:00, duration: 0:00:54.058701
========== Benchmark end ==========

========== Benchmark start ==========
2022-06-21 13:57:41.454184+09:00
logn 21, data_size 32, tau 5, pdpf 5
KEY_TO_INDEX, time = 0, ct = 0, bandwidth = 0
ORAM_READ, time = 313746, ct = 1, bandwidth = 24779
ORAM_WRITE, time = 347332, ct = 1, bandwidth = 16244
ORAM_POSITION_MAP, time = 792, ct = 1, bandwidth = 1830
TOTAL, time = 661870, ct = 3, bandwidth = 42853
SSOT, time = 1534, ct = 15, bandwidth = 15088
ssot_others, time = 660336, ct = 0, bandwidth = 27765
2022-06-21 13:59:22.677465+09:00, duration: 0:01:41.223281
========== Benchmark end ==========

========== Benchmark start ==========
2022-06-21 13:59:22.677568+09:00
logn 22, data_size 32, tau 5, pdpf 5
KEY_TO_INDEX, time = 0, ct = 0, bandwidth = 0
ORAM_READ, time = 616033, ct = 1, bandwidth = 24815
ORAM_WRITE, time = 684202, ct = 1, bandwidth = 16280
ORAM_POSITION_MAP, time = 924, ct = 1, bandwidth = 2101
TOTAL, time = 1301161, ct = 3, bandwidth = 43196
SSOT, time = 1562, ct = 15, bandwidth = 15154
ssot_others, time = 1299598, ct = 0, bandwidth = 28042
2022-06-21 14:02:39.113922+09:00, duration: 0:03:16.436354
========== Benchmark end ==========

========== Benchmark start ==========
2022-06-21 14:02:39.113997+09:00
logn 23, data_size 32, tau 5, pdpf 5
KEY_TO_INDEX, time = 0, ct = 0, bandwidth = 0
ORAM_READ, time = 1212949, ct = 1, bandwidth = 24851
ORAM_WRITE, time = 1357698, ct = 1, bandwidth = 16316
ORAM_POSITION_MAP, time = 1199, ct = 1, bandwidth = 2263
TOTAL, time = 2571847, ct = 3, bandwidth = 43431
SSOT, time = 1561, ct = 15, bandwidth = 15169
ssot_others, time = 2570285, ct = 0, bandwidth = 28261
2022-06-21 14:09:04.455957+09:00, duration: 0:06:25.341960
========== Benchmark end ==========

========== Benchmark start ==========
2022-06-21 14:09:04.456032+09:00
logn 24, data_size 32, tau 5, pdpf 5
KEY_TO_INDEX, time = 0, ct = 0, bandwidth = 0
ORAM_READ, time = 2396023, ct = 1, bandwidth = 24887
ORAM_WRITE, time = 2670200, ct = 1, bandwidth = 16352
ORAM_POSITION_MAP, time = 1722, ct = 1, bandwidth = 2420
TOTAL, time = 5067947, ct = 3, bandwidth = 43660
SSOT, time = 1554, ct = 15, bandwidth = 15177
ssot_others, time = 5066392, ct = 0, bandwidth = 28482
2022-06-21 14:21:40.037105+09:00, duration: 0:12:35.581073
========== Benchmark end ==========

========== Benchmark start ==========
2022-06-21 14:21:40.037143+09:00
logn 25, data_size 32, tau 5, pdpf 5
KEY_TO_INDEX, time = 0, ct = 0, bandwidth = 0
ORAM_READ, time = 4807493, ct = 1, bandwidth = 24923
ORAM_WRITE, time = 5388818, ct = 1, bandwidth = 16388
ORAM_POSITION_MAP, time = 2832, ct = 1, bandwidth = 2757
TOTAL, time = 10199144, ct = 3, bandwidth = 44068
SSOT, time = 1630, ct = 15, bandwidth = 15245
ssot_others, time = 10197514, ct = 0, bandwidth = 28823
2022-06-21 14:46:57.394939+09:00, duration: 0:25:17.357796
========== Benchmark end ==========

========== Benchmark start ==========
2022-06-21 14:46:57.395024+09:00
logn 26, data_size 32, tau 5, pdpf 5
KEY_TO_INDEX, time = 0, ct = 0, bandwidth = 0
ORAM_READ, time = 9575178, ct = 1, bandwidth = 24959
ORAM_WRITE, time = 10678940, ct = 1, bandwidth = 16424
ORAM_POSITION_MAP, time = 5568, ct = 1, bandwidth = 3218
TOTAL, time = 20259687, ct = 3, bandwidth = 44602
SSOT, time = 1840, ct = 16, bandwidth = 15280
ssot_others, time = 20257846, ct = 0, bandwidth = 29321
2022-06-21 15:37:09.790903+09:00, duration: 0:50:12.395879
========== Benchmark end ==========

========== Benchmark start ==========
2022-06-21 15:37:09.790989+09:00
logn 27, data_size 32, tau 5, pdpf 5
KEY_TO_INDEX, time = 0, ct = 0, bandwidth = 0
ORAM_READ, time = 19678654, ct = 1, bandwidth = 24995
ORAM_WRITE, time = 21341097, ct = 1, bandwidth = 16460
ORAM_POSITION_MAP, time = 11652, ct = 1, bandwidth = 3561
TOTAL, time = 41031404, ct = 3, bandwidth = 45017
SSOT, time = 1900, ct = 16, bandwidth = 15346
ssot_others, time = 41029503, ct = 0, bandwidth = 29670
2022-06-21 17:19:18.431766+09:00, duration: 1:42:08.640777
========== Benchmark end ==========

========== Benchmark start ==========
2022-06-21 17:19:18.431815+09:00
logn 28, data_size 32, tau 5, pdpf 5
Error
Pseudo DPF threshold 32
Connecting to 127.0.0.1:9001...
Connecting to 127.0.0.1:9000 done.
Test, iterations = 100 

========== KEY_TO_INDEX ==========
KEY_TO_INDEX time
(1, 0.0)(2, 0.0)(3, 0.0)(4, 0.0)(5, 0.0)(6, 0.0)(7, 0.0)(8, 0.0)(9, 0.0)(10, 0.0)(11, 0.0)(12, 0.0)(13, 0.0)(14, 0.0)(15, 0.0)(16, 0.0)(17, 0.0)(18, 0.0)(19, 0.0)(20, 0.0)(21, 0.0)(22, 0.0)(23, 0.0)(24, 0.0)(25, 0.0)(26, 0.0)(27, 0.0)
KEY_TO_INDEX ct
(1, 0)(2, 0)(3, 0)(4, 0)(5, 0)(6, 0)(7, 0)(8, 0)(9, 0)(10, 0)(11, 0)(12, 0)(13, 0)(14, 0)(15, 0)(16, 0)(17, 0)(18, 0)(19, 0)(20, 0)(21, 0)(22, 0)(23, 0)(24, 0)(25, 0)(26, 0)(27, 0)
KEY_TO_INDEX bandwidth
(1, 0.0)(2, 0.0)(3, 0.0)(4, 0.0)(5, 0.0)(6, 0.0)(7, 0.0)(8, 0.0)(9, 0.0)(10, 0.0)(11, 0.0)(12, 0.0)(13, 0.0)(14, 0.0)(15, 0.0)(16, 0.0)(17, 0.0)(18, 0.0)(19, 0.0)(20, 0.0)(21, 0.0)(22, 0.0)(23, 0.0)(24, 0.0)(25, 0.0)(26, 0.0)(27, 0.0)


========== ORAM_READ ==========
ORAM_READ time
(1, 0.17)(2, 0.14)(3, 0.12)(4, 0.15)(5, 0.12)(6, 0.81)(7, 1.22)(8, 1.41)(9, 1.54)(10, 1.95)(11, 1.95)(12, 2.42)(13, 3.12)(14, 4.33)(15, 7.12)(16, 11.98)(17, 22.31)(18, 43.18)(19, 83.77)(20, 162.16)(21, 313.75)(22, 616.03)(23, 1212.95)(24, 2396.02)(25, 4807.49)(26, 9575.18)(27, 19678.65)
ORAM_READ ct
(1, 1)(2, 1)(3, 1)(4, 1)(5, 1)(6, 1)(7, 1)(8, 1)(9, 1)(10, 1)(11, 1)(12, 1)(13, 1)(14, 1)(15, 1)(16, 1)(17, 1)(18, 1)(19, 1)(20, 1)(21, 1)(22, 1)(23, 1)(24, 1)(25, 1)(26, 1)(27, 1)
ORAM_READ bandwidth
(1, 1.35)(2, 1.35)(3, 1.35)(4, 1.35)(5, 1.35)(6, 12.96)(7, 18.77)(8, 21.56)(9, 22.95)(10, 23.65)(11, 24.2)(12, 24.45)(13, 24.49)(14, 24.53)(15, 24.56)(16, 24.6)(17, 24.64)(18, 24.67)(19, 24.71)(20, 24.74)(21, 24.78)(22, 24.82)(23, 24.85)(24, 24.89)(25, 24.92)(26, 24.96)(27, 25.0)


========== ORAM_WRITE ==========
ORAM_WRITE time
(1, 0.36)(2, 0.42)(3, 0.35)(4, 0.38)(5, 0.38)(6, 2.4)(7, 2.56)(8, 2.45)(9, 2.48)(10, 2.74)(11, 2.77)(12, 3.06)(13, 3.84)(14, 5.28)(15, 8.18)(16, 13.99)(17, 25.3)(18, 48.82)(19, 94.35)(20, 180.96)(21, 347.33)(22, 684.2)(23, 1357.7)(24, 2670.2)(25, 5388.82)(26, 10678.94)(27, 21341.1)
ORAM_WRITE ct
(1, 1)(2, 1)(3, 1)(4, 1)(5, 1)(6, 1)(7, 1)(8, 1)(9, 1)(10, 1)(11, 1)(12, 1)(13, 1)(14, 1)(15, 1)(16, 1)(17, 1)(18, 1)(19, 1)(20, 1)(21, 1)(22, 1)(23, 1)(24, 1)(25, 1)(26, 1)(27, 1)
ORAM_WRITE bandwidth
(1, 0.47)(2, 0.47)(3, 0.47)(4, 0.47)(5, 0.47)(6, 16.88)(7, 16.88)(8, 16.84)(9, 16.84)(10, 16.84)(11, 16.57)(12, 15.92)(13, 15.96)(14, 15.99)(15, 16.03)(16, 16.06)(17, 16.1)(18, 16.14)(19, 16.17)(20, 16.21)(21, 16.24)(22, 16.28)(23, 16.32)(24, 16.35)(25, 16.39)(26, 16.42)(27, 16.46)


========== ORAM_POSITION_MAP ==========
ORAM_POSITION_MAP time
(1, 0.0)(2, 0.0)(3, 0.0)(4, 0.0)(5, 0.0)(6, 0.06)(7, 0.07)(8, 0.06)(9, 0.07)(10, 0.08)(11, 0.19)(12, 0.21)(13, 0.23)(14, 0.23)(15, 0.23)(16, 0.39)(17, 0.42)(18, 0.45)(19, 0.5)(20, 0.55)(21, 0.79)(22, 0.92)(23, 1.2)(24, 1.72)(25, 2.83)(26, 5.57)(27, 11.65)
ORAM_POSITION_MAP ct
(1, 0)(2, 0)(3, 0)(4, 0)(5, 0)(6, 1)(7, 1)(8, 1)(9, 1)(10, 1)(11, 1)(12, 1)(13, 1)(14, 1)(15, 1)(16, 1)(17, 1)(18, 1)(19, 1)(20, 1)(21, 1)(22, 1)(23, 1)(24, 1)(25, 1)(26, 1)(27, 1)
ORAM_POSITION_MAP bandwidth
(1, 0.0)(2, 0.0)(3, 0.0)(4, 0.0)(5, 0.0)(6, 0.04)(7, 0.04)(8, 0.04)(9, 0.04)(10, 0.04)(11, 0.23)(12, 0.44)(13, 0.46)(14, 0.47)(15, 0.48)(16, 0.8)(17, 1.0)(18, 1.09)(19, 1.18)(20, 1.44)(21, 1.83)(22, 2.1)(23, 2.26)(24, 2.42)(25, 2.76)(26, 3.22)(27, 3.56)


========== TOTAL ==========
TOTAL time
(1, 0.53)(2, 0.56)(3, 0.47)(4, 0.54)(5, 0.49)(6, 3.27)(7, 3.84)(8, 3.92)(9, 4.09)(10, 4.77)(11, 4.91)(12, 5.68)(13, 7.18)(14, 9.84)(15, 15.54)(16, 26.35)(17, 48.03)(18, 92.45)(19, 178.61)(20, 343.67)(21, 661.87)(22, 1301.16)(23, 2571.85)(24, 5067.95)(25, 10199.14)(26, 20259.69)(27, 41031.4)
TOTAL ct
(1, 2)(2, 2)(3, 2)(4, 2)(5, 2)(6, 3)(7, 3)(8, 3)(9, 3)(10, 3)(11, 3)(12, 3)(13, 3)(14, 3)(15, 3)(16, 3)(17, 3)(18, 3)(19, 3)(20, 3)(21, 3)(22, 3)(23, 3)(24, 3)(25, 3)(26, 3)(27, 3)
TOTAL bandwidth
(1, 1.82)(2, 1.82)(3, 1.82)(4, 1.82)(5, 1.82)(6, 29.88)(7, 35.69)(8, 38.43)(9, 39.83)(10, 40.53)(11, 41.0)(12, 40.82)(13, 40.91)(14, 40.99)(15, 41.08)(16, 41.47)(17, 41.74)(18, 41.9)(19, 42.05)(20, 42.39)(21, 42.85)(22, 43.2)(23, 43.43)(24, 43.66)(25, 44.07)(26, 44.6)(27, 45.02)


========== SSOT ==========
SSOT time
(1, 0.14)(2, 0.18)(3, 0.16)(4, 0.17)(5, 0.17)(6, 1.34)(7, 1.49)(8, 1.46)(9, 1.48)(10, 1.54)(11, 1.53)(12, 1.54)(13, 1.53)(14, 1.56)(15, 1.55)(16, 1.56)(17, 1.49)(18, 1.51)(19, 1.53)(20, 1.51)(21, 1.53)(22, 1.56)(23, 1.56)(24, 1.55)(25, 1.63)(26, 1.84)(27, 1.9)
SSOT ct
(1, 6)(2, 6)(3, 6)(4, 6)(5, 6)(6, 12)(7, 12)(8, 12)(9, 12)(10, 12)(11, 13)(12, 13)(13, 13)(14, 13)(15, 13)(16, 14)(17, 14)(18, 14)(19, 14)(20, 14)(21, 15)(22, 15)(23, 15)(24, 15)(25, 15)(26, 16)(27, 16)
SSOT bandwidth
(1, 0.4)(2, 0.4)(3, 0.4)(4, 0.4)(5, 0.4)(6, 13.73)(7, 14.24)(8, 14.49)(9, 14.61)(10, 14.67)(11, 14.75)(12, 14.83)(13, 14.85)(14, 14.86)(15, 14.86)(16, 14.89)(17, 14.96)(18, 14.98)(19, 14.98)(20, 15.05)(21, 15.09)(22, 15.15)(23, 15.17)(24, 15.18)(25, 15.24)(26, 15.28)(27, 15.35)


========== ssot_others ==========
ssot_others time
(1, 0.39)(2, 0.37)(3, 0.31)(4, 0.36)(5, 0.32)(6, 1.94)(7, 2.35)(8, 2.45)(9, 2.62)(10, 3.23)(11, 3.38)(12, 4.14)(13, 5.66)(14, 8.28)(15, 13.98)(16, 24.79)(17, 46.54)(18, 90.93)(19, 177.08)(20, 342.16)(21, 660.34)(22, 1299.6)(23, 2570.28)(24, 5066.39)(25, 10197.51)(26, 20257.85)(27, 41029.5)
ssot_others ct
(1, 0)(2, 0)(3, 0)(4, 0)(5, 0)(6, 0)(7, 0)(8, 0)(9, 0)(10, 0)(11, 0)(12, 0)(13, 0)(14, 0)(15, 0)(16, 0)(17, 0)(18, 0)(19, 0)(20, 0)(21, 0)(22, 0)(23, 0)(24, 0)(25, 0)(26, 0)(27, 0)
ssot_others bandwidth
(1, 1.42)(2, 1.42)(3, 1.42)(4, 1.42)(5, 1.42)(6, 16.15)(7, 21.45)(8, 23.95)(9, 25.22)(10, 25.86)(11, 26.26)(12, 25.98)(13, 26.06)(14, 26.14)(15, 26.22)(16, 26.57)(17, 26.77)(18, 26.92)(19, 27.07)(20, 27.34)(21, 27.77)(22, 28.04)(23, 28.26)(24, 28.48)(25, 28.82)(26, 29.32)(27, 29.67)


