========== Benchmark start ==========
2022-09-13 18:33:44.822342+09:00
logn 1, data_size 32, tau 5, pdpf 5
KEY_TO_INDEX, time = 45, ct = 1, bandwidth = 80
ORAM_READ, time = 41, ct = 1, bandwidth = 1028
ORAM_WRITE, time = 33, ct = 1, bandwidth = 36
ORAM_POSITION_MAP, time = 0, ct = 0, bandwidth = 0
TOTAL, time = 120, ct = 3, bandwidth = 1144
KEY_VALUE_PREPARE_SUBTRACT, time = 0, ct = 1, bandwidth = 0
KEY_VALUE_PREPARE_HASH, time = 0, ct = 1, bandwidth = 0
KEY_VALUE_PREPARE_EXISTS, time = 0, ct = 1, bandwidth = 0
KEY_VALUE_DPF_GEN, time = 21, ct = 1, bandwidth = 76
KEY_VALUE_DPF_EVAL, time = 18, ct = 1, bandwidth = 0
KEY_VALUE_ADD_INDEX, time = 0, ct = 1, bandwidth = 0
KEY_VALUE_NETWORK, time = 23, ct = 1, bandwidth = 4
key_value_others, time = 5, ct = 0, bandwidth = 4
KEY_VALUE_HASH[0], time = 0, ct = 3, bandwidth = 0
2022-09-13 18:33:50.210443+09:00, duration: 0:00:05.388101
========== Benchmark end ==========

========== Benchmark start ==========
2022-09-13 18:33:50.210496+09:00
logn 2, data_size 32, tau 5, pdpf 5
KEY_TO_INDEX, time = 32, ct = 1, bandwidth = 80
ORAM_READ, time = 46, ct = 1, bandwidth = 1028
ORAM_WRITE, time = 30, ct = 1, bandwidth = 36
ORAM_POSITION_MAP, time = 0, ct = 0, bandwidth = 0
TOTAL, time = 109, ct = 3, bandwidth = 1144
KEY_VALUE_PREPARE_SUBTRACT, time = 0, ct = 1, bandwidth = 0
KEY_VALUE_PREPARE_HASH, time = 0, ct = 1, bandwidth = 0
KEY_VALUE_PREPARE_EXISTS, time = 0, ct = 1, bandwidth = 0
KEY_VALUE_DPF_GEN, time = 12, ct = 1, bandwidth = 76
KEY_VALUE_DPF_EVAL, time = 8, ct = 1, bandwidth = 0
KEY_VALUE_ADD_INDEX, time = 0, ct = 1, bandwidth = 0
KEY_VALUE_NETWORK, time = 18, ct = 1, bandwidth = 4
key_value_others, time = 10, ct = 0, bandwidth = 4
KEY_VALUE_HASH[0], time = 0, ct = 5, bandwidth = 0
2022-09-13 18:33:53.246327+09:00, duration: 0:00:03.035831
========== Benchmark end ==========

========== Benchmark start ==========
2022-09-13 18:33:53.246357+09:00
logn 3, data_size 32, tau 5, pdpf 5
KEY_TO_INDEX, time = 32, ct = 1, bandwidth = 80
ORAM_READ, time = 33, ct = 1, bandwidth = 1028
ORAM_WRITE, time = 24, ct = 1, bandwidth = 36
ORAM_POSITION_MAP, time = 0, ct = 0, bandwidth = 0
TOTAL, time = 90, ct = 3, bandwidth = 1144
KEY_VALUE_PREPARE_SUBTRACT, time = 0, ct = 1, bandwidth = 0
KEY_VALUE_PREPARE_HASH, time = 0, ct = 1, bandwidth = 0
KEY_VALUE_PREPARE_EXISTS, time = 0, ct = 1, bandwidth = 0
KEY_VALUE_DPF_GEN, time = 10, ct = 1, bandwidth = 76
KEY_VALUE_DPF_EVAL, time = 7, ct = 1, bandwidth = 0
KEY_VALUE_ADD_INDEX, time = 0, ct = 1, bandwidth = 0
KEY_VALUE_NETWORK, time = 20, ct = 1, bandwidth = 4
key_value_others, time = 12, ct = 0, bandwidth = 4
KEY_VALUE_HASH[0], time = 0, ct = 9, bandwidth = 0
2022-09-13 18:33:56.277676+09:00, duration: 0:00:03.031319
========== Benchmark end ==========

========== Benchmark start ==========
2022-09-13 18:33:56.277723+09:00
logn 4, data_size 32, tau 5, pdpf 5
KEY_TO_INDEX, time = 34, ct = 1, bandwidth = 116
ORAM_READ, time = 38, ct = 1, bandwidth = 1028
ORAM_WRITE, time = 24, ct = 1, bandwidth = 36
ORAM_POSITION_MAP, time = 0, ct = 0, bandwidth = 0
TOTAL, time = 97, ct = 3, bandwidth = 1180
KEY_VALUE_PREPARE_SUBTRACT, time = 1, ct = 1, bandwidth = 0
KEY_VALUE_PREPARE_HASH, time = 0, ct = 1, bandwidth = 0
KEY_VALUE_PREPARE_EXISTS, time = 0, ct = 1, bandwidth = 0
KEY_VALUE_DPF_GEN, time = 20, ct = 1, bandwidth = 112
KEY_VALUE_DPF_EVAL, time = 20, ct = 1, bandwidth = 0
KEY_VALUE_ADD_INDEX, time = 0, ct = 1, bandwidth = 0
KEY_VALUE_NETWORK, time = 15, ct = 1, bandwidth = 4
key_value_others, time = 0, ct = 0, bandwidth = 4
KEY_VALUE_HASH[0], time = 0, ct = 17, bandwidth = 0
2022-09-13 18:33:59.311390+09:00, duration: 0:00:03.033667
========== Benchmark end ==========

========== Benchmark start ==========
2022-09-13 18:33:59.311477+09:00
logn 5, data_size 32, tau 5, pdpf 5
KEY_TO_INDEX, time = 52, ct = 1, bandwidth = 228
ORAM_READ, time = 38, ct = 1, bandwidth = 1028
ORAM_WRITE, time = 25, ct = 1, bandwidth = 36
ORAM_POSITION_MAP, time = 0, ct = 0, bandwidth = 0
TOTAL, time = 116, ct = 3, bandwidth = 1292
KEY_VALUE_PREPARE_SUBTRACT, time = 2, ct = 1, bandwidth = 0
KEY_VALUE_PREPARE_HASH, time = 0, ct = 1, bandwidth = 0
KEY_VALUE_PREPARE_EXISTS, time = 0, ct = 1, bandwidth = 0
KEY_VALUE_DPF_GEN, time = 36, ct = 1, bandwidth = 224
KEY_VALUE_DPF_EVAL, time = 32, ct = 1, bandwidth = 0
KEY_VALUE_ADD_INDEX, time = 0, ct = 1, bandwidth = 0
KEY_VALUE_NETWORK, time = 15, ct = 1, bandwidth = 4
key_value_others, time = 0, ct = 0, bandwidth = 4
KEY_VALUE_HASH[0], time = 0, ct = 33, bandwidth = 0
KEY_VALUE_HASH[1], time = 0, ct = 2, bandwidth = 0
2022-09-13 18:34:02.345140+09:00, duration: 0:00:03.033663
========== Benchmark end ==========

========== Benchmark start ==========
2022-09-13 18:34:02.345223+09:00
logn 6, data_size 32, tau 5, pdpf 5
KEY_TO_INDEX, time = 81, ct = 1, bandwidth = 264
ORAM_READ, time = 142, ct = 1, bandwidth = 3077
ORAM_WRITE, time = 97, ct = 1, bandwidth = 3109
ORAM_POSITION_MAP, time = 109, ct = 1, bandwidth = 42
TOTAL, time = 431, ct = 4, bandwidth = 6492
KEY_VALUE_PREPARE_SUBTRACT, time = 3, ct = 1, bandwidth = 0
KEY_VALUE_PREPARE_HASH, time = 1, ct = 1, bandwidth = 0
KEY_VALUE_PREPARE_EXISTS, time = 0, ct = 1, bandwidth = 0
KEY_VALUE_DPF_GEN, time = 53, ct = 1, bandwidth = 260
KEY_VALUE_DPF_EVAL, time = 48, ct = 1, bandwidth = 0
KEY_VALUE_ADD_INDEX, time = 0, ct = 1, bandwidth = 0
KEY_VALUE_NETWORK, time = 26, ct = 1, bandwidth = 4
key_value_others, time = 0, ct = 0, bandwidth = 4
KEY_VALUE_HASH[0], time = 0, ct = 65, bandwidth = 0
KEY_VALUE_HASH[1], time = 0, ct = 4, bandwidth = 0
2022-09-13 18:34:05.432446+09:00, duration: 0:00:03.087223
========== Benchmark end ==========

========== Benchmark start ==========
2022-09-13 18:34:05.432476+09:00
logn 7, data_size 32, tau 5, pdpf 5
KEY_TO_INDEX, time = 60, ct = 1, bandwidth = 300
ORAM_READ, time = 149, ct = 1, bandwidth = 4101
ORAM_WRITE, time = 82, ct = 1, bandwidth = 3109
ORAM_POSITION_MAP, time = 99, ct = 1, bandwidth = 42
TOTAL, time = 391, ct = 4, bandwidth = 7552
KEY_VALUE_PREPARE_SUBTRACT, time = 6, ct = 1, bandwidth = 0
KEY_VALUE_PREPARE_HASH, time = 1, ct = 1, bandwidth = 0
KEY_VALUE_PREPARE_EXISTS, time = 0, ct = 1, bandwidth = 0
KEY_VALUE_DPF_GEN, time = 23, ct = 1, bandwidth = 296
KEY_VALUE_DPF_EVAL, time = 12, ct = 1, bandwidth = 0
KEY_VALUE_ADD_INDEX, time = 1, ct = 1, bandwidth = 0
KEY_VALUE_NETWORK, time = 35, ct = 1, bandwidth = 4
key_value_others, time = 14, ct = 0, bandwidth = 4
KEY_VALUE_HASH[0], time = 1, ct = 129, bandwidth = 0
KEY_VALUE_HASH[1], time = 0, ct = 9, bandwidth = 0
2022-09-13 18:34:08.511330+09:00, duration: 0:00:03.078854
========== Benchmark end ==========

========== Benchmark start ==========
2022-09-13 18:34:08.511363+09:00
logn 8, data_size 32, tau 5, pdpf 5
KEY_TO_INDEX, time = 65, ct = 1, bandwidth = 372
ORAM_READ, time = 164, ct = 1, bandwidth = 4593
ORAM_WRITE, time = 89, ct = 1, bandwidth = 3068
ORAM_POSITION_MAP, time = 86, ct = 1, bandwidth = 42
TOTAL, time = 405, ct = 4, bandwidth = 8075
KEY_VALUE_PREPARE_SUBTRACT, time = 11, ct = 1, bandwidth = 0
KEY_VALUE_PREPARE_HASH, time = 3, ct = 2, bandwidth = 0
KEY_VALUE_PREPARE_EXISTS, time = 1, ct = 2, bandwidth = 0
KEY_VALUE_DPF_GEN, time = 22, ct = 1, bandwidth = 368
KEY_VALUE_DPF_EVAL, time = 10, ct = 1, bandwidth = 0
KEY_VALUE_ADD_INDEX, time = 2, ct = 2, bandwidth = 0
KEY_VALUE_NETWORK, time = 35, ct = 1, bandwidth = 4
key_value_others, time = 13, ct = 0, bandwidth = 4
KEY_VALUE_HASH[0], time = 2, ct = 257, bandwidth = 0
KEY_VALUE_HASH[1], time = 0, ct = 16, bandwidth = 0
2022-09-13 18:34:11.597187+09:00, duration: 0:00:03.085824
========== Benchmark end ==========

========== Benchmark start ==========
2022-09-13 18:34:11.597223+09:00
logn 9, data_size 32, tau 5, pdpf 5
KEY_TO_INDEX, time = 108, ct = 1, bandwidth = 480
ORAM_READ, time = 217, ct = 1, bandwidth = 4840
ORAM_WRITE, time = 112, ct = 1, bandwidth = 3069
ORAM_POSITION_MAP, time = 110, ct = 1, bandwidth = 42
TOTAL, time = 549, ct = 4, bandwidth = 8431
KEY_VALUE_PREPARE_SUBTRACT, time = 28, ct = 1, bandwidth = 0
KEY_VALUE_PREPARE_HASH, time = 8, ct = 2, bandwidth = 0
KEY_VALUE_PREPARE_EXISTS, time = 1, ct = 2, bandwidth = 0
KEY_VALUE_DPF_GEN, time = 30, ct = 1, bandwidth = 476
KEY_VALUE_DPF_EVAL, time = 14, ct = 1, bandwidth = 0
KEY_VALUE_ADD_INDEX, time = 4, ct = 2, bandwidth = 0
KEY_VALUE_NETWORK, time = 76, ct = 1, bandwidth = 4
key_value_others, time = 19, ct = 0, bandwidth = 4
KEY_VALUE_HASH[0], time = 7, ct = 513, bandwidth = 0
KEY_VALUE_HASH[1], time = 0, ct = 33, bandwidth = 0
2022-09-13 18:34:14.708557+09:00, duration: 0:00:03.111334
========== Benchmark end ==========

========== Benchmark start ==========
2022-09-13 18:34:14.708588+09:00
logn 10, data_size 32, tau 5, pdpf 5
KEY_TO_INDEX, time = 204, ct = 1, bandwidth = 588
ORAM_READ, time = 231, ct = 1, bandwidth = 4966
ORAM_WRITE, time = 144, ct = 1, bandwidth = 3071
ORAM_POSITION_MAP, time = 159, ct = 1, bandwidth = 42
TOTAL, time = 739, ct = 4, bandwidth = 8667
KEY_VALUE_PREPARE_SUBTRACT, time = 46, ct = 1, bandwidth = 0
KEY_VALUE_PREPARE_HASH, time = 12, ct = 2, bandwidth = 0
KEY_VALUE_PREPARE_EXISTS, time = 3, ct = 2, bandwidth = 0
KEY_VALUE_DPF_GEN, time = 21, ct = 1, bandwidth = 584
KEY_VALUE_DPF_EVAL, time = 22, ct = 1, bandwidth = 0
KEY_VALUE_ADD_INDEX, time = 9, ct = 2, bandwidth = 0
KEY_VALUE_NETWORK, time = 125, ct = 1, bandwidth = 4
key_value_others, time = 88, ct = 0, bandwidth = 4
KEY_VALUE_HASH[0], time = 11, ct = 1025, bandwidth = 0
KEY_VALUE_HASH[1], time = 0, ct = 63, bandwidth = 0
2022-09-13 18:34:17.857835+09:00, duration: 0:00:03.149247
========== Benchmark end ==========

========== Benchmark start ==========
2022-09-13 18:34:17.857868+09:00
logn 11, data_size 32, tau 5, pdpf 5
KEY_TO_INDEX, time = 325, ct = 1, bandwidth = 696
ORAM_READ, time = 245, ct = 1, bandwidth = 5134
ORAM_WRITE, time = 219, ct = 1, bandwidth = 2807
ORAM_POSITION_MAP, time = 334, ct = 1, bandwidth = 246
TOTAL, time = 1125, ct = 4, bandwidth = 8884
KEY_VALUE_PREPARE_SUBTRACT, time = 96, ct = 1, bandwidth = 0
KEY_VALUE_PREPARE_HASH, time = 26, ct = 2, bandwidth = 0
KEY_VALUE_PREPARE_EXISTS, time = 7, ct = 2, bandwidth = 0
KEY_VALUE_DPF_GEN, time = 22, ct = 1, bandwidth = 692
KEY_VALUE_DPF_EVAL, time = 41, ct = 1, bandwidth = 0
KEY_VALUE_ADD_INDEX, time = 18, ct = 2, bandwidth = 0
KEY_VALUE_NETWORK, time = 302, ct = 1, bandwidth = 4
key_value_others, time = 113, ct = 0, bandwidth = 4
KEY_VALUE_HASH[0], time = 24, ct = 2049, bandwidth = 0
KEY_VALUE_HASH[1], time = 1, ct = 122, bandwidth = 0
2022-09-13 18:34:21.080014+09:00, duration: 0:00:03.222146
========== Benchmark end ==========

========== Benchmark start ==========
2022-09-13 18:34:21.080060+09:00
logn 12, data_size 32, tau 5, pdpf 5
KEY_TO_INDEX, time = 586, ct = 1, bandwidth = 804
ORAM_READ, time = 262, ct = 1, bandwidth = 5197
ORAM_WRITE, time = 248, ct = 1, bandwidth = 2152
ORAM_POSITION_MAP, time = 347, ct = 1, bandwidth = 504
TOTAL, time = 1444, ct = 4, bandwidth = 8657
KEY_VALUE_PREPARE_SUBTRACT, time = 208, ct = 1, bandwidth = 0
KEY_VALUE_PREPARE_HASH, time = 56, ct = 2, bandwidth = 0
KEY_VALUE_PREPARE_EXISTS, time = 17, ct = 2, bandwidth = 0
KEY_VALUE_DPF_GEN, time = 26, ct = 1, bandwidth = 800
KEY_VALUE_DPF_EVAL, time = 97, ct = 1, bandwidth = 0
KEY_VALUE_ADD_INDEX, time = 42, ct = 2, bandwidth = 0
KEY_VALUE_NETWORK, time = 558, ct = 1, bandwidth = 4
key_value_others, time = 137, ct = 0, bandwidth = 4
KEY_VALUE_HASH[0], time = 53, ct = 4097, bandwidth = 0
KEY_VALUE_HASH[1], time = 2, ct = 250, bandwidth = 0
2022-09-13 18:34:24.387624+09:00, duration: 0:00:03.307564
========== Benchmark end ==========

========== Benchmark start ==========
2022-09-13 18:34:24.387664+09:00
logn 13, data_size 32, tau 5, pdpf 5
KEY_TO_INDEX, time = 1208, ct = 1, bandwidth = 952
ORAM_READ, time = 304, ct = 1, bandwidth = 5233
ORAM_WRITE, time = 476, ct = 1, bandwidth = 2188
ORAM_POSITION_MAP, time = 359, ct = 1, bandwidth = 532
TOTAL, time = 2348, ct = 4, bandwidth = 8906
KEY_VALUE_PREPARE_SUBTRACT, time = 372, ct = 1, bandwidth = 0
KEY_VALUE_PREPARE_HASH, time = 96, ct = 2, bandwidth = 0
KEY_VALUE_PREPARE_EXISTS, time = 33, ct = 2, bandwidth = 0
KEY_VALUE_DPF_GEN, time = 59, ct = 1, bandwidth = 948
KEY_VALUE_DPF_EVAL, time = 160, ct = 1, bandwidth = 0
KEY_VALUE_ADD_INDEX, time = 81, ct = 2, bandwidth = 0
KEY_VALUE_NETWORK, time = 909, ct = 1, bandwidth = 4
key_value_others, time = 403, ct = 0, bandwidth = 4
KEY_VALUE_HASH[0], time = 90, ct = 8193, bandwidth = 0
KEY_VALUE_HASH[1], time = 5, ct = 498, bandwidth = 0
KEY_VALUE_HASH[2], time = 0, ct = 2, bandwidth = 0
2022-09-13 18:34:27.905574+09:00, duration: 0:00:03.517910
========== Benchmark end ==========

========== Benchmark start ==========
2022-09-13 18:34:27.905604+09:00
logn 14, data_size 32, tau 5, pdpf 5
KEY_TO_INDEX, time = 2027, ct = 1, bandwidth = 1024
ORAM_READ, time = 368, ct = 1, bandwidth = 5269
ORAM_WRITE, time = 911, ct = 1, bandwidth = 2224
ORAM_POSITION_MAP, time = 411, ct = 1, bandwidth = 550
TOTAL, time = 3718, ct = 4, bandwidth = 9068
KEY_VALUE_PREPARE_SUBTRACT, time = 736, ct = 1, bandwidth = 0
KEY_VALUE_PREPARE_HASH, time = 187, ct = 2, bandwidth = 0
KEY_VALUE_PREPARE_EXISTS, time = 129, ct = 2, bandwidth = 0
KEY_VALUE_DPF_GEN, time = 31, ct = 1, bandwidth = 1020
KEY_VALUE_DPF_EVAL, time = 295, ct = 1, bandwidth = 0
KEY_VALUE_ADD_INDEX, time = 174, ct = 2, bandwidth = 0
KEY_VALUE_NETWORK, time = 1994, ct = 1, bandwidth = 4
key_value_others, time = 472, ct = 0, bandwidth = 4
KEY_VALUE_HASH[0], time = 176, ct = 16385, bandwidth = 0
KEY_VALUE_HASH[1], time = 10, ct = 989, bandwidth = 0
KEY_VALUE_HASH[2], time = 0, ct = 4, bandwidth = 0
2022-09-13 18:34:31.828011+09:00, duration: 0:00:03.922407
========== Benchmark end ==========

========== Benchmark start ==========
2022-09-13 18:34:31.828044+09:00
logn 15, data_size 32, tau 5, pdpf 5
KEY_TO_INDEX, time = 4339, ct = 1, bandwidth = 1096
ORAM_READ, time = 658, ct = 1, bandwidth = 5305
ORAM_WRITE, time = 2233, ct = 1, bandwidth = 2260
ORAM_POSITION_MAP, time = 600, ct = 1, bandwidth = 563
TOTAL, time = 7831, ct = 4, bandwidth = 9225
KEY_VALUE_PREPARE_SUBTRACT, time = 1586, ct = 1, bandwidth = 0
KEY_VALUE_PREPARE_HASH, time = 381, ct = 2, bandwidth = 0
KEY_VALUE_PREPARE_EXISTS, time = 276, ct = 2, bandwidth = 0
KEY_VALUE_DPF_GEN, time = 105, ct = 1, bandwidth = 1092
KEY_VALUE_DPF_EVAL, time = 674, ct = 1, bandwidth = 0
KEY_VALUE_ADD_INDEX, time = 409, ct = 2, bandwidth = 0
KEY_VALUE_NETWORK, time = 4045, ct = 1, bandwidth = 4
key_value_others, time = 905, ct = 0, bandwidth = 4
KEY_VALUE_HASH[0], time = 359, ct = 32769, bandwidth = 0
KEY_VALUE_HASH[1], time = 22, ct = 1990, bandwidth = 0
KEY_VALUE_HASH[2], time = 0, ct = 8, bandwidth = 0
2022-09-13 18:34:37.165039+09:00, duration: 0:00:05.336995
========== Benchmark end ==========

========== Benchmark start ==========
2022-09-13 18:34:37.165073+09:00
logn 16, data_size 32, tau 5, pdpf 5
KEY_TO_INDEX, time = 9879, ct = 1, bandwidth = 1204
ORAM_READ, time = 966, ct = 1, bandwidth = 5341
ORAM_WRITE, time = 2378, ct = 1, bandwidth = 2296
ORAM_POSITION_MAP, time = 1059, ct = 1, bandwidth = 902
TOTAL, time = 14284, ct = 4, bandwidth = 9744
KEY_VALUE_PREPARE_SUBTRACT, time = 3631, ct = 1, bandwidth = 0
KEY_VALUE_PREPARE_HASH, time = 800, ct = 2, bandwidth = 0
KEY_VALUE_PREPARE_EXISTS, time = 648, ct = 2, bandwidth = 0
KEY_VALUE_DPF_GEN, time = 72, ct = 1, bandwidth = 1200
KEY_VALUE_DPF_EVAL, time = 1249, ct = 1, bandwidth = 0
KEY_VALUE_ADD_INDEX, time = 1219, ct = 2, bandwidth = 0
KEY_VALUE_NETWORK, time = 7979, ct = 1, bandwidth = 4
key_value_others, time = 2258, ct = 0, bandwidth = 4
KEY_VALUE_HASH[0], time = 755, ct = 65537, bandwidth = 0
KEY_VALUE_HASH[1], time = 46, ct = 3963, bandwidth = 0
KEY_VALUE_HASH[2], time = 0, ct = 15, bandwidth = 0
2022-09-13 18:34:46.244200+09:00, duration: 0:00:09.079127
========== Benchmark end ==========

========== Benchmark start ==========
2022-09-13 18:34:46.244277+09:00
logn 17, data_size 32, tau 5, pdpf 5
KEY_TO_INDEX, time = 18735, ct = 1, bandwidth = 1348
ORAM_READ, time = 1673, ct = 1, bandwidth = 5377
ORAM_WRITE, time = 2692, ct = 1, bandwidth = 2332
ORAM_POSITION_MAP, time = 1427, ct = 1, bandwidth = 1144
TOTAL, time = 24529, ct = 4, bandwidth = 10201
KEY_VALUE_PREPARE_SUBTRACT, time = 7694, ct = 1, bandwidth = 0
KEY_VALUE_PREPARE_HASH, time = 1700, ct = 3, bandwidth = 0
KEY_VALUE_PREPARE_EXISTS, time = 1638, ct = 3, bandwidth = 0
KEY_VALUE_DPF_GEN, time = 34, ct = 1, bandwidth = 1344
KEY_VALUE_DPF_EVAL, time = 2443, ct = 1, bandwidth = 0
KEY_VALUE_ADD_INDEX, time = 3398, ct = 3, bandwidth = 0
KEY_VALUE_NETWORK, time = 17425, ct = 1, bandwidth = 4
key_value_others, time = 1826, ct = 0, bandwidth = 4
KEY_VALUE_HASH[0], time = 1609, ct = 131073, bandwidth = 0
KEY_VALUE_HASH[1], time = 97, ct = 7956, bandwidth = 0
KEY_VALUE_HASH[2], time = 0, ct = 30, bandwidth = 0
2022-09-13 18:35:10.490050+09:00, duration: 0:00:24.245773
========== Benchmark end ==========

========== Benchmark start ==========
2022-09-13 18:35:10.490140+09:00
logn 18, data_size 32, tau 5, pdpf 5
KEY_TO_INDEX, time = 32826, ct = 1, bandwidth = 1492
ORAM_READ, time = 2911, ct = 1, bandwidth = 5413
ORAM_WRITE, time = 4298, ct = 1, bandwidth = 2368
ORAM_POSITION_MAP, time = 2189, ct = 1, bandwidth = 1244
TOTAL, time = 42225, ct = 4, bandwidth = 10518
KEY_VALUE_PREPARE_SUBTRACT, time = 12848, ct = 1, bandwidth = 0
KEY_VALUE_PREPARE_HASH, time = 3131, ct = 3, bandwidth = 0
KEY_VALUE_PREPARE_EXISTS, time = 3495, ct = 3, bandwidth = 0
KEY_VALUE_DPF_GEN, time = 34, ct = 1, bandwidth = 1488
KEY_VALUE_DPF_EVAL, time = 4621, ct = 1, bandwidth = 0
KEY_VALUE_ADD_INDEX, time = 7256, ct = 3, bandwidth = 0
KEY_VALUE_NETWORK, time = 32623, ct = 1, bandwidth = 4
key_value_others, time = 1437, ct = 0, bandwidth = 4
KEY_VALUE_HASH[0], time = 2960, ct = 262145, bandwidth = 0
KEY_VALUE_HASH[1], time = 170, ct = 15901, bandwidth = 0
KEY_VALUE_HASH[2], time = 0, ct = 61, bandwidth = 0
2022-09-13 18:37:18.699253+09:00, duration: 0:02:08.209113
========== Benchmark end ==========

========== Benchmark start ==========
2022-09-13 18:37:18.699337+09:00
logn 19, data_size 32, tau 5, pdpf 5
KEY_TO_INDEX, time = 64860, ct = 1, bandwidth = 1636
ORAM_READ, time = 4976, ct = 1, bandwidth = 5449
ORAM_WRITE, time = 6788, ct = 1, bandwidth = 2404
ORAM_POSITION_MAP, time = 3353, ct = 1, bandwidth = 1334
TOTAL, time = 79979, ct = 4, bandwidth = 10824
KEY_VALUE_PREPARE_SUBTRACT, time = 26023, ct = 1, bandwidth = 0
KEY_VALUE_PREPARE_HASH, time = 5939, ct = 3, bandwidth = 0
KEY_VALUE_PREPARE_EXISTS, time = 7151, ct = 3, bandwidth = 0
KEY_VALUE_DPF_GEN, time = 56, ct = 1, bandwidth = 1632
KEY_VALUE_DPF_EVAL, time = 9554, ct = 1, bandwidth = 0
KEY_VALUE_ADD_INDEX, time = 14697, ct = 3, bandwidth = 0
KEY_VALUE_NETWORK, time = 64551, ct = 1, bandwidth = 4
key_value_others, time = 1438, ct = 0, bandwidth = 4
KEY_VALUE_HASH[0], time = 5609, ct = 524289, bandwidth = 0
KEY_VALUE_HASH[1], time = 332, ct = 31722, bandwidth = 0
KEY_VALUE_HASH[2], time = 1, ct = 121, bandwidth = 0
2022-09-13 18:47:02.675930+09:00, duration: 0:09:43.976593
========== Benchmark end ==========

========== Benchmark start ==========
2022-09-13 18:47:02.675973+09:00
logn 20, data_size 32, tau 5, pdpf 5
KEY_TO_INDEX, time = 129640, ct = 1, bandwidth = 1780
ORAM_READ, time = 8900, ct = 1, bandwidth = 5485
ORAM_WRITE, time = 11439, ct = 1, bandwidth = 2440
ORAM_POSITION_MAP, time = 4828, ct = 1, bandwidth = 1644
TOTAL, time = 154808, ct = 4, bandwidth = 11349
KEY_VALUE_PREPARE_SUBTRACT, time = 47447, ct = 1, bandwidth = 0
KEY_VALUE_PREPARE_HASH, time = 11423, ct = 3, bandwidth = 0
KEY_VALUE_PREPARE_EXISTS, time = 15496, ct = 3, bandwidth = 0
KEY_VALUE_DPF_GEN, time = 400, ct = 1, bandwidth = 1776
KEY_VALUE_DPF_EVAL, time = 23325, ct = 1, bandwidth = 0
KEY_VALUE_ADD_INDEX, time = 30463, ct = 3, bandwidth = 0
KEY_VALUE_NETWORK, time = 128449, ct = 1, bandwidth = 4
key_value_others, time = 1084, ct = 0, bandwidth = 4
KEY_VALUE_HASH[0], time = 10776, ct = 1048577, bandwidth = 0
KEY_VALUE_HASH[1], time = 647, ct = 63507, bandwidth = 0
KEY_VALUE_HASH[2], time = 3, ct = 241, bandwidth = 0
2022-09-13 19:28:04.254130+09:00, duration: 0:41:01.578157
========== Benchmark end ==========

========== Benchmark start ==========
2022-09-13 19:28:04.254198+09:00
logn 21, data_size 32, tau 5, pdpf 5
KEY_TO_INDEX, time = 264487, ct = 1, bandwidth = 1924
ORAM_READ, time = 17198, ct = 1, bandwidth = 5521
ORAM_WRITE, time = 19508, ct = 1, bandwidth = 2476
ORAM_POSITION_MAP, time = 6320, ct = 1, bandwidth = 2055
TOTAL, time = 307515, ct = 4, bandwidth = 11976
KEY_VALUE_PREPARE_SUBTRACT, time = 94532, ct = 1, bandwidth = 0
KEY_VALUE_PREPARE_HASH, time = 22903, ct = 3, bandwidth = 0
KEY_VALUE_PREPARE_EXISTS, time = 33994, ct = 3, bandwidth = 0
KEY_VALUE_DPF_GEN, time = 279, ct = 1, bandwidth = 1920
KEY_VALUE_DPF_EVAL, time = 47073, ct = 1, bandwidth = 0
KEY_VALUE_ADD_INDEX, time = 65043, ct = 3, bandwidth = 0
KEY_VALUE_NETWORK, time = 263437, ct = 1, bandwidth = 4
key_value_others, time = 662, ct = 0, bandwidth = 4
KEY_VALUE_HASH[0], time = 21623, ct = 2097153, bandwidth = 0
KEY_VALUE_HASH[1], time = 1277, ct = 127152, bandwidth = 0
KEY_VALUE_HASH[2], time = 6, ct = 479, bandwidth = 0
2022-09-13 22:11:50.209235+09:00, duration: 2:43:45.955037
========== Benchmark end ==========

========== Benchmark start ==========
2022-09-13 22:11:50.209304+09:00
logn 22, data_size 32, tau 5, pdpf 5
KEY_TO_INDEX, time = 530528, ct = 1, bandwidth = 2068
ORAM_READ, time = 31779, ct = 1, bandwidth = 5557
ORAM_WRITE, time = 35447, ct = 1, bandwidth = 2512
ORAM_POSITION_MAP, time = 9269, ct = 1, bandwidth = 2368
TOTAL, time = 607024, ct = 4, bandwidth = 12506
KEY_VALUE_PREPARE_SUBTRACT, time = 186213, ct = 1, bandwidth = 0
KEY_VALUE_PREPARE_HASH, time = 44095, ct = 3, bandwidth = 0
KEY_VALUE_PREPARE_EXISTS, time = 72229, ct = 3, bandwidth = 0
KEY_VALUE_DPF_GEN, time = 520, ct = 1, bandwidth = 2064
KEY_VALUE_DPF_EVAL, time = 90713, ct = 1, bandwidth = 0
KEY_VALUE_ADD_INDEX, time = 135916, ct = 3, bandwidth = 0
KEY_VALUE_NETWORK, time = 529686, ct = 1, bandwidth = 4
key_value_others, time = 840, ct = 0, bandwidth = 4
KEY_VALUE_HASH[0], time = 41581, ct = 4194305, bandwidth = 0
KEY_VALUE_HASH[1], time = 2501, ct = 254138, bandwidth = 0
KEY_VALUE_HASH[2], time = 11, ct = 960, bandwidth = 0
2022-09-14 08:56:01.862334+09:00, duration: 10:44:11.653030
========== Benchmark end ==========

========== Benchmark start ==========
2022-09-14 08:56:01.862421+09:00
logn 23, data_size 32, tau 5, pdpf 5
KEY_TO_INDEX, time = 1500859, ct = 1, bandwidth = 2212
ORAM_READ, time = 57695, ct = 1, bandwidth = 5593
ORAM_WRITE, time = 66804, ct = 1, bandwidth = 2548
ORAM_POSITION_MAP, time = 9006, ct = 1, bandwidth = 2541
TOTAL, time = 1634364, ct = 4, bandwidth = 12894
KEY_VALUE_PREPARE_SUBTRACT, time = 469090, ct = 1, bandwidth = 0
KEY_VALUE_PREPARE_HASH, time = 120693, ct = 3, bandwidth = 0
KEY_VALUE_PREPARE_EXISTS, time = 230159, ct = 3, bandwidth = 0
KEY_VALUE_DPF_GEN, time = 934, ct = 1, bandwidth = 2208
KEY_VALUE_DPF_EVAL, time = 209931, ct = 1, bandwidth = 0
KEY_VALUE_ADD_INDEX, time = 468994, ct = 3, bandwidth = 0
KEY_VALUE_NETWORK, time = 1493001, ct = 1, bandwidth = 4
key_value_others, time = 1053, ct = 0, bandwidth = 4
KEY_VALUE_HASH[0], time = 113752, ct = 8388609, bandwidth = 0
KEY_VALUE_HASH[1], time = 7044, ct = 508353, bandwidth = 0
KEY_VALUE_HASH[2], time = 25, ct = 1925, bandwidth = 0
2022-09-16 03:50:50.054857+09:00, duration: 1 day, 18:54:48.192436
========== Benchmark end ==========

========== Benchmark start ==========
2022-09-16 03:50:50.054896+09:00
logn 24, data_size 32, tau 5, pdpf 5
========== KEY_TO_INDEX ==========
KEY_TO_INDEX time
(1, 0.04)(2, 0.03)(3, 0.03)(4, 0.03)(5, 0.05)(6, 0.08)(7, 0.06)(8, 0.07)(9, 0.11)(10, 0.2)(11, 0.33)(12, 0.59)(13, 1.21)(14, 2.03)(15, 4.34)(16, 9.88)(17, 18.73)(18, 32.83)(19, 64.86)(20, 129.64)(21, 264.49)(22, 530.53)(23, 1500.86)
KEY_TO_INDEX ct
(1, 1)(2, 1)(3, 1)(4, 1)(5, 1)(6, 1)(7, 1)(8, 1)(9, 1)(10, 1)(11, 1)(12, 1)(13, 1)(14, 1)(15, 1)(16, 1)(17, 1)(18, 1)(19, 1)(20, 1)(21, 1)(22, 1)(23, 1)
KEY_TO_INDEX bandwidth
(1, 0.08)(2, 0.08)(3, 0.08)(4, 0.12)(5, 0.23)(6, 0.26)(7, 0.3)(8, 0.37)(9, 0.48)(10, 0.59)(11, 0.7)(12, 0.8)(13, 0.95)(14, 1.02)(15, 1.1)(16, 1.2)(17, 1.35)(18, 1.49)(19, 1.64)(20, 1.78)(21, 1.92)(22, 2.07)(23, 2.21)


========== ORAM_READ ==========
ORAM_READ time
(1, 0.04)(2, 0.05)(3, 0.03)(4, 0.04)(5, 0.04)(6, 0.14)(7, 0.15)(8, 0.16)(9, 0.22)(10, 0.23)(11, 0.24)(12, 0.26)(13, 0.3)(14, 0.37)(15, 0.66)(16, 0.97)(17, 1.67)(18, 2.91)(19, 4.98)(20, 8.9)(21, 17.2)(22, 31.78)(23, 57.7)
ORAM_READ ct
(1, 1)(2, 1)(3, 1)(4, 1)(5, 1)(6, 1)(7, 1)(8, 1)(9, 1)(10, 1)(11, 1)(12, 1)(13, 1)(14, 1)(15, 1)(16, 1)(17, 1)(18, 1)(19, 1)(20, 1)(21, 1)(22, 1)(23, 1)
ORAM_READ bandwidth
(1, 1.03)(2, 1.03)(3, 1.03)(4, 1.03)(5, 1.03)(6, 3.08)(7, 4.1)(8, 4.59)(9, 4.84)(10, 4.97)(11, 5.13)(12, 5.2)(13, 5.23)(14, 5.27)(15, 5.3)(16, 5.34)(17, 5.38)(18, 5.41)(19, 5.45)(20, 5.49)(21, 5.52)(22, 5.56)(23, 5.59)


========== ORAM_WRITE ==========
ORAM_WRITE time
(1, 0.03)(2, 0.03)(3, 0.02)(4, 0.02)(5, 0.03)(6, 0.1)(7, 0.08)(8, 0.09)(9, 0.11)(10, 0.14)(11, 0.22)(12, 0.25)(13, 0.48)(14, 0.91)(15, 2.23)(16, 2.38)(17, 2.69)(18, 4.3)(19, 6.79)(20, 11.44)(21, 19.51)(22, 35.45)(23, 66.8)
ORAM_WRITE ct
(1, 1)(2, 1)(3, 1)(4, 1)(5, 1)(6, 1)(7, 1)(8, 1)(9, 1)(10, 1)(11, 1)(12, 1)(13, 1)(14, 1)(15, 1)(16, 1)(17, 1)(18, 1)(19, 1)(20, 1)(21, 1)(22, 1)(23, 1)
ORAM_WRITE bandwidth
(1, 0.04)(2, 0.04)(3, 0.04)(4, 0.04)(5, 0.04)(6, 3.11)(7, 3.11)(8, 3.07)(9, 3.07)(10, 3.07)(11, 2.81)(12, 2.15)(13, 2.19)(14, 2.22)(15, 2.26)(16, 2.3)(17, 2.33)(18, 2.37)(19, 2.4)(20, 2.44)(21, 2.48)(22, 2.51)(23, 2.55)


========== ORAM_POSITION_MAP ==========
ORAM_POSITION_MAP time
(1, 0.0)(2, 0.0)(3, 0.0)(4, 0.0)(5, 0.0)(6, 0.11)(7, 0.1)(8, 0.09)(9, 0.11)(10, 0.16)(11, 0.33)(12, 0.35)(13, 0.36)(14, 0.41)(15, 0.6)(16, 1.06)(17, 1.43)(18, 2.19)(19, 3.35)(20, 4.83)(21, 6.32)(22, 9.27)(23, 9.01)
ORAM_POSITION_MAP ct
(1, 0)(2, 0)(3, 0)(4, 0)(5, 0)(6, 1)(7, 1)(8, 1)(9, 1)(10, 1)(11, 1)(12, 1)(13, 1)(14, 1)(15, 1)(16, 1)(17, 1)(18, 1)(19, 1)(20, 1)(21, 1)(22, 1)(23, 1)
ORAM_POSITION_MAP bandwidth
(1, 0.0)(2, 0.0)(3, 0.0)(4, 0.0)(5, 0.0)(6, 0.04)(7, 0.04)(8, 0.04)(9, 0.04)(10, 0.04)(11, 0.25)(12, 0.5)(13, 0.53)(14, 0.55)(15, 0.56)(16, 0.9)(17, 1.14)(18, 1.24)(19, 1.33)(20, 1.64)(21, 2.06)(22, 2.37)(23, 2.54)


========== TOTAL ==========
TOTAL time
(1, 0.12)(2, 0.11)(3, 0.09)(4, 0.1)(5, 0.12)(6, 0.43)(7, 0.39)(8, 0.41)(9, 0.55)(10, 0.74)(11, 1.12)(12, 1.44)(13, 2.35)(14, 3.72)(15, 7.83)(16, 14.28)(17, 24.53)(18, 42.23)(19, 79.98)(20, 154.81)(21, 307.51)(22, 607.02)(23, 1634.36)
TOTAL ct
(1, 3)(2, 3)(3, 3)(4, 3)(5, 3)(6, 4)(7, 4)(8, 4)(9, 4)(10, 4)(11, 4)(12, 4)(13, 4)(14, 4)(15, 4)(16, 4)(17, 4)(18, 4)(19, 4)(20, 4)(21, 4)(22, 4)(23, 4)
TOTAL bandwidth
(1, 1.14)(2, 1.14)(3, 1.14)(4, 1.18)(5, 1.29)(6, 6.49)(7, 7.55)(8, 8.07)(9, 8.43)(10, 8.67)(11, 8.88)(12, 8.66)(13, 8.91)(14, 9.07)(15, 9.22)(16, 9.74)(17, 10.2)(18, 10.52)(19, 10.82)(20, 11.35)(21, 11.98)(22, 12.51)(23, 12.89)


========== KEY_VALUE_PREPARE_SUBTRACT ==========
KEY_VALUE_PREPARE_SUBTRACT time
(1, 0.0)(2, 0.0)(3, 0.0)(4, 0.0)(5, 0.0)(6, 0.0)(7, 0.01)(8, 0.01)(9, 0.03)(10, 0.05)(11, 0.1)(12, 0.21)(13, 0.37)(14, 0.74)(15, 1.59)(16, 3.63)(17, 7.69)(18, 12.85)(19, 26.02)(20, 47.45)(21, 94.53)(22, 186.21)(23, 469.09)
KEY_VALUE_PREPARE_SUBTRACT ct
(1, 1)(2, 1)(3, 1)(4, 1)(5, 1)(6, 1)(7, 1)(8, 1)(9, 1)(10, 1)(11, 1)(12, 1)(13, 1)(14, 1)(15, 1)(16, 1)(17, 1)(18, 1)(19, 1)(20, 1)(21, 1)(22, 1)(23, 1)
KEY_VALUE_PREPARE_SUBTRACT bandwidth
(1, 0.0)(2, 0.0)(3, 0.0)(4, 0.0)(5, 0.0)(6, 0.0)(7, 0.0)(8, 0.0)(9, 0.0)(10, 0.0)(11, 0.0)(12, 0.0)(13, 0.0)(14, 0.0)(15, 0.0)(16, 0.0)(17, 0.0)(18, 0.0)(19, 0.0)(20, 0.0)(21, 0.0)(22, 0.0)(23, 0.0)


========== KEY_VALUE_PREPARE_HASH ==========
KEY_VALUE_PREPARE_HASH time
(1, 0.0)(2, 0.0)(3, 0.0)(4, 0.0)(5, 0.0)(6, 0.0)(7, 0.0)(8, 0.0)(9, 0.01)(10, 0.01)(11, 0.03)(12, 0.06)(13, 0.1)(14, 0.19)(15, 0.38)(16, 0.8)(17, 1.7)(18, 3.13)(19, 5.94)(20, 11.42)(21, 22.9)(22, 44.09)(23, 120.69)
KEY_VALUE_PREPARE_HASH ct
(1, 1)(2, 1)(3, 1)(4, 1)(5, 1)(6, 1)(7, 1)(8, 2)(9, 2)(10, 2)(11, 2)(12, 2)(13, 2)(14, 2)(15, 2)(16, 2)(17, 3)(18, 3)(19, 3)(20, 3)(21, 3)(22, 3)(23, 3)
KEY_VALUE_PREPARE_HASH bandwidth
(1, 0.0)(2, 0.0)(3, 0.0)(4, 0.0)(5, 0.0)(6, 0.0)(7, 0.0)(8, 0.0)(9, 0.0)(10, 0.0)(11, 0.0)(12, 0.0)(13, 0.0)(14, 0.0)(15, 0.0)(16, 0.0)(17, 0.0)(18, 0.0)(19, 0.0)(20, 0.0)(21, 0.0)(22, 0.0)(23, 0.0)


========== KEY_VALUE_PREPARE_EXISTS ==========
KEY_VALUE_PREPARE_EXISTS time
(1, 0.0)(2, 0.0)(3, 0.0)(4, 0.0)(5, 0.0)(6, 0.0)(7, 0.0)(8, 0.0)(9, 0.0)(10, 0.0)(11, 0.01)(12, 0.02)(13, 0.03)(14, 0.13)(15, 0.28)(16, 0.65)(17, 1.64)(18, 3.5)(19, 7.15)(20, 15.5)(21, 33.99)(22, 72.23)(23, 230.16)
KEY_VALUE_PREPARE_EXISTS ct
(1, 1)(2, 1)(3, 1)(4, 1)(5, 1)(6, 1)(7, 1)(8, 2)(9, 2)(10, 2)(11, 2)(12, 2)(13, 2)(14, 2)(15, 2)(16, 2)(17, 3)(18, 3)(19, 3)(20, 3)(21, 3)(22, 3)(23, 3)
KEY_VALUE_PREPARE_EXISTS bandwidth
(1, 0.0)(2, 0.0)(3, 0.0)(4, 0.0)(5, 0.0)(6, 0.0)(7, 0.0)(8, 0.0)(9, 0.0)(10, 0.0)(11, 0.0)(12, 0.0)(13, 0.0)(14, 0.0)(15, 0.0)(16, 0.0)(17, 0.0)(18, 0.0)(19, 0.0)(20, 0.0)(21, 0.0)(22, 0.0)(23, 0.0)


========== KEY_VALUE_DPF_GEN ==========
KEY_VALUE_DPF_GEN time
(1, 0.02)(2, 0.01)(3, 0.01)(4, 0.02)(5, 0.04)(6, 0.05)(7, 0.02)(8, 0.02)(9, 0.03)(10, 0.02)(11, 0.02)(12, 0.03)(13, 0.06)(14, 0.03)(15, 0.1)(16, 0.07)(17, 0.03)(18, 0.03)(19, 0.06)(20, 0.4)(21, 0.28)(22, 0.52)(23, 0.93)
KEY_VALUE_DPF_GEN ct
(1, 1)(2, 1)(3, 1)(4, 1)(5, 1)(6, 1)(7, 1)(8, 1)(9, 1)(10, 1)(11, 1)(12, 1)(13, 1)(14, 1)(15, 1)(16, 1)(17, 1)(18, 1)(19, 1)(20, 1)(21, 1)(22, 1)(23, 1)
KEY_VALUE_DPF_GEN bandwidth
(1, 0.08)(2, 0.08)(3, 0.08)(4, 0.11)(5, 0.22)(6, 0.26)(7, 0.3)(8, 0.37)(9, 0.48)(10, 0.58)(11, 0.69)(12, 0.8)(13, 0.95)(14, 1.02)(15, 1.09)(16, 1.2)(17, 1.34)(18, 1.49)(19, 1.63)(20, 1.78)(21, 1.92)(22, 2.06)(23, 2.21)


========== KEY_VALUE_DPF_EVAL ==========
KEY_VALUE_DPF_EVAL time
(1, 0.02)(2, 0.01)(3, 0.01)(4, 0.02)(5, 0.03)(6, 0.05)(7, 0.01)(8, 0.01)(9, 0.01)(10, 0.02)(11, 0.04)(12, 0.1)(13, 0.16)(14, 0.29)(15, 0.67)(16, 1.25)(17, 2.44)(18, 4.62)(19, 9.55)(20, 23.32)(21, 47.07)(22, 90.71)(23, 209.93)
KEY_VALUE_DPF_EVAL ct
(1, 1)(2, 1)(3, 1)(4, 1)(5, 1)(6, 1)(7, 1)(8, 1)(9, 1)(10, 1)(11, 1)(12, 1)(13, 1)(14, 1)(15, 1)(16, 1)(17, 1)(18, 1)(19, 1)(20, 1)(21, 1)(22, 1)(23, 1)
KEY_VALUE_DPF_EVAL bandwidth
(1, 0.0)(2, 0.0)(3, 0.0)(4, 0.0)(5, 0.0)(6, 0.0)(7, 0.0)(8, 0.0)(9, 0.0)(10, 0.0)(11, 0.0)(12, 0.0)(13, 0.0)(14, 0.0)(15, 0.0)(16, 0.0)(17, 0.0)(18, 0.0)(19, 0.0)(20, 0.0)(21, 0.0)(22, 0.0)(23, 0.0)


========== KEY_VALUE_ADD_INDEX ==========
KEY_VALUE_ADD_INDEX time
(1, 0.0)(2, 0.0)(3, 0.0)(4, 0.0)(5, 0.0)(6, 0.0)(7, 0.0)(8, 0.0)(9, 0.0)(10, 0.01)(11, 0.02)(12, 0.04)(13, 0.08)(14, 0.17)(15, 0.41)(16, 1.22)(17, 3.4)(18, 7.26)(19, 14.7)(20, 30.46)(21, 65.04)(22, 135.92)(23, 468.99)
KEY_VALUE_ADD_INDEX ct
(1, 1)(2, 1)(3, 1)(4, 1)(5, 1)(6, 1)(7, 1)(8, 2)(9, 2)(10, 2)(11, 2)(12, 2)(13, 2)(14, 2)(15, 2)(16, 2)(17, 3)(18, 3)(19, 3)(20, 3)(21, 3)(22, 3)(23, 3)
KEY_VALUE_ADD_INDEX bandwidth
(1, 0.0)(2, 0.0)(3, 0.0)(4, 0.0)(5, 0.0)(6, 0.0)(7, 0.0)(8, 0.0)(9, 0.0)(10, 0.0)(11, 0.0)(12, 0.0)(13, 0.0)(14, 0.0)(15, 0.0)(16, 0.0)(17, 0.0)(18, 0.0)(19, 0.0)(20, 0.0)(21, 0.0)(22, 0.0)(23, 0.0)


========== KEY_VALUE_NETWORK ==========
KEY_VALUE_NETWORK time
(1, 0.02)(2, 0.02)(3, 0.02)(4, 0.01)(5, 0.01)(6, 0.03)(7, 0.04)(8, 0.04)(9, 0.08)(10, 0.12)(11, 0.3)(12, 0.56)(13, 0.91)(14, 1.99)(15, 4.04)(16, 7.98)(17, 17.43)(18, 32.62)(19, 64.55)(20, 128.45)(21, 263.44)(22, 529.69)(23, 1493.0)
KEY_VALUE_NETWORK ct
(1, 1)(2, 1)(3, 1)(4, 1)(5, 1)(6, 1)(7, 1)(8, 1)(9, 1)(10, 1)(11, 1)(12, 1)(13, 1)(14, 1)(15, 1)(16, 1)(17, 1)(18, 1)(19, 1)(20, 1)(21, 1)(22, 1)(23, 1)
KEY_VALUE_NETWORK bandwidth
(1, 0.0)(2, 0.0)(3, 0.0)(4, 0.0)(5, 0.0)(6, 0.0)(7, 0.0)(8, 0.0)(9, 0.0)(10, 0.0)(11, 0.0)(12, 0.0)(13, 0.0)(14, 0.0)(15, 0.0)(16, 0.0)(17, 0.0)(18, 0.0)(19, 0.0)(20, 0.0)(21, 0.0)(22, 0.0)(23, 0.0)


========== key_value_others ==========
key_value_others time
(1, 0.01)(2, 0.01)(3, 0.01)(4, 0.0)(5, 0.0)(6, 0.0)(7, 0.01)(8, 0.01)(9, 0.02)(10, 0.09)(11, 0.11)(12, 0.14)(13, 0.4)(14, 0.47)(15, 0.91)(16, 2.26)(17, 1.83)(18, 1.44)(19, 1.44)(20, 1.08)(21, 0.66)(22, 0.84)(23, 1.05)
key_value_others ct
(1, 0)(2, 0)(3, 0)(4, 0)(5, 0)(6, 0)(7, 0)(8, 0)(9, 0)(10, 0)(11, 0)(12, 0)(13, 0)(14, 0)(15, 0)(16, 0)(17, 0)(18, 0)(19, 0)(20, 0)(21, 0)(22, 0)(23, 0)
key_value_others bandwidth
(1, 0.0)(2, 0.0)(3, 0.0)(4, 0.0)(5, 0.0)(6, 0.0)(7, 0.0)(8, 0.0)(9, 0.0)(10, 0.0)(11, 0.0)(12, 0.0)(13, 0.0)(14, 0.0)(15, 0.0)(16, 0.0)(17, 0.0)(18, 0.0)(19, 0.0)(20, 0.0)(21, 0.0)(22, 0.0)(23, 0.0)


========== KEY_VALUE_HASH[0] ==========
KEY_VALUE_HASH[0] time
(1, 0.0)(2, 0.0)(3, 0.0)(4, 0.0)(5, 0.0)(6, 0.0)(7, 0.0)(8, 0.0)(9, 0.01)(10, 0.01)(11, 0.02)(12, 0.05)(13, 0.09)(14, 0.18)(15, 0.36)(16, 0.76)(17, 1.61)(18, 2.96)(19, 5.61)(20, 10.78)(21, 21.62)(22, 41.58)(23, 113.75)
KEY_VALUE_HASH[0] ct
(1, 150.0)(2, 125.0)(3, 112.5)(4, 106.25)(5, 103.12)(6, 101.56)(7, 100.78)(8, 100.39)(9, 100.2)(10, 100.1)(11, 100.05)(12, 100.02)(13, 100.01)(14, 100.01)(15, 100.0)(16, 100.0)(17, 100.0)(18, 100.0)(19, 100.0)(20, 100.0)(21, 100.0)(22, 100.0)(23, 100.0)
KEY_VALUE_HASH[0] bandwidth
(1, 0.0)(2, 0.0)(3, 0.0)(4, 0.0)(5, 0.0)(6, 0.0)(7, 0.0)(8, 0.0)(9, 0.0)(10, 0.0)(11, 0.0)(12, 0.0)(13, 0.0)(14, 0.0)(15, 0.0)(16, 0.0)(17, 0.0)(18, 0.0)(19, 0.0)(20, 0.0)(21, 0.0)(22, 0.0)(23, 0.0)


========== KEY_VALUE_HASH[1] ==========
KEY_VALUE_HASH[1] time
'KEY_VALUE_HASH[1]'
========== KEY_TO_INDEX ==========
KEY_TO_INDEX time
(1, 0.04)(2, 0.03)(3, 0.03)(4, 0.03)(5, 0.05)(6, 0.08)(7, 0.06)(8, 0.07)(9, 0.11)(10, 0.2)(11, 0.33)(12, 0.59)(13, 1.21)(14, 2.03)(15, 4.34)(16, 9.88)(17, 18.73)(18, 32.83)(19, 64.86)(20, 129.64)(21, 264.49)(22, 530.53)(23, 1500.86)
KEY_TO_INDEX ct
(1, 1)(2, 1)(3, 1)(4, 1)(5, 1)(6, 1)(7, 1)(8, 1)(9, 1)(10, 1)(11, 1)(12, 1)(13, 1)(14, 1)(15, 1)(16, 1)(17, 1)(18, 1)(19, 1)(20, 1)(21, 1)(22, 1)(23, 1)
KEY_TO_INDEX bandwidth
(1, 0.08)(2, 0.08)(3, 0.08)(4, 0.12)(5, 0.23)(6, 0.26)(7, 0.3)(8, 0.37)(9, 0.48)(10, 0.59)(11, 0.7)(12, 0.8)(13, 0.95)(14, 1.02)(15, 1.1)(16, 1.2)(17, 1.35)(18, 1.49)(19, 1.64)(20, 1.78)(21, 1.92)(22, 2.07)(23, 2.21)


========== ORAM_READ ==========
ORAM_READ time
(1, 0.04)(2, 0.05)(3, 0.03)(4, 0.04)(5, 0.04)(6, 0.14)(7, 0.15)(8, 0.16)(9, 0.22)(10, 0.23)(11, 0.24)(12, 0.26)(13, 0.3)(14, 0.37)(15, 0.66)(16, 0.97)(17, 1.67)(18, 2.91)(19, 4.98)(20, 8.9)(21, 17.2)(22, 31.78)(23, 57.7)
ORAM_READ ct
(1, 1)(2, 1)(3, 1)(4, 1)(5, 1)(6, 1)(7, 1)(8, 1)(9, 1)(10, 1)(11, 1)(12, 1)(13, 1)(14, 1)(15, 1)(16, 1)(17, 1)(18, 1)(19, 1)(20, 1)(21, 1)(22, 1)(23, 1)
ORAM_READ bandwidth
(1, 1.03)(2, 1.03)(3, 1.03)(4, 1.03)(5, 1.03)(6, 3.08)(7, 4.1)(8, 4.59)(9, 4.84)(10, 4.97)(11, 5.13)(12, 5.2)(13, 5.23)(14, 5.27)(15, 5.3)(16, 5.34)(17, 5.38)(18, 5.41)(19, 5.45)(20, 5.49)(21, 5.52)(22, 5.56)(23, 5.59)


========== ORAM_WRITE ==========
ORAM_WRITE time
(1, 0.03)(2, 0.03)(3, 0.02)(4, 0.02)(5, 0.03)(6, 0.1)(7, 0.08)(8, 0.09)(9, 0.11)(10, 0.14)(11, 0.22)(12, 0.25)(13, 0.48)(14, 0.91)(15, 2.23)(16, 2.38)(17, 2.69)(18, 4.3)(19, 6.79)(20, 11.44)(21, 19.51)(22, 35.45)(23, 66.8)
ORAM_WRITE ct
(1, 1)(2, 1)(3, 1)(4, 1)(5, 1)(6, 1)(7, 1)(8, 1)(9, 1)(10, 1)(11, 1)(12, 1)(13, 1)(14, 1)(15, 1)(16, 1)(17, 1)(18, 1)(19, 1)(20, 1)(21, 1)(22, 1)(23, 1)
ORAM_WRITE bandwidth
(1, 0.04)(2, 0.04)(3, 0.04)(4, 0.04)(5, 0.04)(6, 3.11)(7, 3.11)(8, 3.07)(9, 3.07)(10, 3.07)(11, 2.81)(12, 2.15)(13, 2.19)(14, 2.22)(15, 2.26)(16, 2.3)(17, 2.33)(18, 2.37)(19, 2.4)(20, 2.44)(21, 2.48)(22, 2.51)(23, 2.55)


========== ORAM_POSITION_MAP ==========
ORAM_POSITION_MAP time
(1, 0.0)(2, 0.0)(3, 0.0)(4, 0.0)(5, 0.0)(6, 0.11)(7, 0.1)(8, 0.09)(9, 0.11)(10, 0.16)(11, 0.33)(12, 0.35)(13, 0.36)(14, 0.41)(15, 0.6)(16, 1.06)(17, 1.43)(18, 2.19)(19, 3.35)(20, 4.83)(21, 6.32)(22, 9.27)(23, 9.01)
ORAM_POSITION_MAP ct
(1, 0)(2, 0)(3, 0)(4, 0)(5, 0)(6, 1)(7, 1)(8, 1)(9, 1)(10, 1)(11, 1)(12, 1)(13, 1)(14, 1)(15, 1)(16, 1)(17, 1)(18, 1)(19, 1)(20, 1)(21, 1)(22, 1)(23, 1)
ORAM_POSITION_MAP bandwidth
(1, 0.0)(2, 0.0)(3, 0.0)(4, 0.0)(5, 0.0)(6, 0.04)(7, 0.04)(8, 0.04)(9, 0.04)(10, 0.04)(11, 0.25)(12, 0.5)(13, 0.53)(14, 0.55)(15, 0.56)(16, 0.9)(17, 1.14)(18, 1.24)(19, 1.33)(20, 1.64)(21, 2.06)(22, 2.37)(23, 2.54)


========== TOTAL ==========
TOTAL time
(1, 0.12)(2, 0.11)(3, 0.09)(4, 0.1)(5, 0.12)(6, 0.43)(7, 0.39)(8, 0.41)(9, 0.55)(10, 0.74)(11, 1.12)(12, 1.44)(13, 2.35)(14, 3.72)(15, 7.83)(16, 14.28)(17, 24.53)(18, 42.23)(19, 79.98)(20, 154.81)(21, 307.51)(22, 607.02)(23, 1634.36)
TOTAL ct
(1, 3)(2, 3)(3, 3)(4, 3)(5, 3)(6, 4)(7, 4)(8, 4)(9, 4)(10, 4)(11, 4)(12, 4)(13, 4)(14, 4)(15, 4)(16, 4)(17, 4)(18, 4)(19, 4)(20, 4)(21, 4)(22, 4)(23, 4)
TOTAL bandwidth
(1, 1.14)(2, 1.14)(3, 1.14)(4, 1.18)(5, 1.29)(6, 6.49)(7, 7.55)(8, 8.07)(9, 8.43)(10, 8.67)(11, 8.88)(12, 8.66)(13, 8.91)(14, 9.07)(15, 9.22)(16, 9.74)(17, 10.2)(18, 10.52)(19, 10.82)(20, 11.35)(21, 11.98)(22, 12.51)(23, 12.89)


========== KEY_VALUE_PREPARE_SUBTRACT ==========
KEY_VALUE_PREPARE_SUBTRACT time
(1, 0.0)(2, 0.0)(3, 0.0)(4, 0.0)(5, 0.0)(6, 0.0)(7, 0.01)(8, 0.01)(9, 0.03)(10, 0.05)(11, 0.1)(12, 0.21)(13, 0.37)(14, 0.74)(15, 1.59)(16, 3.63)(17, 7.69)(18, 12.85)(19, 26.02)(20, 47.45)(21, 94.53)(22, 186.21)(23, 469.09)
KEY_VALUE_PREPARE_SUBTRACT ct
(1, 1)(2, 1)(3, 1)(4, 1)(5, 1)(6, 1)(7, 1)(8, 1)(9, 1)(10, 1)(11, 1)(12, 1)(13, 1)(14, 1)(15, 1)(16, 1)(17, 1)(18, 1)(19, 1)(20, 1)(21, 1)(22, 1)(23, 1)
KEY_VALUE_PREPARE_SUBTRACT bandwidth
(1, 0.0)(2, 0.0)(3, 0.0)(4, 0.0)(5, 0.0)(6, 0.0)(7, 0.0)(8, 0.0)(9, 0.0)(10, 0.0)(11, 0.0)(12, 0.0)(13, 0.0)(14, 0.0)(15, 0.0)(16, 0.0)(17, 0.0)(18, 0.0)(19, 0.0)(20, 0.0)(21, 0.0)(22, 0.0)(23, 0.0)


========== KEY_VALUE_PREPARE_HASH ==========
KEY_VALUE_PREPARE_HASH time
(1, 0.0)(2, 0.0)(3, 0.0)(4, 0.0)(5, 0.0)(6, 0.0)(7, 0.0)(8, 0.0)(9, 0.01)(10, 0.01)(11, 0.03)(12, 0.06)(13, 0.1)(14, 0.19)(15, 0.38)(16, 0.8)(17, 1.7)(18, 3.13)(19, 5.94)(20, 11.42)(21, 22.9)(22, 44.09)(23, 120.69)
KEY_VALUE_PREPARE_HASH ct
(1, 1)(2, 1)(3, 1)(4, 1)(5, 1)(6, 1)(7, 1)(8, 2)(9, 2)(10, 2)(11, 2)(12, 2)(13, 2)(14, 2)(15, 2)(16, 2)(17, 3)(18, 3)(19, 3)(20, 3)(21, 3)(22, 3)(23, 3)
KEY_VALUE_PREPARE_HASH bandwidth
(1, 0.0)(2, 0.0)(3, 0.0)(4, 0.0)(5, 0.0)(6, 0.0)(7, 0.0)(8, 0.0)(9, 0.0)(10, 0.0)(11, 0.0)(12, 0.0)(13, 0.0)(14, 0.0)(15, 0.0)(16, 0.0)(17, 0.0)(18, 0.0)(19, 0.0)(20, 0.0)(21, 0.0)(22, 0.0)(23, 0.0)


========== KEY_VALUE_PREPARE_EXISTS ==========
KEY_VALUE_PREPARE_EXISTS time
(1, 0.0)(2, 0.0)(3, 0.0)(4, 0.0)(5, 0.0)(6, 0.0)(7, 0.0)(8, 0.0)(9, 0.0)(10, 0.0)(11, 0.01)(12, 0.02)(13, 0.03)(14, 0.13)(15, 0.28)(16, 0.65)(17, 1.64)(18, 3.5)(19, 7.15)(20, 15.5)(21, 33.99)(22, 72.23)(23, 230.16)
KEY_VALUE_PREPARE_EXISTS ct
(1, 1)(2, 1)(3, 1)(4, 1)(5, 1)(6, 1)(7, 1)(8, 2)(9, 2)(10, 2)(11, 2)(12, 2)(13, 2)(14, 2)(15, 2)(16, 2)(17, 3)(18, 3)(19, 3)(20, 3)(21, 3)(22, 3)(23, 3)
KEY_VALUE_PREPARE_EXISTS bandwidth
(1, 0.0)(2, 0.0)(3, 0.0)(4, 0.0)(5, 0.0)(6, 0.0)(7, 0.0)(8, 0.0)(9, 0.0)(10, 0.0)(11, 0.0)(12, 0.0)(13, 0.0)(14, 0.0)(15, 0.0)(16, 0.0)(17, 0.0)(18, 0.0)(19, 0.0)(20, 0.0)(21, 0.0)(22, 0.0)(23, 0.0)


========== KEY_VALUE_DPF_GEN ==========
KEY_VALUE_DPF_GEN time
(1, 0.02)(2, 0.01)(3, 0.01)(4, 0.02)(5, 0.04)(6, 0.05)(7, 0.02)(8, 0.02)(9, 0.03)(10, 0.02)(11, 0.02)(12, 0.03)(13, 0.06)(14, 0.03)(15, 0.1)(16, 0.07)(17, 0.03)(18, 0.03)(19, 0.06)(20, 0.4)(21, 0.28)(22, 0.52)(23, 0.93)
KEY_VALUE_DPF_GEN ct
(1, 1)(2, 1)(3, 1)(4, 1)(5, 1)(6, 1)(7, 1)(8, 1)(9, 1)(10, 1)(11, 1)(12, 1)(13, 1)(14, 1)(15, 1)(16, 1)(17, 1)(18, 1)(19, 1)(20, 1)(21, 1)(22, 1)(23, 1)
KEY_VALUE_DPF_GEN bandwidth
(1, 0.08)(2, 0.08)(3, 0.08)(4, 0.11)(5, 0.22)(6, 0.26)(7, 0.3)(8, 0.37)(9, 0.48)(10, 0.58)(11, 0.69)(12, 0.8)(13, 0.95)(14, 1.02)(15, 1.09)(16, 1.2)(17, 1.34)(18, 1.49)(19, 1.63)(20, 1.78)(21, 1.92)(22, 2.06)(23, 2.21)


========== KEY_VALUE_DPF_EVAL ==========
KEY_VALUE_DPF_EVAL time
(1, 0.02)(2, 0.01)(3, 0.01)(4, 0.02)(5, 0.03)(6, 0.05)(7, 0.01)(8, 0.01)(9, 0.01)(10, 0.02)(11, 0.04)(12, 0.1)(13, 0.16)(14, 0.29)(15, 0.67)(16, 1.25)(17, 2.44)(18, 4.62)(19, 9.55)(20, 23.32)(21, 47.07)(22, 90.71)(23, 209.93)
KEY_VALUE_DPF_EVAL ct
(1, 1)(2, 1)(3, 1)(4, 1)(5, 1)(6, 1)(7, 1)(8, 1)(9, 1)(10, 1)(11, 1)(12, 1)(13, 1)(14, 1)(15, 1)(16, 1)(17, 1)(18, 1)(19, 1)(20, 1)(21, 1)(22, 1)(23, 1)
KEY_VALUE_DPF_EVAL bandwidth
(1, 0.0)(2, 0.0)(3, 0.0)(4, 0.0)(5, 0.0)(6, 0.0)(7, 0.0)(8, 0.0)(9, 0.0)(10, 0.0)(11, 0.0)(12, 0.0)(13, 0.0)(14, 0.0)(15, 0.0)(16, 0.0)(17, 0.0)(18, 0.0)(19, 0.0)(20, 0.0)(21, 0.0)(22, 0.0)(23, 0.0)


========== KEY_VALUE_ADD_INDEX ==========
KEY_VALUE_ADD_INDEX time
(1, 0.0)(2, 0.0)(3, 0.0)(4, 0.0)(5, 0.0)(6, 0.0)(7, 0.0)(8, 0.0)(9, 0.0)(10, 0.01)(11, 0.02)(12, 0.04)(13, 0.08)(14, 0.17)(15, 0.41)(16, 1.22)(17, 3.4)(18, 7.26)(19, 14.7)(20, 30.46)(21, 65.04)(22, 135.92)(23, 468.99)
KEY_VALUE_ADD_INDEX ct
(1, 1)(2, 1)(3, 1)(4, 1)(5, 1)(6, 1)(7, 1)(8, 2)(9, 2)(10, 2)(11, 2)(12, 2)(13, 2)(14, 2)(15, 2)(16, 2)(17, 3)(18, 3)(19, 3)(20, 3)(21, 3)(22, 3)(23, 3)
KEY_VALUE_ADD_INDEX bandwidth
(1, 0.0)(2, 0.0)(3, 0.0)(4, 0.0)(5, 0.0)(6, 0.0)(7, 0.0)(8, 0.0)(9, 0.0)(10, 0.0)(11, 0.0)(12, 0.0)(13, 0.0)(14, 0.0)(15, 0.0)(16, 0.0)(17, 0.0)(18, 0.0)(19, 0.0)(20, 0.0)(21, 0.0)(22, 0.0)(23, 0.0)


========== KEY_VALUE_NETWORK ==========
KEY_VALUE_NETWORK time
(1, 0.02)(2, 0.02)(3, 0.02)(4, 0.01)(5, 0.01)(6, 0.03)(7, 0.04)(8, 0.04)(9, 0.08)(10, 0.12)(11, 0.3)(12, 0.56)(13, 0.91)(14, 1.99)(15, 4.04)(16, 7.98)(17, 17.43)(18, 32.62)(19, 64.55)(20, 128.45)(21, 263.44)(22, 529.69)(23, 1493.0)
KEY_VALUE_NETWORK ct
(1, 1)(2, 1)(3, 1)(4, 1)(5, 1)(6, 1)(7, 1)(8, 1)(9, 1)(10, 1)(11, 1)(12, 1)(13, 1)(14, 1)(15, 1)(16, 1)(17, 1)(18, 1)(19, 1)(20, 1)(21, 1)(22, 1)(23, 1)
KEY_VALUE_NETWORK bandwidth
(1, 0.0)(2, 0.0)(3, 0.0)(4, 0.0)(5, 0.0)(6, 0.0)(7, 0.0)(8, 0.0)(9, 0.0)(10, 0.0)(11, 0.0)(12, 0.0)(13, 0.0)(14, 0.0)(15, 0.0)(16, 0.0)(17, 0.0)(18, 0.0)(19, 0.0)(20, 0.0)(21, 0.0)(22, 0.0)(23, 0.0)


========== key_value_others ==========
key_value_others time
(1, 0.01)(2, 0.01)(3, 0.01)(4, 0.0)(5, 0.0)(6, 0.0)(7, 0.01)(8, 0.01)(9, 0.02)(10, 0.09)(11, 0.11)(12, 0.14)(13, 0.4)(14, 0.47)(15, 0.91)(16, 2.26)(17, 1.83)(18, 1.44)(19, 1.44)(20, 1.08)(21, 0.66)(22, 0.84)(23, 1.05)
key_value_others ct
(1, 0)(2, 0)(3, 0)(4, 0)(5, 0)(6, 0)(7, 0)(8, 0)(9, 0)(10, 0)(11, 0)(12, 0)(13, 0)(14, 0)(15, 0)(16, 0)(17, 0)(18, 0)(19, 0)(20, 0)(21, 0)(22, 0)(23, 0)
key_value_others bandwidth
(1, 0.0)(2, 0.0)(3, 0.0)(4, 0.0)(5, 0.0)(6, 0.0)(7, 0.0)(8, 0.0)(9, 0.0)(10, 0.0)(11, 0.0)(12, 0.0)(13, 0.0)(14, 0.0)(15, 0.0)(16, 0.0)(17, 0.0)(18, 0.0)(19, 0.0)(20, 0.0)(21, 0.0)(22, 0.0)(23, 0.0)


========== KEY_VALUE_HASH[0] ==========
KEY_VALUE_HASH[0] time
(1, 0.0)(2, 0.0)(3, 0.0)(4, 0.0)(5, 0.0)(6, 0.0)(7, 0.0)(8, 0.0)(9, 0.01)(10, 0.01)(11, 0.02)(12, 0.05)(13, 0.09)(14, 0.18)(15, 0.36)(16, 0.76)(17, 1.61)(18, 2.96)(19, 5.61)(20, 10.78)(21, 21.62)(22, 41.58)(23, 113.75)
KEY_VALUE_HASH[0] ct
(1, 150.0)(2, 125.0)(3, 112.5)(4, 106.25)(5, 103.12)(6, 101.56)(7, 100.78)(8, 100.39)(9, 100.2)(10, 100.1)(11, 100.05)(12, 100.02)(13, 100.01)(14, 100.01)(15, 100.0)(16, 100.0)(17, 100.0)(18, 100.0)(19, 100.0)(20, 100.0)(21, 100.0)(22, 100.0)(23, 100.0)
KEY_VALUE_HASH[0] bandwidth
(1, 0.0)(2, 0.0)(3, 0.0)(4, 0.0)(5, 0.0)(6, 0.0)(7, 0.0)(8, 0.0)(9, 0.0)(10, 0.0)(11, 0.0)(12, 0.0)(13, 0.0)(14, 0.0)(15, 0.0)(16, 0.0)(17, 0.0)(18, 0.0)(19, 0.0)(20, 0.0)(21, 0.0)(22, 0.0)(23, 0.0)


========== KEY_VALUE_HASH[1] ==========
KEY_VALUE_HASH[1] time
