========== Benchmark start ==========
2022-07-13 00:03:30.698831+09:00
logn 1, data_size 32, tau 5, pdpf 5
KEY_TO_INDEX, time = 0, ct = 0, bandwidth = 0
ORAM_READ, time = 137, ct = 1, bandwidth = 1352
ORAM_WRITE, time = 405, ct = 1, bandwidth = 472
ORAM_POSITION_MAP, time = 0, ct = 0, bandwidth = 0
TOTAL, time = 543, ct = 2, bandwidth = 1824
PIW_GEN_DPF, time = 16, ct = 1, bandwidth = 4
PIW_EVAL_DPF, time = 0, ct = 2, bandwidth = 0
PIW_ADD_DATA, time = 1, ct = 2, bandwidth = 0
PIW_GROUP_PREPARE, time = 386, ct = 1, bandwidth = 468
piw_others, time = 138, ct = 0, bandwidth = 1352
2022-07-13 00:03:35.284308+09:00, duration: 0:00:04.585477
========== Benchmark end ==========

========== Benchmark start ==========
2022-07-13 00:03:35.284376+09:00
logn 2, data_size 32, tau 5, pdpf 5
KEY_TO_INDEX, time = 0, ct = 0, bandwidth = 0
ORAM_READ, time = 193, ct = 1, bandwidth = 1352
ORAM_WRITE, time = 569, ct = 1, bandwidth = 472
ORAM_POSITION_MAP, time = 0, ct = 0, bandwidth = 0
TOTAL, time = 762, ct = 2, bandwidth = 1824
PIW_GEN_DPF, time = 22, ct = 1, bandwidth = 4
PIW_EVAL_DPF, time = 0, ct = 2, bandwidth = 0
PIW_ADD_DATA, time = 1, ct = 2, bandwidth = 0
PIW_GROUP_PREPARE, time = 536, ct = 1, bandwidth = 468
piw_others, time = 194, ct = 0, bandwidth = 1352
2022-07-13 00:03:38.397886+09:00, duration: 0:00:03.113510
========== Benchmark end ==========

========== Benchmark start ==========
2022-07-13 00:03:38.397929+09:00
logn 3, data_size 32, tau 5, pdpf 5
KEY_TO_INDEX, time = 0, ct = 0, bandwidth = 0
ORAM_READ, time = 131, ct = 1, bandwidth = 1352
ORAM_WRITE, time = 441, ct = 1, bandwidth = 472
ORAM_POSITION_MAP, time = 0, ct = 0, bandwidth = 0
TOTAL, time = 570, ct = 2, bandwidth = 1824
PIW_GEN_DPF, time = 13, ct = 1, bandwidth = 4
PIW_EVAL_DPF, time = 0, ct = 2, bandwidth = 0
PIW_ADD_DATA, time = 1, ct = 2, bandwidth = 0
PIW_GROUP_PREPARE, time = 423, ct = 1, bandwidth = 468
piw_others, time = 133, ct = 0, bandwidth = 1352
2022-07-13 00:03:41.482102+09:00, duration: 0:00:03.084173
========== Benchmark end ==========

========== Benchmark start ==========
2022-07-13 00:03:41.482205+09:00
logn 4, data_size 32, tau 5, pdpf 5
KEY_TO_INDEX, time = 0, ct = 0, bandwidth = 0
ORAM_READ, time = 127, ct = 1, bandwidth = 1352
ORAM_WRITE, time = 428, ct = 1, bandwidth = 472
ORAM_POSITION_MAP, time = 0, ct = 0, bandwidth = 0
TOTAL, time = 553, ct = 2, bandwidth = 1824
PIW_GEN_DPF, time = 15, ct = 1, bandwidth = 4
PIW_EVAL_DPF, time = 0, ct = 2, bandwidth = 0
PIW_ADD_DATA, time = 1, ct = 2, bandwidth = 0
PIW_GROUP_PREPARE, time = 410, ct = 1, bandwidth = 468
piw_others, time = 129, ct = 0, bandwidth = 1352
2022-07-13 00:03:44.567742+09:00, duration: 0:00:03.085537
========== Benchmark end ==========

========== Benchmark start ==========
2022-07-13 00:03:44.567795+09:00
logn 5, data_size 32, tau 5, pdpf 5
KEY_TO_INDEX, time = 0, ct = 0, bandwidth = 0
ORAM_READ, time = 207, ct = 1, bandwidth = 1352
ORAM_WRITE, time = 603, ct = 1, bandwidth = 472
ORAM_POSITION_MAP, time = 0, ct = 0, bandwidth = 0
TOTAL, time = 817, ct = 2, bandwidth = 1824
PIW_GEN_DPF, time = 19, ct = 1, bandwidth = 4
PIW_EVAL_DPF, time = 0, ct = 2, bandwidth = 0
PIW_ADD_DATA, time = 1, ct = 2, bandwidth = 0
PIW_GROUP_PREPARE, time = 565, ct = 1, bandwidth = 468
piw_others, time = 209, ct = 0, bandwidth = 1352
2022-07-13 00:03:47.689482+09:00, duration: 0:00:03.121687
========== Benchmark end ==========

========== Benchmark start ==========
2022-07-13 00:03:47.689522+09:00
logn 6, data_size 32, tau 5, pdpf 5
KEY_TO_INDEX, time = 0, ct = 0, bandwidth = 0
ORAM_READ, time = 413, ct = 1, bandwidth = 13645
ORAM_WRITE, time = 1434, ct = 1, bandwidth = 16877
ORAM_POSITION_MAP, time = 70, ct = 1, bandwidth = 42
TOTAL, time = 1918, ct = 3, bandwidth = 30564
PIW_GEN_DPF, time = 37, ct = 3, bandwidth = 9
PIW_EVAL_DPF, time = 1, ct = 6, bandwidth = 0
PIW_ADD_DATA, time = 5, ct = 6, bandwidth = 0
PIW_GROUP_PREPARE, time = 1377, ct = 3, bandwidth = 14825
piw_others, time = 504, ct = 0, bandwidth = 15730
2022-07-13 00:03:50.943593+09:00, duration: 0:00:03.254071
========== Benchmark end ==========

========== Benchmark start ==========
2022-07-13 00:03:50.943668+09:00
logn 7, data_size 32, tau 5, pdpf 5
KEY_TO_INDEX, time = 0, ct = 0, bandwidth = 0
ORAM_READ, time = 589, ct = 1, bandwidth = 19791
ORAM_WRITE, time = 1444, ct = 1, bandwidth = 16877
ORAM_POSITION_MAP, time = 75, ct = 1, bandwidth = 42
TOTAL, time = 2108, ct = 3, bandwidth = 36710
PIW_GEN_DPF, time = 36, ct = 3, bandwidth = 9
PIW_EVAL_DPF, time = 0, ct = 6, bandwidth = 0
PIW_ADD_DATA, time = 7, ct = 6, bandwidth = 0
PIW_GROUP_PREPARE, time = 1382, ct = 3, bandwidth = 14825
piw_others, time = 686, ct = 0, bandwidth = 21876
2022-07-13 00:03:54.236045+09:00, duration: 0:00:03.292377
========== Benchmark end ==========

========== Benchmark start ==========
2022-07-13 00:03:54.236112+09:00
logn 8, data_size 32, tau 5, pdpf 5
KEY_TO_INDEX, time = 0, ct = 0, bandwidth = 0
ORAM_READ, time = 676, ct = 1, bandwidth = 22741
ORAM_WRITE, time = 1447, ct = 1, bandwidth = 16836
ORAM_POSITION_MAP, time = 75, ct = 1, bandwidth = 42
TOTAL, time = 2199, ct = 3, bandwidth = 39619
PIW_GEN_DPF, time = 37, ct = 3, bandwidth = 9
PIW_EVAL_DPF, time = 0, ct = 6, bandwidth = 0
PIW_ADD_DATA, time = 12, ct = 6, bandwidth = 0
PIW_GROUP_PREPARE, time = 1390, ct = 3, bandwidth = 14825
piw_others, time = 764, ct = 0, bandwidth = 24785
2022-07-13 00:03:57.542798+09:00, duration: 0:00:03.306686
========== Benchmark end ==========

========== Benchmark start ==========
2022-07-13 00:03:57.542898+09:00
logn 9, data_size 32, tau 5, pdpf 5
KEY_TO_INDEX, time = 0, ct = 0, bandwidth = 0
ORAM_READ, time = 758, ct = 1, bandwidth = 24218
ORAM_WRITE, time = 1495, ct = 1, bandwidth = 16837
ORAM_POSITION_MAP, time = 77, ct = 1, bandwidth = 42
TOTAL, time = 2331, ct = 3, bandwidth = 41097
PIW_GEN_DPF, time = 46, ct = 3, bandwidth = 10
PIW_EVAL_DPF, time = 1, ct = 6, bandwidth = 0
PIW_ADD_DATA, time = 23, ct = 6, bandwidth = 0
PIW_GROUP_PREPARE, time = 1413, ct = 3, bandwidth = 14825
piw_others, time = 847, ct = 0, bandwidth = 26262
2022-07-13 00:04:00.875055+09:00, duration: 0:00:03.332157
========== Benchmark end ==========

========== Benchmark start ==========
2022-07-13 00:04:00.875186+09:00
logn 10, data_size 32, tau 5, pdpf 5
KEY_TO_INDEX, time = 0, ct = 0, bandwidth = 0
ORAM_READ, time = 774, ct = 1, bandwidth = 24959
ORAM_WRITE, time = 1516, ct = 1, bandwidth = 16839
ORAM_POSITION_MAP, time = 77, ct = 1, bandwidth = 42
TOTAL, time = 2368, ct = 3, bandwidth = 41840
PIW_GEN_DPF, time = 33, ct = 3, bandwidth = 12
PIW_EVAL_DPF, time = 1, ct = 6, bandwidth = 0
PIW_ADD_DATA, time = 50, ct = 6, bandwidth = 0
PIW_GROUP_PREPARE, time = 1414, ct = 3, bandwidth = 14825
piw_others, time = 877, ct = 0, bandwidth = 27003
2022-07-13 00:04:04.210022+09:00, duration: 0:00:03.334836
========== Benchmark end ==========

========== Benchmark start ==========
2022-07-13 00:04:04.210110+09:00
logn 11, data_size 32, tau 5, pdpf 5
KEY_TO_INDEX, time = 0, ct = 0, bandwidth = 0
ORAM_READ, time = 852, ct = 1, bandwidth = 25537
ORAM_WRITE, time = 1554, ct = 1, bandwidth = 16575
ORAM_POSITION_MAP, time = 252, ct = 1, bandwidth = 246
TOTAL, time = 2659, ct = 3, bandwidth = 42358
PIW_GEN_DPF, time = 79, ct = 5, bandwidth = 81
PIW_EVAL_DPF, time = 2, ct = 10, bandwidth = 0
PIW_ADD_DATA, time = 97, ct = 10, bandwidth = 0
PIW_GROUP_PREPARE, time = 1422, ct = 5, bandwidth = 14858
piw_others, time = 1057, ct = 0, bandwidth = 27419
2022-07-13 00:04:07.589230+09:00, duration: 0:00:03.379120
========== Benchmark end ==========

========== Benchmark start ==========
2022-07-13 00:04:07.589301+09:00
logn 12, data_size 32, tau 5, pdpf 5
KEY_TO_INDEX, time = 0, ct = 0, bandwidth = 0
ORAM_READ, time = 896, ct = 1, bandwidth = 25804
ORAM_WRITE, time = 1659, ct = 1, bandwidth = 15920
ORAM_POSITION_MAP, time = 270, ct = 1, bandwidth = 504
TOTAL, time = 2827, ct = 3, bandwidth = 42229
PIW_GEN_DPF, time = 80, ct = 5, bandwidth = 81
PIW_EVAL_DPF, time = 2, ct = 10, bandwidth = 0
PIW_ADD_DATA, time = 194, ct = 10, bandwidth = 0
PIW_GROUP_PREPARE, time = 1437, ct = 5, bandwidth = 14891
piw_others, time = 1113, ct = 0, bandwidth = 27257
2022-07-13 00:04:10.993806+09:00, duration: 0:00:03.404505
========== Benchmark end ==========

========== Benchmark start ==========
2022-07-13 00:04:10.993852+09:00
logn 13, data_size 32, tau 5, pdpf 5
KEY_TO_INDEX, time = 0, ct = 0, bandwidth = 0
ORAM_READ, time = 1603, ct = 1, bandwidth = 25840
ORAM_WRITE, time = 2665, ct = 1, bandwidth = 15956
ORAM_POSITION_MAP, time = 592, ct = 1, bandwidth = 532
TOTAL, time = 4829, ct = 3, bandwidth = 42329
PIW_GEN_DPF, time = 184, ct = 5, bandwidth = 117
PIW_EVAL_DPF, time = 3, ct = 10, bandwidth = 0
PIW_ADD_DATA, time = 336, ct = 10, bandwidth = 0
PIW_GROUP_PREPARE, time = 2177, ct = 5, bandwidth = 14891
piw_others, time = 2180, ct = 0, bandwidth = 27321
2022-07-13 00:04:14.702041+09:00, duration: 0:00:03.708189
========== Benchmark end ==========

========== Benchmark start ==========
2022-07-13 00:04:14.702134+09:00
logn 14, data_size 32, tau 5, pdpf 5
KEY_TO_INDEX, time = 0, ct = 0, bandwidth = 0
ORAM_READ, time = 1260, ct = 1, bandwidth = 25876
ORAM_WRITE, time = 2406, ct = 1, bandwidth = 15992
ORAM_POSITION_MAP, time = 330, ct = 1, bandwidth = 550
TOTAL, time = 3997, ct = 3, bandwidth = 42419
PIW_GEN_DPF, time = 102, ct = 5, bandwidth = 154
PIW_EVAL_DPF, time = 3, ct = 10, bandwidth = 0
PIW_ADD_DATA, time = 631, ct = 10, bandwidth = 0
PIW_GROUP_PREPARE, time = 1584, ct = 5, bandwidth = 14891
piw_others, time = 1679, ct = 0, bandwidth = 27374
2022-07-13 00:04:18.278333+09:00, duration: 0:00:03.576199
========== Benchmark end ==========

========== Benchmark start ==========
2022-07-13 00:04:18.278418+09:00
logn 15, data_size 32, tau 5, pdpf 5
KEY_TO_INDEX, time = 0, ct = 0, bandwidth = 0
ORAM_READ, time = 1548, ct = 1, bandwidth = 25912
ORAM_WRITE, time = 3157, ct = 1, bandwidth = 16028
ORAM_POSITION_MAP, time = 304, ct = 1, bandwidth = 563
TOTAL, time = 5011, ct = 3, bandwidth = 42504
PIW_GEN_DPF, time = 81, ct = 5, bandwidth = 192
PIW_EVAL_DPF, time = 4, ct = 10, bandwidth = 0
PIW_ADD_DATA, time = 1562, ct = 10, bandwidth = 0
PIW_GROUP_PREPARE, time = 1528, ct = 5, bandwidth = 14891
piw_others, time = 1813, ct = 0, bandwidth = 27421
2022-07-13 00:04:21.973547+09:00, duration: 0:00:03.695129
========== Benchmark end ==========

========== Benchmark start ==========
2022-07-13 00:04:21.973642+09:00
logn 16, data_size 32, tau 5, pdpf 5
KEY_TO_INDEX, time = 0, ct = 0, bandwidth = 0
ORAM_READ, time = 2409, ct = 1, bandwidth = 25948
ORAM_WRITE, time = 4727, ct = 1, bandwidth = 16064
ORAM_POSITION_MAP, time = 517, ct = 1, bandwidth = 902
TOTAL, time = 7654, ct = 3, bandwidth = 42915
PIW_GEN_DPF, time = 135, ct = 7, bandwidth = 297
PIW_EVAL_DPF, time = 8, ct = 14, bandwidth = 0
PIW_ADD_DATA, time = 3203, ct = 14, bandwidth = 0
PIW_GROUP_PREPARE, time = 1484, ct = 7, bandwidth = 14924
piw_others, time = 2855, ct = 0, bandwidth = 27694
2022-07-13 00:04:26.041893+09:00, duration: 0:00:04.068251
========== Benchmark end ==========

========== Benchmark start ==========
2022-07-13 00:04:26.042002+09:00
logn 17, data_size 32, tau 5, pdpf 5
KEY_TO_INDEX, time = 0, ct = 0, bandwidth = 0
ORAM_READ, time = 4199, ct = 1, bandwidth = 25984
ORAM_WRITE, time = 8048, ct = 1, bandwidth = 16100
ORAM_POSITION_MAP, time = 554, ct = 1, bandwidth = 1144
TOTAL, time = 12801, ct = 3, bandwidth = 43228
PIW_GEN_DPF, time = 136, ct = 7, bandwidth = 333
PIW_EVAL_DPF, time = 12, ct = 14, bandwidth = 0
PIW_ADD_DATA, time = 6524, ct = 14, bandwidth = 0
PIW_GROUP_PREPARE, time = 1488, ct = 7, bandwidth = 14957
piw_others, time = 4686, ct = 0, bandwidth = 27938
2022-07-13 00:04:30.825997+09:00, duration: 0:00:04.783995
========== Benchmark end ==========

========== Benchmark start ==========
2022-07-13 00:04:30.826068+09:00
logn 18, data_size 32, tau 5, pdpf 5
KEY_TO_INDEX, time = 0, ct = 0, bandwidth = 0
ORAM_READ, time = 7802, ct = 1, bandwidth = 26020
ORAM_WRITE, time = 14855, ct = 1, bandwidth = 16136
ORAM_POSITION_MAP, time = 579, ct = 1, bandwidth = 1244
TOTAL, time = 23237, ct = 3, bandwidth = 43401
PIW_GEN_DPF, time = 138, ct = 7, bandwidth = 405
PIW_EVAL_DPF, time = 23, ct = 14, bandwidth = 0
PIW_ADD_DATA, time = 13264, ct = 14, bandwidth = 0
PIW_GROUP_PREPARE, time = 1484, ct = 7, bandwidth = 14957
piw_others, time = 8415, ct = 0, bandwidth = 28039
2022-07-13 00:04:37.019487+09:00, duration: 0:00:06.193419
========== Benchmark end ==========

========== Benchmark start ==========
2022-07-13 00:04:37.020100+09:00
logn 19, data_size 32, tau 5, pdpf 5
KEY_TO_INDEX, time = 0, ct = 0, bandwidth = 0
ORAM_READ, time = 14639, ct = 1, bandwidth = 26056
ORAM_WRITE, time = 28153, ct = 1, bandwidth = 16172
ORAM_POSITION_MAP, time = 579, ct = 1, bandwidth = 1334
TOTAL, time = 43372, ct = 3, bandwidth = 43563
PIW_GEN_DPF, time = 119, ct = 7, bandwidth = 478
PIW_EVAL_DPF, time = 46, ct = 14, bandwidth = 0
PIW_ADD_DATA, time = 26547, ct = 14, bandwidth = 0
PIW_GROUP_PREPARE, time = 1505, ct = 7, bandwidth = 14957
piw_others, time = 15315, ct = 0, bandwidth = 28128
2022-07-13 00:04:45.957366+09:00, duration: 0:00:08.937266
========== Benchmark end ==========

========== Benchmark start ==========
2022-07-13 00:04:45.957414+09:00
logn 20, data_size 32, tau 5, pdpf 5
KEY_TO_INDEX, time = 0, ct = 0, bandwidth = 0
ORAM_READ, time = 28500, ct = 1, bandwidth = 26092
ORAM_WRITE, time = 55137, ct = 1, bandwidth = 16208
ORAM_POSITION_MAP, time = 631, ct = 1, bandwidth = 1644
TOTAL, time = 84268, ct = 3, bandwidth = 43944
PIW_GEN_DPF, time = 104, ct = 7, bandwidth = 552
PIW_EVAL_DPF, time = 83, ct = 14, bandwidth = 0
PIW_ADD_DATA, time = 53256, ct = 14, bandwidth = 0
PIW_GROUP_PREPARE, time = 1523, ct = 7, bandwidth = 14990
piw_others, time = 29565, ct = 0, bandwidth = 28402
2022-07-13 00:05:00.456408+09:00, duration: 0:00:14.498994
========== Benchmark end ==========

========== Benchmark start ==========
2022-07-13 00:05:00.456491+09:00
logn 21, data_size 32, tau 5, pdpf 5
KEY_TO_INDEX, time = 0, ct = 0, bandwidth = 0
ORAM_READ, time = 55318, ct = 1, bandwidth = 26128
ORAM_WRITE, time = 108761, ct = 1, bandwidth = 16244
ORAM_POSITION_MAP, time = 900, ct = 1, bandwidth = 2055
TOTAL, time = 164980, ct = 3, bandwidth = 44427
PIW_GEN_DPF, time = 142, ct = 9, bandwidth = 693
PIW_EVAL_DPF, time = 158, ct = 18, bandwidth = 0
PIW_ADD_DATA, time = 102075, ct = 18, bandwidth = 0
PIW_GROUP_PREPARE, time = 1535, ct = 9, bandwidth = 15023
piw_others, time = 61584, ct = 0, bandwidth = 28711
2022-07-13 00:05:25.835610+09:00, duration: 0:00:25.379119
========== Benchmark end ==========

========== Benchmark start ==========
2022-07-13 00:05:25.835709+09:00
logn 22, data_size 32, tau 5, pdpf 5
KEY_TO_INDEX, time = 0, ct = 0, bandwidth = 0
ORAM_READ, time = 108430, ct = 1, bandwidth = 26164
ORAM_WRITE, time = 214248, ct = 1, bandwidth = 16280
ORAM_POSITION_MAP, time = 1139, ct = 1, bandwidth = 2368
TOTAL, time = 323820, ct = 3, bandwidth = 44813
PIW_GEN_DPF, time = 161, ct = 9, bandwidth = 765
PIW_EVAL_DPF, time = 294, ct = 18, bandwidth = 0
PIW_ADD_DATA, time = 195670, ct = 18, bandwidth = 0
PIW_GROUP_PREPARE, time = 1559, ct = 9, bandwidth = 15056
piw_others, time = 127145, ct = 0, bandwidth = 28992
2022-07-13 00:06:12.671988+09:00, duration: 0:00:46.836279
========== Benchmark end ==========

========== Benchmark start ==========
2022-07-13 00:06:12.672109+09:00
logn 23, data_size 32, tau 5, pdpf 5
KEY_TO_INDEX, time = 0, ct = 0, bandwidth = 0
ORAM_READ, time = 214692, ct = 1, bandwidth = 26200
ORAM_WRITE, time = 423893, ct = 1, bandwidth = 16316
ORAM_POSITION_MAP, time = 1391, ct = 1, bandwidth = 2541
TOTAL, time = 639976, ct = 3, bandwidth = 45057
PIW_GEN_DPF, time = 174, ct = 9, bandwidth = 873
PIW_EVAL_DPF, time = 633, ct = 18, bandwidth = 0
PIW_ADD_DATA, time = 418948, ct = 18, bandwidth = 0
PIW_GROUP_PREPARE, time = 1557, ct = 9, bandwidth = 15056
piw_others, time = 221355, ct = 0, bandwidth = 29128
2022-07-13 00:07:42.290543+09:00, duration: 0:01:29.618434
========== Benchmark end ==========

========== Benchmark start ==========
2022-07-13 00:07:42.290645+09:00
logn 24, data_size 32, tau 5, pdpf 5
KEY_TO_INDEX, time = 0, ct = 0, bandwidth = 0
ORAM_READ, time = 425730, ct = 1, bandwidth = 26236
ORAM_WRITE, time = 845899, ct = 1, bandwidth = 16352
ORAM_POSITION_MAP, time = 1972, ct = 1, bandwidth = 2703
TOTAL, time = 1273602, ct = 3, bandwidth = 45291
PIW_GEN_DPF, time = 179, ct = 9, bandwidth = 982
PIW_EVAL_DPF, time = 1259, ct = 18, bandwidth = 0
PIW_ADD_DATA, time = 837698, ct = 18, bandwidth = 0
PIW_GROUP_PREPARE, time = 1568, ct = 9, bandwidth = 15056
piw_others, time = 436813, ct = 0, bandwidth = 29253
2022-07-13 00:10:37.443643+09:00, duration: 0:02:55.152998
========== Benchmark end ==========

========== Benchmark start ==========
2022-07-13 00:10:37.443746+09:00
logn 25, data_size 32, tau 5, pdpf 5
KEY_TO_INDEX, time = 0, ct = 0, bandwidth = 0
ORAM_READ, time = 851349, ct = 1, bandwidth = 26272
ORAM_WRITE, time = 1690014, ct = 1, bandwidth = 16388
ORAM_POSITION_MAP, time = 3079, ct = 1, bandwidth = 3084
TOTAL, time = 2544444, ct = 3, bandwidth = 45745
PIW_GEN_DPF, time = 185, ct = 9, bandwidth = 1092
PIW_EVAL_DPF, time = 2519, ct = 18, bandwidth = 0
PIW_ADD_DATA, time = 1667935, ct = 18, bandwidth = 0
PIW_GROUP_PREPARE, time = 1549, ct = 9, bandwidth = 15089
piw_others, time = 881728, ct = 0, bandwidth = 29564
2022-07-13 00:16:24.292362+09:00, duration: 0:05:46.848616
========== Benchmark end ==========

========== Benchmark start ==========
2022-07-13 00:16:24.292418+09:00
logn 26, data_size 32, tau 5, pdpf 5
KEY_TO_INDEX, time = 0, ct = 0, bandwidth = 0
ORAM_READ, time = 1699917, ct = 1, bandwidth = 26308
ORAM_WRITE, time = 3399800, ct = 1, bandwidth = 16424
ORAM_POSITION_MAP, time = 5792, ct = 1, bandwidth = 3567
TOTAL, time = 5105509, ct = 3, bandwidth = 46300
PIW_GEN_DPF, time = 209, ct = 11, bandwidth = 1269
PIW_EVAL_DPF, time = 5016, ct = 22, bandwidth = 0
PIW_ADD_DATA, time = 3341763, ct = 22, bandwidth = 0
PIW_GROUP_PREPARE, time = 1582, ct = 11, bandwidth = 15122
piw_others, time = 1752372, ct = 0, bandwidth = 29909
2022-07-13 00:27:56.145231+09:00, duration: 0:11:31.852813
========== Benchmark end ==========

========== Benchmark start ==========
2022-07-13 00:27:56.145313+09:00
logn 27, data_size 32, tau 5, pdpf 5
KEY_TO_INDEX, time = 0, ct = 0, bandwidth = 0
ORAM_READ, time = 3398356, ct = 1, bandwidth = 26344
ORAM_WRITE, time = 6757302, ct = 1, bandwidth = 16460
ORAM_POSITION_MAP, time = 11218, ct = 1, bandwidth = 3953
TOTAL, time = 10166872, ct = 3, bandwidth = 46758
PIW_GEN_DPF, time = 208, ct = 11, bandwidth = 1377
PIW_EVAL_DPF, time = 10222, ct = 22, bandwidth = 0
PIW_ADD_DATA, time = 6679905, ct = 22, bandwidth = 0
PIW_GROUP_PREPARE, time = 1597, ct = 11, bandwidth = 15155
piw_others, time = 3504881, ct = 0, bandwidth = 30226
2022-07-13 00:50:53.427173+09:00, duration: 0:22:57.281860
========== Benchmark end ==========

========== Benchmark start ==========
2022-07-13 00:50:53.427299+09:00
logn 28, data_size 32, tau 5, pdpf 5
Error
Pseudo DPF threshold 32
Connecting to 127.0.0.1:9001...
Connecting to 127.0.0.1:9000 done.

========== KEY_TO_INDEX ==========
KEY_TO_INDEX time
(1, 0.0)(2, 0.0)(3, 0.0)(4, 0.0)(5, 0.0)(6, 0.0)(7, 0.0)(8, 0.0)(9, 0.0)(10, 0.0)(11, 0.0)(12, 0.0)(13, 0.0)(14, 0.0)(15, 0.0)(16, 0.0)(17, 0.0)(18, 0.0)(19, 0.0)(20, 0.0)(21, 0.0)(22, 0.0)(23, 0.0)(24, 0.0)(25, 0.0)(26, 0.0)(27, 0.0)
KEY_TO_INDEX ct
(1, 0)(2, 0)(3, 0)(4, 0)(5, 0)(6, 0)(7, 0)(8, 0)(9, 0)(10, 0)(11, 0)(12, 0)(13, 0)(14, 0)(15, 0)(16, 0)(17, 0)(18, 0)(19, 0)(20, 0)(21, 0)(22, 0)(23, 0)(24, 0)(25, 0)(26, 0)(27, 0)
KEY_TO_INDEX bandwidth
(1, 0.0)(2, 0.0)(3, 0.0)(4, 0.0)(5, 0.0)(6, 0.0)(7, 0.0)(8, 0.0)(9, 0.0)(10, 0.0)(11, 0.0)(12, 0.0)(13, 0.0)(14, 0.0)(15, 0.0)(16, 0.0)(17, 0.0)(18, 0.0)(19, 0.0)(20, 0.0)(21, 0.0)(22, 0.0)(23, 0.0)(24, 0.0)(25, 0.0)(26, 0.0)(27, 0.0)


========== ORAM_READ ==========
ORAM_READ time
(1, 0.14)(2, 0.19)(3, 0.13)(4, 0.13)(5, 0.21)(6, 0.41)(7, 0.59)(8, 0.68)(9, 0.76)(10, 0.77)(11, 0.85)(12, 0.9)(13, 1.6)(14, 1.26)(15, 1.55)(16, 2.41)(17, 4.2)(18, 7.8)(19, 14.64)(20, 28.5)(21, 55.32)(22, 108.43)(23, 214.69)(24, 425.73)(25, 851.35)(26, 1699.92)(27, 3398.36)
ORAM_READ ct
(1, 1)(2, 1)(3, 1)(4, 1)(5, 1)(6, 1)(7, 1)(8, 1)(9, 1)(10, 1)(11, 1)(12, 1)(13, 1)(14, 1)(15, 1)(16, 1)(17, 1)(18, 1)(19, 1)(20, 1)(21, 1)(22, 1)(23, 1)(24, 1)(25, 1)(26, 1)(27, 1)
ORAM_READ bandwidth
(1, 1.35)(2, 1.35)(3, 1.35)(4, 1.35)(5, 1.35)(6, 13.64)(7, 19.79)(8, 22.74)(9, 24.22)(10, 24.96)(11, 25.54)(12, 25.8)(13, 25.84)(14, 25.88)(15, 25.91)(16, 25.95)(17, 25.98)(18, 26.02)(19, 26.06)(20, 26.09)(21, 26.13)(22, 26.16)(23, 26.2)(24, 26.24)(25, 26.27)(26, 26.31)(27, 26.34)


========== ORAM_WRITE ==========
ORAM_WRITE time
(1, 0.41)(2, 0.57)(3, 0.44)(4, 0.43)(5, 0.6)(6, 1.43)(7, 1.44)(8, 1.45)(9, 1.5)(10, 1.52)(11, 1.55)(12, 1.66)(13, 2.67)(14, 2.41)(15, 3.16)(16, 4.73)(17, 8.05)(18, 14.86)(19, 28.15)(20, 55.14)(21, 108.76)(22, 214.25)(23, 423.89)(24, 845.9)(25, 1690.01)(26, 3399.8)(27, 6757.3)
ORAM_WRITE ct
(1, 1)(2, 1)(3, 1)(4, 1)(5, 1)(6, 1)(7, 1)(8, 1)(9, 1)(10, 1)(11, 1)(12, 1)(13, 1)(14, 1)(15, 1)(16, 1)(17, 1)(18, 1)(19, 1)(20, 1)(21, 1)(22, 1)(23, 1)(24, 1)(25, 1)(26, 1)(27, 1)
ORAM_WRITE bandwidth
(1, 0.47)(2, 0.47)(3, 0.47)(4, 0.47)(5, 0.47)(6, 16.88)(7, 16.88)(8, 16.84)(9, 16.84)(10, 16.84)(11, 16.57)(12, 15.92)(13, 15.96)(14, 15.99)(15, 16.03)(16, 16.06)(17, 16.1)(18, 16.14)(19, 16.17)(20, 16.21)(21, 16.24)(22, 16.28)(23, 16.32)(24, 16.35)(25, 16.39)(26, 16.42)(27, 16.46)


========== ORAM_POSITION_MAP ==========
ORAM_POSITION_MAP time
(1, 0.0)(2, 0.0)(3, 0.0)(4, 0.0)(5, 0.0)(6, 0.07)(7, 0.07)(8, 0.07)(9, 0.08)(10, 0.08)(11, 0.25)(12, 0.27)(13, 0.59)(14, 0.33)(15, 0.3)(16, 0.52)(17, 0.55)(18, 0.58)(19, 0.58)(20, 0.63)(21, 0.9)(22, 1.14)(23, 1.39)(24, 1.97)(25, 3.08)(26, 5.79)(27, 11.22)
ORAM_POSITION_MAP ct
(1, 0)(2, 0)(3, 0)(4, 0)(5, 0)(6, 1)(7, 1)(8, 1)(9, 1)(10, 1)(11, 1)(12, 1)(13, 1)(14, 1)(15, 1)(16, 1)(17, 1)(18, 1)(19, 1)(20, 1)(21, 1)(22, 1)(23, 1)(24, 1)(25, 1)(26, 1)(27, 1)
ORAM_POSITION_MAP bandwidth
(1, 0.0)(2, 0.0)(3, 0.0)(4, 0.0)(5, 0.0)(6, 0.04)(7, 0.04)(8, 0.04)(9, 0.04)(10, 0.04)(11, 0.25)(12, 0.5)(13, 0.53)(14, 0.55)(15, 0.56)(16, 0.9)(17, 1.14)(18, 1.24)(19, 1.33)(20, 1.64)(21, 2.06)(22, 2.37)(23, 2.54)(24, 2.7)(25, 3.08)(26, 3.57)(27, 3.95)


========== TOTAL ==========
TOTAL time
(1, 0.54)(2, 0.76)(3, 0.57)(4, 0.55)(5, 0.82)(6, 1.92)(7, 2.11)(8, 2.2)(9, 2.33)(10, 2.37)(11, 2.66)(12, 2.83)(13, 4.83)(14, 4.0)(15, 5.01)(16, 7.65)(17, 12.8)(18, 23.24)(19, 43.37)(20, 84.27)(21, 164.98)(22, 323.82)(23, 639.98)(24, 1273.6)(25, 2544.44)(26, 5105.51)(27, 10166.87)
TOTAL ct
(1, 2)(2, 2)(3, 2)(4, 2)(5, 2)(6, 3)(7, 3)(8, 3)(9, 3)(10, 3)(11, 3)(12, 3)(13, 3)(14, 3)(15, 3)(16, 3)(17, 3)(18, 3)(19, 3)(20, 3)(21, 3)(22, 3)(23, 3)(24, 3)(25, 3)(26, 3)(27, 3)
TOTAL bandwidth
(1, 1.82)(2, 1.82)(3, 1.82)(4, 1.82)(5, 1.82)(6, 30.56)(7, 36.71)(8, 39.62)(9, 41.1)(10, 41.84)(11, 42.36)(12, 42.23)(13, 42.33)(14, 42.42)(15, 42.5)(16, 42.91)(17, 43.23)(18, 43.4)(19, 43.56)(20, 43.94)(21, 44.43)(22, 44.81)(23, 45.06)(24, 45.29)(25, 45.74)(26, 46.3)(27, 46.76)


========== PIW_GEN_DPF ==========
PIW_GEN_DPF time
(1, 0.02)(2, 0.02)(3, 0.01)(4, 0.01)(5, 0.02)(6, 0.04)(7, 0.04)(8, 0.04)(9, 0.05)(10, 0.03)(11, 0.08)(12, 0.08)(13, 0.18)(14, 0.1)(15, 0.08)(16, 0.14)(17, 0.14)(18, 0.14)(19, 0.12)(20, 0.1)(21, 0.14)(22, 0.16)(23, 0.17)(24, 0.18)(25, 0.18)(26, 0.21)(27, 0.21)
PIW_GEN_DPF ct
(1, 1)(2, 1)(3, 1)(4, 1)(5, 1)(6, 3)(7, 3)(8, 3)(9, 3)(10, 3)(11, 5)(12, 5)(13, 5)(14, 5)(15, 5)(16, 7)(17, 7)(18, 7)(19, 7)(20, 7)(21, 9)(22, 9)(23, 9)(24, 9)(25, 9)(26, 11)(27, 11)
PIW_GEN_DPF bandwidth
(1, 0.0)(2, 0.0)(3, 0.0)(4, 0.0)(5, 0.0)(6, 0.01)(7, 0.01)(8, 0.01)(9, 0.01)(10, 0.01)(11, 0.08)(12, 0.08)(13, 0.12)(14, 0.15)(15, 0.19)(16, 0.3)(17, 0.33)(18, 0.41)(19, 0.48)(20, 0.55)(21, 0.69)(22, 0.77)(23, 0.87)(24, 0.98)(25, 1.09)(26, 1.27)(27, 1.38)


========== PIW_EVAL_DPF ==========
PIW_EVAL_DPF time
(1, 0.0)(2, 0.0)(3, 0.0)(4, 0.0)(5, 0.0)(6, 0.0)(7, 0.0)(8, 0.0)(9, 0.0)(10, 0.0)(11, 0.0)(12, 0.0)(13, 0.0)(14, 0.0)(15, 0.0)(16, 0.01)(17, 0.01)(18, 0.02)(19, 0.05)(20, 0.08)(21, 0.16)(22, 0.29)(23, 0.63)(24, 1.26)(25, 2.52)(26, 5.02)(27, 10.22)
PIW_EVAL_DPF ct
(1, 2)(2, 2)(3, 2)(4, 2)(5, 2)(6, 6)(7, 6)(8, 6)(9, 6)(10, 6)(11, 10)(12, 10)(13, 10)(14, 10)(15, 10)(16, 14)(17, 14)(18, 14)(19, 14)(20, 14)(21, 18)(22, 18)(23, 18)(24, 18)(25, 18)(26, 22)(27, 22)
PIW_EVAL_DPF bandwidth
(1, 0.0)(2, 0.0)(3, 0.0)(4, 0.0)(5, 0.0)(6, 0.0)(7, 0.0)(8, 0.0)(9, 0.0)(10, 0.0)(11, 0.0)(12, 0.0)(13, 0.0)(14, 0.0)(15, 0.0)(16, 0.0)(17, 0.0)(18, 0.0)(19, 0.0)(20, 0.0)(21, 0.0)(22, 0.0)(23, 0.0)(24, 0.0)(25, 0.0)(26, 0.0)(27, 0.0)


========== PIW_ADD_DATA ==========
PIW_ADD_DATA time
(1, 0.0)(2, 0.0)(3, 0.0)(4, 0.0)(5, 0.0)(6, 0.01)(7, 0.01)(8, 0.01)(9, 0.02)(10, 0.05)(11, 0.1)(12, 0.19)(13, 0.34)(14, 0.63)(15, 1.56)(16, 3.2)(17, 6.52)(18, 13.26)(19, 26.55)(20, 53.26)(21, 102.08)(22, 195.67)(23, 418.95)(24, 837.7)(25, 1667.93)(26, 3341.76)(27, 6679.9)
PIW_ADD_DATA ct
(1, 2)(2, 2)(3, 2)(4, 2)(5, 2)(6, 6)(7, 6)(8, 6)(9, 6)(10, 6)(11, 10)(12, 10)(13, 10)(14, 10)(15, 10)(16, 14)(17, 14)(18, 14)(19, 14)(20, 14)(21, 18)(22, 18)(23, 18)(24, 18)(25, 18)(26, 22)(27, 22)
PIW_ADD_DATA bandwidth
(1, 0.0)(2, 0.0)(3, 0.0)(4, 0.0)(5, 0.0)(6, 0.0)(7, 0.0)(8, 0.0)(9, 0.0)(10, 0.0)(11, 0.0)(12, 0.0)(13, 0.0)(14, 0.0)(15, 0.0)(16, 0.0)(17, 0.0)(18, 0.0)(19, 0.0)(20, 0.0)(21, 0.0)(22, 0.0)(23, 0.0)(24, 0.0)(25, 0.0)(26, 0.0)(27, 0.0)


========== PIW_GROUP_PREPARE ==========
PIW_GROUP_PREPARE time
(1, 0.39)(2, 0.54)(3, 0.42)(4, 0.41)(5, 0.56)(6, 1.38)(7, 1.38)(8, 1.39)(9, 1.41)(10, 1.41)(11, 1.42)(12, 1.44)(13, 2.18)(14, 1.58)(15, 1.53)(16, 1.48)(17, 1.49)(18, 1.48)(19, 1.5)(20, 1.52)(21, 1.53)(22, 1.56)(23, 1.56)(24, 1.57)(25, 1.55)(26, 1.58)(27, 1.6)
PIW_GROUP_PREPARE ct
(1, 1)(2, 1)(3, 1)(4, 1)(5, 1)(6, 3)(7, 3)(8, 3)(9, 3)(10, 3)(11, 5)(12, 5)(13, 5)(14, 5)(15, 5)(16, 7)(17, 7)(18, 7)(19, 7)(20, 7)(21, 9)(22, 9)(23, 9)(24, 9)(25, 9)(26, 11)(27, 11)
PIW_GROUP_PREPARE bandwidth
(1, 0.47)(2, 0.47)(3, 0.47)(4, 0.47)(5, 0.47)(6, 14.82)(7, 14.82)(8, 14.82)(9, 14.82)(10, 14.82)(11, 14.86)(12, 14.89)(13, 14.89)(14, 14.89)(15, 14.89)(16, 14.92)(17, 14.96)(18, 14.96)(19, 14.96)(20, 14.99)(21, 15.02)(22, 15.06)(23, 15.06)(24, 15.06)(25, 15.09)(26, 15.12)(27, 15.15)


========== piw_others ==========
piw_others time
(1, 0.14)(2, 0.19)(3, 0.13)(4, 0.13)(5, 0.21)(6, 0.5)(7, 0.69)(8, 0.76)(9, 0.85)(10, 0.88)(11, 1.06)(12, 1.11)(13, 2.18)(14, 1.68)(15, 1.81)(16, 2.85)(17, 4.69)(18, 8.41)(19, 15.31)(20, 29.57)(21, 61.58)(22, 127.14)(23, 221.35)(24, 436.81)(25, 881.73)(26, 1752.37)(27, 3504.88)
piw_others ct
(1, 0)(2, 0)(3, 0)(4, 0)(5, 0)(6, 0)(7, 0)(8, 0)(9, 0)(10, 0)(11, 0)(12, 0)(13, 0)(14, 0)(15, 0)(16, 0)(17, 0)(18, 0)(19, 0)(20, 0)(21, 0)(22, 0)(23, 0)(24, 0)(25, 0)(26, 0)(27, 0)
piw_others bandwidth
(1, 1.35)(2, 1.35)(3, 1.35)(4, 1.35)(5, 1.35)(6, 15.73)(7, 21.88)(8, 24.79)(9, 26.26)(10, 27.0)(11, 27.42)(12, 27.26)(13, 27.32)(14, 27.37)(15, 27.42)(16, 27.69)(17, 27.94)(18, 28.04)(19, 28.13)(20, 28.4)(21, 28.71)(22, 28.99)(23, 29.13)(24, 29.25)(25, 29.56)(26, 29.91)(27, 30.23)


