========== Benchmark start ==========
2022-06-23 16:11:45.930090+09:00
logn 1, data_size 4, tau 5, pdpf 5
KEY_TO_INDEX, time = 65, ct = 1, bandwidth = 462
ORAM_READ, time = 83, ct = 1, bandwidth = 132
ORAM_WRITE, time = 42, ct = 1, bandwidth = 8
ORAM_POSITION_MAP, time = 0, ct = 0, bandwidth = 0
TOTAL, time = 191, ct = 3, bandwidth = 602
KEY_VALUE_PREPARE, time = 5, ct = 2, bandwidth = 0
KEY_VALUE_DPF_GEN, time = 13, ct = 0, bandwidth = 458
KEY_VALUE_DPF_EVAL, time = 22, ct = 0, bandwidth = 0
KEY_VALUE_ADD_INDEX, time = 5, ct = 0, bandwidth = 0
KEY_VALUE_SHARE_TWO_THIRD, time = 16, ct = 1, bandwidth = 4
KEY_VALUE_SHARE_TWO_THIRD_DEBUG, time = 12, ct = 1, bandwidth = 0
key_value_others, time = 61489146912365158, ct = 0, bandwidth = 0
2022-06-23 16:11:51.340867+09:00, duration: 0:00:05.410777
========== Benchmark end ==========

========== Benchmark start ==========
2022-06-23 16:11:51.340907+09:00
logn 2, data_size 4, tau 5, pdpf 5
KEY_TO_INDEX, time = 77, ct = 1, bandwidth = 462
ORAM_READ, time = 95, ct = 1, bandwidth = 132
ORAM_WRITE, time = 48, ct = 1, bandwidth = 8
ORAM_POSITION_MAP, time = 0, ct = 0, bandwidth = 0
TOTAL, time = 221, ct = 3, bandwidth = 602
KEY_VALUE_PREPARE, time = 6, ct = 2, bandwidth = 0
KEY_VALUE_DPF_GEN, time = 13, ct = 0, bandwidth = 458
KEY_VALUE_DPF_EVAL, time = 16, ct = 0, bandwidth = 0
KEY_VALUE_ADD_INDEX, time = 11, ct = 0, bandwidth = 0
KEY_VALUE_SHARE_TWO_THIRD, time = 27, ct = 1, bandwidth = 4
KEY_VALUE_SHARE_TWO_THIRD_DEBUG, time = 19, ct = 1, bandwidth = 0
key_value_others, time = 61489146912365148, ct = 0, bandwidth = 0
2022-06-23 16:11:54.403396+09:00, duration: 0:00:03.062489
========== Benchmark end ==========

========== Benchmark start ==========
2022-06-23 16:11:54.403426+09:00
logn 3, data_size 4, tau 5, pdpf 5
KEY_TO_INDEX, time = 85, ct = 1, bandwidth = 462
ORAM_READ, time = 73, ct = 1, bandwidth = 132
ORAM_WRITE, time = 35, ct = 1, bandwidth = 8
ORAM_POSITION_MAP, time = 0, ct = 0, bandwidth = 0
TOTAL, time = 194, ct = 3, bandwidth = 602
KEY_VALUE_PREPARE, time = 10, ct = 2, bandwidth = 0
KEY_VALUE_DPF_GEN, time = 11, ct = 0, bandwidth = 458
KEY_VALUE_DPF_EVAL, time = 11, ct = 0, bandwidth = 0
KEY_VALUE_ADD_INDEX, time = 25, ct = 0, bandwidth = 0
KEY_VALUE_SHARE_TWO_THIRD, time = 24, ct = 1, bandwidth = 4
KEY_VALUE_SHARE_TWO_THIRD_DEBUG, time = 20, ct = 1, bandwidth = 0
key_value_others, time = 61489146912365148, ct = 0, bandwidth = 0
2022-06-23 16:11:57.456003+09:00, duration: 0:00:03.052577
========== Benchmark end ==========

========== Benchmark start ==========
2022-06-23 16:11:57.456032+09:00
logn 4, data_size 4, tau 5, pdpf 5
KEY_TO_INDEX, time = 132, ct = 1, bandwidth = 462
ORAM_READ, time = 74, ct = 1, bandwidth = 132
ORAM_WRITE, time = 51, ct = 1, bandwidth = 8
ORAM_POSITION_MAP, time = 0, ct = 0, bandwidth = 0
TOTAL, time = 258, ct = 3, bandwidth = 602
KEY_VALUE_PREPARE, time = 21, ct = 2, bandwidth = 0
KEY_VALUE_DPF_GEN, time = 10, ct = 0, bandwidth = 458
KEY_VALUE_DPF_EVAL, time = 6, ct = 0, bandwidth = 0
KEY_VALUE_ADD_INDEX, time = 50, ct = 0, bandwidth = 0
KEY_VALUE_SHARE_TWO_THIRD, time = 41, ct = 1, bandwidth = 4
KEY_VALUE_SHARE_TWO_THIRD_DEBUG, time = 37, ct = 1, bandwidth = 0
key_value_others, time = 61489146912365137, ct = 0, bandwidth = 0
2022-06-23 16:12:00.519187+09:00, duration: 0:00:03.063155
========== Benchmark end ==========

========== Benchmark start ==========
2022-06-23 16:12:00.519220+09:00
logn 5, data_size 4, tau 5, pdpf 5
KEY_TO_INDEX, time = 238, ct = 1, bandwidth = 462
ORAM_READ, time = 77, ct = 1, bandwidth = 132
ORAM_WRITE, time = 41, ct = 1, bandwidth = 8
ORAM_POSITION_MAP, time = 0, ct = 0, bandwidth = 0
TOTAL, time = 356, ct = 3, bandwidth = 602
KEY_VALUE_PREPARE, time = 40, ct = 2, bandwidth = 0
KEY_VALUE_DPF_GEN, time = 10, ct = 0, bandwidth = 458
KEY_VALUE_DPF_EVAL, time = 5, ct = 0, bandwidth = 0
KEY_VALUE_ADD_INDEX, time = 99, ct = 0, bandwidth = 0
KEY_VALUE_SHARE_TWO_THIRD, time = 79, ct = 1, bandwidth = 4
KEY_VALUE_SHARE_TWO_THIRD_DEBUG, time = 74, ct = 1, bandwidth = 0
key_value_others, time = 61489146912365107, ct = 0, bandwidth = 0
2022-06-23 16:12:03.602351+09:00, duration: 0:00:03.083131
========== Benchmark end ==========

========== Benchmark start ==========
2022-06-23 16:12:03.602390+09:00
logn 6, data_size 4, tau 5, pdpf 5
KEY_TO_INDEX, time = 450, ct = 1, bandwidth = 462
ORAM_READ, time = 121, ct = 1, bandwidth = 305
ORAM_WRITE, time = 82, ct = 1, bandwidth = 393
ORAM_POSITION_MAP, time = 119, ct = 1, bandwidth = 42
TOTAL, time = 772, ct = 4, bandwidth = 1202
KEY_VALUE_PREPARE, time = 81, ct = 2, bandwidth = 0
KEY_VALUE_DPF_GEN, time = 10, ct = 0, bandwidth = 458
KEY_VALUE_DPF_EVAL, time = 5, ct = 0, bandwidth = 0
KEY_VALUE_ADD_INDEX, time = 199, ct = 0, bandwidth = 0
KEY_VALUE_SHARE_TWO_THIRD, time = 148, ct = 1, bandwidth = 4
KEY_VALUE_SHARE_TWO_THIRD_DEBUG, time = 143, ct = 1, bandwidth = 0
key_value_others, time = 61489146912365035, ct = 0, bandwidth = 0
2022-06-23 16:12:06.761875+09:00, duration: 0:00:03.159485
========== Benchmark end ==========

========== Benchmark start ==========
2022-06-23 16:12:06.761907+09:00
logn 7, data_size 4, tau 5, pdpf 5
KEY_TO_INDEX, time = 719, ct = 1, bandwidth = 462
ORAM_READ, time = 145, ct = 1, bandwidth = 391
ORAM_WRITE, time = 79, ct = 1, bandwidth = 393
ORAM_POSITION_MAP, time = 124, ct = 1, bandwidth = 42
TOTAL, time = 1069, ct = 4, bandwidth = 1289
KEY_VALUE_PREPARE, time = 132, ct = 2, bandwidth = 0
KEY_VALUE_DPF_GEN, time = 13, ct = 0, bandwidth = 458
KEY_VALUE_DPF_EVAL, time = 4, ct = 0, bandwidth = 0
KEY_VALUE_ADD_INDEX, time = 326, ct = 0, bandwidth = 0
KEY_VALUE_SHARE_TWO_THIRD, time = 237, ct = 1, bandwidth = 4
KEY_VALUE_SHARE_TWO_THIRD_DEBUG, time = 232, ct = 1, bandwidth = 0
key_value_others, time = 61489146912364943, ct = 0, bandwidth = 0
2022-06-23 16:12:09.980069+09:00, duration: 0:00:03.218162
========== Benchmark end ==========

========== Benchmark start ==========
2022-06-23 16:12:09.980113+09:00
logn 8, data_size 4, tau 5, pdpf 5
KEY_TO_INDEX, time = 1250, ct = 1, bandwidth = 462
ORAM_READ, time = 165, ct = 1, bandwidth = 433
ORAM_WRITE, time = 92, ct = 1, bandwidth = 387
ORAM_POSITION_MAP, time = 142, ct = 1, bandwidth = 42
TOTAL, time = 1651, ct = 4, bandwidth = 1325
KEY_VALUE_PREPARE, time = 218, ct = 2, bandwidth = 0
KEY_VALUE_DPF_GEN, time = 13, ct = 0, bandwidth = 458
KEY_VALUE_DPF_EVAL, time = 3, ct = 0, bandwidth = 0
KEY_VALUE_ADD_INDEX, time = 583, ct = 0, bandwidth = 0
KEY_VALUE_SHARE_TWO_THIRD, time = 422, ct = 1, bandwidth = 4
KEY_VALUE_SHARE_TWO_THIRD_DEBUG, time = 415, ct = 1, bandwidth = 0
key_value_others, time = 61489146912364759, ct = 0, bandwidth = 0
2022-06-23 16:12:13.321038+09:00, duration: 0:00:03.340925
========== Benchmark end ==========

========== Benchmark start ==========
2022-06-23 16:12:13.321098+09:00
logn 9, data_size 4, tau 5, pdpf 5
KEY_TO_INDEX, time = 2450, ct = 1, bandwidth = 462
ORAM_READ, time = 189, ct = 1, bandwidth = 455
ORAM_WRITE, time = 79, ct = 1, bandwidth = 388
ORAM_POSITION_MAP, time = 123, ct = 1, bandwidth = 42
TOTAL, time = 2843, ct = 4, bandwidth = 1348
KEY_VALUE_PREPARE, time = 440, ct = 2, bandwidth = 0
KEY_VALUE_DPF_GEN, time = 14, ct = 0, bandwidth = 458
KEY_VALUE_DPF_EVAL, time = 3, ct = 0, bandwidth = 0
KEY_VALUE_ADD_INDEX, time = 1160, ct = 0, bandwidth = 0
KEY_VALUE_SHARE_TWO_THIRD, time = 815, ct = 1, bandwidth = 4
KEY_VALUE_SHARE_TWO_THIRD_DEBUG, time = 809, ct = 1, bandwidth = 0
key_value_others, time = 61489146912364380, ct = 0, bandwidth = 0
2022-06-23 16:12:16.895556+09:00, duration: 0:00:03.574458
========== Benchmark end ==========

========== Benchmark start ==========
2022-06-23 16:12:16.895641+09:00
logn 10, data_size 4, tau 5, pdpf 5
KEY_TO_INDEX, time = 4947, ct = 1, bandwidth = 462
ORAM_READ, time = 177, ct = 1, bandwidth = 468
ORAM_WRITE, time = 89, ct = 1, bandwidth = 390
ORAM_POSITION_MAP, time = 126, ct = 1, bandwidth = 42
TOTAL, time = 5340, ct = 4, bandwidth = 1364
KEY_VALUE_PREPARE, time = 895, ct = 2, bandwidth = 0
KEY_VALUE_DPF_GEN, time = 13, ct = 0, bandwidth = 458
KEY_VALUE_DPF_EVAL, time = 4, ct = 0, bandwidth = 0
KEY_VALUE_ADD_INDEX, time = 2349, ct = 0, bandwidth = 0
KEY_VALUE_SHARE_TWO_THIRD, time = 1654, ct = 1, bandwidth = 4
KEY_VALUE_SHARE_TWO_THIRD_DEBUG, time = 1646, ct = 1, bandwidth = 0
key_value_others, time = 61489146912363550, ct = 0, bandwidth = 0
2022-06-23 16:12:20.976345+09:00, duration: 0:00:04.080704
========== Benchmark end ==========

========== Benchmark start ==========
2022-06-23 16:12:20.976384+09:00
logn 11, data_size 4, tau 5, pdpf 5
KEY_TO_INDEX, time = 9564, ct = 1, bandwidth = 462
ORAM_READ, time = 183, ct = 1, bandwidth = 561
ORAM_WRITE, time = 88, ct = 1, bandwidth = 413
ORAM_POSITION_MAP, time = 331, ct = 1, bandwidth = 226
TOTAL, time = 10167, ct = 4, bandwidth = 1664
KEY_VALUE_PREPARE, time = 1717, ct = 2, bandwidth = 0
KEY_VALUE_DPF_GEN, time = 14, ct = 0, bandwidth = 458
KEY_VALUE_DPF_EVAL, time = 4, ct = 0, bandwidth = 0
KEY_VALUE_ADD_INDEX, time = 4574, ct = 0, bandwidth = 0
KEY_VALUE_SHARE_TWO_THIRD, time = 3199, ct = 1, bandwidth = 4
KEY_VALUE_SHARE_TWO_THIRD_DEBUG, time = 3192, ct = 1, bandwidth = 0
key_value_others, time = 61489146912362035, ct = 0, bandwidth = 0
2022-06-23 16:12:26.017145+09:00, duration: 0:00:05.040761
========== Benchmark end ==========

========== Benchmark start ==========
2022-06-23 16:12:26.017227+09:00
logn 12, data_size 4, tau 5, pdpf 5
KEY_TO_INDEX, time = 19267, ct = 1, bandwidth = 462
ORAM_READ, time = 214, ct = 1, bandwidth = 586
ORAM_WRITE, time = 98, ct = 1, bandwidth = 332
ORAM_POSITION_MAP, time = 384, ct = 1, bandwidth = 442
TOTAL, time = 19965, ct = 4, bandwidth = 1824
KEY_VALUE_PREPARE, time = 3426, ct = 2, bandwidth = 0
KEY_VALUE_DPF_GEN, time = 14, ct = 0, bandwidth = 458
KEY_VALUE_DPF_EVAL, time = 5, ct = 0, bandwidth = 0
KEY_VALUE_ADD_INDEX, time = 9256, ct = 0, bandwidth = 0
KEY_VALUE_SHARE_TWO_THIRD, time = 6434, ct = 1, bandwidth = 4
KEY_VALUE_SHARE_TWO_THIRD_DEBUG, time = 6426, ct = 1, bandwidth = 0
key_value_others, time = 61489146912358881, ct = 0, bandwidth = 0
2022-06-23 16:12:33.027404+09:00, duration: 0:00:07.010177
========== Benchmark end ==========

========== Benchmark start ==========
2022-06-23 16:12:33.027489+09:00
logn 13, data_size 4, tau 5, pdpf 5
KEY_TO_INDEX, time = 38279, ct = 1, bandwidth = 462
ORAM_READ, time = 234, ct = 1, bandwidth = 622
ORAM_WRITE, time = 116, ct = 1, bandwidth = 368
ORAM_POSITION_MAP, time = 471, ct = 1, bandwidth = 460
TOTAL, time = 39101, ct = 4, bandwidth = 1914
KEY_VALUE_PREPARE, time = 6799, ct = 2, bandwidth = 0
KEY_VALUE_DPF_GEN, time = 14, ct = 0, bandwidth = 458
KEY_VALUE_DPF_EVAL, time = 5, ct = 0, bandwidth = 0
KEY_VALUE_ADD_INDEX, time = 18384, ct = 0, bandwidth = 0
KEY_VALUE_SHARE_TWO_THIRD, time = 12787, ct = 1, bandwidth = 4
KEY_VALUE_SHARE_TWO_THIRD_DEBUG, time = 12776, ct = 1, bandwidth = 0
key_value_others, time = 61489146912352686, ct = 0, bandwidth = 0
2022-06-23 16:12:43.892965+09:00, duration: 0:00:10.865476
========== Benchmark end ==========

========== Benchmark start ==========
2022-06-23 16:12:43.893008+09:00
logn 14, data_size 4, tau 5, pdpf 5
KEY_TO_INDEX, time = 77270, ct = 1, bandwidth = 462
ORAM_READ, time = 300, ct = 1, bandwidth = 658
ORAM_WRITE, time = 173, ct = 1, bandwidth = 404
ORAM_POSITION_MAP, time = 645, ct = 1, bandwidth = 473
TOTAL, time = 78390, ct = 4, bandwidth = 1999
KEY_VALUE_PREPARE, time = 13830, ct = 2, bandwidth = 0
KEY_VALUE_DPF_GEN, time = 14, ct = 0, bandwidth = 458
KEY_VALUE_DPF_EVAL, time = 4, ct = 0, bandwidth = 0
KEY_VALUE_ADD_INDEX, time = 36952, ct = 0, bandwidth = 0
KEY_VALUE_SHARE_TWO_THIRD, time = 25811, ct = 1, bandwidth = 4
KEY_VALUE_SHARE_TWO_THIRD_DEBUG, time = 25796, ct = 1, bandwidth = 0
key_value_others, time = 61489146912340039, ct = 0, bandwidth = 0
2022-06-23 16:13:02.635982+09:00, duration: 0:00:18.742974
========== Benchmark end ==========

========== Benchmark start ==========
2022-06-23 16:13:02.636055+09:00
logn 15, data_size 4, tau 5, pdpf 5
KEY_TO_INDEX, time = 155651, ct = 1, bandwidth = 462
ORAM_READ, time = 382, ct = 1, bandwidth = 694
ORAM_WRITE, time = 230, ct = 1, bandwidth = 440
ORAM_POSITION_MAP, time = 1144, ct = 1, bandwidth = 484
TOTAL, time = 157408, ct = 4, bandwidth = 2082
KEY_VALUE_PREPARE, time = 27796, ct = 2, bandwidth = 0
KEY_VALUE_DPF_GEN, time = 15, ct = 0, bandwidth = 458
KEY_VALUE_DPF_EVAL, time = 7, ct = 0, bandwidth = 0
KEY_VALUE_ADD_INDEX, time = 74267, ct = 0, bandwidth = 0
KEY_VALUE_SHARE_TWO_THIRD, time = 51999, ct = 1, bandwidth = 4
KEY_VALUE_SHARE_TWO_THIRD_DEBUG, time = 51979, ct = 1, bandwidth = 0
key_value_others, time = 61489146912314757, ct = 0, bandwidth = 0
2022-06-23 16:13:37.238523+09:00, duration: 0:00:34.602468
========== Benchmark end ==========

========== Benchmark start ==========
2022-06-23 16:13:37.238567+09:00
logn 16, data_size 4, tau 5, pdpf 5
KEY_TO_INDEX, time = 271085, ct = 1, bandwidth = 462
ORAM_READ, time = 717, ct = 1, bandwidth = 730
ORAM_WRITE, time = 420, ct = 1, bandwidth = 476
ORAM_POSITION_MAP, time = 3649, ct = 1, bandwidth = 801
TOTAL, time = 275873, ct = 4, bandwidth = 2471
KEY_VALUE_PREPARE, time = 59299, ct = 2, bandwidth = 0
KEY_VALUE_DPF_GEN, time = 14, ct = 0, bandwidth = 458
KEY_VALUE_DPF_EVAL, time = 101419, ct = 0, bandwidth = 0
KEY_VALUE_ADD_INDEX, time = 15489, ct = 0, bandwidth = 0
KEY_VALUE_SHARE_TWO_THIRD, time = 90561, ct = 1, bandwidth = 4
KEY_VALUE_SHARE_TWO_THIRD_DEBUG, time = 90529, ct = 1, bandwidth = 0
key_value_others, time = 61489146912278947, ct = 0, bandwidth = 0
2022-06-23 16:14:35.695743+09:00, duration: 0:00:58.457176
========== Benchmark end ==========

========== Benchmark start ==========
2022-06-23 16:14:35.695812+09:00
logn 17, data_size 4, tau 5, pdpf 5
KEY_TO_INDEX, time = 435771, ct = 1, bandwidth = 462
ORAM_READ, time = 2783, ct = 1, bandwidth = 766
ORAM_WRITE, time = 784, ct = 1, bandwidth = 512
ORAM_POSITION_MAP, time = 14350, ct = 1, bandwidth = 1000
TOTAL, time = 453690, ct = 4, bandwidth = 2742
KEY_VALUE_PREPARE, time = 134389, ct = 2, bandwidth = 0
KEY_VALUE_DPF_GEN, time = 14, ct = 0, bandwidth = 458
KEY_VALUE_DPF_EVAL, time = 101308, ct = 0, bandwidth = 0
KEY_VALUE_ADD_INDEX, time = 37909, ct = 0, bandwidth = 0
KEY_VALUE_SHARE_TWO_THIRD, time = 145734, ct = 1, bandwidth = 4
KEY_VALUE_SHARE_TWO_THIRD_DEBUG, time = 145700, ct = 1, bandwidth = 0
key_value_others, time = 61489146912235888, ct = 0, bandwidth = 0
2022-06-23 16:16:10.117402+09:00, duration: 0:01:34.421590
========== Benchmark end ==========

========== Benchmark start ==========
2022-06-23 16:16:10.117500+09:00
logn 18, data_size 4, tau 5, pdpf 5
KEY_TO_INDEX, time = 802206, ct = 1, bandwidth = 462
ORAM_READ, time = 14988, ct = 1, bandwidth = 802
ORAM_WRITE, time = 1820, ct = 1, bandwidth = 548
ORAM_POSITION_MAP, time = 21251, ct = 1, bandwidth = 1091
TOTAL, time = 840268, ct = 4, bandwidth = 2904
KEY_VALUE_PREPARE, time = 296176, ct = 2, bandwidth = 0
KEY_VALUE_DPF_GEN, time = 17, ct = 0, bandwidth = 458
KEY_VALUE_DPF_EVAL, time = 101411, ct = 0, bandwidth = 0
KEY_VALUE_ADD_INDEX, time = 91814, ct = 0, bandwidth = 0
KEY_VALUE_SHARE_TWO_THIRD, time = 267858, ct = 1, bandwidth = 4
KEY_VALUE_SHARE_TWO_THIRD_DEBUG, time = 267828, ct = 1, bandwidth = 0
key_value_others, time = 61489146912142274, ct = 0, bandwidth = 0
2022-06-23 16:19:02.835679+09:00, duration: 0:02:52.718179
========== Benchmark end ==========

========== Benchmark start ==========
2022-06-23 16:19:02.835766+09:00
logn 19, data_size 4, tau 5, pdpf 5
KEY_TO_INDEX, time = 1598871, ct = 1, bandwidth = 462
ORAM_READ, time = 22257, ct = 1, bandwidth = 838
ORAM_WRITE, time = 11119, ct = 1, bandwidth = 584
ORAM_POSITION_MAP, time = 25304, ct = 1, bandwidth = 1175
TOTAL, time = 1657552, ct = 4, bandwidth = 3061
KEY_VALUE_PREPARE, time = 642470, ct = 2, bandwidth = 0
KEY_VALUE_DPF_GEN, time = 18, ct = 0, bandwidth = 458
KEY_VALUE_DPF_EVAL, time = 101154, ct = 0, bandwidth = 0
KEY_VALUE_ADD_INDEX, time = 219893, ct = 0, bandwidth = 0
KEY_VALUE_SHARE_TWO_THIRD, time = 533334, ct = 1, bandwidth = 4
KEY_VALUE_SHARE_TWO_THIRD_DEBUG, time = 533302, ct = 1, bandwidth = 0
key_value_others, time = 61489146911933870, ct = 0, bandwidth = 0
2022-06-23 16:24:38.855011+09:00, duration: 0:05:36.019245
========== Benchmark end ==========

========== Benchmark start ==========
2022-06-23 16:24:38.855065+09:00
logn 20, data_size 4, tau 5, pdpf 5
KEY_TO_INDEX, time = 3270412, ct = 1, bandwidth = 462
ORAM_READ, time = 26850, ct = 1, bandwidth = 874
ORAM_WRITE, time = 14038, ct = 1, bandwidth = 620
ORAM_POSITION_MAP, time = 39508, ct = 1, bandwidth = 1440
TOTAL, time = 3350810, ct = 4, bandwidth = 3398
KEY_VALUE_PREPARE, time = 1331110, ct = 2, bandwidth = 0
KEY_VALUE_DPF_GEN, time = 16, ct = 0, bandwidth = 458
KEY_VALUE_DPF_EVAL, time = 101297, ct = 0, bandwidth = 0
KEY_VALUE_ADD_INDEX, time = 533584, ct = 0, bandwidth = 0
KEY_VALUE_SHARE_TWO_THIRD, time = 1090743, ct = 1, bandwidth = 4
KEY_VALUE_SHARE_TWO_THIRD_DEBUG, time = 1090712, ct = 1, bandwidth = 0
key_value_others, time = 61489146911488112, ct = 0, bandwidth = 0
2022-06-23 16:35:55.934931+09:00, duration: 0:11:17.079866
========== Benchmark end ==========

========== Benchmark start ==========
2022-06-23 16:35:55.934989+09:00
logn 21, data_size 4, tau 5, pdpf 5
KEY_TO_INDEX, time = 6917419, ct = 1, bandwidth = 462
ORAM_READ, time = 37537, ct = 1, bandwidth = 910
ORAM_WRITE, time = 25076, ct = 1, bandwidth = 656
ORAM_POSITION_MAP, time = 58328, ct = 1, bandwidth = 1830
TOTAL, time = 7038362, ct = 4, bandwidth = 3859
KEY_VALUE_PREPARE, time = 2709368, ct = 2, bandwidth = 0
KEY_VALUE_DPF_GEN, time = 16, ct = 0, bandwidth = 458
KEY_VALUE_DPF_EVAL, time = 101325, ct = 0, bandwidth = 0
KEY_VALUE_ADD_INDEX, time = 1366800, ct = 0, bandwidth = 0
KEY_VALUE_SHARE_TWO_THIRD, time = 2307062, ct = 1, bandwidth = 4
KEY_VALUE_SHARE_TWO_THIRD_DEBUG, time = 2307030, ct = 1, bandwidth = 0
key_value_others, time = 61489146910490982, ct = 0, bandwidth = 0
2022-06-23 16:59:33.285819+09:00, duration: 0:23:37.350830
========== Benchmark end ==========

========== Benchmark start ==========
2022-06-23 16:59:33.285866+09:00
logn 22, data_size 4, tau 5, pdpf 5
KEY_TO_INDEX, time = 14757735, ct = 1, bandwidth = 462
ORAM_READ, time = 433267, ct = 1, bandwidth = 946
ORAM_WRITE, time = 34909, ct = 1, bandwidth = 692
ORAM_POSITION_MAP, time = 249881, ct = 1, bandwidth = 2101
TOTAL, time = 15475793, ct = 4, bandwidth = 4202
KEY_VALUE_PREPARE, time = 5496284, ct = 2, bandwidth = 0
KEY_VALUE_DPF_GEN, time = 17, ct = 0, bandwidth = 458
KEY_VALUE_DPF_EVAL, time = 101189, ct = 0, bandwidth = 0
KEY_VALUE_ADD_INDEX, time = 3778189, ct = 0, bandwidth = 0
KEY_VALUE_SHARE_TWO_THIRD, time = 4926992, ct = 1, bandwidth = 4
KEY_VALUE_SHARE_TWO_THIRD_DEBUG, time = 4926956, ct = 1, bandwidth = 0
key_value_others, time = 61489146907893278, ct = 0, bandwidth = 0
2022-06-23 17:51:27.632898+09:00, duration: 0:51:54.347032
========== Benchmark end ==========

========== Benchmark start ==========
2022-06-23 17:51:27.632964+09:00
logn 23, data_size 4, tau 5, pdpf 5
KEY_TO_INDEX, time = 34693967, ct = 1, bandwidth = 462
ORAM_READ, time = 795931, ct = 1, bandwidth = 982
ORAM_WRITE, time = 53771, ct = 1, bandwidth = 728
ORAM_POSITION_MAP, time = 430569, ct = 1, bandwidth = 2263
TOTAL, time = 35974239, ct = 4, bandwidth = 4437
KEY_VALUE_PREPARE, time = 11095764, ct = 2, bandwidth = 0
KEY_VALUE_DPF_GEN, time = 16, ct = 0, bandwidth = 458
KEY_VALUE_DPF_EVAL, time = 101369, ct = 0, bandwidth = 0
KEY_VALUE_ADD_INDEX, time = 11088493, ct = 0, bandwidth = 0
KEY_VALUE_SHARE_TWO_THIRD, time = 11570254, ct = 1, bandwidth = 4
KEY_VALUE_SHARE_TWO_THIRD_DEBUG, time = 11570218, ct = 1, bandwidth = 0
key_value_others, time = 61489146901633024, ct = 0, bandwidth = 0
2022-06-23 19:51:57.089387+09:00, duration: 2:00:29.456423
========== Benchmark end ==========

========== Benchmark start ==========
2022-06-23 19:51:57.089431+09:00
logn 24, data_size 4, tau 5, pdpf 5
KEY_TO_INDEX, time = 82263429, ct = 1, bandwidth = 462
ORAM_READ, time = 1432099, ct = 1, bandwidth = 1018
ORAM_WRITE, time = 90086, ct = 1, bandwidth = 764
ORAM_POSITION_MAP, time = 765055, ct = 1, bandwidth = 2420
TOTAL, time = 84550671, ct = 4, bandwidth = 4666
KEY_VALUE_PREPARE, time = 20745744, ct = 2, bandwidth = 0
KEY_VALUE_DPF_GEN, time = 16, ct = 0, bandwidth = 458
KEY_VALUE_DPF_EVAL, time = 101356, ct = 0, bandwidth = 0
KEY_VALUE_ADD_INDEX, time = 32539339, ct = 0, bandwidth = 0
KEY_VALUE_SHARE_TWO_THIRD, time = 27437830, ct = 1, bandwidth = 4
KEY_VALUE_SHARE_TWO_THIRD_DEBUG, time = 27437788, ct = 1, bandwidth = 0
key_value_others, time = 61489146886366525, ct = 0, bandwidth = 0
2022-06-24 00:34:49.277045+09:00, duration: 4:42:52.187614
========== Benchmark end ==========

========== Benchmark start ==========
2022-06-24 00:34:49.277094+09:00
logn 25, data_size 4, tau 5, pdpf 5
KEY_TO_INDEX, time = 186054348, ct = 1, bandwidth = 462
ORAM_READ, time = 1893879, ct = 1, bandwidth = 1054
ORAM_WRITE, time = 158464, ct = 1, bandwidth = 800
ORAM_POSITION_MAP, time = 975739, ct = 1, bandwidth = 2757
TOTAL, time = 189082431, ct = 4, bandwidth = 5075
KEY_VALUE_PREPARE, time = 40135342, ct = 2, bandwidth = 0
KEY_VALUE_DPF_GEN, time = 16, ct = 0, bandwidth = 458
KEY_VALUE_DPF_EVAL, time = 101201, ct = 0, bandwidth = 0
KEY_VALUE_ADD_INDEX, time = 81835277, ct = 0, bandwidth = 0
KEY_VALUE_SHARE_TWO_THIRD, time = 62078880, ct = 1, bandwidth = 4
KEY_VALUE_SHARE_TWO_THIRD_DEBUG, time = 62078843, ct = 1, bandwidth = 0
key_value_others, time = 61489146852189962, ct = 0, bandwidth = 0
2022-06-24 11:07:25.224268+09:00, duration: 10:32:35.947174
========== Benchmark end ==========

========== Benchmark start ==========
2022-06-24 11:07:25.224317+09:00
logn 26, data_size 4, tau 5, pdpf 5
========== KEY_TO_INDEX ==========
KEY_TO_INDEX time
(1, 0.07)(2, 0.08)(3, 0.09)(4, 0.13)(5, 0.24)(6, 0.45)(7, 0.72)(8, 1.25)(9, 2.45)(10, 4.95)(11, 9.56)(12, 19.27)(13, 38.28)(14, 77.27)(15, 155.65)(16, 271.08)(17, 435.77)(18, 802.21)(19, 1598.87)(20, 3270.41)(21, 6917.42)(22, 14757.74)(23, 34693.97)(24, 82263.43)(25, 186054.35)
KEY_TO_INDEX ct
(1, 1)(2, 1)(3, 1)(4, 1)(5, 1)(6, 1)(7, 1)(8, 1)(9, 1)(10, 1)(11, 1)(12, 1)(13, 1)(14, 1)(15, 1)(16, 1)(17, 1)(18, 1)(19, 1)(20, 1)(21, 1)(22, 1)(23, 1)(24, 1)(25, 1)
KEY_TO_INDEX bandwidth
(1, 0.46)(2, 0.46)(3, 0.46)(4, 0.46)(5, 0.46)(6, 0.46)(7, 0.46)(8, 0.46)(9, 0.46)(10, 0.46)(11, 0.46)(12, 0.46)(13, 0.46)(14, 0.46)(15, 0.46)(16, 0.46)(17, 0.46)(18, 0.46)(19, 0.46)(20, 0.46)(21, 0.46)(22, 0.46)(23, 0.46)(24, 0.46)(25, 0.46)


========== ORAM_READ ==========
ORAM_READ time
(1, 0.08)(2, 0.1)(3, 0.07)(4, 0.07)(5, 0.08)(6, 0.12)(7, 0.14)(8, 0.17)(9, 0.19)(10, 0.18)(11, 0.18)(12, 0.21)(13, 0.23)(14, 0.3)(15, 0.38)(16, 0.72)(17, 2.78)(18, 14.99)(19, 22.26)(20, 26.85)(21, 37.54)(22, 433.27)(23, 795.93)(24, 1432.1)(25, 1893.88)
ORAM_READ ct
(1, 1)(2, 1)(3, 1)(4, 1)(5, 1)(6, 1)(7, 1)(8, 1)(9, 1)(10, 1)(11, 1)(12, 1)(13, 1)(14, 1)(15, 1)(16, 1)(17, 1)(18, 1)(19, 1)(20, 1)(21, 1)(22, 1)(23, 1)(24, 1)(25, 1)
ORAM_READ bandwidth
(1, 0.13)(2, 0.13)(3, 0.13)(4, 0.13)(5, 0.13)(6, 0.3)(7, 0.39)(8, 0.43)(9, 0.46)(10, 0.47)(11, 0.56)(12, 0.59)(13, 0.62)(14, 0.66)(15, 0.69)(16, 0.73)(17, 0.77)(18, 0.8)(19, 0.84)(20, 0.87)(21, 0.91)(22, 0.95)(23, 0.98)(24, 1.02)(25, 1.05)


========== ORAM_WRITE ==========
ORAM_WRITE time
(1, 0.04)(2, 0.05)(3, 0.04)(4, 0.05)(5, 0.04)(6, 0.08)(7, 0.08)(8, 0.09)(9, 0.08)(10, 0.09)(11, 0.09)(12, 0.1)(13, 0.12)(14, 0.17)(15, 0.23)(16, 0.42)(17, 0.78)(18, 1.82)(19, 11.12)(20, 14.04)(21, 25.08)(22, 34.91)(23, 53.77)(24, 90.09)(25, 158.46)
ORAM_WRITE ct
(1, 1)(2, 1)(3, 1)(4, 1)(5, 1)(6, 1)(7, 1)(8, 1)(9, 1)(10, 1)(11, 1)(12, 1)(13, 1)(14, 1)(15, 1)(16, 1)(17, 1)(18, 1)(19, 1)(20, 1)(21, 1)(22, 1)(23, 1)(24, 1)(25, 1)
ORAM_WRITE bandwidth
(1, 0.01)(2, 0.01)(3, 0.01)(4, 0.01)(5, 0.01)(6, 0.39)(7, 0.39)(8, 0.39)(9, 0.39)(10, 0.39)(11, 0.41)(12, 0.33)(13, 0.37)(14, 0.4)(15, 0.44)(16, 0.48)(17, 0.51)(18, 0.55)(19, 0.58)(20, 0.62)(21, 0.66)(22, 0.69)(23, 0.73)(24, 0.76)(25, 0.8)


========== ORAM_POSITION_MAP ==========
ORAM_POSITION_MAP time
(1, 0.0)(2, 0.0)(3, 0.0)(4, 0.0)(5, 0.0)(6, 0.12)(7, 0.12)(8, 0.14)(9, 0.12)(10, 0.13)(11, 0.33)(12, 0.38)(13, 0.47)(14, 0.65)(15, 1.14)(16, 3.65)(17, 14.35)(18, 21.25)(19, 25.3)(20, 39.51)(21, 58.33)(22, 249.88)(23, 430.57)(24, 765.05)(25, 975.74)
ORAM_POSITION_MAP ct
(1, 0)(2, 0)(3, 0)(4, 0)(5, 0)(6, 1)(7, 1)(8, 1)(9, 1)(10, 1)(11, 1)(12, 1)(13, 1)(14, 1)(15, 1)(16, 1)(17, 1)(18, 1)(19, 1)(20, 1)(21, 1)(22, 1)(23, 1)(24, 1)(25, 1)
ORAM_POSITION_MAP bandwidth
(1, 0.0)(2, 0.0)(3, 0.0)(4, 0.0)(5, 0.0)(6, 0.04)(7, 0.04)(8, 0.04)(9, 0.04)(10, 0.04)(11, 0.23)(12, 0.44)(13, 0.46)(14, 0.47)(15, 0.48)(16, 0.8)(17, 1.0)(18, 1.09)(19, 1.18)(20, 1.44)(21, 1.83)(22, 2.1)(23, 2.26)(24, 2.42)(25, 2.76)


========== TOTAL ==========
TOTAL time
(1, 0.19)(2, 0.22)(3, 0.19)(4, 0.26)(5, 0.36)(6, 0.77)(7, 1.07)(8, 1.65)(9, 2.84)(10, 5.34)(11, 10.17)(12, 19.96)(13, 39.1)(14, 78.39)(15, 157.41)(16, 275.87)(17, 453.69)(18, 840.27)(19, 1657.55)(20, 3350.81)(21, 7038.36)(22, 15475.79)(23, 35974.24)(24, 84550.67)(25, 189082.43)
TOTAL ct
(1, 3)(2, 3)(3, 3)(4, 3)(5, 3)(6, 4)(7, 4)(8, 4)(9, 4)(10, 4)(11, 4)(12, 4)(13, 4)(14, 4)(15, 4)(16, 4)(17, 4)(18, 4)(19, 4)(20, 4)(21, 4)(22, 4)(23, 4)(24, 4)(25, 4)
TOTAL bandwidth
(1, 0.6)(2, 0.6)(3, 0.6)(4, 0.6)(5, 0.6)(6, 1.2)(7, 1.29)(8, 1.32)(9, 1.35)(10, 1.36)(11, 1.66)(12, 1.82)(13, 1.91)(14, 2.0)(15, 2.08)(16, 2.47)(17, 2.74)(18, 2.9)(19, 3.06)(20, 3.4)(21, 3.86)(22, 4.2)(23, 4.44)(24, 4.67)(25, 5.08)


========== KEY_VALUE_PREPARE ==========
KEY_VALUE_PREPARE time
(1, 0.01)(2, 0.01)(3, 0.01)(4, 0.02)(5, 0.04)(6, 0.08)(7, 0.13)(8, 0.22)(9, 0.44)(10, 0.9)(11, 1.72)(12, 3.43)(13, 6.8)(14, 13.83)(15, 27.8)(16, 59.3)(17, 134.39)(18, 296.18)(19, 642.47)(20, 1331.11)(21, 2709.37)(22, 5496.28)(23, 11095.76)(24, 20745.74)(25, 40135.34)
KEY_VALUE_PREPARE ct
(1, 2)(2, 2)(3, 2)(4, 2)(5, 2)(6, 2)(7, 2)(8, 2)(9, 2)(10, 2)(11, 2)(12, 2)(13, 2)(14, 2)(15, 2)(16, 2)(17, 2)(18, 2)(19, 2)(20, 2)(21, 2)(22, 2)(23, 2)(24, 2)(25, 2)
KEY_VALUE_PREPARE bandwidth
(1, 0.0)(2, 0.0)(3, 0.0)(4, 0.0)(5, 0.0)(6, 0.0)(7, 0.0)(8, 0.0)(9, 0.0)(10, 0.0)(11, 0.0)(12, 0.0)(13, 0.0)(14, 0.0)(15, 0.0)(16, 0.0)(17, 0.0)(18, 0.0)(19, 0.0)(20, 0.0)(21, 0.0)(22, 0.0)(23, 0.0)(24, 0.0)(25, 0.0)


========== KEY_VALUE_DPF_GEN ==========
KEY_VALUE_DPF_GEN time
(1, 0.01)(2, 0.01)(3, 0.01)(4, 0.01)(5, 0.01)(6, 0.01)(7, 0.01)(8, 0.01)(9, 0.01)(10, 0.01)(11, 0.01)(12, 0.01)(13, 0.01)(14, 0.01)(15, 0.01)(16, 0.01)(17, 0.01)(18, 0.02)(19, 0.02)(20, 0.02)(21, 0.02)(22, 0.02)(23, 0.02)(24, 0.02)(25, 0.02)
KEY_VALUE_DPF_GEN ct
(1, 0)(2, 0)(3, 0)(4, 0)(5, 0)(6, 0)(7, 0)(8, 0)(9, 0)(10, 0)(11, 0)(12, 0)(13, 0)(14, 0)(15, 0)(16, 0)(17, 0)(18, 0)(19, 0)(20, 0)(21, 0)(22, 0)(23, 0)(24, 0)(25, 0)
KEY_VALUE_DPF_GEN bandwidth
(1, 0.46)(2, 0.46)(3, 0.46)(4, 0.46)(5, 0.46)(6, 0.46)(7, 0.46)(8, 0.46)(9, 0.46)(10, 0.46)(11, 0.46)(12, 0.46)(13, 0.46)(14, 0.46)(15, 0.46)(16, 0.46)(17, 0.46)(18, 0.46)(19, 0.46)(20, 0.46)(21, 0.46)(22, 0.46)(23, 0.46)(24, 0.46)(25, 0.46)


========== KEY_VALUE_DPF_EVAL ==========
KEY_VALUE_DPF_EVAL time
(1, 0.02)(2, 0.02)(3, 0.01)(4, 0.01)(5, 0.01)(6, 0.01)(7, 0.0)(8, 0.0)(9, 0.0)(10, 0.0)(11, 0.0)(12, 0.01)(13, 0.01)(14, 0.0)(15, 0.01)(16, 101.42)(17, 101.31)(18, 101.41)(19, 101.15)(20, 101.3)(21, 101.33)(22, 101.19)(23, 101.37)(24, 101.36)(25, 101.2)
KEY_VALUE_DPF_EVAL ct
(1, 0)(2, 0)(3, 0)(4, 0)(5, 0)(6, 0)(7, 0)(8, 0)(9, 0)(10, 0)(11, 0)(12, 0)(13, 0)(14, 0)(15, 0)(16, 0)(17, 0)(18, 0)(19, 0)(20, 0)(21, 0)(22, 0)(23, 0)(24, 0)(25, 0)
KEY_VALUE_DPF_EVAL bandwidth
(1, 0.0)(2, 0.0)(3, 0.0)(4, 0.0)(5, 0.0)(6, 0.0)(7, 0.0)(8, 0.0)(9, 0.0)(10, 0.0)(11, 0.0)(12, 0.0)(13, 0.0)(14, 0.0)(15, 0.0)(16, 0.0)(17, 0.0)(18, 0.0)(19, 0.0)(20, 0.0)(21, 0.0)(22, 0.0)(23, 0.0)(24, 0.0)(25, 0.0)


========== KEY_VALUE_ADD_INDEX ==========
KEY_VALUE_ADD_INDEX time
(1, 0.01)(2, 0.01)(3, 0.03)(4, 0.05)(5, 0.1)(6, 0.2)(7, 0.33)(8, 0.58)(9, 1.16)(10, 2.35)(11, 4.57)(12, 9.26)(13, 18.38)(14, 36.95)(15, 74.27)(16, 15.49)(17, 37.91)(18, 91.81)(19, 219.89)(20, 533.58)(21, 1366.8)(22, 3778.19)(23, 11088.49)(24, 32539.34)(25, 81835.28)
KEY_VALUE_ADD_INDEX ct
(1, 0)(2, 0)(3, 0)(4, 0)(5, 0)(6, 0)(7, 0)(8, 0)(9, 0)(10, 0)(11, 0)(12, 0)(13, 0)(14, 0)(15, 0)(16, 0)(17, 0)(18, 0)(19, 0)(20, 0)(21, 0)(22, 0)(23, 0)(24, 0)(25, 0)
KEY_VALUE_ADD_INDEX bandwidth
(1, 0.0)(2, 0.0)(3, 0.0)(4, 0.0)(5, 0.0)(6, 0.0)(7, 0.0)(8, 0.0)(9, 0.0)(10, 0.0)(11, 0.0)(12, 0.0)(13, 0.0)(14, 0.0)(15, 0.0)(16, 0.0)(17, 0.0)(18, 0.0)(19, 0.0)(20, 0.0)(21, 0.0)(22, 0.0)(23, 0.0)(24, 0.0)(25, 0.0)


========== KEY_VALUE_SHARE_TWO_THIRD ==========
KEY_VALUE_SHARE_TWO_THIRD time
(1, 0.02)(2, 0.03)(3, 0.02)(4, 0.04)(5, 0.08)(6, 0.15)(7, 0.24)(8, 0.42)(9, 0.81)(10, 1.65)(11, 3.2)(12, 6.43)(13, 12.79)(14, 25.81)(15, 52.0)(16, 90.56)(17, 145.73)(18, 267.86)(19, 533.33)(20, 1090.74)(21, 2307.06)(22, 4926.99)(23, 11570.25)(24, 27437.83)(25, 62078.88)
KEY_VALUE_SHARE_TWO_THIRD ct
(1, 1)(2, 1)(3, 1)(4, 1)(5, 1)(6, 1)(7, 1)(8, 1)(9, 1)(10, 1)(11, 1)(12, 1)(13, 1)(14, 1)(15, 1)(16, 1)(17, 1)(18, 1)(19, 1)(20, 1)(21, 1)(22, 1)(23, 1)(24, 1)(25, 1)
KEY_VALUE_SHARE_TWO_THIRD bandwidth
(1, 0.0)(2, 0.0)(3, 0.0)(4, 0.0)(5, 0.0)(6, 0.0)(7, 0.0)(8, 0.0)(9, 0.0)(10, 0.0)(11, 0.0)(12, 0.0)(13, 0.0)(14, 0.0)(15, 0.0)(16, 0.0)(17, 0.0)(18, 0.0)(19, 0.0)(20, 0.0)(21, 0.0)(22, 0.0)(23, 0.0)(24, 0.0)(25, 0.0)


========== KEY_VALUE_SHARE_TWO_THIRD_DEBUG ==========
KEY_VALUE_SHARE_TWO_THIRD_DEBUG time
(1, 0.01)(2, 0.02)(3, 0.02)(4, 0.04)(5, 0.07)(6, 0.14)(7, 0.23)(8, 0.41)(9, 0.81)(10, 1.65)(11, 3.19)(12, 6.43)(13, 12.78)(14, 25.8)(15, 51.98)(16, 90.53)(17, 145.7)(18, 267.83)(19, 533.3)(20, 1090.71)(21, 2307.03)(22, 4926.96)(23, 11570.22)(24, 27437.79)(25, 62078.84)
KEY_VALUE_SHARE_TWO_THIRD_DEBUG ct
(1, 1)(2, 1)(3, 1)(4, 1)(5, 1)(6, 1)(7, 1)(8, 1)(9, 1)(10, 1)(11, 1)(12, 1)(13, 1)(14, 1)(15, 1)(16, 1)(17, 1)(18, 1)(19, 1)(20, 1)(21, 1)(22, 1)(23, 1)(24, 1)(25, 1)
KEY_VALUE_SHARE_TWO_THIRD_DEBUG bandwidth
(1, 0.0)(2, 0.0)(3, 0.0)(4, 0.0)(5, 0.0)(6, 0.0)(7, 0.0)(8, 0.0)(9, 0.0)(10, 0.0)(11, 0.0)(12, 0.0)(13, 0.0)(14, 0.0)(15, 0.0)(16, 0.0)(17, 0.0)(18, 0.0)(19, 0.0)(20, 0.0)(21, 0.0)(22, 0.0)(23, 0.0)(24, 0.0)(25, 0.0)


========== key_value_others ==========
key_value_others time
(1, 61489146912365.16)(2, 61489146912365.15)(3, 61489146912365.15)(4, 61489146912365.14)(5, 61489146912365.11)(6, 61489146912365.03)(7, 61489146912364.95)(8, 61489146912364.76)(9, 61489146912364.38)(10, 61489146912363.55)(11, 61489146912362.03)(12, 61489146912358.88)(13, 61489146912352.69)(14, 61489146912340.04)(15, 61489146912314.76)(16, 61489146912278.95)(17, 61489146912235.89)(18, 61489146912142.27)(19, 61489146911933.87)(20, 61489146911488.11)(21, 61489146910490.98)(22, 61489146907893.28)(23, 61489146901633.02)(24, 61489146886366.52)(25, 61489146852189.96)
key_value_others ct
(1, 0)(2, 0)(3, 0)(4, 0)(5, 0)(6, 0)(7, 0)(8, 0)(9, 0)(10, 0)(11, 0)(12, 0)(13, 0)(14, 0)(15, 0)(16, 0)(17, 0)(18, 0)(19, 0)(20, 0)(21, 0)(22, 0)(23, 0)(24, 0)(25, 0)
key_value_others bandwidth
(1, 0.0)(2, 0.0)(3, 0.0)(4, 0.0)(5, 0.0)(6, 0.0)(7, 0.0)(8, 0.0)(9, 0.0)(10, 0.0)(11, 0.0)(12, 0.0)(13, 0.0)(14, 0.0)(15, 0.0)(16, 0.0)(17, 0.0)(18, 0.0)(19, 0.0)(20, 0.0)(21, 0.0)(22, 0.0)(23, 0.0)(24, 0.0)(25, 0.0)


========== TERMINATED ==========
========== KEY_TO_INDEX ==========
KEY_TO_INDEX time
(1, 0.07)(2, 0.08)(3, 0.09)(4, 0.13)(5, 0.24)(6, 0.45)(7, 0.72)(8, 1.25)(9, 2.45)(10, 4.95)(11, 9.56)(12, 19.27)(13, 38.28)(14, 77.27)(15, 155.65)(16, 271.08)(17, 435.77)(18, 802.21)(19, 1598.87)(20, 3270.41)(21, 6917.42)(22, 14757.74)(23, 34693.97)(24, 82263.43)(25, 186054.35)
KEY_TO_INDEX ct
(1, 1)(2, 1)(3, 1)(4, 1)(5, 1)(6, 1)(7, 1)(8, 1)(9, 1)(10, 1)(11, 1)(12, 1)(13, 1)(14, 1)(15, 1)(16, 1)(17, 1)(18, 1)(19, 1)(20, 1)(21, 1)(22, 1)(23, 1)(24, 1)(25, 1)
KEY_TO_INDEX bandwidth
(1, 0.46)(2, 0.46)(3, 0.46)(4, 0.46)(5, 0.46)(6, 0.46)(7, 0.46)(8, 0.46)(9, 0.46)(10, 0.46)(11, 0.46)(12, 0.46)(13, 0.46)(14, 0.46)(15, 0.46)(16, 0.46)(17, 0.46)(18, 0.46)(19, 0.46)(20, 0.46)(21, 0.46)(22, 0.46)(23, 0.46)(24, 0.46)(25, 0.46)


========== ORAM_READ ==========
ORAM_READ time
(1, 0.08)(2, 0.1)(3, 0.07)(4, 0.07)(5, 0.08)(6, 0.12)(7, 0.14)(8, 0.17)(9, 0.19)(10, 0.18)(11, 0.18)(12, 0.21)(13, 0.23)(14, 0.3)(15, 0.38)(16, 0.72)(17, 2.78)(18, 14.99)(19, 22.26)(20, 26.85)(21, 37.54)(22, 433.27)(23, 795.93)(24, 1432.1)(25, 1893.88)
ORAM_READ ct
(1, 1)(2, 1)(3, 1)(4, 1)(5, 1)(6, 1)(7, 1)(8, 1)(9, 1)(10, 1)(11, 1)(12, 1)(13, 1)(14, 1)(15, 1)(16, 1)(17, 1)(18, 1)(19, 1)(20, 1)(21, 1)(22, 1)(23, 1)(24, 1)(25, 1)
ORAM_READ bandwidth
(1, 0.13)(2, 0.13)(3, 0.13)(4, 0.13)(5, 0.13)(6, 0.3)(7, 0.39)(8, 0.43)(9, 0.46)(10, 0.47)(11, 0.56)(12, 0.59)(13, 0.62)(14, 0.66)(15, 0.69)(16, 0.73)(17, 0.77)(18, 0.8)(19, 0.84)(20, 0.87)(21, 0.91)(22, 0.95)(23, 0.98)(24, 1.02)(25, 1.05)


========== ORAM_WRITE ==========
ORAM_WRITE time
(1, 0.04)(2, 0.05)(3, 0.04)(4, 0.05)(5, 0.04)(6, 0.08)(7, 0.08)(8, 0.09)(9, 0.08)(10, 0.09)(11, 0.09)(12, 0.1)(13, 0.12)(14, 0.17)(15, 0.23)(16, 0.42)(17, 0.78)(18, 1.82)(19, 11.12)(20, 14.04)(21, 25.08)(22, 34.91)(23, 53.77)(24, 90.09)(25, 158.46)
ORAM_WRITE ct
(1, 1)(2, 1)(3, 1)(4, 1)(5, 1)(6, 1)(7, 1)(8, 1)(9, 1)(10, 1)(11, 1)(12, 1)(13, 1)(14, 1)(15, 1)(16, 1)(17, 1)(18, 1)(19, 1)(20, 1)(21, 1)(22, 1)(23, 1)(24, 1)(25, 1)
ORAM_WRITE bandwidth
(1, 0.01)(2, 0.01)(3, 0.01)(4, 0.01)(5, 0.01)(6, 0.39)(7, 0.39)(8, 0.39)(9, 0.39)(10, 0.39)(11, 0.41)(12, 0.33)(13, 0.37)(14, 0.4)(15, 0.44)(16, 0.48)(17, 0.51)(18, 0.55)(19, 0.58)(20, 0.62)(21, 0.66)(22, 0.69)(23, 0.73)(24, 0.76)(25, 0.8)


========== ORAM_POSITION_MAP ==========
ORAM_POSITION_MAP time
(1, 0.0)(2, 0.0)(3, 0.0)(4, 0.0)(5, 0.0)(6, 0.12)(7, 0.12)(8, 0.14)(9, 0.12)(10, 0.13)(11, 0.33)(12, 0.38)(13, 0.47)(14, 0.65)(15, 1.14)(16, 3.65)(17, 14.35)(18, 21.25)(19, 25.3)(20, 39.51)(21, 58.33)(22, 249.88)(23, 430.57)(24, 765.05)(25, 975.74)
ORAM_POSITION_MAP ct
(1, 0)(2, 0)(3, 0)(4, 0)(5, 0)(6, 1)(7, 1)(8, 1)(9, 1)(10, 1)(11, 1)(12, 1)(13, 1)(14, 1)(15, 1)(16, 1)(17, 1)(18, 1)(19, 1)(20, 1)(21, 1)(22, 1)(23, 1)(24, 1)(25, 1)
ORAM_POSITION_MAP bandwidth
(1, 0.0)(2, 0.0)(3, 0.0)(4, 0.0)(5, 0.0)(6, 0.04)(7, 0.04)(8, 0.04)(9, 0.04)(10, 0.04)(11, 0.23)(12, 0.44)(13, 0.46)(14, 0.47)(15, 0.48)(16, 0.8)(17, 1.0)(18, 1.09)(19, 1.18)(20, 1.44)(21, 1.83)(22, 2.1)(23, 2.26)(24, 2.42)(25, 2.76)


========== TOTAL ==========
TOTAL time
(1, 0.19)(2, 0.22)(3, 0.19)(4, 0.26)(5, 0.36)(6, 0.77)(7, 1.07)(8, 1.65)(9, 2.84)(10, 5.34)(11, 10.17)(12, 19.96)(13, 39.1)(14, 78.39)(15, 157.41)(16, 275.87)(17, 453.69)(18, 840.27)(19, 1657.55)(20, 3350.81)(21, 7038.36)(22, 15475.79)(23, 35974.24)(24, 84550.67)(25, 189082.43)
TOTAL ct
(1, 3)(2, 3)(3, 3)(4, 3)(5, 3)(6, 4)(7, 4)(8, 4)(9, 4)(10, 4)(11, 4)(12, 4)(13, 4)(14, 4)(15, 4)(16, 4)(17, 4)(18, 4)(19, 4)(20, 4)(21, 4)(22, 4)(23, 4)(24, 4)(25, 4)
TOTAL bandwidth
(1, 0.6)(2, 0.6)(3, 0.6)(4, 0.6)(5, 0.6)(6, 1.2)(7, 1.29)(8, 1.32)(9, 1.35)(10, 1.36)(11, 1.66)(12, 1.82)(13, 1.91)(14, 2.0)(15, 2.08)(16, 2.47)(17, 2.74)(18, 2.9)(19, 3.06)(20, 3.4)(21, 3.86)(22, 4.2)(23, 4.44)(24, 4.67)(25, 5.08)


========== KEY_VALUE_PREPARE ==========
KEY_VALUE_PREPARE time
(1, 0.01)(2, 0.01)(3, 0.01)(4, 0.02)(5, 0.04)(6, 0.08)(7, 0.13)(8, 0.22)(9, 0.44)(10, 0.9)(11, 1.72)(12, 3.43)(13, 6.8)(14, 13.83)(15, 27.8)(16, 59.3)(17, 134.39)(18, 296.18)(19, 642.47)(20, 1331.11)(21, 2709.37)(22, 5496.28)(23, 11095.76)(24, 20745.74)(25, 40135.34)
KEY_VALUE_PREPARE ct
(1, 2)(2, 2)(3, 2)(4, 2)(5, 2)(6, 2)(7, 2)(8, 2)(9, 2)(10, 2)(11, 2)(12, 2)(13, 2)(14, 2)(15, 2)(16, 2)(17, 2)(18, 2)(19, 2)(20, 2)(21, 2)(22, 2)(23, 2)(24, 2)(25, 2)
KEY_VALUE_PREPARE bandwidth
(1, 0.0)(2, 0.0)(3, 0.0)(4, 0.0)(5, 0.0)(6, 0.0)(7, 0.0)(8, 0.0)(9, 0.0)(10, 0.0)(11, 0.0)(12, 0.0)(13, 0.0)(14, 0.0)(15, 0.0)(16, 0.0)(17, 0.0)(18, 0.0)(19, 0.0)(20, 0.0)(21, 0.0)(22, 0.0)(23, 0.0)(24, 0.0)(25, 0.0)


========== KEY_VALUE_DPF_GEN ==========
KEY_VALUE_DPF_GEN time
(1, 0.01)(2, 0.01)(3, 0.01)(4, 0.01)(5, 0.01)(6, 0.01)(7, 0.01)(8, 0.01)(9, 0.01)(10, 0.01)(11, 0.01)(12, 0.01)(13, 0.01)(14, 0.01)(15, 0.01)(16, 0.01)(17, 0.01)(18, 0.02)(19, 0.02)(20, 0.02)(21, 0.02)(22, 0.02)(23, 0.02)(24, 0.02)(25, 0.02)
KEY_VALUE_DPF_GEN ct
(1, 0)(2, 0)(3, 0)(4, 0)(5, 0)(6, 0)(7, 0)(8, 0)(9, 0)(10, 0)(11, 0)(12, 0)(13, 0)(14, 0)(15, 0)(16, 0)(17, 0)(18, 0)(19, 0)(20, 0)(21, 0)(22, 0)(23, 0)(24, 0)(25, 0)
KEY_VALUE_DPF_GEN bandwidth
(1, 0.46)(2, 0.46)(3, 0.46)(4, 0.46)(5, 0.46)(6, 0.46)(7, 0.46)(8, 0.46)(9, 0.46)(10, 0.46)(11, 0.46)(12, 0.46)(13, 0.46)(14, 0.46)(15, 0.46)(16, 0.46)(17, 0.46)(18, 0.46)(19, 0.46)(20, 0.46)(21, 0.46)(22, 0.46)(23, 0.46)(24, 0.46)(25, 0.46)


========== KEY_VALUE_DPF_EVAL ==========
KEY_VALUE_DPF_EVAL time
(1, 0.02)(2, 0.02)(3, 0.01)(4, 0.01)(5, 0.01)(6, 0.01)(7, 0.0)(8, 0.0)(9, 0.0)(10, 0.0)(11, 0.0)(12, 0.01)(13, 0.01)(14, 0.0)(15, 0.01)(16, 101.42)(17, 101.31)(18, 101.41)(19, 101.15)(20, 101.3)(21, 101.33)(22, 101.19)(23, 101.37)(24, 101.36)(25, 101.2)
KEY_VALUE_DPF_EVAL ct
(1, 0)(2, 0)(3, 0)(4, 0)(5, 0)(6, 0)(7, 0)(8, 0)(9, 0)(10, 0)(11, 0)(12, 0)(13, 0)(14, 0)(15, 0)(16, 0)(17, 0)(18, 0)(19, 0)(20, 0)(21, 0)(22, 0)(23, 0)(24, 0)(25, 0)
KEY_VALUE_DPF_EVAL bandwidth
(1, 0.0)(2, 0.0)(3, 0.0)(4, 0.0)(5, 0.0)(6, 0.0)(7, 0.0)(8, 0.0)(9, 0.0)(10, 0.0)(11, 0.0)(12, 0.0)(13, 0.0)(14, 0.0)(15, 0.0)(16, 0.0)(17, 0.0)(18, 0.0)(19, 0.0)(20, 0.0)(21, 0.0)(22, 0.0)(23, 0.0)(24, 0.0)(25, 0.0)


========== KEY_VALUE_ADD_INDEX ==========
KEY_VALUE_ADD_INDEX time
(1, 0.01)(2, 0.01)(3, 0.03)(4, 0.05)(5, 0.1)(6, 0.2)(7, 0.33)(8, 0.58)(9, 1.16)(10, 2.35)(11, 4.57)(12, 9.26)(13, 18.38)(14, 36.95)(15, 74.27)(16, 15.49)(17, 37.91)(18, 91.81)(19, 219.89)(20, 533.58)(21, 1366.8)(22, 3778.19)(23, 11088.49)(24, 32539.34)(25, 81835.28)
KEY_VALUE_ADD_INDEX ct
(1, 0)(2, 0)(3, 0)(4, 0)(5, 0)(6, 0)(7, 0)(8, 0)(9, 0)(10, 0)(11, 0)(12, 0)(13, 0)(14, 0)(15, 0)(16, 0)(17, 0)(18, 0)(19, 0)(20, 0)(21, 0)(22, 0)(23, 0)(24, 0)(25, 0)
KEY_VALUE_ADD_INDEX bandwidth
(1, 0.0)(2, 0.0)(3, 0.0)(4, 0.0)(5, 0.0)(6, 0.0)(7, 0.0)(8, 0.0)(9, 0.0)(10, 0.0)(11, 0.0)(12, 0.0)(13, 0.0)(14, 0.0)(15, 0.0)(16, 0.0)(17, 0.0)(18, 0.0)(19, 0.0)(20, 0.0)(21, 0.0)(22, 0.0)(23, 0.0)(24, 0.0)(25, 0.0)


========== KEY_VALUE_SHARE_TWO_THIRD ==========
KEY_VALUE_SHARE_TWO_THIRD time
(1, 0.02)(2, 0.03)(3, 0.02)(4, 0.04)(5, 0.08)(6, 0.15)(7, 0.24)(8, 0.42)(9, 0.81)(10, 1.65)(11, 3.2)(12, 6.43)(13, 12.79)(14, 25.81)(15, 52.0)(16, 90.56)(17, 145.73)(18, 267.86)(19, 533.33)(20, 1090.74)(21, 2307.06)(22, 4926.99)(23, 11570.25)(24, 27437.83)(25, 62078.88)
KEY_VALUE_SHARE_TWO_THIRD ct
(1, 1)(2, 1)(3, 1)(4, 1)(5, 1)(6, 1)(7, 1)(8, 1)(9, 1)(10, 1)(11, 1)(12, 1)(13, 1)(14, 1)(15, 1)(16, 1)(17, 1)(18, 1)(19, 1)(20, 1)(21, 1)(22, 1)(23, 1)(24, 1)(25, 1)
KEY_VALUE_SHARE_TWO_THIRD bandwidth
(1, 0.0)(2, 0.0)(3, 0.0)(4, 0.0)(5, 0.0)(6, 0.0)(7, 0.0)(8, 0.0)(9, 0.0)(10, 0.0)(11, 0.0)(12, 0.0)(13, 0.0)(14, 0.0)(15, 0.0)(16, 0.0)(17, 0.0)(18, 0.0)(19, 0.0)(20, 0.0)(21, 0.0)(22, 0.0)(23, 0.0)(24, 0.0)(25, 0.0)


========== KEY_VALUE_SHARE_TWO_THIRD_DEBUG ==========
KEY_VALUE_SHARE_TWO_THIRD_DEBUG time
(1, 0.01)(2, 0.02)(3, 0.02)(4, 0.04)(5, 0.07)(6, 0.14)(7, 0.23)(8, 0.41)(9, 0.81)(10, 1.65)(11, 3.19)(12, 6.43)(13, 12.78)(14, 25.8)(15, 51.98)(16, 90.53)(17, 145.7)(18, 267.83)(19, 533.3)(20, 1090.71)(21, 2307.03)(22, 4926.96)(23, 11570.22)(24, 27437.79)(25, 62078.84)
KEY_VALUE_SHARE_TWO_THIRD_DEBUG ct
(1, 1)(2, 1)(3, 1)(4, 1)(5, 1)(6, 1)(7, 1)(8, 1)(9, 1)(10, 1)(11, 1)(12, 1)(13, 1)(14, 1)(15, 1)(16, 1)(17, 1)(18, 1)(19, 1)(20, 1)(21, 1)(22, 1)(23, 1)(24, 1)(25, 1)
KEY_VALUE_SHARE_TWO_THIRD_DEBUG bandwidth
(1, 0.0)(2, 0.0)(3, 0.0)(4, 0.0)(5, 0.0)(6, 0.0)(7, 0.0)(8, 0.0)(9, 0.0)(10, 0.0)(11, 0.0)(12, 0.0)(13, 0.0)(14, 0.0)(15, 0.0)(16, 0.0)(17, 0.0)(18, 0.0)(19, 0.0)(20, 0.0)(21, 0.0)(22, 0.0)(23, 0.0)(24, 0.0)(25, 0.0)


========== key_value_others ==========
key_value_others time
(1, 61489146912365.16)(2, 61489146912365.15)(3, 61489146912365.15)(4, 61489146912365.14)(5, 61489146912365.11)(6, 61489146912365.03)(7, 61489146912364.95)(8, 61489146912364.76)(9, 61489146912364.38)(10, 61489146912363.55)(11, 61489146912362.03)(12, 61489146912358.88)(13, 61489146912352.69)(14, 61489146912340.04)(15, 61489146912314.76)(16, 61489146912278.95)(17, 61489146912235.89)(18, 61489146912142.27)(19, 61489146911933.87)(20, 61489146911488.11)(21, 61489146910490.98)(22, 61489146907893.28)(23, 61489146901633.02)(24, 61489146886366.52)(25, 61489146852189.96)
key_value_others ct
(1, 0)(2, 0)(3, 0)(4, 0)(5, 0)(6, 0)(7, 0)(8, 0)(9, 0)(10, 0)(11, 0)(12, 0)(13, 0)(14, 0)(15, 0)(16, 0)(17, 0)(18, 0)(19, 0)(20, 0)(21, 0)(22, 0)(23, 0)(24, 0)(25, 0)
key_value_others bandwidth
(1, 0.0)(2, 0.0)(3, 0.0)(4, 0.0)(5, 0.0)(6, 0.0)(7, 0.0)(8, 0.0)(9, 0.0)(10, 0.0)(11, 0.0)(12, 0.0)(13, 0.0)(14, 0.0)(15, 0.0)(16, 0.0)(17, 0.0)(18, 0.0)(19, 0.0)(20, 0.0)(21, 0.0)(22, 0.0)(23, 0.0)(24, 0.0)(25, 0.0)


