========== Benchmark start ==========
2022-06-27 15:42:56.627168+09:00
logn 1, data_size 4, tau 5, pdpf 5
KEY_TO_INDEX, time = 38, ct = 1, bandwidth = 1380
ORAM_READ, time = 37, ct = 1, bandwidth = 132
ORAM_WRITE, time = 29, ct = 1, bandwidth = 8
ORAM_POSITION_MAP, time = 0, ct = 0, bandwidth = 0
TOTAL, time = 106, ct = 3, bandwidth = 1520
KEY_VALUE_PREPARE, time = 1, ct = 4, bandwidth = 0
KEY_VALUE_DPF_GEN, time = 0, ct = 2, bandwidth = 1376
KEY_VALUE_DPF_EVAL, time = 15, ct = 0, bandwidth = 0
KEY_VALUE_ADD_INDEX, time = 1, ct = 0, bandwidth = 0
key_value_others, time = 7, ct = 0, bandwidth = 4
2022-06-27 15:43:01.177922+09:00, duration: 0:00:04.550754
========== Benchmark end ==========

========== Benchmark start ==========
2022-06-27 15:43:01.177957+09:00
logn 2, data_size 4, tau 5, pdpf 5
KEY_TO_INDEX, time = 50, ct = 1, bandwidth = 1380
ORAM_READ, time = 29, ct = 1, bandwidth = 132
ORAM_WRITE, time = 21, ct = 1, bandwidth = 8
ORAM_POSITION_MAP, time = 0, ct = 0, bandwidth = 0
TOTAL, time = 103, ct = 3, bandwidth = 1520
KEY_VALUE_PREPARE, time = 2, ct = 4, bandwidth = 0
KEY_VALUE_DPF_GEN, time = 0, ct = 2, bandwidth = 1376
KEY_VALUE_DPF_EVAL, time = 34, ct = 0, bandwidth = 0
KEY_VALUE_ADD_INDEX, time = 2, ct = 0, bandwidth = 0
key_value_others, time = 11, ct = 0, bandwidth = 4
2022-06-27 15:43:04.209555+09:00, duration: 0:00:03.031598
========== Benchmark end ==========

========== Benchmark start ==========
2022-06-27 15:43:04.209585+09:00
logn 3, data_size 4, tau 5, pdpf 5
KEY_TO_INDEX, time = 55, ct = 1, bandwidth = 1380
ORAM_READ, time = 28, ct = 1, bandwidth = 132
ORAM_WRITE, time = 21, ct = 1, bandwidth = 8
ORAM_POSITION_MAP, time = 0, ct = 0, bandwidth = 0
TOTAL, time = 105, ct = 3, bandwidth = 1520
KEY_VALUE_PREPARE, time = 4, ct = 4, bandwidth = 0
KEY_VALUE_DPF_GEN, time = 0, ct = 2, bandwidth = 1376
KEY_VALUE_DPF_EVAL, time = 33, ct = 0, bandwidth = 0
KEY_VALUE_ADD_INDEX, time = 4, ct = 0, bandwidth = 0
key_value_others, time = 11, ct = 0, bandwidth = 4
2022-06-27 15:43:07.242785+09:00, duration: 0:00:03.033200
========== Benchmark end ==========

========== Benchmark start ==========
2022-06-27 15:43:07.242815+09:00
logn 4, data_size 4, tau 5, pdpf 5
KEY_TO_INDEX, time = 56, ct = 1, bandwidth = 1380
ORAM_READ, time = 29, ct = 1, bandwidth = 132
ORAM_WRITE, time = 22, ct = 1, bandwidth = 8
ORAM_POSITION_MAP, time = 0, ct = 0, bandwidth = 0
TOTAL, time = 107, ct = 3, bandwidth = 1520
KEY_VALUE_PREPARE, time = 9, ct = 4, bandwidth = 0
KEY_VALUE_DPF_GEN, time = 0, ct = 2, bandwidth = 1376
KEY_VALUE_DPF_EVAL, time = 23, ct = 0, bandwidth = 0
KEY_VALUE_ADD_INDEX, time = 8, ct = 0, bandwidth = 0
key_value_others, time = 16, ct = 0, bandwidth = 4
2022-06-27 15:43:10.276262+09:00, duration: 0:00:03.033447
========== Benchmark end ==========

========== Benchmark start ==========
2022-06-27 15:43:10.276294+09:00
logn 5, data_size 4, tau 5, pdpf 5
KEY_TO_INDEX, time = 63, ct = 1, bandwidth = 1380
ORAM_READ, time = 33, ct = 1, bandwidth = 132
ORAM_WRITE, time = 22, ct = 1, bandwidth = 8
ORAM_POSITION_MAP, time = 0, ct = 0, bandwidth = 0
TOTAL, time = 119, ct = 3, bandwidth = 1520
KEY_VALUE_PREPARE, time = 17, ct = 4, bandwidth = 0
KEY_VALUE_DPF_GEN, time = 0, ct = 2, bandwidth = 1376
KEY_VALUE_DPF_EVAL, time = 8, ct = 0, bandwidth = 0
KEY_VALUE_ADD_INDEX, time = 16, ct = 0, bandwidth = 0
key_value_others, time = 21, ct = 0, bandwidth = 4
2022-06-27 15:43:13.311503+09:00, duration: 0:00:03.035209
========== Benchmark end ==========

========== Benchmark start ==========
2022-06-27 15:43:13.311548+09:00
logn 6, data_size 4, tau 5, pdpf 5
KEY_TO_INDEX, time = 102, ct = 1, bandwidth = 1380
ORAM_READ, time = 62, ct = 1, bandwidth = 389
ORAM_WRITE, time = 60, ct = 1, bandwidth = 393
ORAM_POSITION_MAP, time = 51, ct = 1, bandwidth = 42
TOTAL, time = 280, ct = 4, bandwidth = 2204
KEY_VALUE_PREPARE, time = 35, ct = 4, bandwidth = 0
KEY_VALUE_DPF_GEN, time = 0, ct = 2, bandwidth = 1376
KEY_VALUE_DPF_EVAL, time = 3, ct = 0, bandwidth = 0
KEY_VALUE_ADD_INDEX, time = 32, ct = 0, bandwidth = 0
key_value_others, time = 36, ct = 0, bandwidth = 4
2022-06-27 15:43:16.374581+09:00, duration: 0:00:03.063033
========== Benchmark end ==========

========== Benchmark start ==========
2022-06-27 15:43:16.374625+09:00
logn 7, data_size 4, tau 5, pdpf 5
KEY_TO_INDEX, time = 187, ct = 1, bandwidth = 1380
ORAM_READ, time = 79, ct = 1, bandwidth = 517
ORAM_WRITE, time = 53, ct = 1, bandwidth = 393
ORAM_POSITION_MAP, time = 58, ct = 1, bandwidth = 42
TOTAL, time = 378, ct = 4, bandwidth = 2332
KEY_VALUE_PREPARE, time = 72, ct = 4, bandwidth = 0
KEY_VALUE_DPF_GEN, time = 0, ct = 2, bandwidth = 1376
KEY_VALUE_DPF_EVAL, time = 3, ct = 0, bandwidth = 0
KEY_VALUE_ADD_INDEX, time = 63, ct = 0, bandwidth = 0
key_value_others, time = 53, ct = 0, bandwidth = 4
2022-06-27 15:43:19.458218+09:00, duration: 0:00:03.083593
========== Benchmark end ==========

========== Benchmark start ==========
2022-06-27 15:43:19.458296+09:00
logn 8, data_size 4, tau 5, pdpf 5
KEY_TO_INDEX, time = 299, ct = 1, bandwidth = 1380
ORAM_READ, time = 94, ct = 1, bandwidth = 579
ORAM_WRITE, time = 55, ct = 1, bandwidth = 387
ORAM_POSITION_MAP, time = 54, ct = 1, bandwidth = 42
TOTAL, time = 504, ct = 4, bandwidth = 2389
KEY_VALUE_PREPARE, time = 140, ct = 4, bandwidth = 0
KEY_VALUE_DPF_GEN, time = 0, ct = 2, bandwidth = 1376
KEY_VALUE_DPF_EVAL, time = 2, ct = 0, bandwidth = 0
KEY_VALUE_ADD_INDEX, time = 123, ct = 0, bandwidth = 0
key_value_others, time = 36, ct = 0, bandwidth = 4
2022-06-27 15:43:22.567462+09:00, duration: 0:00:03.109166
========== Benchmark end ==========

========== Benchmark start ==========
2022-06-27 15:43:22.567542+09:00
logn 9, data_size 4, tau 5, pdpf 5
KEY_TO_INDEX, time = 561, ct = 1, bandwidth = 1380
ORAM_READ, time = 98, ct = 1, bandwidth = 611
ORAM_WRITE, time = 55, ct = 1, bandwidth = 388
ORAM_POSITION_MAP, time = 54, ct = 1, bandwidth = 42
TOTAL, time = 774, ct = 4, bandwidth = 2422
KEY_VALUE_PREPARE, time = 281, ct = 4, bandwidth = 0
KEY_VALUE_DPF_GEN, time = 0, ct = 2, bandwidth = 1376
KEY_VALUE_DPF_EVAL, time = 2, ct = 0, bandwidth = 0
KEY_VALUE_ADD_INDEX, time = 243, ct = 0, bandwidth = 0
key_value_others, time = 38, ct = 0, bandwidth = 4
2022-06-27 15:43:25.730846+09:00, duration: 0:00:03.163304
========== Benchmark end ==========

========== Benchmark start ==========
2022-06-27 15:43:25.730927+09:00
logn 10, data_size 4, tau 5, pdpf 5
KEY_TO_INDEX, time = 1089, ct = 1, bandwidth = 1380
ORAM_READ, time = 108, ct = 1, bandwidth = 630
ORAM_WRITE, time = 64, ct = 1, bandwidth = 390
ORAM_POSITION_MAP, time = 64, ct = 1, bandwidth = 42
TOTAL, time = 1327, ct = 4, bandwidth = 2442
KEY_VALUE_PREPARE, time = 548, ct = 4, bandwidth = 0
KEY_VALUE_DPF_GEN, time = 0, ct = 2, bandwidth = 1376
KEY_VALUE_DPF_EVAL, time = 4, ct = 0, bandwidth = 0
KEY_VALUE_ADD_INDEX, time = 482, ct = 0, bandwidth = 0
key_value_others, time = 56, ct = 0, bandwidth = 4
2022-06-27 15:43:29.007041+09:00, duration: 0:00:03.276114
========== Benchmark end ==========

========== Benchmark start ==========
2022-06-27 15:43:29.007123+09:00
logn 11, data_size 4, tau 5, pdpf 5
KEY_TO_INDEX, time = 2153, ct = 1, bandwidth = 1380
ORAM_READ, time = 113, ct = 1, bandwidth = 726
ORAM_WRITE, time = 78, ct = 1, bandwidth = 413
ORAM_POSITION_MAP, time = 230, ct = 1, bandwidth = 246
TOTAL, time = 2588, ct = 4, bandwidth = 2766
KEY_VALUE_PREPARE, time = 1135, ct = 4, bandwidth = 0
KEY_VALUE_DPF_GEN, time = 0, ct = 2, bandwidth = 1376
KEY_VALUE_DPF_EVAL, time = 2, ct = 0, bandwidth = 0
KEY_VALUE_ADD_INDEX, time = 955, ct = 0, bandwidth = 0
key_value_others, time = 54, ct = 0, bandwidth = 4
2022-06-27 15:43:32.532925+09:00, duration: 0:00:03.525802
========== Benchmark end ==========

========== Benchmark start ==========
2022-06-27 15:43:32.533000+09:00
logn 12, data_size 4, tau 5, pdpf 5
KEY_TO_INDEX, time = 4229, ct = 1, bandwidth = 1380
ORAM_READ, time = 132, ct = 1, bandwidth = 753
ORAM_WRITE, time = 56, ct = 1, bandwidth = 332
ORAM_POSITION_MAP, time = 242, ct = 1, bandwidth = 504
TOTAL, time = 4669, ct = 4, bandwidth = 2969
KEY_VALUE_PREPARE, time = 2195, ct = 4, bandwidth = 0
KEY_VALUE_DPF_GEN, time = 0, ct = 2, bandwidth = 1376
KEY_VALUE_DPF_EVAL, time = 3, ct = 0, bandwidth = 0
KEY_VALUE_ADD_INDEX, time = 1904, ct = 0, bandwidth = 0
key_value_others, time = 100, ct = 0, bandwidth = 4
2022-06-27 15:43:36.480201+09:00, duration: 0:00:03.947201
========== Benchmark end ==========

========== Benchmark start ==========
2022-06-27 15:43:36.480276+09:00
logn 13, data_size 4, tau 5, pdpf 5
KEY_TO_INDEX, time = 8521, ct = 1, bandwidth = 1380
ORAM_READ, time = 141, ct = 1, bandwidth = 789
ORAM_WRITE, time = 58, ct = 1, bandwidth = 368
ORAM_POSITION_MAP, time = 313, ct = 1, bandwidth = 532
TOTAL, time = 9029, ct = 4, bandwidth = 3070
KEY_VALUE_PREPARE, time = 4405, ct = 4, bandwidth = 0
KEY_VALUE_DPF_GEN, time = 0, ct = 2, bandwidth = 1376
KEY_VALUE_DPF_EVAL, time = 3, ct = 0, bandwidth = 0
KEY_VALUE_ADD_INDEX, time = 3792, ct = 0, bandwidth = 0
key_value_others, time = 302, ct = 0, bandwidth = 4
2022-06-27 15:43:41.318042+09:00, duration: 0:00:04.837766
========== Benchmark end ==========

========== Benchmark start ==========
2022-06-27 15:43:41.318120+09:00
logn 14, data_size 4, tau 5, pdpf 5
KEY_TO_INDEX, time = 17944, ct = 1, bandwidth = 1380
ORAM_READ, time = 161, ct = 1, bandwidth = 825
ORAM_WRITE, time = 73, ct = 1, bandwidth = 404
ORAM_POSITION_MAP, time = 453, ct = 1, bandwidth = 550
TOTAL, time = 18633, ct = 4, bandwidth = 3160
KEY_VALUE_PREPARE, time = 9172, ct = 4, bandwidth = 0
KEY_VALUE_DPF_GEN, time = 0, ct = 2, bandwidth = 1376
KEY_VALUE_DPF_EVAL, time = 3, ct = 0, bandwidth = 0
KEY_VALUE_ADD_INDEX, time = 7758, ct = 0, bandwidth = 0
key_value_others, time = 1004, ct = 0, bandwidth = 4
2022-06-27 15:43:48.091922+09:00, duration: 0:00:06.773802
========== Benchmark end ==========

========== Benchmark start ==========
2022-06-27 15:43:48.091971+09:00
logn 15, data_size 4, tau 5, pdpf 5
KEY_TO_INDEX, time = 35911, ct = 1, bandwidth = 1380
ORAM_READ, time = 192, ct = 1, bandwidth = 861
ORAM_WRITE, time = 95, ct = 1, bandwidth = 440
ORAM_POSITION_MAP, time = 929, ct = 1, bandwidth = 563
TOTAL, time = 37126, ct = 4, bandwidth = 3245
KEY_VALUE_PREPARE, time = 18747, ct = 4, bandwidth = 0
KEY_VALUE_DPF_GEN, time = 0, ct = 2, bandwidth = 1376
KEY_VALUE_DPF_EVAL, time = 6, ct = 0, bandwidth = 0
KEY_VALUE_ADD_INDEX, time = 15766, ct = 0, bandwidth = 0
key_value_others, time = 1441, ct = 0, bandwidth = 4
2022-06-27 15:43:58.619408+09:00, duration: 0:00:10.527437
========== Benchmark end ==========

========== Benchmark start ==========
2022-06-27 15:43:58.619482+09:00
logn 16, data_size 4, tau 5, pdpf 5
KEY_TO_INDEX, time = 62956, ct = 1, bandwidth = 1380
ORAM_READ, time = 465, ct = 1, bandwidth = 897
ORAM_WRITE, time = 139, ct = 1, bandwidth = 476
ORAM_POSITION_MAP, time = 2615, ct = 1, bandwidth = 902
TOTAL, time = 66168, ct = 4, bandwidth = 3656
KEY_VALUE_PREPARE, time = 41053, ct = 4, bandwidth = 0
KEY_VALUE_DPF_GEN, time = 0, ct = 2, bandwidth = 1376
KEY_VALUE_DPF_EVAL, time = 13667, ct = 0, bandwidth = 0
KEY_VALUE_ADD_INDEX, time = 3832, ct = 0, bandwidth = 0
key_value_others, time = 4217, ct = 0, bandwidth = 4
2022-06-27 15:44:15.035846+09:00, duration: 0:00:16.416364
========== Benchmark end ==========

========== Benchmark start ==========
2022-06-27 15:44:15.035907+09:00
logn 17, data_size 4, tau 5, pdpf 5
KEY_TO_INDEX, time = 148463, ct = 1, bandwidth = 1380
ORAM_READ, time = 2128, ct = 1, bandwidth = 933
ORAM_WRITE, time = 321, ct = 1, bandwidth = 512
ORAM_POSITION_MAP, time = 13464, ct = 1, bandwidth = 1144
TOTAL, time = 164271, ct = 4, bandwidth = 3969
KEY_VALUE_PREPARE, time = 102827, ct = 4, bandwidth = 0
KEY_VALUE_DPF_GEN, time = 0, ct = 2, bandwidth = 1376
KEY_VALUE_DPF_EVAL, time = 13494, ct = 0, bandwidth = 0
KEY_VALUE_ADD_INDEX, time = 9931, ct = 0, bandwidth = 0
key_value_others, time = 22218, ct = 0, bandwidth = 4
2022-06-27 15:44:51.305223+09:00, duration: 0:00:36.269316
========== Benchmark end ==========

========== Benchmark start ==========
2022-06-27 15:44:51.305282+09:00
logn 18, data_size 4, tau 5, pdpf 5
KEY_TO_INDEX, time = 351199, ct = 1, bandwidth = 1380
ORAM_READ, time = 11910, ct = 1, bandwidth = 969
ORAM_WRITE, time = 1279, ct = 1, bandwidth = 548
ORAM_POSITION_MAP, time = 18844, ct = 1, bandwidth = 1244
TOTAL, time = 382823, ct = 4, bandwidth = 4142
KEY_VALUE_PREPARE, time = 253158, ct = 4, bandwidth = 0
KEY_VALUE_DPF_GEN, time = 0, ct = 2, bandwidth = 1376
KEY_VALUE_DPF_EVAL, time = 13533, ct = 0, bandwidth = 0
KEY_VALUE_ADD_INDEX, time = 24771, ct = 0, bandwidth = 0
key_value_others, time = 60860, ct = 0, bandwidth = 4
2022-06-27 15:46:12.549051+09:00, duration: 0:01:21.243769
========== Benchmark end ==========

========== Benchmark start ==========
2022-06-27 15:46:12.549132+09:00
logn 19, data_size 4, tau 5, pdpf 5
KEY_TO_INDEX, time = 773758, ct = 1, bandwidth = 1380
ORAM_READ, time = 23136, ct = 1, bandwidth = 1005
ORAM_WRITE, time = 9285, ct = 1, bandwidth = 584
ORAM_POSITION_MAP, time = 21685, ct = 1, bandwidth = 1334
TOTAL, time = 827865, ct = 4, bandwidth = 4303
KEY_VALUE_PREPARE, time = 566454, ct = 4, bandwidth = 0
KEY_VALUE_DPF_GEN, time = 0, ct = 2, bandwidth = 1376
KEY_VALUE_DPF_EVAL, time = 13405, ct = 0, bandwidth = 0
KEY_VALUE_ADD_INDEX, time = 58849, ct = 0, bandwidth = 0
key_value_others, time = 135404, ct = 0, bandwidth = 4
2022-06-27 15:49:02.106036+09:00, duration: 0:02:49.556904
========== Benchmark end ==========

========== Benchmark start ==========
2022-06-27 15:49:02.106119+09:00
logn 20, data_size 4, tau 5, pdpf 5
KEY_TO_INDEX, time = 1641013, ct = 1, bandwidth = 1380
ORAM_READ, time = 24441, ct = 1, bandwidth = 1041
ORAM_WRITE, time = 11048, ct = 1, bandwidth = 620
ORAM_POSITION_MAP, time = 34145, ct = 1, bandwidth = 1644
TOTAL, time = 1710649, ct = 4, bandwidth = 4685
KEY_VALUE_PREPARE, time = 1195547, ct = 4, bandwidth = 0
KEY_VALUE_DPF_GEN, time = 0, ct = 2, bandwidth = 1376
KEY_VALUE_DPF_EVAL, time = 13366, ct = 0, bandwidth = 0
KEY_VALUE_ADD_INDEX, time = 142838, ct = 0, bandwidth = 0
key_value_others, time = 289158, ct = 0, bandwidth = 4
2022-06-27 15:54:50.438664+09:00, duration: 0:05:48.332545
========== Benchmark end ==========

========== Benchmark start ==========
2022-06-27 15:54:50.438731+09:00
logn 21, data_size 4, tau 5, pdpf 5
KEY_TO_INDEX, time = 3444885, ct = 1, bandwidth = 1380
ORAM_READ, time = 33929, ct = 1, bandwidth = 1077
ORAM_WRITE, time = 19152, ct = 1, bandwidth = 656
ORAM_POSITION_MAP, time = 50920, ct = 1, bandwidth = 2055
TOTAL, time = 3548887, ct = 4, bandwidth = 5168
KEY_VALUE_PREPARE, time = 2480790, ct = 4, bandwidth = 0
KEY_VALUE_DPF_GEN, time = 0, ct = 2, bandwidth = 1376
KEY_VALUE_DPF_EVAL, time = 13441, ct = 0, bandwidth = 0
KEY_VALUE_ADD_INDEX, time = 364339, ct = 0, bandwidth = 0
key_value_others, time = 586320, ct = 0, bandwidth = 4
2022-06-27 16:06:48.702620+09:00, duration: 0:11:58.263889
========== Benchmark end ==========

========== Benchmark start ==========
2022-06-27 16:06:48.702656+09:00
logn 22, data_size 4, tau 5, pdpf 5
KEY_TO_INDEX, time = 6617965, ct = 1, bandwidth = 1380
ORAM_READ, time = 578028, ct = 1, bandwidth = 1113
ORAM_WRITE, time = 23956, ct = 1, bandwidth = 692
ORAM_POSITION_MAP, time = 51080, ct = 1, bandwidth = 2368
TOTAL, time = 7268344, ct = 4, bandwidth = 5554
KEY_VALUE_PREPARE, time = 5055459, ct = 4, bandwidth = 0
KEY_VALUE_DPF_GEN, time = 0, ct = 2, bandwidth = 1376
KEY_VALUE_DPF_EVAL, time = 13375, ct = 0, bandwidth = 0
KEY_VALUE_ADD_INDEX, time = 975883, ct = 0, bandwidth = 0
key_value_others, time = 566134, ct = 0, bandwidth = 4
2022-06-27 16:31:17.206169+09:00, duration: 0:24:28.503513
========== Benchmark end ==========

========== Benchmark start ==========
2022-06-27 16:31:17.206208+09:00
logn 23, data_size 4, tau 5, pdpf 5
KEY_TO_INDEX, time = 14549289, ct = 1, bandwidth = 1380
ORAM_READ, time = 1064597, ct = 1, bandwidth = 1149
ORAM_WRITE, time = 31873, ct = 1, bandwidth = 728
ORAM_POSITION_MAP, time = 60086, ct = 1, bandwidth = 2541
TOTAL, time = 15705846, ct = 4, bandwidth = 5798
KEY_VALUE_PREPARE, time = 10407312, ct = 4, bandwidth = 0
KEY_VALUE_DPF_GEN, time = 0, ct = 2, bandwidth = 1376
KEY_VALUE_DPF_EVAL, time = 13458, ct = 0, bandwidth = 0
KEY_VALUE_ADD_INDEX, time = 3069730, ct = 0, bandwidth = 0
key_value_others, time = 1074504, ct = 0, bandwidth = 4
2022-06-27 17:24:09.970989+09:00, duration: 0:52:52.764781
========== Benchmark end ==========

========== Benchmark start ==========
2022-06-27 17:24:09.971031+09:00
logn 24, data_size 4, tau 5, pdpf 5
KEY_TO_INDEX, time = 34420239, ct = 1, bandwidth = 1380
ORAM_READ, time = 1909405, ct = 1, bandwidth = 1185
ORAM_WRITE, time = 45324, ct = 1, bandwidth = 764
ORAM_POSITION_MAP, time = 105676, ct = 1, bandwidth = 2703
TOTAL, time = 36480635, ct = 4, bandwidth = 6032
KEY_VALUE_PREPARE, time = 19529576, ct = 4, bandwidth = 0
KEY_VALUE_DPF_GEN, time = 0, ct = 2, bandwidth = 1376
KEY_VALUE_DPF_EVAL, time = 13384, ct = 0, bandwidth = 0
KEY_VALUE_ADD_INDEX, time = 12851799, ct = 0, bandwidth = 0
key_value_others, time = 2027121, ct = 0, bandwidth = 4
2022-06-27 19:26:38.120318+09:00, duration: 2:02:28.149287
========== Benchmark end ==========

========== Benchmark start ==========
2022-06-27 19:26:38.120364+09:00
logn 25, data_size 4, tau 5, pdpf 5
KEY_TO_INDEX, time = 73249848, ct = 1, bandwidth = 1380
ORAM_READ, time = 2531689, ct = 1, bandwidth = 1221
ORAM_WRITE, time = 66322, ct = 1, bandwidth = 800
ORAM_POSITION_MAP, time = 117948, ct = 1, bandwidth = 3084
TOTAL, time = 75961963, ct = 4, bandwidth = 6486
KEY_VALUE_PREPARE, time = 39060531, ct = 4, bandwidth = 0
KEY_VALUE_DPF_GEN, time = 0, ct = 2, bandwidth = 1376
KEY_VALUE_DPF_EVAL, time = 13563, ct = 0, bandwidth = 0
KEY_VALUE_ADD_INDEX, time = 31692777, ct = 0, bandwidth = 0
key_value_others, time = 2547034, ct = 0, bandwidth = 4
2022-06-27 23:41:57.760597+09:00, duration: 4:15:19.640233
========== Benchmark end ==========

========== Benchmark start ==========
2022-06-27 23:41:57.760649+09:00
logn 26, data_size 4, tau 5, pdpf 5
KEY_TO_INDEX, time = 145481790, ct = 1, bandwidth = 1380
ORAM_READ, time = 2765830, ct = 1, bandwidth = 1257
ORAM_WRITE, time = 106867, ct = 1, bandwidth = 836
ORAM_POSITION_MAP, time = 198253, ct = 1, bandwidth = 3567
TOTAL, time = 148552693, ct = 4, bandwidth = 7041
KEY_VALUE_PREPARE, time = 73394042, ct = 4, bandwidth = 0
KEY_VALUE_DPF_GEN, time = 0, ct = 2, bandwidth = 1376
KEY_VALUE_DPF_EVAL, time = 13355, ct = 0, bandwidth = 0
KEY_VALUE_ADD_INDEX, time = 69295858, ct = 0, bandwidth = 0
key_value_others, time = 2954275, ct = 0, bandwidth = 4
2022-06-28 08:00:53.331407+09:00, duration: 8:18:55.570758
========== Benchmark end ==========

========== Benchmark start ==========
2022-06-28 08:00:53.331441+09:00
logn 27, data_size 4, tau 5, pdpf 5
Error
Pseudo DPF threshold 32
Connecting to 127.0.0.1:9001...
Connecting to 127.0.0.1:9000 done.
Test, iterations = 100 

========== KEY_TO_INDEX ==========
KEY_TO_INDEX time
(1, 0.04)(2, 0.05)(3, 0.06)(4, 0.06)(5, 0.06)(6, 0.1)(7, 0.19)(8, 0.3)(9, 0.56)(10, 1.09)(11, 2.15)(12, 4.23)(13, 8.52)(14, 17.94)(15, 35.91)(16, 62.96)(17, 148.46)(18, 351.2)(19, 773.76)(20, 1641.01)(21, 3444.89)(22, 6617.97)(23, 14549.29)(24, 34420.24)(25, 73249.85)(26, 145481.79)
KEY_TO_INDEX ct
(1, 1)(2, 1)(3, 1)(4, 1)(5, 1)(6, 1)(7, 1)(8, 1)(9, 1)(10, 1)(11, 1)(12, 1)(13, 1)(14, 1)(15, 1)(16, 1)(17, 1)(18, 1)(19, 1)(20, 1)(21, 1)(22, 1)(23, 1)(24, 1)(25, 1)(26, 1)
KEY_TO_INDEX bandwidth
(1, 1.38)(2, 1.38)(3, 1.38)(4, 1.38)(5, 1.38)(6, 1.38)(7, 1.38)(8, 1.38)(9, 1.38)(10, 1.38)(11, 1.38)(12, 1.38)(13, 1.38)(14, 1.38)(15, 1.38)(16, 1.38)(17, 1.38)(18, 1.38)(19, 1.38)(20, 1.38)(21, 1.38)(22, 1.38)(23, 1.38)(24, 1.38)(25, 1.38)(26, 1.38)


========== ORAM_READ ==========
ORAM_READ time
(1, 0.04)(2, 0.03)(3, 0.03)(4, 0.03)(5, 0.03)(6, 0.06)(7, 0.08)(8, 0.09)(9, 0.1)(10, 0.11)(11, 0.11)(12, 0.13)(13, 0.14)(14, 0.16)(15, 0.19)(16, 0.47)(17, 2.13)(18, 11.91)(19, 23.14)(20, 24.44)(21, 33.93)(22, 578.03)(23, 1064.6)(24, 1909.4)(25, 2531.69)(26, 2765.83)
ORAM_READ ct
(1, 1)(2, 1)(3, 1)(4, 1)(5, 1)(6, 1)(7, 1)(8, 1)(9, 1)(10, 1)(11, 1)(12, 1)(13, 1)(14, 1)(15, 1)(16, 1)(17, 1)(18, 1)(19, 1)(20, 1)(21, 1)(22, 1)(23, 1)(24, 1)(25, 1)(26, 1)
ORAM_READ bandwidth
(1, 0.13)(2, 0.13)(3, 0.13)(4, 0.13)(5, 0.13)(6, 0.39)(7, 0.52)(8, 0.58)(9, 0.61)(10, 0.63)(11, 0.73)(12, 0.75)(13, 0.79)(14, 0.82)(15, 0.86)(16, 0.9)(17, 0.93)(18, 0.97)(19, 1.0)(20, 1.04)(21, 1.08)(22, 1.11)(23, 1.15)(24, 1.19)(25, 1.22)(26, 1.26)


========== ORAM_WRITE ==========
ORAM_WRITE time
(1, 0.03)(2, 0.02)(3, 0.02)(4, 0.02)(5, 0.02)(6, 0.06)(7, 0.05)(8, 0.06)(9, 0.06)(10, 0.06)(11, 0.08)(12, 0.06)(13, 0.06)(14, 0.07)(15, 0.1)(16, 0.14)(17, 0.32)(18, 1.28)(19, 9.29)(20, 11.05)(21, 19.15)(22, 23.96)(23, 31.87)(24, 45.32)(25, 66.32)(26, 106.87)
ORAM_WRITE ct
(1, 1)(2, 1)(3, 1)(4, 1)(5, 1)(6, 1)(7, 1)(8, 1)(9, 1)(10, 1)(11, 1)(12, 1)(13, 1)(14, 1)(15, 1)(16, 1)(17, 1)(18, 1)(19, 1)(20, 1)(21, 1)(22, 1)(23, 1)(24, 1)(25, 1)(26, 1)
ORAM_WRITE bandwidth
(1, 0.01)(2, 0.01)(3, 0.01)(4, 0.01)(5, 0.01)(6, 0.39)(7, 0.39)(8, 0.39)(9, 0.39)(10, 0.39)(11, 0.41)(12, 0.33)(13, 0.37)(14, 0.4)(15, 0.44)(16, 0.48)(17, 0.51)(18, 0.55)(19, 0.58)(20, 0.62)(21, 0.66)(22, 0.69)(23, 0.73)(24, 0.76)(25, 0.8)(26, 0.84)


========== ORAM_POSITION_MAP ==========
ORAM_POSITION_MAP time
(1, 0.0)(2, 0.0)(3, 0.0)(4, 0.0)(5, 0.0)(6, 0.05)(7, 0.06)(8, 0.05)(9, 0.05)(10, 0.06)(11, 0.23)(12, 0.24)(13, 0.31)(14, 0.45)(15, 0.93)(16, 2.62)(17, 13.46)(18, 18.84)(19, 21.68)(20, 34.15)(21, 50.92)(22, 51.08)(23, 60.09)(24, 105.68)(25, 117.95)(26, 198.25)
ORAM_POSITION_MAP ct
(1, 0)(2, 0)(3, 0)(4, 0)(5, 0)(6, 1)(7, 1)(8, 1)(9, 1)(10, 1)(11, 1)(12, 1)(13, 1)(14, 1)(15, 1)(16, 1)(17, 1)(18, 1)(19, 1)(20, 1)(21, 1)(22, 1)(23, 1)(24, 1)(25, 1)(26, 1)
ORAM_POSITION_MAP bandwidth
(1, 0.0)(2, 0.0)(3, 0.0)(4, 0.0)(5, 0.0)(6, 0.04)(7, 0.04)(8, 0.04)(9, 0.04)(10, 0.04)(11, 0.25)(12, 0.5)(13, 0.53)(14, 0.55)(15, 0.56)(16, 0.9)(17, 1.14)(18, 1.24)(19, 1.33)(20, 1.64)(21, 2.06)(22, 2.37)(23, 2.54)(24, 2.7)(25, 3.08)(26, 3.57)


========== TOTAL ==========
TOTAL time
(1, 0.11)(2, 0.1)(3, 0.1)(4, 0.11)(5, 0.12)(6, 0.28)(7, 0.38)(8, 0.5)(9, 0.77)(10, 1.33)(11, 2.59)(12, 4.67)(13, 9.03)(14, 18.63)(15, 37.13)(16, 66.17)(17, 164.27)(18, 382.82)(19, 827.87)(20, 1710.65)(21, 3548.89)(22, 7268.34)(23, 15705.85)(24, 36480.64)(25, 75961.96)(26, 148552.69)
TOTAL ct
(1, 3)(2, 3)(3, 3)(4, 3)(5, 3)(6, 4)(7, 4)(8, 4)(9, 4)(10, 4)(11, 4)(12, 4)(13, 4)(14, 4)(15, 4)(16, 4)(17, 4)(18, 4)(19, 4)(20, 4)(21, 4)(22, 4)(23, 4)(24, 4)(25, 4)(26, 4)
TOTAL bandwidth
(1, 1.52)(2, 1.52)(3, 1.52)(4, 1.52)(5, 1.52)(6, 2.2)(7, 2.33)(8, 2.39)(9, 2.42)(10, 2.44)(11, 2.77)(12, 2.97)(13, 3.07)(14, 3.16)(15, 3.25)(16, 3.66)(17, 3.97)(18, 4.14)(19, 4.3)(20, 4.68)(21, 5.17)(22, 5.55)(23, 5.8)(24, 6.03)(25, 6.49)(26, 7.04)


========== KEY_VALUE_PREPARE ==========
KEY_VALUE_PREPARE time
(1, 0.0)(2, 0.0)(3, 0.0)(4, 0.01)(5, 0.02)(6, 0.04)(7, 0.07)(8, 0.14)(9, 0.28)(10, 0.55)(11, 1.14)(12, 2.19)(13, 4.41)(14, 9.17)(15, 18.75)(16, 41.05)(17, 102.83)(18, 253.16)(19, 566.45)(20, 1195.55)(21, 2480.79)(22, 5055.46)(23, 10407.31)(24, 19529.58)(25, 39060.53)(26, 73394.04)
KEY_VALUE_PREPARE ct
(1, 4)(2, 4)(3, 4)(4, 4)(5, 4)(6, 4)(7, 4)(8, 4)(9, 4)(10, 4)(11, 4)(12, 4)(13, 4)(14, 4)(15, 4)(16, 4)(17, 4)(18, 4)(19, 4)(20, 4)(21, 4)(22, 4)(23, 4)(24, 4)(25, 4)(26, 4)
KEY_VALUE_PREPARE bandwidth
(1, 0.0)(2, 0.0)(3, 0.0)(4, 0.0)(5, 0.0)(6, 0.0)(7, 0.0)(8, 0.0)(9, 0.0)(10, 0.0)(11, 0.0)(12, 0.0)(13, 0.0)(14, 0.0)(15, 0.0)(16, 0.0)(17, 0.0)(18, 0.0)(19, 0.0)(20, 0.0)(21, 0.0)(22, 0.0)(23, 0.0)(24, 0.0)(25, 0.0)(26, 0.0)


========== KEY_VALUE_DPF_GEN ==========
KEY_VALUE_DPF_GEN time
(1, 0.0)(2, 0.0)(3, 0.0)(4, 0.0)(5, 0.0)(6, 0.0)(7, 0.0)(8, 0.0)(9, 0.0)(10, 0.0)(11, 0.0)(12, 0.0)(13, 0.0)(14, 0.0)(15, 0.0)(16, 0.0)(17, 0.0)(18, 0.0)(19, 0.0)(20, 0.0)(21, 0.0)(22, 0.0)(23, 0.0)(24, 0.0)(25, 0.0)(26, 0.0)
KEY_VALUE_DPF_GEN ct
(1, 2)(2, 2)(3, 2)(4, 2)(5, 2)(6, 2)(7, 2)(8, 2)(9, 2)(10, 2)(11, 2)(12, 2)(13, 2)(14, 2)(15, 2)(16, 2)(17, 2)(18, 2)(19, 2)(20, 2)(21, 2)(22, 2)(23, 2)(24, 2)(25, 2)(26, 2)
KEY_VALUE_DPF_GEN bandwidth
(1, 1.38)(2, 1.38)(3, 1.38)(4, 1.38)(5, 1.38)(6, 1.38)(7, 1.38)(8, 1.38)(9, 1.38)(10, 1.38)(11, 1.38)(12, 1.38)(13, 1.38)(14, 1.38)(15, 1.38)(16, 1.38)(17, 1.38)(18, 1.38)(19, 1.38)(20, 1.38)(21, 1.38)(22, 1.38)(23, 1.38)(24, 1.38)(25, 1.38)(26, 1.38)


========== KEY_VALUE_DPF_EVAL ==========
KEY_VALUE_DPF_EVAL time
(1, 0.01)(2, 0.03)(3, 0.03)(4, 0.02)(5, 0.01)(6, 0.0)(7, 0.0)(8, 0.0)(9, 0.0)(10, 0.0)(11, 0.0)(12, 0.0)(13, 0.0)(14, 0.0)(15, 0.01)(16, 13.67)(17, 13.49)(18, 13.53)(19, 13.4)(20, 13.37)(21, 13.44)(22, 13.38)(23, 13.46)(24, 13.38)(25, 13.56)(26, 13.36)
KEY_VALUE_DPF_EVAL ct
(1, 0)(2, 0)(3, 0)(4, 0)(5, 0)(6, 0)(7, 0)(8, 0)(9, 0)(10, 0)(11, 0)(12, 0)(13, 0)(14, 0)(15, 0)(16, 0)(17, 0)(18, 0)(19, 0)(20, 0)(21, 0)(22, 0)(23, 0)(24, 0)(25, 0)(26, 0)
KEY_VALUE_DPF_EVAL bandwidth
(1, 0.0)(2, 0.0)(3, 0.0)(4, 0.0)(5, 0.0)(6, 0.0)(7, 0.0)(8, 0.0)(9, 0.0)(10, 0.0)(11, 0.0)(12, 0.0)(13, 0.0)(14, 0.0)(15, 0.0)(16, 0.0)(17, 0.0)(18, 0.0)(19, 0.0)(20, 0.0)(21, 0.0)(22, 0.0)(23, 0.0)(24, 0.0)(25, 0.0)(26, 0.0)


========== KEY_VALUE_ADD_INDEX ==========
KEY_VALUE_ADD_INDEX time
(1, 0.0)(2, 0.0)(3, 0.0)(4, 0.01)(5, 0.02)(6, 0.03)(7, 0.06)(8, 0.12)(9, 0.24)(10, 0.48)(11, 0.95)(12, 1.9)(13, 3.79)(14, 7.76)(15, 15.77)(16, 3.83)(17, 9.93)(18, 24.77)(19, 58.85)(20, 142.84)(21, 364.34)(22, 975.88)(23, 3069.73)(24, 12851.8)(25, 31692.78)(26, 69295.86)
KEY_VALUE_ADD_INDEX ct
(1, 0)(2, 0)(3, 0)(4, 0)(5, 0)(6, 0)(7, 0)(8, 0)(9, 0)(10, 0)(11, 0)(12, 0)(13, 0)(14, 0)(15, 0)(16, 0)(17, 0)(18, 0)(19, 0)(20, 0)(21, 0)(22, 0)(23, 0)(24, 0)(25, 0)(26, 0)
KEY_VALUE_ADD_INDEX bandwidth
(1, 0.0)(2, 0.0)(3, 0.0)(4, 0.0)(5, 0.0)(6, 0.0)(7, 0.0)(8, 0.0)(9, 0.0)(10, 0.0)(11, 0.0)(12, 0.0)(13, 0.0)(14, 0.0)(15, 0.0)(16, 0.0)(17, 0.0)(18, 0.0)(19, 0.0)(20, 0.0)(21, 0.0)(22, 0.0)(23, 0.0)(24, 0.0)(25, 0.0)(26, 0.0)


========== key_value_others ==========
key_value_others time
(1, 0.01)(2, 0.01)(3, 0.01)(4, 0.02)(5, 0.02)(6, 0.04)(7, 0.05)(8, 0.04)(9, 0.04)(10, 0.06)(11, 0.05)(12, 0.1)(13, 0.3)(14, 1.0)(15, 1.44)(16, 4.22)(17, 22.22)(18, 60.86)(19, 135.4)(20, 289.16)(21, 586.32)(22, 566.13)(23, 1074.5)(24, 2027.12)(25, 2547.03)(26, 2954.28)
key_value_others ct
(1, 0)(2, 0)(3, 0)(4, 0)(5, 0)(6, 0)(7, 0)(8, 0)(9, 0)(10, 0)(11, 0)(12, 0)(13, 0)(14, 0)(15, 0)(16, 0)(17, 0)(18, 0)(19, 0)(20, 0)(21, 0)(22, 0)(23, 0)(24, 0)(25, 0)(26, 0)
key_value_others bandwidth
(1, 0.0)(2, 0.0)(3, 0.0)(4, 0.0)(5, 0.0)(6, 0.0)(7, 0.0)(8, 0.0)(9, 0.0)(10, 0.0)(11, 0.0)(12, 0.0)(13, 0.0)(14, 0.0)(15, 0.0)(16, 0.0)(17, 0.0)(18, 0.0)(19, 0.0)(20, 0.0)(21, 0.0)(22, 0.0)(23, 0.0)(24, 0.0)(25, 0.0)(26, 0.0)


