========== Benchmark start ==========
2022-06-16 20:49:30.368738+09:00
logn 1, data_size 4, tau 5, pdpf 5
KEY_TO_INDEX, time = 0, ct = 0, bandwidth = 0
ORAM_READ, time = 35, ct = 1, bandwidth = 132
ORAM_WRITE, time = 31, ct = 1, bandwidth = 8
ORAM_POSITION_MAP, time = 0, ct = 0, bandwidth = 0
TOTAL, time = 66, ct = 2, bandwidth = 140
DPF_GEN, time = 0, ct = 0, bandwidth = 0
DPF_EVAL, time = 0, ct = 0, bandwidth = 0
DPF_EVAL_ALL, time = 0, ct = 0, bandwidth = 0
dpf_total, time = 0, ct = 0, bandwidth = 0
PSEUDO_DPF_GEN, time = 25, ct = 2, bandwidth = 8
PSEUDO_DPF_EVAL, time = 0, ct = 0, bandwidth = 0
PSEUDO_DPF_EVAL_ALL, time = 0, ct = 4, bandwidth = 0
pseudo_dpf_total, time = 25, ct = 6, bandwidth = 8
dpf_pdpf_others, time = 41, ct = 0, bandwidth = 132
2022-06-16 20:49:35.493346+09:00, duration: 0:00:05.124608
========== Benchmark end ==========

========== Benchmark start ==========
2022-06-16 20:49:35.494277+09:00
logn 2, data_size 4, tau 5, pdpf 5
KEY_TO_INDEX, time = 0, ct = 0, bandwidth = 0
ORAM_READ, time = 27, ct = 1, bandwidth = 132
ORAM_WRITE, time = 21, ct = 1, bandwidth = 8
ORAM_POSITION_MAP, time = 0, ct = 0, bandwidth = 0
TOTAL, time = 48, ct = 2, bandwidth = 140
DPF_GEN, time = 0, ct = 0, bandwidth = 0
DPF_EVAL, time = 0, ct = 0, bandwidth = 0
DPF_EVAL_ALL, time = 0, ct = 0, bandwidth = 0
dpf_total, time = 0, ct = 0, bandwidth = 0
PSEUDO_DPF_GEN, time = 19, ct = 2, bandwidth = 8
PSEUDO_DPF_EVAL, time = 0, ct = 0, bandwidth = 0
PSEUDO_DPF_EVAL_ALL, time = 0, ct = 4, bandwidth = 0
pseudo_dpf_total, time = 19, ct = 6, bandwidth = 8
dpf_pdpf_others, time = 29, ct = 0, bandwidth = 132
2022-06-16 20:49:38.513977+09:00, duration: 0:00:03.019700
========== Benchmark end ==========

========== Benchmark start ==========
2022-06-16 20:49:38.514005+09:00
logn 3, data_size 4, tau 5, pdpf 5
KEY_TO_INDEX, time = 0, ct = 0, bandwidth = 0
ORAM_READ, time = 30, ct = 1, bandwidth = 132
ORAM_WRITE, time = 23, ct = 1, bandwidth = 8
ORAM_POSITION_MAP, time = 0, ct = 0, bandwidth = 0
TOTAL, time = 53, ct = 2, bandwidth = 140
DPF_GEN, time = 0, ct = 0, bandwidth = 0
DPF_EVAL, time = 0, ct = 0, bandwidth = 0
DPF_EVAL_ALL, time = 0, ct = 0, bandwidth = 0
dpf_total, time = 0, ct = 0, bandwidth = 0
PSEUDO_DPF_GEN, time = 20, ct = 2, bandwidth = 8
PSEUDO_DPF_EVAL, time = 0, ct = 0, bandwidth = 0
PSEUDO_DPF_EVAL_ALL, time = 0, ct = 4, bandwidth = 0
pseudo_dpf_total, time = 21, ct = 6, bandwidth = 8
dpf_pdpf_others, time = 32, ct = 0, bandwidth = 132
2022-06-16 20:49:41.534793+09:00, duration: 0:00:03.020788
========== Benchmark end ==========

========== Benchmark start ==========
2022-06-16 20:49:41.534820+09:00
logn 4, data_size 4, tau 5, pdpf 5
KEY_TO_INDEX, time = 0, ct = 0, bandwidth = 0
ORAM_READ, time = 30, ct = 1, bandwidth = 132
ORAM_WRITE, time = 24, ct = 1, bandwidth = 8
ORAM_POSITION_MAP, time = 0, ct = 0, bandwidth = 0
TOTAL, time = 54, ct = 2, bandwidth = 140
DPF_GEN, time = 0, ct = 0, bandwidth = 0
DPF_EVAL, time = 0, ct = 0, bandwidth = 0
DPF_EVAL_ALL, time = 0, ct = 0, bandwidth = 0
dpf_total, time = 0, ct = 0, bandwidth = 0
PSEUDO_DPF_GEN, time = 20, ct = 2, bandwidth = 8
PSEUDO_DPF_EVAL, time = 0, ct = 0, bandwidth = 0
PSEUDO_DPF_EVAL_ALL, time = 0, ct = 4, bandwidth = 0
pseudo_dpf_total, time = 20, ct = 6, bandwidth = 8
dpf_pdpf_others, time = 33, ct = 0, bandwidth = 132
2022-06-16 20:49:44.555592+09:00, duration: 0:00:03.020772
========== Benchmark end ==========

========== Benchmark start ==========
2022-06-16 20:49:44.555620+09:00
logn 5, data_size 4, tau 5, pdpf 5
KEY_TO_INDEX, time = 0, ct = 0, bandwidth = 0
ORAM_READ, time = 31, ct = 1, bandwidth = 132
ORAM_WRITE, time = 25, ct = 1, bandwidth = 8
ORAM_POSITION_MAP, time = 0, ct = 0, bandwidth = 0
TOTAL, time = 57, ct = 2, bandwidth = 140
DPF_GEN, time = 0, ct = 0, bandwidth = 0
DPF_EVAL, time = 0, ct = 0, bandwidth = 0
DPF_EVAL_ALL, time = 0, ct = 0, bandwidth = 0
dpf_total, time = 0, ct = 0, bandwidth = 0
PSEUDO_DPF_GEN, time = 22, ct = 2, bandwidth = 8
PSEUDO_DPF_EVAL, time = 0, ct = 0, bandwidth = 0
PSEUDO_DPF_EVAL_ALL, time = 0, ct = 4, bandwidth = 0
pseudo_dpf_total, time = 23, ct = 6, bandwidth = 8
dpf_pdpf_others, time = 34, ct = 0, bandwidth = 132
2022-06-16 20:49:47.580340+09:00, duration: 0:00:03.024720
========== Benchmark end ==========

========== Benchmark start ==========
2022-06-16 20:49:47.580371+09:00
logn 6, data_size 4, tau 5, pdpf 5
KEY_TO_INDEX, time = 0, ct = 0, bandwidth = 0
ORAM_READ, time = 62, ct = 1, bandwidth = 305
ORAM_WRITE, time = 56, ct = 1, bandwidth = 393
ORAM_POSITION_MAP, time = 57, ct = 1, bandwidth = 42
TOTAL, time = 175, ct = 3, bandwidth = 740
DPF_GEN, time = 0, ct = 0, bandwidth = 0
DPF_EVAL, time = 0, ct = 0, bandwidth = 0
DPF_EVAL_ALL, time = 0, ct = 0, bandwidth = 0
dpf_total, time = 0, ct = 0, bandwidth = 0
PSEUDO_DPF_GEN, time = 54, ct = 6, bandwidth = 18
PSEUDO_DPF_EVAL, time = 0, ct = 0, bandwidth = 0
PSEUDO_DPF_EVAL_ALL, time = 1, ct = 12, bandwidth = 0
pseudo_dpf_total, time = 55, ct = 18, bandwidth = 18
dpf_pdpf_others, time = 119, ct = 0, bandwidth = 722
2022-06-16 20:49:50.620068+09:00, duration: 0:00:03.039697
========== Benchmark end ==========

========== Benchmark start ==========
2022-06-16 20:49:50.620099+09:00
logn 7, data_size 4, tau 5, pdpf 5
KEY_TO_INDEX, time = 0, ct = 0, bandwidth = 0
ORAM_READ, time = 80, ct = 1, bandwidth = 391
ORAM_WRITE, time = 48, ct = 1, bandwidth = 393
ORAM_POSITION_MAP, time = 50, ct = 1, bandwidth = 42
TOTAL, time = 179, ct = 3, bandwidth = 826
DPF_GEN, time = 0, ct = 0, bandwidth = 0
DPF_EVAL, time = 0, ct = 0, bandwidth = 0
DPF_EVAL_ALL, time = 0, ct = 0, bandwidth = 0
dpf_total, time = 0, ct = 0, bandwidth = 0
PSEUDO_DPF_GEN, time = 58, ct = 6, bandwidth = 18
PSEUDO_DPF_EVAL, time = 0, ct = 0, bandwidth = 0
PSEUDO_DPF_EVAL_ALL, time = 1, ct = 13, bandwidth = 0
pseudo_dpf_total, time = 59, ct = 19, bandwidth = 18
dpf_pdpf_others, time = 119, ct = 0, bandwidth = 808
2022-06-16 20:49:53.661109+09:00, duration: 0:00:03.041010
========== Benchmark end ==========

========== Benchmark start ==========
2022-06-16 20:49:53.661143+09:00
logn 8, data_size 4, tau 5, pdpf 5
KEY_TO_INDEX, time = 0, ct = 0, bandwidth = 0
ORAM_READ, time = 108, ct = 1, bandwidth = 433
ORAM_WRITE, time = 65, ct = 1, bandwidth = 387
ORAM_POSITION_MAP, time = 74, ct = 1, bandwidth = 42
TOTAL, time = 248, ct = 3, bandwidth = 862
DPF_GEN, time = 0, ct = 0, bandwidth = 0
DPF_EVAL, time = 0, ct = 0, bandwidth = 0
DPF_EVAL_ALL, time = 0, ct = 0, bandwidth = 0
dpf_total, time = 0, ct = 0, bandwidth = 0
PSEUDO_DPF_GEN, time = 79, ct = 6, bandwidth = 18
PSEUDO_DPF_EVAL, time = 0, ct = 0, bandwidth = 0
PSEUDO_DPF_EVAL_ALL, time = 1, ct = 13, bandwidth = 0
pseudo_dpf_total, time = 81, ct = 20, bandwidth = 18
dpf_pdpf_others, time = 167, ct = 0, bandwidth = 844
2022-06-16 20:49:56.716072+09:00, duration: 0:00:03.054929
========== Benchmark end ==========

========== Benchmark start ==========
2022-06-16 20:49:56.716098+09:00
logn 9, data_size 4, tau 5, pdpf 5
KEY_TO_INDEX, time = 0, ct = 0, bandwidth = 0
ORAM_READ, time = 99, ct = 1, bandwidth = 455
ORAM_WRITE, time = 54, ct = 1, bandwidth = 388
ORAM_POSITION_MAP, time = 58, ct = 1, bandwidth = 42
TOTAL, time = 213, ct = 3, bandwidth = 886
DPF_GEN, time = 0, ct = 0, bandwidth = 0
DPF_EVAL, time = 0, ct = 0, bandwidth = 0
DPF_EVAL_ALL, time = 0, ct = 0, bandwidth = 0
dpf_total, time = 0, ct = 0, bandwidth = 0
PSEUDO_DPF_GEN, time = 68, ct = 6, bandwidth = 21
PSEUDO_DPF_EVAL, time = 0, ct = 0, bandwidth = 0
PSEUDO_DPF_EVAL_ALL, time = 1, ct = 13, bandwidth = 0
pseudo_dpf_total, time = 70, ct = 20, bandwidth = 21
dpf_pdpf_others, time = 142, ct = 0, bandwidth = 864
2022-06-16 20:49:59.763600+09:00, duration: 0:00:03.047502
========== Benchmark end ==========

========== Benchmark start ==========
2022-06-16 20:49:59.763631+09:00
logn 10, data_size 4, tau 5, pdpf 5
KEY_TO_INDEX, time = 0, ct = 0, bandwidth = 0
ORAM_READ, time = 104, ct = 1, bandwidth = 468
ORAM_WRITE, time = 57, ct = 1, bandwidth = 390
ORAM_POSITION_MAP, time = 63, ct = 1, bandwidth = 42
TOTAL, time = 226, ct = 3, bandwidth = 901
DPF_GEN, time = 0, ct = 0, bandwidth = 0
DPF_EVAL, time = 0, ct = 0, bandwidth = 0
DPF_EVAL_ALL, time = 0, ct = 0, bandwidth = 0
dpf_total, time = 0, ct = 0, bandwidth = 0
PSEUDO_DPF_GEN, time = 73, ct = 6, bandwidth = 26
PSEUDO_DPF_EVAL, time = 0, ct = 0, bandwidth = 0
PSEUDO_DPF_EVAL_ALL, time = 1, ct = 13, bandwidth = 0
pseudo_dpf_total, time = 75, ct = 20, bandwidth = 26
dpf_pdpf_others, time = 150, ct = 0, bandwidth = 875
2022-06-16 20:50:02.813072+09:00, duration: 0:00:03.049441
========== Benchmark end ==========

========== Benchmark start ==========
2022-06-16 20:50:02.813105+09:00
logn 11, data_size 4, tau 5, pdpf 5
KEY_TO_INDEX, time = 0, ct = 0, bandwidth = 0
ORAM_READ, time = 112, ct = 1, bandwidth = 561
ORAM_WRITE, time = 58, ct = 1, bandwidth = 413
ORAM_POSITION_MAP, time = 183, ct = 1, bandwidth = 226
TOTAL, time = 353, ct = 3, bandwidth = 1201
DPF_GEN, time = 33, ct = 2, bandwidth = 159
DPF_EVAL, time = 0, ct = 0, bandwidth = 0
DPF_EVAL_ALL, time = 1, ct = 4, bandwidth = 0
dpf_total, time = 35, ct = 7, bandwidth = 159
PSEUDO_DPF_GEN, time = 84, ct = 8, bandwidth = 27
PSEUDO_DPF_EVAL, time = 0, ct = 0, bandwidth = 0
PSEUDO_DPF_EVAL_ALL, time = 1, ct = 17, bandwidth = 0
pseudo_dpf_total, time = 86, ct = 25, bandwidth = 27
dpf_pdpf_others, time = 231, ct = 0, bandwidth = 1015
2022-06-16 20:50:05.881200+09:00, duration: 0:00:03.068095
========== Benchmark end ==========

========== Benchmark start ==========
2022-06-16 20:50:05.881234+09:00
logn 12, data_size 4, tau 5, pdpf 5
KEY_TO_INDEX, time = 0, ct = 0, bandwidth = 0
ORAM_READ, time = 120, ct = 1, bandwidth = 586
ORAM_WRITE, time = 62, ct = 1, bandwidth = 332
ORAM_POSITION_MAP, time = 221, ct = 1, bandwidth = 442
TOTAL, time = 403, ct = 3, bandwidth = 1361
DPF_GEN, time = 40, ct = 2, bandwidth = 181
DPF_EVAL, time = 0, ct = 0, bandwidth = 0
DPF_EVAL_ALL, time = 2, ct = 5, bandwidth = 0
dpf_total, time = 42, ct = 8, bandwidth = 181
PSEUDO_DPF_GEN, time = 101, ct = 8, bandwidth = 27
PSEUDO_DPF_EVAL, time = 0, ct = 0, bandwidth = 0
PSEUDO_DPF_EVAL_ALL, time = 1, ct = 17, bandwidth = 0
pseudo_dpf_total, time = 103, ct = 26, bandwidth = 27
dpf_pdpf_others, time = 257, ct = 0, bandwidth = 1152
2022-06-16 20:50:08.958617+09:00, duration: 0:00:03.077383
========== Benchmark end ==========

========== Benchmark start ==========
2022-06-16 20:50:08.958645+09:00
logn 13, data_size 4, tau 5, pdpf 5
KEY_TO_INDEX, time = 0, ct = 0, bandwidth = 0
ORAM_READ, time = 114, ct = 1, bandwidth = 622
ORAM_WRITE, time = 78, ct = 1, bandwidth = 368
ORAM_POSITION_MAP, time = 187, ct = 1, bandwidth = 460
TOTAL, time = 380, ct = 3, bandwidth = 1451
DPF_GEN, time = 36, ct = 2, bandwidth = 253
DPF_EVAL, time = 0, ct = 0, bandwidth = 0
DPF_EVAL_ALL, time = 2, ct = 5, bandwidth = 0
dpf_total, time = 39, ct = 8, bandwidth = 253
PSEUDO_DPF_GEN, time = 90, ct = 9, bandwidth = 27
PSEUDO_DPF_EVAL, time = 0, ct = 0, bandwidth = 0
PSEUDO_DPF_EVAL_ALL, time = 2, ct = 18, bandwidth = 0
pseudo_dpf_total, time = 92, ct = 27, bandwidth = 27
dpf_pdpf_others, time = 248, ct = 0, bandwidth = 1170
2022-06-16 20:50:12.031595+09:00, duration: 0:00:03.072950
========== Benchmark end ==========

========== Benchmark start ==========
2022-06-16 20:50:12.031623+09:00
logn 14, data_size 4, tau 5, pdpf 5
KEY_TO_INDEX, time = 0, ct = 0, bandwidth = 0
ORAM_READ, time = 124, ct = 1, bandwidth = 658
ORAM_WRITE, time = 69, ct = 1, bandwidth = 404
ORAM_POSITION_MAP, time = 217, ct = 1, bandwidth = 473
TOTAL, time = 412, ct = 3, bandwidth = 1536
DPF_GEN, time = 41, ct = 2, bandwidth = 325
DPF_EVAL, time = 0, ct = 0, bandwidth = 0
DPF_EVAL_ALL, time = 3, ct = 5, bandwidth = 0
dpf_total, time = 45, ct = 8, bandwidth = 325
PSEUDO_DPF_GEN, time = 95, ct = 9, bandwidth = 30
PSEUDO_DPF_EVAL, time = 0, ct = 0, bandwidth = 0
PSEUDO_DPF_EVAL_ALL, time = 2, ct = 18, bandwidth = 0
pseudo_dpf_total, time = 97, ct = 27, bandwidth = 30
dpf_pdpf_others, time = 268, ct = 0, bandwidth = 1181
2022-06-16 20:50:15.110540+09:00, duration: 0:00:03.078917
========== Benchmark end ==========

========== Benchmark start ==========
2022-06-16 20:50:15.110569+09:00
logn 15, data_size 4, tau 5, pdpf 5
KEY_TO_INDEX, time = 0, ct = 0, bandwidth = 0
ORAM_READ, time = 131, ct = 1, bandwidth = 694
ORAM_WRITE, time = 77, ct = 1, bandwidth = 440
ORAM_POSITION_MAP, time = 197, ct = 1, bandwidth = 484
TOTAL, time = 406, ct = 3, bandwidth = 1619
DPF_GEN, time = 36, ct = 2, bandwidth = 397
DPF_EVAL, time = 0, ct = 0, bandwidth = 0
DPF_EVAL_ALL, time = 5, ct = 5, bandwidth = 0
dpf_total, time = 42, ct = 8, bandwidth = 397
PSEUDO_DPF_GEN, time = 84, ct = 9, bandwidth = 35
PSEUDO_DPF_EVAL, time = 0, ct = 0, bandwidth = 0
PSEUDO_DPF_EVAL_ALL, time = 2, ct = 18, bandwidth = 0
pseudo_dpf_total, time = 86, ct = 27, bandwidth = 35
dpf_pdpf_others, time = 277, ct = 0, bandwidth = 1186
2022-06-16 20:50:18.188993+09:00, duration: 0:00:03.078424
========== Benchmark end ==========

========== Benchmark start ==========
2022-06-16 20:50:18.189022+09:00
logn 16, data_size 4, tau 5, pdpf 5
KEY_TO_INDEX, time = 0, ct = 0, bandwidth = 0
ORAM_READ, time = 162, ct = 1, bandwidth = 730
ORAM_WRITE, time = 113, ct = 1, bandwidth = 476
ORAM_POSITION_MAP, time = 368, ct = 1, bandwidth = 801
TOTAL, time = 644, ct = 3, bandwidth = 2008
DPF_GEN, time = 77, ct = 5, bandwidth = 628
DPF_EVAL, time = 0, ct = 0, bandwidth = 0
DPF_EVAL_ALL, time = 11, ct = 10, bandwidth = 0
dpf_total, time = 89, ct = 15, bandwidth = 628
PSEUDO_DPF_GEN, time = 110, ct = 10, bandwidth = 36
PSEUDO_DPF_EVAL, time = 0, ct = 0, bandwidth = 0
PSEUDO_DPF_EVAL_ALL, time = 2, ct = 21, bandwidth = 0
pseudo_dpf_total, time = 113, ct = 32, bandwidth = 36
dpf_pdpf_others, time = 441, ct = 0, bandwidth = 1343
2022-06-16 20:50:21.305171+09:00, duration: 0:00:03.116149
========== Benchmark end ==========

========== Benchmark start ==========
2022-06-16 20:50:21.305236+09:00
logn 17, data_size 4, tau 5, pdpf 5
KEY_TO_INDEX, time = 0, ct = 0, bandwidth = 0
ORAM_READ, time = 208, ct = 1, bandwidth = 766
ORAM_WRITE, time = 176, ct = 1, bandwidth = 512
ORAM_POSITION_MAP, time = 401, ct = 1, bandwidth = 1000
TOTAL, time = 786, ct = 3, bandwidth = 2279
DPF_GEN, time = 88, ct = 5, bandwidth = 723
DPF_EVAL, time = 0, ct = 0, bandwidth = 0
DPF_EVAL_ALL, time = 19, ct = 10, bandwidth = 0
dpf_total, time = 107, ct = 16, bandwidth = 723
PSEUDO_DPF_GEN, time = 112, ct = 11, bandwidth = 36
PSEUDO_DPF_EVAL, time = 0, ct = 0, bandwidth = 0
PSEUDO_DPF_EVAL_ALL, time = 2, ct = 22, bandwidth = 0
pseudo_dpf_total, time = 115, ct = 33, bandwidth = 36
dpf_pdpf_others, time = 563, ct = 0, bandwidth = 1520
2022-06-16 20:50:24.445271+09:00, duration: 0:00:03.140035
========== Benchmark end ==========

========== Benchmark start ==========
2022-06-16 20:50:24.445301+09:00
logn 18, data_size 4, tau 5, pdpf 5
KEY_TO_INDEX, time = 0, ct = 0, bandwidth = 0
ORAM_READ, time = 312, ct = 1, bandwidth = 802
ORAM_WRITE, time = 290, ct = 1, bandwidth = 548
ORAM_POSITION_MAP, time = 426, ct = 1, bandwidth = 1091
TOTAL, time = 1029, ct = 3, bandwidth = 2442
DPF_GEN, time = 100, ct = 5, bandwidth = 867
DPF_EVAL, time = 0, ct = 0, bandwidth = 0
DPF_EVAL_ALL, time = 36, ct = 10, bandwidth = 0
dpf_total, time = 136, ct = 16, bandwidth = 867
PSEUDO_DPF_GEN, time = 122, ct = 11, bandwidth = 36
PSEUDO_DPF_EVAL, time = 0, ct = 0, bandwidth = 0
PSEUDO_DPF_EVAL_ALL, time = 2, ct = 22, bandwidth = 0
pseudo_dpf_total, time = 124, ct = 34, bandwidth = 36
dpf_pdpf_others, time = 767, ct = 0, bandwidth = 1538
2022-06-16 20:50:27.625001+09:00, duration: 0:00:03.179700
========== Benchmark end ==========

========== Benchmark start ==========
2022-06-16 20:50:27.625031+09:00
logn 19, data_size 4, tau 5, pdpf 5
KEY_TO_INDEX, time = 0, ct = 0, bandwidth = 0
ORAM_READ, time = 641, ct = 1, bandwidth = 838
ORAM_WRITE, time = 610, ct = 1, bandwidth = 584
ORAM_POSITION_MAP, time = 467, ct = 1, bandwidth = 1175
TOTAL, time = 1719, ct = 3, bandwidth = 2598
DPF_GEN, time = 126, ct = 5, bandwidth = 1011
DPF_EVAL, time = 0, ct = 0, bandwidth = 0
DPF_EVAL_ALL, time = 73, ct = 10, bandwidth = 0
dpf_total, time = 200, ct = 16, bandwidth = 1011
PSEUDO_DPF_GEN, time = 113, ct = 11, bandwidth = 39
PSEUDO_DPF_EVAL, time = 0, ct = 0, bandwidth = 0
PSEUDO_DPF_EVAL_ALL, time = 2, ct = 22, bandwidth = 0
pseudo_dpf_total, time = 116, ct = 34, bandwidth = 39
dpf_pdpf_others, time = 1403, ct = 0, bandwidth = 1548
2022-06-16 20:50:30.928539+09:00, duration: 0:00:03.303508
========== Benchmark end ==========

========== Benchmark start ==========
2022-06-16 20:50:30.928563+09:00
logn 20, data_size 4, tau 5, pdpf 5
KEY_TO_INDEX, time = 0, ct = 0, bandwidth = 0
ORAM_READ, time = 1345, ct = 1, bandwidth = 874
ORAM_WRITE, time = 1349, ct = 1, bandwidth = 620
ORAM_POSITION_MAP, time = 605, ct = 1, bandwidth = 1440
TOTAL, time = 3300, ct = 3, bandwidth = 2935
DPF_GEN, time = 199, ct = 5, bandwidth = 1155
DPF_EVAL, time = 0, ct = 0, bandwidth = 0
DPF_EVAL_ALL, time = 141, ct = 10, bandwidth = 0
dpf_total, time = 340, ct = 16, bandwidth = 1155
PSEUDO_DPF_GEN, time = 127, ct = 11, bandwidth = 44
PSEUDO_DPF_EVAL, time = 0, ct = 0, bandwidth = 0
PSEUDO_DPF_EVAL_ALL, time = 3, ct = 23, bandwidth = 0
pseudo_dpf_total, time = 130, ct = 34, bandwidth = 44
dpf_pdpf_others, time = 2828, ct = 0, bandwidth = 1736
2022-06-16 20:50:34.468926+09:00, duration: 0:00:03.540363
========== Benchmark end ==========

========== Benchmark start ==========
2022-06-16 20:50:34.468945+09:00
logn 21, data_size 4, tau 5, pdpf 5
KEY_TO_INDEX, time = 0, ct = 0, bandwidth = 0
ORAM_READ, time = 2564, ct = 1, bandwidth = 910
ORAM_WRITE, time = 2894, ct = 1, bandwidth = 656
ORAM_POSITION_MAP, time = 872, ct = 1, bandwidth = 1830
TOTAL, time = 6331, ct = 3, bandwidth = 3397
DPF_GEN, time = 310, ct = 7, bandwidth = 1458
DPF_EVAL, time = 0, ct = 0, bandwidth = 0
DPF_EVAL_ALL, time = 290, ct = 15, bandwidth = 0
dpf_total, time = 600, ct = 23, bandwidth = 1458
PSEUDO_DPF_GEN, time = 131, ct = 13, bandwidth = 45
PSEUDO_DPF_EVAL, time = 0, ct = 0, bandwidth = 0
PSEUDO_DPF_EVAL_ALL, time = 3, ct = 26, bandwidth = 0
pseudo_dpf_total, time = 134, ct = 39, bandwidth = 45
dpf_pdpf_others, time = 5596, ct = 0, bandwidth = 1893
2022-06-16 20:50:38.471493+09:00, duration: 0:00:04.002548
========== Benchmark end ==========

========== Benchmark start ==========
2022-06-16 20:50:38.471512+09:00
logn 22, data_size 4, tau 5, pdpf 5
KEY_TO_INDEX, time = 0, ct = 0, bandwidth = 0
ORAM_READ, time = 5084, ct = 1, bandwidth = 946
ORAM_WRITE, time = 5853, ct = 1, bandwidth = 692
ORAM_POSITION_MAP, time = 1246, ct = 1, bandwidth = 2101
TOTAL, time = 12185, ct = 3, bandwidth = 3740
DPF_GEN, time = 534, ct = 8, bandwidth = 1624
DPF_EVAL, time = 0, ct = 0, bandwidth = 0
DPF_EVAL_ALL, time = 557, ct = 16, bandwidth = 0
dpf_total, time = 1091, ct = 24, bandwidth = 1624
PSEUDO_DPF_GEN, time = 134, ct = 13, bandwidth = 45
PSEUDO_DPF_EVAL, time = 0, ct = 0, bandwidth = 0
PSEUDO_DPF_EVAL_ALL, time = 3, ct = 26, bandwidth = 0
pseudo_dpf_total, time = 137, ct = 40, bandwidth = 45
dpf_pdpf_others, time = 10955, ct = 0, bandwidth = 2070
2022-06-16 20:50:43.383108+09:00, duration: 0:00:04.911596
========== Benchmark end ==========

========== Benchmark start ==========
2022-06-16 20:50:43.383139+09:00
logn 23, data_size 4, tau 5, pdpf 5
KEY_TO_INDEX, time = 0, ct = 0, bandwidth = 0
ORAM_READ, time = 9909, ct = 1, bandwidth = 982
ORAM_WRITE, time = 11661, ct = 1, bandwidth = 728
ORAM_POSITION_MAP, time = 1841, ct = 1, bandwidth = 2263
TOTAL, time = 23412, ct = 3, bandwidth = 3974
DPF_GEN, time = 873, ct = 8, bandwidth = 1840
DPF_EVAL, time = 0, ct = 0, bandwidth = 0
DPF_EVAL_ALL, time = 1144, ct = 16, bandwidth = 0
dpf_total, time = 2018, ct = 24, bandwidth = 1840
PSEUDO_DPF_GEN, time = 144, ct = 13, bandwidth = 45
PSEUDO_DPF_EVAL, time = 0, ct = 0, bandwidth = 0
PSEUDO_DPF_EVAL_ALL, time = 3, ct = 27, bandwidth = 0
pseudo_dpf_total, time = 147, ct = 41, bandwidth = 45
dpf_pdpf_others, time = 21246, ct = 0, bandwidth = 2088
2022-06-16 20:50:49.994860+09:00, duration: 0:00:06.611721
========== Benchmark end ==========

========== Benchmark start ==========
2022-06-16 20:50:49.994889+09:00
logn 24, data_size 4, tau 5, pdpf 5
KEY_TO_INDEX, time = 0, ct = 0, bandwidth = 0
ORAM_READ, time = 19413, ct = 1, bandwidth = 1018
ORAM_WRITE, time = 22898, ct = 1, bandwidth = 764
ORAM_POSITION_MAP, time = 3003, ct = 1, bandwidth = 2420
TOTAL, time = 45315, ct = 3, bandwidth = 4203
DPF_GEN, time = 1541, ct = 8, bandwidth = 2056
DPF_EVAL, time = 0, ct = 0, bandwidth = 0
DPF_EVAL_ALL, time = 2196, ct = 16, bandwidth = 0
dpf_total, time = 3737, ct = 24, bandwidth = 2056
PSEUDO_DPF_GEN, time = 152, ct = 13, bandwidth = 47
PSEUDO_DPF_EVAL, time = 0, ct = 0, bandwidth = 0
PSEUDO_DPF_EVAL_ALL, time = 3, ct = 27, bandwidth = 0
pseudo_dpf_total, time = 155, ct = 41, bandwidth = 47
dpf_pdpf_others, time = 41421, ct = 0, bandwidth = 2098
2022-06-16 20:50:59.944797+09:00, duration: 0:00:09.949908
========== Benchmark end ==========

========== Benchmark start ==========
2022-06-16 20:50:59.944831+09:00
logn 25, data_size 4, tau 5, pdpf 5
KEY_TO_INDEX, time = 0, ct = 0, bandwidth = 0
ORAM_READ, time = 38780, ct = 1, bandwidth = 1054
ORAM_WRITE, time = 45531, ct = 1, bandwidth = 800
ORAM_POSITION_MAP, time = 5263, ct = 1, bandwidth = 2757
TOTAL, time = 89576, ct = 3, bandwidth = 4612
DPF_GEN, time = 2785, ct = 8, bandwidth = 2272
DPF_EVAL, time = 0, ct = 0, bandwidth = 0
DPF_EVAL_ALL, time = 4553, ct = 16, bandwidth = 0
dpf_total, time = 7338, ct = 24, bandwidth = 2272
PSEUDO_DPF_GEN, time = 161, ct = 13, bandwidth = 53
PSEUDO_DPF_EVAL, time = 0, ct = 0, bandwidth = 0
PSEUDO_DPF_EVAL_ALL, time = 3, ct = 27, bandwidth = 0
pseudo_dpf_total, time = 165, ct = 41, bandwidth = 53
dpf_pdpf_others, time = 82072, ct = 0, bandwidth = 2286
2022-06-16 20:51:16.663896+09:00, duration: 0:00:16.719065
========== Benchmark end ==========

========== Benchmark start ==========
2022-06-16 20:51:16.663927+09:00
logn 26, data_size 4, tau 5, pdpf 5
KEY_TO_INDEX, time = 0, ct = 0, bandwidth = 0
ORAM_READ, time = 76242, ct = 1, bandwidth = 1090
ORAM_WRITE, time = 91431, ct = 1, bandwidth = 836
ORAM_POSITION_MAP, time = 10242, ct = 1, bandwidth = 3218
TOTAL, time = 177916, ct = 3, bandwidth = 5145
DPF_GEN, time = 5368, ct = 10, bandwidth = 2647
DPF_EVAL, time = 0, ct = 0, bandwidth = 0
DPF_EVAL_ALL, time = 9083, ct = 20, bandwidth = 0
dpf_total, time = 14451, ct = 31, bandwidth = 2647
PSEUDO_DPF_GEN, time = 190, ct = 15, bandwidth = 54
PSEUDO_DPF_EVAL, time = 0, ct = 0, bandwidth = 0
PSEUDO_DPF_EVAL_ALL, time = 3, ct = 31, bandwidth = 0
pseudo_dpf_total, time = 194, ct = 46, bandwidth = 54
dpf_pdpf_others, time = 163270, ct = 0, bandwidth = 2443
2022-06-16 20:51:46.580262+09:00, duration: 0:00:29.916335
========== Benchmark end ==========

========== Benchmark start ==========
2022-06-16 20:51:46.580297+09:00
logn 27, data_size 4, tau 5, pdpf 5
KEY_TO_INDEX, time = 0, ct = 0, bandwidth = 0
ORAM_READ, time = 149931, ct = 1, bandwidth = 1126
ORAM_WRITE, time = 180454, ct = 1, bandwidth = 872
ORAM_POSITION_MAP, time = 19575, ct = 1, bandwidth = 3561
TOTAL, time = 349961, ct = 3, bandwidth = 5560
DPF_GEN, time = 10336, ct = 10, bandwidth = 2886
DPF_EVAL, time = 0, ct = 0, bandwidth = 0
DPF_EVAL_ALL, time = 18062, ct = 21, bandwidth = 0
dpf_total, time = 28399, ct = 32, bandwidth = 2886
PSEUDO_DPF_GEN, time = 195, ct = 15, bandwidth = 53
PSEUDO_DPF_EVAL, time = 0, ct = 0, bandwidth = 0
PSEUDO_DPF_EVAL_ALL, time = 3, ct = 31, bandwidth = 0
pseudo_dpf_total, time = 198, ct = 47, bandwidth = 53
dpf_pdpf_others, time = 321362, ct = 0, bandwidth = 2620
2022-06-16 20:52:42.782874+09:00, duration: 0:00:56.202577
========== Benchmark end ==========

========== Benchmark start ==========
2022-06-16 20:52:42.782909+09:00
logn 28, data_size 4, tau 5, pdpf 5
KEY_TO_INDEX, time = 0, ct = 0, bandwidth = 0
ORAM_READ, time = 294358, ct = 1, bandwidth = 1162
ORAM_WRITE, time = 357079, ct = 1, bandwidth = 908
ORAM_POSITION_MAP, time = 41418, ct = 1, bandwidth = 3978
TOTAL, time = 692856, ct = 3, bandwidth = 6049
DPF_GEN, time = 19864, ct = 10, bandwidth = 3174
DPF_EVAL, time = 0, ct = 0, bandwidth = 0
DPF_EVAL_ALL, time = 35973, ct = 21, bandwidth = 0
dpf_total, time = 55837, ct = 32, bandwidth = 3174
PSEUDO_DPF_GEN, time = 211, ct = 15, bandwidth = 54
PSEUDO_DPF_EVAL, time = 0, ct = 0, bandwidth = 0
PSEUDO_DPF_EVAL_ALL, time = 5, ct = 31, bandwidth = 0
pseudo_dpf_total, time = 217, ct = 47, bandwidth = 54
dpf_pdpf_others, time = 636802, ct = 0, bandwidth = 2821
2022-06-16 20:54:30.693670+09:00, duration: 0:01:47.910761
========== Benchmark end ==========

========== Benchmark start ==========
2022-06-16 20:54:30.693695+09:00
logn 29, data_size 4, tau 5, pdpf 5
KEY_TO_INDEX, time = 0, ct = 0, bandwidth = 0
ORAM_READ, time = 584732, ct = 1, bandwidth = 1198
ORAM_WRITE, time = 711176, ct = 1, bandwidth = 944
ORAM_POSITION_MAP, time = 79634, ct = 1, bandwidth = 4207
TOTAL, time = 1375544, ct = 3, bandwidth = 6350
DPF_GEN, time = 36806, ct = 10, bandwidth = 3462
DPF_EVAL, time = 0, ct = 0, bandwidth = 0
DPF_EVAL_ALL, time = 72521, ct = 21, bandwidth = 0
dpf_total, time = 109327, ct = 32, bandwidth = 3462
PSEUDO_DPF_GEN, time = 219, ct = 16, bandwidth = 56
PSEUDO_DPF_EVAL, time = 0, ct = 0, bandwidth = 0
PSEUDO_DPF_EVAL_ALL, time = 3, ct = 32, bandwidth = 0
pseudo_dpf_total, time = 223, ct = 48, bandwidth = 56
dpf_pdpf_others, time = 1265992, ct = 0, bandwidth = 2831
2022-06-16 20:58:01.336324+09:00, duration: 0:03:30.642629
========== Benchmark end ==========

========== Benchmark start ==========
2022-06-16 20:58:01.336418+09:00
logn 30, data_size 4, tau 5, pdpf 5
KEY_TO_INDEX, time = 0, ct = 0, bandwidth = 0
ORAM_READ, time = 1176948, ct = 1, bandwidth = 1234
ORAM_WRITE, time = 1427638, ct = 1, bandwidth = 980
ORAM_POSITION_MAP, time = 154363, ct = 1, bandwidth = 4616
TOTAL, time = 2758950, ct = 3, bandwidth = 6831
DPF_GEN, time = 69689, ct = 10, bandwidth = 3750
DPF_EVAL, time = 0, ct = 0, bandwidth = 0
DPF_EVAL_ALL, time = 161582, ct = 21, bandwidth = 0
dpf_total, time = 231271, ct = 32, bandwidth = 3750
PSEUDO_DPF_GEN, time = 239, ct = 16, bandwidth = 61
PSEUDO_DPF_EVAL, time = 0, ct = 0, bandwidth = 0
PSEUDO_DPF_EVAL_ALL, time = 4, ct = 32, bandwidth = 0
pseudo_dpf_total, time = 244, ct = 48, bandwidth = 61
dpf_pdpf_others, time = 2527435, ct = 0, bandwidth = 3019
2022-06-16 21:05:01.842811+09:00, duration: 0:07:00.506393
========== Benchmark end ==========

========== Benchmark start ==========
2022-06-16 21:05:01.842846+09:00
logn 31, data_size 4, tau 5, pdpf 5
Error
Pseudo DPF threshold 32
Connecting to 127.0.0.1:9001...
Connecting to 127.0.0.1:9000 done.
Test, iterations = 100 

failed
========== KEY_TO_INDEX ==========
KEY_TO_INDEX time
(1, 0.0)(2, 0.0)(3, 0.0)(4, 0.0)(5, 0.0)(6, 0.0)(7, 0.0)(8, 0.0)(9, 0.0)(10, 0.0)(11, 0.0)(12, 0.0)(13, 0.0)(14, 0.0)(15, 0.0)(16, 0.0)(17, 0.0)(18, 0.0)(19, 0.0)(20, 0.0)(21, 0.0)(22, 0.0)(23, 0.0)(24, 0.0)(25, 0.0)(26, 0.0)(27, 0.0)(28, 0.0)(29, 0.0)(30, 0.0)
KEY_TO_INDEX ct
(1, 0)(2, 0)(3, 0)(4, 0)(5, 0)(6, 0)(7, 0)(8, 0)(9, 0)(10, 0)(11, 0)(12, 0)(13, 0)(14, 0)(15, 0)(16, 0)(17, 0)(18, 0)(19, 0)(20, 0)(21, 0)(22, 0)(23, 0)(24, 0)(25, 0)(26, 0)(27, 0)(28, 0)(29, 0)(30, 0)
KEY_TO_INDEX bandwidth
(1, 0.0)(2, 0.0)(3, 0.0)(4, 0.0)(5, 0.0)(6, 0.0)(7, 0.0)(8, 0.0)(9, 0.0)(10, 0.0)(11, 0.0)(12, 0.0)(13, 0.0)(14, 0.0)(15, 0.0)(16, 0.0)(17, 0.0)(18, 0.0)(19, 0.0)(20, 0.0)(21, 0.0)(22, 0.0)(23, 0.0)(24, 0.0)(25, 0.0)(26, 0.0)(27, 0.0)(28, 0.0)(29, 0.0)(30, 0.0)


========== ORAM_READ ==========
ORAM_READ time
(1, 0.04)(2, 0.03)(3, 0.03)(4, 0.03)(5, 0.03)(6, 0.06)(7, 0.08)(8, 0.11)(9, 0.1)(10, 0.1)(11, 0.11)(12, 0.12)(13, 0.11)(14, 0.12)(15, 0.13)(16, 0.16)(17, 0.21)(18, 0.31)(19, 0.64)(20, 1.34)(21, 2.56)(22, 5.08)(23, 9.91)(24, 19.41)(25, 38.78)(26, 76.24)(27, 149.93)(28, 294.36)(29, 584.73)(30, 1176.95)
ORAM_READ ct
(1, 1)(2, 1)(3, 1)(4, 1)(5, 1)(6, 1)(7, 1)(8, 1)(9, 1)(10, 1)(11, 1)(12, 1)(13, 1)(14, 1)(15, 1)(16, 1)(17, 1)(18, 1)(19, 1)(20, 1)(21, 1)(22, 1)(23, 1)(24, 1)(25, 1)(26, 1)(27, 1)(28, 1)(29, 1)(30, 1)
ORAM_READ bandwidth
(1, 0.13)(2, 0.13)(3, 0.13)(4, 0.13)(5, 0.13)(6, 0.3)(7, 0.39)(8, 0.43)(9, 0.46)(10, 0.47)(11, 0.56)(12, 0.59)(13, 0.62)(14, 0.66)(15, 0.69)(16, 0.73)(17, 0.77)(18, 0.8)(19, 0.84)(20, 0.87)(21, 0.91)(22, 0.95)(23, 0.98)(24, 1.02)(25, 1.05)(26, 1.09)(27, 1.13)(28, 1.16)(29, 1.2)(30, 1.23)


========== ORAM_WRITE ==========
ORAM_WRITE time
(1, 0.03)(2, 0.02)(3, 0.02)(4, 0.02)(5, 0.03)(6, 0.06)(7, 0.05)(8, 0.07)(9, 0.05)(10, 0.06)(11, 0.06)(12, 0.06)(13, 0.08)(14, 0.07)(15, 0.08)(16, 0.11)(17, 0.18)(18, 0.29)(19, 0.61)(20, 1.35)(21, 2.89)(22, 5.85)(23, 11.66)(24, 22.9)(25, 45.53)(26, 91.43)(27, 180.45)(28, 357.08)(29, 711.18)(30, 1427.64)
ORAM_WRITE ct
(1, 1)(2, 1)(3, 1)(4, 1)(5, 1)(6, 1)(7, 1)(8, 1)(9, 1)(10, 1)(11, 1)(12, 1)(13, 1)(14, 1)(15, 1)(16, 1)(17, 1)(18, 1)(19, 1)(20, 1)(21, 1)(22, 1)(23, 1)(24, 1)(25, 1)(26, 1)(27, 1)(28, 1)(29, 1)(30, 1)
ORAM_WRITE bandwidth
(1, 0.01)(2, 0.01)(3, 0.01)(4, 0.01)(5, 0.01)(6, 0.39)(7, 0.39)(8, 0.39)(9, 0.39)(10, 0.39)(11, 0.41)(12, 0.33)(13, 0.37)(14, 0.4)(15, 0.44)(16, 0.48)(17, 0.51)(18, 0.55)(19, 0.58)(20, 0.62)(21, 0.66)(22, 0.69)(23, 0.73)(24, 0.76)(25, 0.8)(26, 0.84)(27, 0.87)(28, 0.91)(29, 0.94)(30, 0.98)


========== ORAM_POSITION_MAP ==========
ORAM_POSITION_MAP time
(1, 0.0)(2, 0.0)(3, 0.0)(4, 0.0)(5, 0.0)(6, 0.06)(7, 0.05)(8, 0.07)(9, 0.06)(10, 0.06)(11, 0.18)(12, 0.22)(13, 0.19)(14, 0.22)(15, 0.2)(16, 0.37)(17, 0.4)(18, 0.43)(19, 0.47)(20, 0.6)(21, 0.87)(22, 1.25)(23, 1.84)(24, 3.0)(25, 5.26)(26, 10.24)(27, 19.57)(28, 41.42)(29, 79.63)(30, 154.36)
ORAM_POSITION_MAP ct
(1, 0)(2, 0)(3, 0)(4, 0)(5, 0)(6, 1)(7, 1)(8, 1)(9, 1)(10, 1)(11, 1)(12, 1)(13, 1)(14, 1)(15, 1)(16, 1)(17, 1)(18, 1)(19, 1)(20, 1)(21, 1)(22, 1)(23, 1)(24, 1)(25, 1)(26, 1)(27, 1)(28, 1)(29, 1)(30, 1)
ORAM_POSITION_MAP bandwidth
(1, 0.0)(2, 0.0)(3, 0.0)(4, 0.0)(5, 0.0)(6, 0.04)(7, 0.04)(8, 0.04)(9, 0.04)(10, 0.04)(11, 0.23)(12, 0.44)(13, 0.46)(14, 0.47)(15, 0.48)(16, 0.8)(17, 1.0)(18, 1.09)(19, 1.18)(20, 1.44)(21, 1.83)(22, 2.1)(23, 2.26)(24, 2.42)(25, 2.76)(26, 3.22)(27, 3.56)(28, 3.98)(29, 4.21)(30, 4.62)


========== TOTAL ==========
TOTAL time
(1, 0.07)(2, 0.05)(3, 0.05)(4, 0.05)(5, 0.06)(6, 0.17)(7, 0.18)(8, 0.25)(9, 0.21)(10, 0.23)(11, 0.35)(12, 0.4)(13, 0.38)(14, 0.41)(15, 0.41)(16, 0.64)(17, 0.79)(18, 1.03)(19, 1.72)(20, 3.3)(21, 6.33)(22, 12.19)(23, 23.41)(24, 45.31)(25, 89.58)(26, 177.92)(27, 349.96)(28, 692.86)(29, 1375.54)(30, 2758.95)
TOTAL ct
(1, 2)(2, 2)(3, 2)(4, 2)(5, 2)(6, 3)(7, 3)(8, 3)(9, 3)(10, 3)(11, 3)(12, 3)(13, 3)(14, 3)(15, 3)(16, 3)(17, 3)(18, 3)(19, 3)(20, 3)(21, 3)(22, 3)(23, 3)(24, 3)(25, 3)(26, 3)(27, 3)(28, 3)(29, 3)(30, 3)
TOTAL bandwidth
(1, 0.14)(2, 0.14)(3, 0.14)(4, 0.14)(5, 0.14)(6, 0.74)(7, 0.83)(8, 0.86)(9, 0.89)(10, 0.9)(11, 1.2)(12, 1.36)(13, 1.45)(14, 1.54)(15, 1.62)(16, 2.01)(17, 2.28)(18, 2.44)(19, 2.6)(20, 2.94)(21, 3.4)(22, 3.74)(23, 3.97)(24, 4.2)(25, 4.61)(26, 5.14)(27, 5.56)(28, 6.05)(29, 6.35)(30, 6.83)


========== DPF_GEN ==========
DPF_GEN time
(1, 0.0)(2, 0.0)(3, 0.0)(4, 0.0)(5, 0.0)(6, 0.0)(7, 0.0)(8, 0.0)(9, 0.0)(10, 0.0)(11, 0.03)(12, 0.04)(13, 0.04)(14, 0.04)(15, 0.04)(16, 0.08)(17, 0.09)(18, 0.1)(19, 0.13)(20, 0.2)(21, 0.31)(22, 0.53)(23, 0.87)(24, 1.54)(25, 2.79)(26, 5.37)(27, 10.34)(28, 19.86)(29, 36.81)(30, 69.69)
DPF_GEN ct
(1, 0)(2, 0)(3, 0)(4, 0)(5, 0)(6, 0)(7, 0)(8, 0)(9, 0)(10, 0)(11, 2)(12, 2)(13, 2)(14, 2)(15, 2)(16, 5)(17, 5)(18, 5)(19, 5)(20, 5)(21, 7)(22, 8)(23, 8)(24, 8)(25, 8)(26, 10)(27, 10)(28, 10)(29, 10)(30, 10)
DPF_GEN bandwidth
(1, 0.0)(2, 0.0)(3, 0.0)(4, 0.0)(5, 0.0)(6, 0.0)(7, 0.0)(8, 0.0)(9, 0.0)(10, 0.0)(11, 0.16)(12, 0.18)(13, 0.25)(14, 0.33)(15, 0.4)(16, 0.63)(17, 0.72)(18, 0.87)(19, 1.01)(20, 1.16)(21, 1.46)(22, 1.62)(23, 1.84)(24, 2.06)(25, 2.27)(26, 2.65)(27, 2.89)(28, 3.17)(29, 3.46)(30, 3.75)


========== DPF_EVAL ==========
DPF_EVAL time
(1, 0.0)(2, 0.0)(3, 0.0)(4, 0.0)(5, 0.0)(6, 0.0)(7, 0.0)(8, 0.0)(9, 0.0)(10, 0.0)(11, 0.0)(12, 0.0)(13, 0.0)(14, 0.0)(15, 0.0)(16, 0.0)(17, 0.0)(18, 0.0)(19, 0.0)(20, 0.0)(21, 0.0)(22, 0.0)(23, 0.0)(24, 0.0)(25, 0.0)(26, 0.0)(27, 0.0)(28, 0.0)(29, 0.0)(30, 0.0)
DPF_EVAL ct
(1, 0)(2, 0)(3, 0)(4, 0)(5, 0)(6, 0)(7, 0)(8, 0)(9, 0)(10, 0)(11, 0)(12, 0)(13, 0)(14, 0)(15, 0)(16, 0)(17, 0)(18, 0)(19, 0)(20, 0)(21, 0)(22, 0)(23, 0)(24, 0)(25, 0)(26, 0)(27, 0)(28, 0)(29, 0)(30, 0)
DPF_EVAL bandwidth
(1, 0.0)(2, 0.0)(3, 0.0)(4, 0.0)(5, 0.0)(6, 0.0)(7, 0.0)(8, 0.0)(9, 0.0)(10, 0.0)(11, 0.0)(12, 0.0)(13, 0.0)(14, 0.0)(15, 0.0)(16, 0.0)(17, 0.0)(18, 0.0)(19, 0.0)(20, 0.0)(21, 0.0)(22, 0.0)(23, 0.0)(24, 0.0)(25, 0.0)(26, 0.0)(27, 0.0)(28, 0.0)(29, 0.0)(30, 0.0)


========== DPF_EVAL_ALL ==========
DPF_EVAL_ALL time
(1, 0.0)(2, 0.0)(3, 0.0)(4, 0.0)(5, 0.0)(6, 0.0)(7, 0.0)(8, 0.0)(9, 0.0)(10, 0.0)(11, 0.0)(12, 0.0)(13, 0.0)(14, 0.0)(15, 0.01)(16, 0.01)(17, 0.02)(18, 0.04)(19, 0.07)(20, 0.14)(21, 0.29)(22, 0.56)(23, 1.14)(24, 2.2)(25, 4.55)(26, 9.08)(27, 18.06)(28, 35.97)(29, 72.52)(30, 161.58)
DPF_EVAL_ALL ct
(1, 0)(2, 0)(3, 0)(4, 0)(5, 0)(6, 0)(7, 0)(8, 0)(9, 0)(10, 0)(11, 4)(12, 5)(13, 5)(14, 5)(15, 5)(16, 10)(17, 10)(18, 10)(19, 10)(20, 10)(21, 15)(22, 16)(23, 16)(24, 16)(25, 16)(26, 20)(27, 21)(28, 21)(29, 21)(30, 21)
DPF_EVAL_ALL bandwidth
(1, 0.0)(2, 0.0)(3, 0.0)(4, 0.0)(5, 0.0)(6, 0.0)(7, 0.0)(8, 0.0)(9, 0.0)(10, 0.0)(11, 0.0)(12, 0.0)(13, 0.0)(14, 0.0)(15, 0.0)(16, 0.0)(17, 0.0)(18, 0.0)(19, 0.0)(20, 0.0)(21, 0.0)(22, 0.0)(23, 0.0)(24, 0.0)(25, 0.0)(26, 0.0)(27, 0.0)(28, 0.0)(29, 0.0)(30, 0.0)


========== dpf_total ==========
dpf_total time
(1, 0.0)(2, 0.0)(3, 0.0)(4, 0.0)(5, 0.0)(6, 0.0)(7, 0.0)(8, 0.0)(9, 0.0)(10, 0.0)(11, 0.04)(12, 0.04)(13, 0.04)(14, 0.04)(15, 0.04)(16, 0.09)(17, 0.11)(18, 0.14)(19, 0.2)(20, 0.34)(21, 0.6)(22, 1.09)(23, 2.02)(24, 3.74)(25, 7.34)(26, 14.45)(27, 28.4)(28, 55.84)(29, 109.33)(30, 231.27)
dpf_total ct
(1, 0)(2, 0)(3, 0)(4, 0)(5, 0)(6, 0)(7, 0)(8, 0)(9, 0)(10, 0)(11, 7)(12, 8)(13, 8)(14, 8)(15, 8)(16, 15)(17, 16)(18, 16)(19, 16)(20, 16)(21, 23)(22, 24)(23, 24)(24, 24)(25, 24)(26, 31)(27, 32)(28, 32)(29, 32)(30, 32)
dpf_total bandwidth
(1, 0.0)(2, 0.0)(3, 0.0)(4, 0.0)(5, 0.0)(6, 0.0)(7, 0.0)(8, 0.0)(9, 0.0)(10, 0.0)(11, 0.16)(12, 0.18)(13, 0.25)(14, 0.33)(15, 0.4)(16, 0.63)(17, 0.72)(18, 0.87)(19, 1.01)(20, 1.16)(21, 1.46)(22, 1.62)(23, 1.84)(24, 2.06)(25, 2.27)(26, 2.65)(27, 2.89)(28, 3.17)(29, 3.46)(30, 3.75)


========== PSEUDO_DPF_GEN ==========
PSEUDO_DPF_GEN time
(1, 0.03)(2, 0.02)(3, 0.02)(4, 0.02)(5, 0.02)(6, 0.05)(7, 0.06)(8, 0.08)(9, 0.07)(10, 0.07)(11, 0.08)(12, 0.1)(13, 0.09)(14, 0.1)(15, 0.08)(16, 0.11)(17, 0.11)(18, 0.12)(19, 0.11)(20, 0.13)(21, 0.13)(22, 0.13)(23, 0.14)(24, 0.15)(25, 0.16)(26, 0.19)(27, 0.2)(28, 0.21)(29, 0.22)(30, 0.24)
PSEUDO_DPF_GEN ct
(1, 2)(2, 2)(3, 2)(4, 2)(5, 2)(6, 6)(7, 6)(8, 6)(9, 6)(10, 6)(11, 8)(12, 8)(13, 9)(14, 9)(15, 9)(16, 10)(17, 11)(18, 11)(19, 11)(20, 11)(21, 13)(22, 13)(23, 13)(24, 13)(25, 13)(26, 15)(27, 15)(28, 15)(29, 16)(30, 16)
PSEUDO_DPF_GEN bandwidth
(1, 0.01)(2, 0.01)(3, 0.01)(4, 0.01)(5, 0.01)(6, 0.02)(7, 0.02)(8, 0.02)(9, 0.02)(10, 0.03)(11, 0.03)(12, 0.03)(13, 0.03)(14, 0.03)(15, 0.04)(16, 0.04)(17, 0.04)(18, 0.04)(19, 0.04)(20, 0.04)(21, 0.04)(22, 0.04)(23, 0.04)(24, 0.05)(25, 0.05)(26, 0.05)(27, 0.05)(28, 0.05)(29, 0.06)(30, 0.06)


========== PSEUDO_DPF_EVAL ==========
PSEUDO_DPF_EVAL time
(1, 0.0)(2, 0.0)(3, 0.0)(4, 0.0)(5, 0.0)(6, 0.0)(7, 0.0)(8, 0.0)(9, 0.0)(10, 0.0)(11, 0.0)(12, 0.0)(13, 0.0)(14, 0.0)(15, 0.0)(16, 0.0)(17, 0.0)(18, 0.0)(19, 0.0)(20, 0.0)(21, 0.0)(22, 0.0)(23, 0.0)(24, 0.0)(25, 0.0)(26, 0.0)(27, 0.0)(28, 0.0)(29, 0.0)(30, 0.0)
PSEUDO_DPF_EVAL ct
(1, 0)(2, 0)(3, 0)(4, 0)(5, 0)(6, 0)(7, 0)(8, 0)(9, 0)(10, 0)(11, 0)(12, 0)(13, 0)(14, 0)(15, 0)(16, 0)(17, 0)(18, 0)(19, 0)(20, 0)(21, 0)(22, 0)(23, 0)(24, 0)(25, 0)(26, 0)(27, 0)(28, 0)(29, 0)(30, 0)
PSEUDO_DPF_EVAL bandwidth
(1, 0.0)(2, 0.0)(3, 0.0)(4, 0.0)(5, 0.0)(6, 0.0)(7, 0.0)(8, 0.0)(9, 0.0)(10, 0.0)(11, 0.0)(12, 0.0)(13, 0.0)(14, 0.0)(15, 0.0)(16, 0.0)(17, 0.0)(18, 0.0)(19, 0.0)(20, 0.0)(21, 0.0)(22, 0.0)(23, 0.0)(24, 0.0)(25, 0.0)(26, 0.0)(27, 0.0)(28, 0.0)(29, 0.0)(30, 0.0)


========== PSEUDO_DPF_EVAL_ALL ==========
PSEUDO_DPF_EVAL_ALL time
(1, 0.0)(2, 0.0)(3, 0.0)(4, 0.0)(5, 0.0)(6, 0.0)(7, 0.0)(8, 0.0)(9, 0.0)(10, 0.0)(11, 0.0)(12, 0.0)(13, 0.0)(14, 0.0)(15, 0.0)(16, 0.0)(17, 0.0)(18, 0.0)(19, 0.0)(20, 0.0)(21, 0.0)(22, 0.0)(23, 0.0)(24, 0.0)(25, 0.0)(26, 0.0)(27, 0.0)(28, 0.01)(29, 0.0)(30, 0.0)
PSEUDO_DPF_EVAL_ALL ct
(1, 4)(2, 4)(3, 4)(4, 4)(5, 4)(6, 12)(7, 13)(8, 13)(9, 13)(10, 13)(11, 17)(12, 17)(13, 18)(14, 18)(15, 18)(16, 21)(17, 22)(18, 22)(19, 22)(20, 23)(21, 26)(22, 26)(23, 27)(24, 27)(25, 27)(26, 31)(27, 31)(28, 31)(29, 32)(30, 32)
PSEUDO_DPF_EVAL_ALL bandwidth
(1, 0.0)(2, 0.0)(3, 0.0)(4, 0.0)(5, 0.0)(6, 0.0)(7, 0.0)(8, 0.0)(9, 0.0)(10, 0.0)(11, 0.0)(12, 0.0)(13, 0.0)(14, 0.0)(15, 0.0)(16, 0.0)(17, 0.0)(18, 0.0)(19, 0.0)(20, 0.0)(21, 0.0)(22, 0.0)(23, 0.0)(24, 0.0)(25, 0.0)(26, 0.0)(27, 0.0)(28, 0.0)(29, 0.0)(30, 0.0)


========== pseudo_dpf_total ==========
pseudo_dpf_total time
(1, 0.03)(2, 0.02)(3, 0.02)(4, 0.02)(5, 0.02)(6, 0.06)(7, 0.06)(8, 0.08)(9, 0.07)(10, 0.07)(11, 0.09)(12, 0.1)(13, 0.09)(14, 0.1)(15, 0.09)(16, 0.11)(17, 0.12)(18, 0.12)(19, 0.12)(20, 0.13)(21, 0.13)(22, 0.14)(23, 0.15)(24, 0.15)(25, 0.17)(26, 0.19)(27, 0.2)(28, 0.22)(29, 0.22)(30, 0.24)
pseudo_dpf_total ct
(1, 6)(2, 6)(3, 6)(4, 6)(5, 6)(6, 18)(7, 19)(8, 20)(9, 20)(10, 20)(11, 25)(12, 26)(13, 27)(14, 27)(15, 27)(16, 32)(17, 33)(18, 34)(19, 34)(20, 34)(21, 39)(22, 40)(23, 41)(24, 41)(25, 41)(26, 46)(27, 47)(28, 47)(29, 48)(30, 48)
pseudo_dpf_total bandwidth
(1, 0.01)(2, 0.01)(3, 0.01)(4, 0.01)(5, 0.01)(6, 0.02)(7, 0.02)(8, 0.02)(9, 0.02)(10, 0.03)(11, 0.03)(12, 0.03)(13, 0.03)(14, 0.03)(15, 0.04)(16, 0.04)(17, 0.04)(18, 0.04)(19, 0.04)(20, 0.04)(21, 0.04)(22, 0.04)(23, 0.04)(24, 0.05)(25, 0.05)(26, 0.05)(27, 0.05)(28, 0.05)(29, 0.06)(30, 0.06)


========== dpf_pdpf_others ==========
dpf_pdpf_others time
(1, 0.04)(2, 0.03)(3, 0.03)(4, 0.03)(5, 0.03)(6, 0.12)(7, 0.12)(8, 0.17)(9, 0.14)(10, 0.15)(11, 0.23)(12, 0.26)(13, 0.25)(14, 0.27)(15, 0.28)(16, 0.44)(17, 0.56)(18, 0.77)(19, 1.4)(20, 2.83)(21, 5.6)(22, 10.96)(23, 21.25)(24, 41.42)(25, 82.07)(26, 163.27)(27, 321.36)(28, 636.8)(29, 1265.99)(30, 2527.43)
dpf_pdpf_others ct
(1, 0)(2, 0)(3, 0)(4, 0)(5, 0)(6, 0)(7, 0)(8, 0)(9, 0)(10, 0)(11, 0)(12, 0)(13, 0)(14, 0)(15, 0)(16, 0)(17, 0)(18, 0)(19, 0)(20, 0)(21, 0)(22, 0)(23, 0)(24, 0)(25, 0)(26, 0)(27, 0)(28, 0)(29, 0)(30, 0)
dpf_pdpf_others bandwidth
(1, 0.13)(2, 0.13)(3, 0.13)(4, 0.13)(5, 0.13)(6, 0.72)(7, 0.81)(8, 0.84)(9, 0.86)(10, 0.88)(11, 1.01)(12, 1.15)(13, 1.17)(14, 1.18)(15, 1.19)(16, 1.34)(17, 1.52)(18, 1.54)(19, 1.55)(20, 1.74)(21, 1.89)(22, 2.07)(23, 2.09)(24, 2.1)(25, 2.29)(26, 2.44)(27, 2.62)(28, 2.82)(29, 2.83)(30, 3.02)


========== FINISHED ==========
