========== Benchmark start ==========
2022-07-12 20:04:17.637611+09:00
logn 1, data_size 32, tau 5, pdpf 5
KEY_TO_INDEX, time = 0, ct = 0, bandwidth = 0
ORAM_READ, time = 111, ct = 1, bandwidth = 1352
ORAM_WRITE, time = 453, ct = 1, bandwidth = 472
ORAM_POSITION_MAP, time = 0, ct = 0, bandwidth = 0
TOTAL, time = 564, ct = 2, bandwidth = 1824
2022-07-12 20:04:22.444564+09:00, duration: 0:00:04.806953
========== Benchmark end ==========

========== Benchmark start ==========
2022-07-12 20:04:22.444603+09:00
logn 2, data_size 32, tau 5, pdpf 5
KEY_TO_INDEX, time = 0, ct = 0, bandwidth = 0
ORAM_READ, time = 111, ct = 1, bandwidth = 1352
ORAM_WRITE, time = 433, ct = 1, bandwidth = 472
ORAM_POSITION_MAP, time = 0, ct = 0, bandwidth = 0
TOTAL, time = 545, ct = 2, bandwidth = 1824
2022-07-12 20:04:25.527427+09:00, duration: 0:00:03.082824
========== Benchmark end ==========

========== Benchmark start ==========
2022-07-12 20:04:25.527499+09:00
logn 3, data_size 32, tau 5, pdpf 5
KEY_TO_INDEX, time = 0, ct = 0, bandwidth = 0
ORAM_READ, time = 129, ct = 1, bandwidth = 1352
ORAM_WRITE, time = 529, ct = 1, bandwidth = 472
ORAM_POSITION_MAP, time = 0, ct = 0, bandwidth = 0
TOTAL, time = 659, ct = 2, bandwidth = 1824
2022-07-12 20:04:28.622428+09:00, duration: 0:00:03.094929
========== Benchmark end ==========

========== Benchmark start ==========
2022-07-12 20:04:28.622469+09:00
logn 4, data_size 32, tau 5, pdpf 5
KEY_TO_INDEX, time = 0, ct = 0, bandwidth = 0
ORAM_READ, time = 112, ct = 1, bandwidth = 1352
ORAM_WRITE, time = 430, ct = 1, bandwidth = 472
ORAM_POSITION_MAP, time = 0, ct = 0, bandwidth = 0
TOTAL, time = 542, ct = 2, bandwidth = 1824
2022-07-12 20:04:31.702215+09:00, duration: 0:00:03.079746
========== Benchmark end ==========

========== Benchmark start ==========
2022-07-12 20:04:31.702289+09:00
logn 5, data_size 32, tau 5, pdpf 5
KEY_TO_INDEX, time = 0, ct = 0, bandwidth = 0
ORAM_READ, time = 114, ct = 1, bandwidth = 1352
ORAM_WRITE, time = 435, ct = 1, bandwidth = 472
ORAM_POSITION_MAP, time = 0, ct = 0, bandwidth = 0
TOTAL, time = 549, ct = 2, bandwidth = 1824
2022-07-12 20:04:34.784382+09:00, duration: 0:00:03.082093
========== Benchmark end ==========

========== Benchmark start ==========
2022-07-12 20:04:34.784444+09:00
logn 6, data_size 32, tau 5, pdpf 5
KEY_TO_INDEX, time = 0, ct = 0, bandwidth = 0
ORAM_READ, time = 413, ct = 1, bandwidth = 13645
ORAM_WRITE, time = 1455, ct = 1, bandwidth = 16877
ORAM_POSITION_MAP, time = 71, ct = 1, bandwidth = 42
TOTAL, time = 1939, ct = 3, bandwidth = 30564
2022-07-12 20:04:38.038195+09:00, duration: 0:00:03.253751
========== Benchmark end ==========

========== Benchmark start ==========
2022-07-12 20:04:38.038241+09:00
logn 7, data_size 32, tau 5, pdpf 5
KEY_TO_INDEX, time = 0, ct = 0, bandwidth = 0
ORAM_READ, time = 624, ct = 1, bandwidth = 19791
ORAM_WRITE, time = 1453, ct = 1, bandwidth = 16877
ORAM_POSITION_MAP, time = 71, ct = 1, bandwidth = 42
TOTAL, time = 2149, ct = 3, bandwidth = 36710
2022-07-12 20:04:41.329789+09:00, duration: 0:00:03.291548
========== Benchmark end ==========

========== Benchmark start ==========
2022-07-12 20:04:41.329874+09:00
logn 8, data_size 32, tau 5, pdpf 5
KEY_TO_INDEX, time = 0, ct = 0, bandwidth = 0
ORAM_READ, time = 647, ct = 1, bandwidth = 22741
ORAM_WRITE, time = 1483, ct = 1, bandwidth = 16836
ORAM_POSITION_MAP, time = 72, ct = 1, bandwidth = 42
TOTAL, time = 2203, ct = 3, bandwidth = 39619
2022-07-12 20:04:44.633381+09:00, duration: 0:00:03.303507
========== Benchmark end ==========

========== Benchmark start ==========
2022-07-12 20:04:44.633467+09:00
logn 9, data_size 32, tau 5, pdpf 5
KEY_TO_INDEX, time = 0, ct = 0, bandwidth = 0
ORAM_READ, time = 704, ct = 1, bandwidth = 24218
ORAM_WRITE, time = 1480, ct = 1, bandwidth = 16837
ORAM_POSITION_MAP, time = 76, ct = 1, bandwidth = 42
TOTAL, time = 2261, ct = 3, bandwidth = 41097
2022-07-12 20:04:47.948275+09:00, duration: 0:00:03.314808
========== Benchmark end ==========

========== Benchmark start ==========
2022-07-12 20:04:47.948356+09:00
logn 10, data_size 32, tau 5, pdpf 5
KEY_TO_INDEX, time = 0, ct = 0, bandwidth = 0
ORAM_READ, time = 1199, ct = 1, bandwidth = 24959
ORAM_WRITE, time = 1985, ct = 1, bandwidth = 16839
ORAM_POSITION_MAP, time = 147, ct = 1, bandwidth = 42
TOTAL, time = 3325, ct = 3, bandwidth = 41840
2022-07-12 20:04:51.431833+09:00, duration: 0:00:03.483477
========== Benchmark end ==========

========== Benchmark start ==========
2022-07-12 20:04:51.431916+09:00
logn 11, data_size 32, tau 5, pdpf 5
KEY_TO_INDEX, time = 0, ct = 0, bandwidth = 0
ORAM_READ, time = 822, ct = 1, bandwidth = 25537
ORAM_WRITE, time = 1543, ct = 1, bandwidth = 16575
ORAM_POSITION_MAP, time = 246, ct = 1, bandwidth = 246
TOTAL, time = 2614, ct = 3, bandwidth = 42358
2022-07-12 20:04:54.807432+09:00, duration: 0:00:03.375516
========== Benchmark end ==========

========== Benchmark start ==========
2022-07-12 20:04:54.807533+09:00
logn 12, data_size 32, tau 5, pdpf 5
KEY_TO_INDEX, time = 0, ct = 0, bandwidth = 0
ORAM_READ, time = 1159, ct = 1, bandwidth = 25804
ORAM_WRITE, time = 1692, ct = 1, bandwidth = 15920
ORAM_POSITION_MAP, time = 294, ct = 1, bandwidth = 504
TOTAL, time = 3153, ct = 3, bandwidth = 42229
2022-07-12 20:04:58.261560+09:00, duration: 0:00:03.454027
========== Benchmark end ==========

========== Benchmark start ==========
2022-07-12 20:04:58.261630+09:00
logn 13, data_size 32, tau 5, pdpf 5
KEY_TO_INDEX, time = 0, ct = 0, bandwidth = 0
ORAM_READ, time = 997, ct = 1, bandwidth = 25840
ORAM_WRITE, time = 1852, ct = 1, bandwidth = 15956
ORAM_POSITION_MAP, time = 277, ct = 1, bandwidth = 532
TOTAL, time = 3127, ct = 3, bandwidth = 42329
2022-07-12 20:05:01.709198+09:00, duration: 0:00:03.447568
========== Benchmark end ==========

========== Benchmark start ==========
2022-07-12 20:05:01.709285+09:00
logn 14, data_size 32, tau 5, pdpf 5
KEY_TO_INDEX, time = 0, ct = 0, bandwidth = 0
ORAM_READ, time = 1165, ct = 1, bandwidth = 25876
ORAM_WRITE, time = 2282, ct = 1, bandwidth = 15992
ORAM_POSITION_MAP, time = 275, ct = 1, bandwidth = 550
TOTAL, time = 3725, ct = 3, bandwidth = 42419
2022-07-12 20:05:05.234423+09:00, duration: 0:00:03.525138
========== Benchmark end ==========

========== Benchmark start ==========
2022-07-12 20:05:05.234515+09:00
logn 15, data_size 32, tau 5, pdpf 5
KEY_TO_INDEX, time = 0, ct = 0, bandwidth = 0
ORAM_READ, time = 1574, ct = 1, bandwidth = 25912
ORAM_WRITE, time = 3090, ct = 1, bandwidth = 16028
ORAM_POSITION_MAP, time = 293, ct = 1, bandwidth = 563
TOTAL, time = 4957, ct = 3, bandwidth = 42504
2022-07-12 20:05:08.930499+09:00, duration: 0:00:03.695984
========== Benchmark end ==========

========== Benchmark start ==========
2022-07-12 20:05:08.930535+09:00
logn 16, data_size 32, tau 5, pdpf 5
KEY_TO_INDEX, time = 0, ct = 0, bandwidth = 0
ORAM_READ, time = 2399, ct = 1, bandwidth = 25948
ORAM_WRITE, time = 4819, ct = 1, bandwidth = 16064
ORAM_POSITION_MAP, time = 513, ct = 1, bandwidth = 902
TOTAL, time = 7732, ct = 3, bandwidth = 42915
2022-07-12 20:05:13.011638+09:00, duration: 0:00:04.081103
========== Benchmark end ==========

========== Benchmark start ==========
2022-07-12 20:05:13.011681+09:00
logn 17, data_size 32, tau 5, pdpf 5
KEY_TO_INDEX, time = 0, ct = 0, bandwidth = 0
ORAM_READ, time = 4240, ct = 1, bandwidth = 25984
ORAM_WRITE, time = 8139, ct = 1, bandwidth = 16100
ORAM_POSITION_MAP, time = 525, ct = 1, bandwidth = 1144
TOTAL, time = 12904, ct = 3, bandwidth = 43228
2022-07-12 20:05:17.803884+09:00, duration: 0:00:04.792203
========== Benchmark end ==========

========== Benchmark start ==========
2022-07-12 20:05:17.803936+09:00
logn 18, data_size 32, tau 5, pdpf 5
KEY_TO_INDEX, time = 0, ct = 0, bandwidth = 0
ORAM_READ, time = 7830, ct = 1, bandwidth = 26020
ORAM_WRITE, time = 15043, ct = 1, bandwidth = 16136
ORAM_POSITION_MAP, time = 588, ct = 1, bandwidth = 1244
TOTAL, time = 23462, ct = 3, bandwidth = 43401
2022-07-12 20:05:24.027723+09:00, duration: 0:00:06.223787
========== Benchmark end ==========

========== Benchmark start ==========
2022-07-12 20:05:24.027812+09:00
logn 19, data_size 32, tau 5, pdpf 5
KEY_TO_INDEX, time = 0, ct = 0, bandwidth = 0
ORAM_READ, time = 14832, ct = 1, bandwidth = 26056
ORAM_WRITE, time = 28342, ct = 1, bandwidth = 16172
ORAM_POSITION_MAP, time = 582, ct = 1, bandwidth = 1334
TOTAL, time = 43757, ct = 3, bandwidth = 43563
2022-07-12 20:05:33.026744+09:00, duration: 0:00:08.998932
========== Benchmark end ==========

========== Benchmark start ==========
2022-07-12 20:05:33.026823+09:00
logn 20, data_size 32, tau 5, pdpf 5
KEY_TO_INDEX, time = 0, ct = 0, bandwidth = 0
ORAM_READ, time = 28561, ct = 1, bandwidth = 26092
ORAM_WRITE, time = 55440, ct = 1, bandwidth = 16208
ORAM_POSITION_MAP, time = 652, ct = 1, bandwidth = 1644
TOTAL, time = 84654, ct = 3, bandwidth = 43944
2022-07-12 20:05:47.547730+09:00, duration: 0:00:14.520907
========== Benchmark end ==========

========== Benchmark start ==========
2022-07-12 20:05:47.547852+09:00
logn 21, data_size 32, tau 5, pdpf 5
KEY_TO_INDEX, time = 0, ct = 0, bandwidth = 0
ORAM_READ, time = 55653, ct = 1, bandwidth = 26128
ORAM_WRITE, time = 109458, ct = 1, bandwidth = 16244
ORAM_POSITION_MAP, time = 897, ct = 1, bandwidth = 2055
TOTAL, time = 166009, ct = 3, bandwidth = 44427
2022-07-12 20:06:13.028607+09:00, duration: 0:00:25.480755
========== Benchmark end ==========

========== Benchmark start ==========
2022-07-12 20:06:13.028705+09:00
logn 22, data_size 32, tau 5, pdpf 5
KEY_TO_INDEX, time = 0, ct = 0, bandwidth = 0
ORAM_READ, time = 109118, ct = 1, bandwidth = 26164
ORAM_WRITE, time = 216261, ct = 1, bandwidth = 16280
ORAM_POSITION_MAP, time = 1123, ct = 1, bandwidth = 2368
TOTAL, time = 326502, ct = 3, bandwidth = 44813
2022-07-12 20:07:00.211026+09:00, duration: 0:00:47.182321
========== Benchmark end ==========

========== Benchmark start ==========
2022-07-12 20:07:00.211076+09:00
logn 23, data_size 32, tau 5, pdpf 5
KEY_TO_INDEX, time = 0, ct = 0, bandwidth = 0
ORAM_READ, time = 216249, ct = 1, bandwidth = 26200
ORAM_WRITE, time = 428641, ct = 1, bandwidth = 16316
ORAM_POSITION_MAP, time = 1410, ct = 1, bandwidth = 2541
TOTAL, time = 646303, ct = 3, bandwidth = 45057
2022-07-12 20:08:30.663833+09:00, duration: 0:01:30.452757
========== Benchmark end ==========

========== Benchmark start ==========
2022-07-12 20:08:30.663946+09:00
logn 24, data_size 32, tau 5, pdpf 5
KEY_TO_INDEX, time = 0, ct = 0, bandwidth = 0
ORAM_READ, time = 428678, ct = 1, bandwidth = 26236
ORAM_WRITE, time = 856000, ct = 1, bandwidth = 16352
ORAM_POSITION_MAP, time = 1961, ct = 1, bandwidth = 2703
TOTAL, time = 1286639, ct = 3, bandwidth = 45291
2022-07-12 20:11:27.371296+09:00, duration: 0:02:56.707350
========== Benchmark end ==========

========== Benchmark start ==========
2022-07-12 20:11:27.371412+09:00
logn 25, data_size 32, tau 5, pdpf 5
KEY_TO_INDEX, time = 0, ct = 0, bandwidth = 0
ORAM_READ, time = 857360, ct = 1, bandwidth = 26272
ORAM_WRITE, time = 1703841, ct = 1, bandwidth = 16388
ORAM_POSITION_MAP, time = 3133, ct = 1, bandwidth = 3084
TOTAL, time = 2564334, ct = 3, bandwidth = 45745
2022-07-12 20:17:16.643015+09:00, duration: 0:05:49.271603
========== Benchmark end ==========

========== Benchmark start ==========
2022-07-12 20:17:16.643123+09:00
logn 26, data_size 32, tau 5, pdpf 5
KEY_TO_INDEX, time = 0, ct = 0, bandwidth = 0
ORAM_READ, time = 1712236, ct = 1, bandwidth = 26308
ORAM_WRITE, time = 3415559, ct = 1, bandwidth = 16424
ORAM_POSITION_MAP, time = 5805, ct = 1, bandwidth = 3567
TOTAL, time = 5133601, ct = 3, bandwidth = 46300
2022-07-12 20:28:51.878232+09:00, duration: 0:11:35.235109
========== Benchmark end ==========

========== Benchmark start ==========
2022-07-12 20:28:51.878320+09:00
logn 27, data_size 32, tau 5, pdpf 5
KEY_TO_INDEX, time = 0, ct = 0, bandwidth = 0
ORAM_READ, time = 3427623, ct = 1, bandwidth = 26344
ORAM_WRITE, time = 6823532, ct = 1, bandwidth = 16460
ORAM_POSITION_MAP, time = 10831, ct = 1, bandwidth = 3953
TOTAL, time = 10261987, ct = 3, bandwidth = 46758
2022-07-12 20:52:02.554309+09:00, duration: 0:23:10.675989
========== Benchmark end ==========

========== Benchmark start ==========
2022-07-12 20:52:02.554424+09:00
logn 28, data_size 32, tau 5, pdpf 5
Error
Pseudo DPF threshold 32
Connecting to 127.0.0.1:9001...
InitClient: connect failed, wait for 3 sec...
Connecting to 127.0.0.1:9000 done.

========== KEY_TO_INDEX ==========
KEY_TO_INDEX time
(1, 0.0)(2, 0.0)(3, 0.0)(4, 0.0)(5, 0.0)(6, 0.0)(7, 0.0)(8, 0.0)(9, 0.0)(10, 0.0)(11, 0.0)(12, 0.0)(13, 0.0)(14, 0.0)(15, 0.0)(16, 0.0)(17, 0.0)(18, 0.0)(19, 0.0)(20, 0.0)(21, 0.0)(22, 0.0)(23, 0.0)(24, 0.0)(25, 0.0)(26, 0.0)(27, 0.0)
KEY_TO_INDEX ct
(1, 0)(2, 0)(3, 0)(4, 0)(5, 0)(6, 0)(7, 0)(8, 0)(9, 0)(10, 0)(11, 0)(12, 0)(13, 0)(14, 0)(15, 0)(16, 0)(17, 0)(18, 0)(19, 0)(20, 0)(21, 0)(22, 0)(23, 0)(24, 0)(25, 0)(26, 0)(27, 0)
KEY_TO_INDEX bandwidth
(1, 0.0)(2, 0.0)(3, 0.0)(4, 0.0)(5, 0.0)(6, 0.0)(7, 0.0)(8, 0.0)(9, 0.0)(10, 0.0)(11, 0.0)(12, 0.0)(13, 0.0)(14, 0.0)(15, 0.0)(16, 0.0)(17, 0.0)(18, 0.0)(19, 0.0)(20, 0.0)(21, 0.0)(22, 0.0)(23, 0.0)(24, 0.0)(25, 0.0)(26, 0.0)(27, 0.0)


========== ORAM_READ ==========
ORAM_READ time
(1, 0.11)(2, 0.11)(3, 0.13)(4, 0.11)(5, 0.11)(6, 0.41)(7, 0.62)(8, 0.65)(9, 0.7)(10, 1.2)(11, 0.82)(12, 1.16)(13, 1.0)(14, 1.17)(15, 1.57)(16, 2.4)(17, 4.24)(18, 7.83)(19, 14.83)(20, 28.56)(21, 55.65)(22, 109.12)(23, 216.25)(24, 428.68)(25, 857.36)(26, 1712.24)(27, 3427.62)
ORAM_READ ct
(1, 1)(2, 1)(3, 1)(4, 1)(5, 1)(6, 1)(7, 1)(8, 1)(9, 1)(10, 1)(11, 1)(12, 1)(13, 1)(14, 1)(15, 1)(16, 1)(17, 1)(18, 1)(19, 1)(20, 1)(21, 1)(22, 1)(23, 1)(24, 1)(25, 1)(26, 1)(27, 1)
ORAM_READ bandwidth
(1, 1.35)(2, 1.35)(3, 1.35)(4, 1.35)(5, 1.35)(6, 13.64)(7, 19.79)(8, 22.74)(9, 24.22)(10, 24.96)(11, 25.54)(12, 25.8)(13, 25.84)(14, 25.88)(15, 25.91)(16, 25.95)(17, 25.98)(18, 26.02)(19, 26.06)(20, 26.09)(21, 26.13)(22, 26.16)(23, 26.2)(24, 26.24)(25, 26.27)(26, 26.31)(27, 26.34)


========== ORAM_WRITE ==========
ORAM_WRITE time
(1, 0.45)(2, 0.43)(3, 0.53)(4, 0.43)(5, 0.43)(6, 1.46)(7, 1.45)(8, 1.48)(9, 1.48)(10, 1.99)(11, 1.54)(12, 1.69)(13, 1.85)(14, 2.28)(15, 3.09)(16, 4.82)(17, 8.14)(18, 15.04)(19, 28.34)(20, 55.44)(21, 109.46)(22, 216.26)(23, 428.64)(24, 856.0)(25, 1703.84)(26, 3415.56)(27, 6823.53)
ORAM_WRITE ct
(1, 1)(2, 1)(3, 1)(4, 1)(5, 1)(6, 1)(7, 1)(8, 1)(9, 1)(10, 1)(11, 1)(12, 1)(13, 1)(14, 1)(15, 1)(16, 1)(17, 1)(18, 1)(19, 1)(20, 1)(21, 1)(22, 1)(23, 1)(24, 1)(25, 1)(26, 1)(27, 1)
ORAM_WRITE bandwidth
(1, 0.47)(2, 0.47)(3, 0.47)(4, 0.47)(5, 0.47)(6, 16.88)(7, 16.88)(8, 16.84)(9, 16.84)(10, 16.84)(11, 16.57)(12, 15.92)(13, 15.96)(14, 15.99)(15, 16.03)(16, 16.06)(17, 16.1)(18, 16.14)(19, 16.17)(20, 16.21)(21, 16.24)(22, 16.28)(23, 16.32)(24, 16.35)(25, 16.39)(26, 16.42)(27, 16.46)


========== ORAM_POSITION_MAP ==========
ORAM_POSITION_MAP time
(1, 0.0)(2, 0.0)(3, 0.0)(4, 0.0)(5, 0.0)(6, 0.07)(7, 0.07)(8, 0.07)(9, 0.08)(10, 0.15)(11, 0.25)(12, 0.29)(13, 0.28)(14, 0.28)(15, 0.29)(16, 0.51)(17, 0.53)(18, 0.59)(19, 0.58)(20, 0.65)(21, 0.9)(22, 1.12)(23, 1.41)(24, 1.96)(25, 3.13)(26, 5.8)(27, 10.83)
ORAM_POSITION_MAP ct
(1, 0)(2, 0)(3, 0)(4, 0)(5, 0)(6, 1)(7, 1)(8, 1)(9, 1)(10, 1)(11, 1)(12, 1)(13, 1)(14, 1)(15, 1)(16, 1)(17, 1)(18, 1)(19, 1)(20, 1)(21, 1)(22, 1)(23, 1)(24, 1)(25, 1)(26, 1)(27, 1)
ORAM_POSITION_MAP bandwidth
(1, 0.0)(2, 0.0)(3, 0.0)(4, 0.0)(5, 0.0)(6, 0.04)(7, 0.04)(8, 0.04)(9, 0.04)(10, 0.04)(11, 0.25)(12, 0.5)(13, 0.53)(14, 0.55)(15, 0.56)(16, 0.9)(17, 1.14)(18, 1.24)(19, 1.33)(20, 1.64)(21, 2.06)(22, 2.37)(23, 2.54)(24, 2.7)(25, 3.08)(26, 3.57)(27, 3.95)


========== TOTAL ==========
TOTAL time
(1, 0.56)(2, 0.55)(3, 0.66)(4, 0.54)(5, 0.55)(6, 1.94)(7, 2.15)(8, 2.2)(9, 2.26)(10, 3.33)(11, 2.61)(12, 3.15)(13, 3.13)(14, 3.73)(15, 4.96)(16, 7.73)(17, 12.9)(18, 23.46)(19, 43.76)(20, 84.65)(21, 166.01)(22, 326.5)(23, 646.3)(24, 1286.64)(25, 2564.33)(26, 5133.6)(27, 10261.99)
TOTAL ct
(1, 2)(2, 2)(3, 2)(4, 2)(5, 2)(6, 3)(7, 3)(8, 3)(9, 3)(10, 3)(11, 3)(12, 3)(13, 3)(14, 3)(15, 3)(16, 3)(17, 3)(18, 3)(19, 3)(20, 3)(21, 3)(22, 3)(23, 3)(24, 3)(25, 3)(26, 3)(27, 3)
TOTAL bandwidth
(1, 1.82)(2, 1.82)(3, 1.82)(4, 1.82)(5, 1.82)(6, 30.56)(7, 36.71)(8, 39.62)(9, 41.1)(10, 41.84)(11, 42.36)(12, 42.23)(13, 42.33)(14, 42.42)(15, 42.5)(16, 42.91)(17, 43.23)(18, 43.4)(19, 43.56)(20, 43.94)(21, 44.43)(22, 44.81)(23, 45.06)(24, 45.29)(25, 45.74)(26, 46.3)(27, 46.76)


